25-Apr-2019 10:56:38.565 INFO [main] org.apache.catalina.startup.VersionLoggerListener.log Server version:        Apache Tomcat/8.5.11
25-Apr-2019 10:56:38.567 INFO [main] org.apache.catalina.startup.VersionLoggerListener.log Server built:          Jan 10 2017 21:02:52 UTC
25-Apr-2019 10:56:38.568 INFO [main] org.apache.catalina.startup.VersionLoggerListener.log Server number:         8.5.11.0
25-Apr-2019 10:56:38.568 INFO [main] org.apache.catalina.startup.VersionLoggerListener.log OS Name:               Linux
25-Apr-2019 10:56:38.568 INFO [main] org.apache.catalina.startup.VersionLoggerListener.log OS Version:            5.0.7-1-MANJARO
25-Apr-2019 10:56:38.568 INFO [main] org.apache.catalina.startup.VersionLoggerListener.log Architecture:          amd64
25-Apr-2019 10:56:38.568 INFO [main] org.apache.catalina.startup.VersionLoggerListener.log Java Home:             /usr/lib/jvm/java-8-jdk/jre
25-Apr-2019 10:56:38.568 INFO [main] org.apache.catalina.startup.VersionLoggerListener.log JVM Version:           1.8.0_202-b08
25-Apr-2019 10:56:38.568 INFO [main] org.apache.catalina.startup.VersionLoggerListener.log JVM Vendor:            Oracle Corporation
25-Apr-2019 10:56:38.569 INFO [main] org.apache.catalina.startup.VersionLoggerListener.log CATALINA_BASE:         /home/souldj673/Documents/school-work-backup/Web Services/InterestCalcJSPServlet/tomcat
25-Apr-2019 10:56:38.569 INFO [main] org.apache.catalina.startup.VersionLoggerListener.log CATALINA_HOME:         /home/souldj673/Documents/school-work-backup/Web Services/InterestCalcJSPServlet/tomcat
25-Apr-2019 10:56:38.569 INFO [main] org.apache.catalina.startup.VersionLoggerListener.log Command line argument: -Djava.util.logging.config.file=/home/souldj673/Documents/school-work-backup/Web Services/InterestCalcJSPServlet/tomcat/conf/logging.properties
25-Apr-2019 10:56:38.569 INFO [main] org.apache.catalina.startup.VersionLoggerListener.log Command line argument: -Djava.util.logging.manager=org.apache.juli.ClassLoaderLogManager
25-Apr-2019 10:56:38.569 INFO [main] org.apache.catalina.startup.VersionLoggerListener.log Command line argument: -Djdk.tls.ephemeralDHKeySize=2048
25-Apr-2019 10:56:38.569 INFO [main] org.apache.catalina.startup.VersionLoggerListener.log Command line argument: -Djava.protocol.handler.pkgs=org.apache.catalina.webresources
25-Apr-2019 10:56:38.570 INFO [main] org.apache.catalina.startup.VersionLoggerListener.log Command line argument: -Dcatalina.base=/home/souldj673/Documents/school-work-backup/Web Services/InterestCalcJSPServlet/tomcat
25-Apr-2019 10:56:38.570 INFO [main] org.apache.catalina.startup.VersionLoggerListener.log Command line argument: -Dcatalina.home=/home/souldj673/Documents/school-work-backup/Web Services/InterestCalcJSPServlet/tomcat
25-Apr-2019 10:56:38.570 INFO [main] org.apache.catalina.startup.VersionLoggerListener.log Command line argument: -Djava.io.tmpdir=/home/souldj673/Documents/school-work-backup/Web Services/InterestCalcJSPServlet/tomcat/temp
25-Apr-2019 10:56:38.570 INFO [main] org.apache.catalina.startup.VersionLoggerListener.log Command line argument: -Dawt.useSystemAAFontSettings=on
25-Apr-2019 10:56:38.570 INFO [main] org.apache.catalina.startup.VersionLoggerListener.log Command line argument: -Dswing.aatext=true
25-Apr-2019 10:56:38.570 INFO [main] org.apache.catalina.core.AprLifecycleListener.lifecycleEvent The APR based Apache Tomcat Native library which allows optimal performance in production environments was not found on the java.library.path: /usr/java/packages/lib/amd64:/usr/lib64:/lib64:/lib:/usr/lib
25-Apr-2019 10:56:38.725 INFO [main] org.apache.coyote.AbstractProtocol.init Initializing ProtocolHandler ["http-nio-8080"]
25-Apr-2019 10:56:38.741 INFO [main] org.apache.tomcat.util.net.NioSelectorPool.getSharedSelector Using a shared selector for servlet write/read
25-Apr-2019 10:56:38.743 INFO [main] org.apache.coyote.AbstractProtocol.init Initializing ProtocolHandler ["ajp-nio-8009"]
25-Apr-2019 10:56:38.745 INFO [main] org.apache.tomcat.util.net.NioSelectorPool.getSharedSelector Using a shared selector for servlet write/read
25-Apr-2019 10:56:38.746 INFO [main] org.apache.catalina.startup.Catalina.load Initialization processed in 669 ms
25-Apr-2019 10:56:38.780 INFO [main] org.apache.catalina.core.StandardService.startInternal Starting service Catalina
25-Apr-2019 10:56:38.780 INFO [main] org.apache.catalina.core.StandardEngine.startInternal Starting Servlet Engine: Apache Tomcat/8.5.11
25-Apr-2019 10:56:38.790 INFO [localhost-startStop-1] org.apache.catalina.startup.HostConfig.deployDescriptor Deploying configuration descriptor /home/souldj673/Documents/school-work-backup/Web Services/InterestCalcJSPServlet/tomcat/conf/Catalina/localhost/InterestCalcJSPServlet.xml
25-Apr-2019 10:56:39.303 INFO [localhost-startStop-1] org.apache.catalina.startup.HostConfig.deployDescriptor Deployment of configuration descriptor /home/souldj673/Documents/school-work-backup/Web Services/InterestCalcJSPServlet/tomcat/conf/Catalina/localhost/InterestCalcJSPServlet.xml has finished in 513 ms
25-Apr-2019 10:56:39.303 INFO [localhost-startStop-1] org.apache.catalina.startup.HostConfig.deployDirectory Deploying web application directory /home/souldj673/Documents/school-work-backup/Web Services/InterestCalcJSPServlet/tomcat/webapps/docs
25-Apr-2019 10:56:39.328 INFO [localhost-startStop-1] org.apache.catalina.startup.HostConfig.deployDirectory Deployment of web application directory /home/souldj673/Documents/school-work-backup/Web Services/InterestCalcJSPServlet/tomcat/webapps/docs has finished in 25 ms
25-Apr-2019 10:56:39.329 INFO [localhost-startStop-1] org.apache.catalina.startup.HostConfig.deployDirectory Deploying web application directory /home/souldj673/Documents/school-work-backup/Web Services/InterestCalcJSPServlet/tomcat/webapps/manager
25-Apr-2019 10:56:39.372 INFO [localhost-startStop-1] org.apache.catalina.startup.HostConfig.deployDirectory Deployment of web application directory /home/souldj673/Documents/school-work-backup/Web Services/InterestCalcJSPServlet/tomcat/webapps/manager has finished in 43 ms
25-Apr-2019 10:56:39.372 INFO [localhost-startStop-1] org.apache.catalina.startup.HostConfig.deployDirectory Deploying web application directory /home/souldj673/Documents/school-work-backup/Web Services/InterestCalcJSPServlet/tomcat/webapps/examples
25-Apr-2019 10:56:39.656 INFO [localhost-startStop-1] org.apache.catalina.startup.HostConfig.deployDirectory Deployment of web application directory /home/souldj673/Documents/school-work-backup/Web Services/InterestCalcJSPServlet/tomcat/webapps/examples has finished in 284 ms
25-Apr-2019 10:56:39.656 INFO [localhost-startStop-1] org.apache.catalina.startup.HostConfig.deployDirectory Deploying web application directory /home/souldj673/Documents/school-work-backup/Web Services/InterestCalcJSPServlet/tomcat/webapps/ROOT
25-Apr-2019 10:56:39.679 INFO [localhost-startStop-1] org.apache.catalina.startup.HostConfig.deployDirectory Deployment of web application directory /home/souldj673/Documents/school-work-backup/Web Services/InterestCalcJSPServlet/tomcat/webapps/ROOT has finished in 23 ms
25-Apr-2019 10:56:39.680 INFO [localhost-startStop-1] org.apache.catalina.startup.HostConfig.deployDirectory Deploying web application directory /home/souldj673/Documents/school-work-backup/Web Services/InterestCalcJSPServlet/tomcat/webapps/host-manager
25-Apr-2019 10:56:39.705 INFO [localhost-startStop-1] org.apache.catalina.startup.HostConfig.deployDirectory Deployment of web application directory /home/souldj673/Documents/school-work-backup/Web Services/InterestCalcJSPServlet/tomcat/webapps/host-manager has finished in 26 ms
25-Apr-2019 10:56:39.710 INFO [main] org.apache.coyote.AbstractProtocol.start Starting ProtocolHandler [http-nio-8080]
25-Apr-2019 10:56:39.722 INFO [main] org.apache.coyote.AbstractProtocol.start Starting ProtocolHandler [ajp-nio-8009]
25-Apr-2019 10:56:39.724 INFO [main] org.apache.catalina.startup.Catalina.start Server startup in 977 ms
25-Apr-2019 10:57:16.973 INFO [http-nio-8080-exec-3] org.apache.catalina.startup.HostConfig.undeploy Undeploying context [/InterestCalcJSPServlet]
25-Apr-2019 10:57:17.036 INFO [http-nio-8080-exec-1] org.apache.catalina.startup.HostConfig.deployDescriptor Deploying configuration descriptor /home/souldj673/Documents/school-work-backup/Web Services/InterestCalcJSPServlet/tomcat/conf/Catalina/localhost/InterestCalcJSPServlet.xml
25-Apr-2019 10:57:17.062 INFO [http-nio-8080-exec-1] org.apache.catalina.startup.HostConfig.deployDescriptor Deployment of configuration descriptor /home/souldj673/Documents/school-work-backup/Web Services/InterestCalcJSPServlet/tomcat/conf/Catalina/localhost/InterestCalcJSPServlet.xml has finished in 25 ms
25-Apr-2019 10:57:17.114 INFO [http-nio-8080-exec-4] org.apache.catalina.util.LifecycleBase.start The start() method was called on component [StandardEngine[Catalina].StandardHost[localhost].StandardContext[/InterestCalcJSPServlet]] after start() had already been called. The second call will be ignored.
25-Apr-2019 10:58:47.233 INFO [http-nio-8080-exec-13] org.apache.catalina.core.StandardContext.reload Reloading Context with name [/InterestCalcJSPServlet] has started
25-Apr-2019 10:58:47.275 INFO [http-nio-8080-exec-13] org.apache.catalina.core.StandardContext.reload Reloading Context with name [/InterestCalcJSPServlet] is completed
25-Apr-2019 10:59:28.987 INFO [http-nio-8080-exec-12] org.apache.catalina.core.StandardContext.reload Reloading Context with name [/InterestCalcJSPServlet] has started
25-Apr-2019 10:59:29.021 INFO [http-nio-8080-exec-12] org.apache.catalina.core.StandardContext.reload Reloading Context with name [/InterestCalcJSPServlet] is completed
25-Apr-2019 11:00:24.801 INFO [Thread-5] org.apache.coyote.AbstractProtocol.pause Pausing ProtocolHandler ["http-nio-8080"]
25-Apr-2019 11:00:24.810 INFO [Thread-5] org.apache.coyote.AbstractProtocol.pause Pausing ProtocolHandler ["ajp-nio-8009"]
25-Apr-2019 11:00:24.870 INFO [Thread-5] org.apache.catalina.core.StandardService.stopInternal Stopping service Catalina
25-Apr-2019 11:00:24.911 INFO [Thread-5] org.apache.coyote.AbstractProtocol.stop Stopping ProtocolHandler ["http-nio-8080"]
25-Apr-2019 11:00:24.914 INFO [Thread-5] org.apache.coyote.AbstractProtocol.stop Stopping ProtocolHandler ["ajp-nio-8009"]
25-Apr-2019 11:00:24.918 INFO [Thread-5] org.apache.coyote.AbstractProtocol.destroy Destroying ProtocolHandler ["http-nio-8080"]
25-Apr-2019 11:00:24.920 INFO [Thread-5] org.apache.coyote.AbstractProtocol.destroy Destroying ProtocolHandler ["ajp-nio-8009"]
