24-Apr-2019 08:54:01.352 INFO [main] org.apache.catalina.startup.VersionLoggerListener.log Server version:        Apache Tomcat/8.5.11
24-Apr-2019 08:54:01.357 INFO [main] org.apache.catalina.startup.VersionLoggerListener.log Server built:          Jan 10 2017 21:02:52 UTC
24-Apr-2019 08:54:01.357 INFO [main] org.apache.catalina.startup.VersionLoggerListener.log Server number:         8.5.11.0
24-Apr-2019 08:54:01.358 INFO [main] org.apache.catalina.startup.VersionLoggerListener.log OS Name:               Linux
24-Apr-2019 08:54:01.358 INFO [main] org.apache.catalina.startup.VersionLoggerListener.log OS Version:            5.0.7-1-MANJARO
24-Apr-2019 08:54:01.359 INFO [main] org.apache.catalina.startup.VersionLoggerListener.log Architecture:          amd64
24-Apr-2019 08:54:01.359 INFO [main] org.apache.catalina.startup.VersionLoggerListener.log Java Home:             /usr/lib/jvm/java-8-jdk/jre
24-Apr-2019 08:54:01.360 INFO [main] org.apache.catalina.startup.VersionLoggerListener.log JVM Version:           1.8.0_202-b08
24-Apr-2019 08:54:01.360 INFO [main] org.apache.catalina.startup.VersionLoggerListener.log JVM Vendor:            Oracle Corporation
24-Apr-2019 08:54:01.360 INFO [main] org.apache.catalina.startup.VersionLoggerListener.log CATALINA_BASE:         /home/souldj673/Documents/school-work-backup/Web Services/InterestCalcJSPServlet/tomcat
24-Apr-2019 08:54:01.361 INFO [main] org.apache.catalina.startup.VersionLoggerListener.log CATALINA_HOME:         /home/souldj673/Documents/school-work-backup/Web Services/InterestCalcJSPServlet/tomcat
24-Apr-2019 08:54:01.361 INFO [main] org.apache.catalina.startup.VersionLoggerListener.log Command line argument: -Djava.util.logging.config.file=/home/souldj673/Documents/school-work-backup/Web Services/InterestCalcJSPServlet/tomcat/conf/logging.properties
24-Apr-2019 08:54:01.362 INFO [main] org.apache.catalina.startup.VersionLoggerListener.log Command line argument: -Djava.util.logging.manager=org.apache.juli.ClassLoaderLogManager
24-Apr-2019 08:54:01.362 INFO [main] org.apache.catalina.startup.VersionLoggerListener.log Command line argument: -Djdk.tls.ephemeralDHKeySize=2048
24-Apr-2019 08:54:01.363 INFO [main] org.apache.catalina.startup.VersionLoggerListener.log Command line argument: -Djava.protocol.handler.pkgs=org.apache.catalina.webresources
24-Apr-2019 08:54:01.364 INFO [main] org.apache.catalina.startup.VersionLoggerListener.log Command line argument: -Dcatalina.base=/home/souldj673/Documents/school-work-backup/Web Services/InterestCalcJSPServlet/tomcat
24-Apr-2019 08:54:01.364 INFO [main] org.apache.catalina.startup.VersionLoggerListener.log Command line argument: -Dcatalina.home=/home/souldj673/Documents/school-work-backup/Web Services/InterestCalcJSPServlet/tomcat
24-Apr-2019 08:54:01.365 INFO [main] org.apache.catalina.startup.VersionLoggerListener.log Command line argument: -Djava.io.tmpdir=/home/souldj673/Documents/school-work-backup/Web Services/InterestCalcJSPServlet/tomcat/temp
24-Apr-2019 08:54:01.365 INFO [main] org.apache.catalina.core.AprLifecycleListener.lifecycleEvent The APR based Apache Tomcat Native library which allows optimal performance in production environments was not found on the java.library.path: /usr/java/packages/lib/amd64:/usr/lib64:/lib64:/lib:/usr/lib
24-Apr-2019 08:54:01.769 INFO [main] org.apache.coyote.AbstractProtocol.init Initializing ProtocolHandler ["http-nio-8080"]
24-Apr-2019 08:54:01.819 INFO [main] org.apache.tomcat.util.net.NioSelectorPool.getSharedSelector Using a shared selector for servlet write/read
24-Apr-2019 08:54:01.845 INFO [main] org.apache.coyote.AbstractProtocol.init Initializing ProtocolHandler ["ajp-nio-8009"]
24-Apr-2019 08:54:01.852 INFO [main] org.apache.tomcat.util.net.NioSelectorPool.getSharedSelector Using a shared selector for servlet write/read
24-Apr-2019 08:54:01.861 INFO [main] org.apache.catalina.startup.Catalina.load Initialization processed in 1758 ms
24-Apr-2019 08:54:01.966 INFO [main] org.apache.catalina.core.StandardService.startInternal Starting service Catalina
24-Apr-2019 08:54:01.966 INFO [main] org.apache.catalina.core.StandardEngine.startInternal Starting Servlet Engine: Apache Tomcat/8.5.11
24-Apr-2019 08:54:02.018 INFO [localhost-startStop-1] org.apache.catalina.startup.HostConfig.deployDescriptor Deploying configuration descriptor /home/souldj673/Documents/school-work-backup/Web Services/InterestCalcJSPServlet/tomcat/conf/Catalina/localhost/InterestCalcJSPServlet.xml
24-Apr-2019 08:54:02.874 INFO [localhost-startStop-1] org.apache.catalina.startup.HostConfig.deployDescriptor Deployment of configuration descriptor /home/souldj673/Documents/school-work-backup/Web Services/InterestCalcJSPServlet/tomcat/conf/Catalina/localhost/InterestCalcJSPServlet.xml has finished in 851 ms
24-Apr-2019 08:54:02.875 INFO [localhost-startStop-1] org.apache.catalina.startup.HostConfig.deployDirectory Deploying web application directory /home/souldj673/Documents/school-work-backup/Web Services/InterestCalcJSPServlet/tomcat/webapps/docs
24-Apr-2019 08:54:02.898 INFO [localhost-startStop-1] org.apache.catalina.startup.HostConfig.deployDirectory Deployment of web application directory /home/souldj673/Documents/school-work-backup/Web Services/InterestCalcJSPServlet/tomcat/webapps/docs has finished in 23 ms
24-Apr-2019 08:54:02.899 INFO [localhost-startStop-1] org.apache.catalina.startup.HostConfig.deployDirectory Deploying web application directory /home/souldj673/Documents/school-work-backup/Web Services/InterestCalcJSPServlet/tomcat/webapps/manager
24-Apr-2019 08:54:02.940 INFO [localhost-startStop-1] org.apache.catalina.startup.HostConfig.deployDirectory Deployment of web application directory /home/souldj673/Documents/school-work-backup/Web Services/InterestCalcJSPServlet/tomcat/webapps/manager has finished in 42 ms
24-Apr-2019 08:54:02.940 INFO [localhost-startStop-1] org.apache.catalina.startup.HostConfig.deployDirectory Deploying web application directory /home/souldj673/Documents/school-work-backup/Web Services/InterestCalcJSPServlet/tomcat/webapps/examples
24-Apr-2019 08:54:03.362 INFO [localhost-startStop-1] org.apache.catalina.startup.HostConfig.deployDirectory Deployment of web application directory /home/souldj673/Documents/school-work-backup/Web Services/InterestCalcJSPServlet/tomcat/webapps/examples has finished in 421 ms
24-Apr-2019 08:54:03.362 INFO [localhost-startStop-1] org.apache.catalina.startup.HostConfig.deployDirectory Deploying web application directory /home/souldj673/Documents/school-work-backup/Web Services/InterestCalcJSPServlet/tomcat/webapps/ROOT
24-Apr-2019 08:54:03.381 INFO [localhost-startStop-1] org.apache.catalina.startup.HostConfig.deployDirectory Deployment of web application directory /home/souldj673/Documents/school-work-backup/Web Services/InterestCalcJSPServlet/tomcat/webapps/ROOT has finished in 18 ms
24-Apr-2019 08:54:03.381 INFO [localhost-startStop-1] org.apache.catalina.startup.HostConfig.deployDirectory Deploying web application directory /home/souldj673/Documents/school-work-backup/Web Services/InterestCalcJSPServlet/tomcat/webapps/host-manager
24-Apr-2019 08:54:03.412 INFO [localhost-startStop-1] org.apache.catalina.startup.HostConfig.deployDirectory Deployment of web application directory /home/souldj673/Documents/school-work-backup/Web Services/InterestCalcJSPServlet/tomcat/webapps/host-manager has finished in 30 ms
24-Apr-2019 08:54:03.416 INFO [main] org.apache.coyote.AbstractProtocol.start Starting ProtocolHandler [http-nio-8080]
24-Apr-2019 08:54:03.452 INFO [main] org.apache.coyote.AbstractProtocol.start Starting ProtocolHandler [ajp-nio-8009]
24-Apr-2019 08:54:03.475 INFO [main] org.apache.catalina.startup.Catalina.start Server startup in 1612 ms
24-Apr-2019 08:54:26.503 INFO [http-nio-8080-exec-5] org.apache.coyote.http11.Http11Processor.service Error parsing HTTP request header
 Note: further occurrences of HTTP header parsing errors will be logged at DEBUG level.
 java.lang.IllegalArgumentException: Invalid character found in method name. HTTP method names must be tokens
	at org.apache.coyote.http11.Http11InputBuffer.parseRequestLine(Http11InputBuffer.java:421)
	at org.apache.coyote.http11.Http11Processor.service(Http11Processor.java:667)
	at org.apache.coyote.AbstractProcessorLight.process(AbstractProcessorLight.java:66)
	at org.apache.coyote.AbstractProtocol$ConnectionHandler.process(AbstractProtocol.java:798)
	at org.apache.tomcat.util.net.NioEndpoint$SocketProcessor.doRun(NioEndpoint.java:1434)
	at org.apache.tomcat.util.net.SocketProcessorBase.run(SocketProcessorBase.java:49)
	at java.util.concurrent.ThreadPoolExecutor.runWorker(ThreadPoolExecutor.java:1149)
	at java.util.concurrent.ThreadPoolExecutor$Worker.run(ThreadPoolExecutor.java:624)
	at org.apache.tomcat.util.threads.TaskThread$WrappingRunnable.run(TaskThread.java:61)
	at java.lang.Thread.run(Thread.java:748)

24-Apr-2019 08:55:44.248 INFO [http-nio-8080-exec-3] org.apache.catalina.startup.HostConfig.undeploy Undeploying context [/InterestCalcJSPServlet]
24-Apr-2019 08:55:44.389 INFO [http-nio-8080-exec-10] org.apache.catalina.startup.HostConfig.deployDescriptor Deploying configuration descriptor /home/souldj673/Documents/school-work-backup/Web Services/InterestCalcJSPServlet/tomcat/conf/Catalina/localhost/InterestCalcJSPServlet.xml
24-Apr-2019 08:55:44.440 INFO [http-nio-8080-exec-10] org.apache.catalina.startup.HostConfig.deployDescriptor Deployment of configuration descriptor /home/souldj673/Documents/school-work-backup/Web Services/InterestCalcJSPServlet/tomcat/conf/Catalina/localhost/InterestCalcJSPServlet.xml has finished in 51 ms
24-Apr-2019 08:55:44.589 INFO [http-nio-8080-exec-8] org.apache.catalina.util.LifecycleBase.start The start() method was called on component [StandardEngine[Catalina].StandardHost[localhost].StandardContext[/InterestCalcJSPServlet]] after start() had already been called. The second call will be ignored.
24-Apr-2019 10:04:46.947 INFO [http-nio-8080-exec-13] org.apache.catalina.core.StandardContext.reload Reloading Context with name [/InterestCalcJSPServlet] has started
24-Apr-2019 10:04:47.102 INFO [http-nio-8080-exec-13] org.apache.catalina.core.StandardContext.reload Reloading Context with name [/InterestCalcJSPServlet] is completed
24-Apr-2019 10:04:47.584 INFO [http-nio-8080-exec-21] org.apache.catalina.core.StandardContext.reload Reloading Context with name [/InterestCalcJSPServlet] has started
24-Apr-2019 10:04:47.734 INFO [http-nio-8080-exec-21] org.apache.catalina.core.StandardContext.reload Reloading Context with name [/InterestCalcJSPServlet] is completed
24-Apr-2019 10:05:50.933 INFO [http-nio-8080-exec-18] org.apache.catalina.core.StandardContext.reload Reloading Context with name [/InterestCalcJSPServlet] has started
24-Apr-2019 10:05:50.959 INFO [http-nio-8080-exec-18] org.apache.catalina.core.StandardContext.reload Reloading Context with name [/InterestCalcJSPServlet] is completed
24-Apr-2019 10:06:17.342 INFO [http-nio-8080-exec-24] org.apache.catalina.core.StandardContext.reload Reloading Context with name [/InterestCalcJSPServlet] has started
24-Apr-2019 10:06:17.370 INFO [http-nio-8080-exec-24] org.apache.catalina.core.StandardContext.reload Reloading Context with name [/InterestCalcJSPServlet] is completed
24-Apr-2019 10:07:02.714 INFO [http-nio-8080-exec-13] org.apache.catalina.core.StandardContext.reload Reloading Context with name [/InterestCalcJSPServlet] has started
24-Apr-2019 10:07:02.764 INFO [http-nio-8080-exec-13] org.apache.catalina.core.StandardContext.reload Reloading Context with name [/InterestCalcJSPServlet] is completed
24-Apr-2019 10:10:42.876 INFO [http-nio-8080-exec-18] org.apache.catalina.core.StandardContext.reload Reloading Context with name [/InterestCalcJSPServlet] has started
24-Apr-2019 10:10:42.905 INFO [http-nio-8080-exec-18] org.apache.catalina.core.StandardContext.reload Reloading Context with name [/InterestCalcJSPServlet] is completed
24-Apr-2019 10:10:47.958 INFO [http-nio-8080-exec-27] org.apache.catalina.core.StandardContext.reload Reloading Context with name [/InterestCalcJSPServlet] has started
24-Apr-2019 10:10:47.978 INFO [http-nio-8080-exec-27] org.apache.catalina.core.StandardContext.reload Reloading Context with name [/InterestCalcJSPServlet] is completed
24-Apr-2019 10:12:29.612 INFO [http-nio-8080-exec-30] org.apache.catalina.core.StandardContext.reload Reloading Context with name [/InterestCalcJSPServlet] has started
24-Apr-2019 10:12:29.660 INFO [http-nio-8080-exec-30] org.apache.catalina.core.StandardContext.reload Reloading Context with name [/InterestCalcJSPServlet] is completed
24-Apr-2019 10:12:32.467 INFO [http-nio-8080-exec-13] org.apache.catalina.core.StandardContext.reload Reloading Context with name [/InterestCalcJSPServlet] has started
24-Apr-2019 10:12:32.500 INFO [http-nio-8080-exec-13] org.apache.catalina.core.StandardContext.reload Reloading Context with name [/InterestCalcJSPServlet] is completed
24-Apr-2019 10:12:48.210 INFO [http-nio-8080-exec-28] org.apache.catalina.core.StandardContext.reload Reloading Context with name [/InterestCalcJSPServlet] has started
24-Apr-2019 10:12:48.249 INFO [http-nio-8080-exec-28] org.apache.catalina.core.StandardContext.reload Reloading Context with name [/InterestCalcJSPServlet] is completed
24-Apr-2019 10:14:43.959 INFO [http-nio-8080-exec-32] org.apache.catalina.core.StandardContext.reload Reloading Context with name [/InterestCalcJSPServlet] has started
24-Apr-2019 10:14:43.986 INFO [http-nio-8080-exec-32] org.apache.catalina.core.StandardContext.reload Reloading Context with name [/InterestCalcJSPServlet] is completed
24-Apr-2019 10:14:59.439 INFO [http-nio-8080-exec-18] org.apache.catalina.core.StandardContext.reload Reloading Context with name [/InterestCalcJSPServlet] has started
24-Apr-2019 10:14:59.466 INFO [http-nio-8080-exec-18] org.apache.catalina.core.StandardContext.reload Reloading Context with name [/InterestCalcJSPServlet] is completed
24-Apr-2019 10:15:12.491 INFO [http-nio-8080-exec-37] org.apache.catalina.core.StandardContext.reload Reloading Context with name [/InterestCalcJSPServlet] has started
24-Apr-2019 10:15:12.517 INFO [http-nio-8080-exec-37] org.apache.catalina.core.StandardContext.reload Reloading Context with name [/InterestCalcJSPServlet] is completed
24-Apr-2019 10:16:09.372 INFO [http-nio-8080-exec-34] org.apache.catalina.core.StandardContext.reload Reloading Context with name [/InterestCalcJSPServlet] has started
24-Apr-2019 10:16:09.401 INFO [http-nio-8080-exec-34] org.apache.catalina.core.StandardContext.reload Reloading Context with name [/InterestCalcJSPServlet] is completed
24-Apr-2019 10:17:47.970 INFO [http-nio-8080-exec-35] org.apache.catalina.core.StandardContext.reload Reloading Context with name [/InterestCalcJSPServlet] has started
24-Apr-2019 10:17:47.994 INFO [http-nio-8080-exec-35] org.apache.catalina.core.StandardContext.reload Reloading Context with name [/InterestCalcJSPServlet] is completed
24-Apr-2019 10:20:45.182 INFO [http-nio-8080-exec-44] org.apache.catalina.core.StandardContext.reload Reloading Context with name [/InterestCalcJSPServlet] has started
24-Apr-2019 10:20:45.204 INFO [http-nio-8080-exec-44] org.apache.catalina.core.StandardContext.reload Reloading Context with name [/InterestCalcJSPServlet] is completed
24-Apr-2019 10:21:52.474 INFO [http-nio-8080-exec-28] org.apache.catalina.core.StandardContext.reload Reloading Context with name [/InterestCalcJSPServlet] has started
24-Apr-2019 10:21:52.498 INFO [http-nio-8080-exec-28] org.apache.catalina.core.StandardContext.reload Reloading Context with name [/InterestCalcJSPServlet] is completed
24-Apr-2019 10:22:13.305 INFO [http-nio-8080-exec-46] org.apache.catalina.core.StandardContext.reload Reloading Context with name [/InterestCalcJSPServlet] has started
24-Apr-2019 10:22:13.328 INFO [http-nio-8080-exec-46] org.apache.catalina.core.StandardContext.reload Reloading Context with name [/InterestCalcJSPServlet] is completed
24-Apr-2019 10:22:17.981 INFO [http-nio-8080-exec-35] org.apache.catalina.core.StandardContext.reload Reloading Context with name [/InterestCalcJSPServlet] has started
24-Apr-2019 10:22:18.002 INFO [http-nio-8080-exec-35] org.apache.catalina.core.StandardContext.reload Reloading Context with name [/InterestCalcJSPServlet] is completed
24-Apr-2019 10:22:23.999 INFO [http-nio-8080-exec-28] org.apache.catalina.core.StandardContext.reload Reloading Context with name [/InterestCalcJSPServlet] has started
24-Apr-2019 10:22:24.022 INFO [http-nio-8080-exec-28] org.apache.catalina.core.StandardContext.reload Reloading Context with name [/InterestCalcJSPServlet] is completed
24-Apr-2019 10:22:38.751 INFO [http-nio-8080-exec-49] org.apache.catalina.core.StandardContext.reload Reloading Context with name [/InterestCalcJSPServlet] has started
24-Apr-2019 10:22:38.773 INFO [http-nio-8080-exec-49] org.apache.catalina.core.StandardContext.reload Reloading Context with name [/InterestCalcJSPServlet] is completed
24-Apr-2019 10:22:43.929 INFO [http-nio-8080-exec-48] org.apache.catalina.core.StandardContext.reload Reloading Context with name [/InterestCalcJSPServlet] has started
24-Apr-2019 10:22:43.959 INFO [http-nio-8080-exec-48] org.apache.catalina.core.StandardContext.reload Reloading Context with name [/InterestCalcJSPServlet] is completed
24-Apr-2019 10:23:30.055 INFO [http-nio-8080-exec-40] org.apache.catalina.core.StandardContext.reload Reloading Context with name [/InterestCalcJSPServlet] has started
24-Apr-2019 10:23:30.081 INFO [http-nio-8080-exec-40] org.apache.catalina.core.StandardContext.reload Reloading Context with name [/InterestCalcJSPServlet] is completed
24-Apr-2019 10:25:10.745 INFO [http-nio-8080-exec-53] org.apache.catalina.core.StandardContext.reload Reloading Context with name [/InterestCalcJSPServlet] has started
24-Apr-2019 10:25:10.788 INFO [http-nio-8080-exec-53] org.apache.catalina.core.StandardContext.reload Reloading Context with name [/InterestCalcJSPServlet] is completed
24-Apr-2019 10:25:11.892 INFO [http-nio-8080-exec-41] org.apache.catalina.core.StandardContext.reload Reloading Context with name [/InterestCalcJSPServlet] has started
24-Apr-2019 10:25:11.909 INFO [http-nio-8080-exec-41] org.apache.catalina.core.StandardContext.reload Reloading Context with name [/InterestCalcJSPServlet] is completed
24-Apr-2019 10:26:13.429 INFO [http-nio-8080-exec-56] org.apache.catalina.core.StandardContext.reload Reloading Context with name [/InterestCalcJSPServlet] has started
24-Apr-2019 10:26:13.454 INFO [http-nio-8080-exec-56] org.apache.catalina.core.StandardContext.reload Reloading Context with name [/InterestCalcJSPServlet] is completed
24-Apr-2019 10:26:37.405 INFO [http-nio-8080-exec-59] org.apache.catalina.core.StandardContext.reload Reloading Context with name [/InterestCalcJSPServlet] has started
24-Apr-2019 10:26:37.444 INFO [http-nio-8080-exec-59] org.apache.catalina.core.StandardContext.reload Reloading Context with name [/InterestCalcJSPServlet] is completed
24-Apr-2019 10:26:46.146 INFO [http-nio-8080-exec-56] org.apache.catalina.core.StandardContext.reload Reloading Context with name [/InterestCalcJSPServlet] has started
24-Apr-2019 10:26:46.167 INFO [http-nio-8080-exec-56] org.apache.catalina.core.StandardContext.reload Reloading Context with name [/InterestCalcJSPServlet] is completed
24-Apr-2019 10:26:59.879 INFO [http-nio-8080-exec-62] org.apache.catalina.core.StandardContext.reload Reloading Context with name [/InterestCalcJSPServlet] has started
24-Apr-2019 10:26:59.901 INFO [http-nio-8080-exec-62] org.apache.catalina.core.StandardContext.reload Reloading Context with name [/InterestCalcJSPServlet] is completed
24-Apr-2019 10:27:28.516 INFO [http-nio-8080-exec-56] org.apache.catalina.core.StandardContext.reload Reloading Context with name [/InterestCalcJSPServlet] has started
24-Apr-2019 10:27:28.554 INFO [http-nio-8080-exec-56] org.apache.catalina.core.StandardContext.reload Reloading Context with name [/InterestCalcJSPServlet] is completed
24-Apr-2019 10:27:46.911 INFO [http-nio-8080-exec-60] org.apache.catalina.core.StandardContext.reload Reloading Context with name [/InterestCalcJSPServlet] has started
24-Apr-2019 10:27:46.936 INFO [http-nio-8080-exec-60] org.apache.catalina.core.StandardContext.reload Reloading Context with name [/InterestCalcJSPServlet] is completed
24-Apr-2019 10:28:02.764 INFO [http-nio-8080-exec-65] org.apache.catalina.core.StandardContext.reload Reloading Context with name [/InterestCalcJSPServlet] has started
24-Apr-2019 10:28:02.799 INFO [http-nio-8080-exec-65] org.apache.catalina.core.StandardContext.reload Reloading Context with name [/InterestCalcJSPServlet] is completed
24-Apr-2019 10:42:17.081 INFO [http-nio-8080-exec-69] org.apache.catalina.core.StandardContext.reload Reloading Context with name [/InterestCalcJSPServlet] has started
24-Apr-2019 10:42:17.101 INFO [http-nio-8080-exec-69] org.apache.catalina.core.StandardContext.reload Reloading Context with name [/InterestCalcJSPServlet] is completed
24-Apr-2019 10:42:21.643 INFO [http-nio-8080-exec-78] org.apache.catalina.core.StandardContext.reload Reloading Context with name [/InterestCalcJSPServlet] has started
24-Apr-2019 10:42:21.665 INFO [http-nio-8080-exec-78] org.apache.catalina.core.StandardContext.reload Reloading Context with name [/InterestCalcJSPServlet] is completed
24-Apr-2019 10:42:27.282 INFO [main] org.apache.catalina.core.StandardServer.await A valid shutdown command was received via the shutdown port. Stopping the Server instance.
24-Apr-2019 10:42:27.282 INFO [main] org.apache.coyote.AbstractProtocol.pause Pausing ProtocolHandler ["http-nio-8080"]
24-Apr-2019 10:42:27.335 INFO [main] org.apache.coyote.AbstractProtocol.pause Pausing ProtocolHandler ["ajp-nio-8009"]
24-Apr-2019 10:42:27.385 INFO [main] org.apache.catalina.core.StandardService.stopInternal Stopping service Catalina
24-Apr-2019 10:42:27.419 INFO [main] org.apache.coyote.AbstractProtocol.stop Stopping ProtocolHandler ["http-nio-8080"]
24-Apr-2019 10:42:27.421 INFO [main] org.apache.coyote.AbstractProtocol.stop Stopping ProtocolHandler ["ajp-nio-8009"]
24-Apr-2019 10:42:27.422 INFO [main] org.apache.coyote.AbstractProtocol.destroy Destroying ProtocolHandler ["http-nio-8080"]
24-Apr-2019 10:42:27.423 INFO [main] org.apache.coyote.AbstractProtocol.destroy Destroying ProtocolHandler ["ajp-nio-8009"]
