30-Apr-2019 09:07:46.430 INFO [main] org.apache.catalina.startup.VersionLoggerListener.log Server version:        Apache Tomcat/8.5.11
30-Apr-2019 09:07:46.442 INFO [main] org.apache.catalina.startup.VersionLoggerListener.log Server built:          Jan 10 2017 21:02:52 UTC
30-Apr-2019 09:07:46.443 INFO [main] org.apache.catalina.startup.VersionLoggerListener.log Server number:         8.5.11.0
30-Apr-2019 09:07:46.443 INFO [main] org.apache.catalina.startup.VersionLoggerListener.log OS Name:               Linux
30-Apr-2019 09:07:46.443 INFO [main] org.apache.catalina.startup.VersionLoggerListener.log OS Version:            5.0.0-arch1-1-ARCH
30-Apr-2019 09:07:46.443 INFO [main] org.apache.catalina.startup.VersionLoggerListener.log Architecture:          amd64
30-Apr-2019 09:07:46.443 INFO [main] org.apache.catalina.startup.VersionLoggerListener.log Java Home:             /usr/lib/jvm/java-8-jdk/jre
30-Apr-2019 09:07:46.443 INFO [main] org.apache.catalina.startup.VersionLoggerListener.log JVM Version:           1.8.0_202-b08
30-Apr-2019 09:07:46.443 INFO [main] org.apache.catalina.startup.VersionLoggerListener.log JVM Vendor:            Oracle Corporation
30-Apr-2019 09:07:46.443 INFO [main] org.apache.catalina.startup.VersionLoggerListener.log CATALINA_BASE:         /home/souldj673/Documents/school-work-backup/Web Services/LuckySevensJSPServlet/tomcat
30-Apr-2019 09:07:46.443 INFO [main] org.apache.catalina.startup.VersionLoggerListener.log CATALINA_HOME:         /home/souldj673/Documents/school-work-backup/Web Services/LuckySevensJSPServlet/tomcat
30-Apr-2019 09:07:46.445 INFO [main] org.apache.catalina.startup.VersionLoggerListener.log Command line argument: -Djava.util.logging.config.file=/home/souldj673/Documents/school-work-backup/Web Services/LuckySevensJSPServlet/tomcat/conf/logging.properties
30-Apr-2019 09:07:46.447 INFO [main] org.apache.catalina.startup.VersionLoggerListener.log Command line argument: -Djava.util.logging.manager=org.apache.juli.ClassLoaderLogManager
30-Apr-2019 09:07:46.447 INFO [main] org.apache.catalina.startup.VersionLoggerListener.log Command line argument: -Djdk.tls.ephemeralDHKeySize=2048
30-Apr-2019 09:07:46.448 INFO [main] org.apache.catalina.startup.VersionLoggerListener.log Command line argument: -Djava.protocol.handler.pkgs=org.apache.catalina.webresources
30-Apr-2019 09:07:46.448 INFO [main] org.apache.catalina.startup.VersionLoggerListener.log Command line argument: -Dcatalina.base=/home/souldj673/Documents/school-work-backup/Web Services/LuckySevensJSPServlet/tomcat
30-Apr-2019 09:07:46.448 INFO [main] org.apache.catalina.startup.VersionLoggerListener.log Command line argument: -Dcatalina.home=/home/souldj673/Documents/school-work-backup/Web Services/LuckySevensJSPServlet/tomcat
30-Apr-2019 09:07:46.448 INFO [main] org.apache.catalina.startup.VersionLoggerListener.log Command line argument: -Djava.io.tmpdir=/home/souldj673/Documents/school-work-backup/Web Services/LuckySevensJSPServlet/tomcat/temp
30-Apr-2019 09:07:46.448 INFO [main] org.apache.catalina.core.AprLifecycleListener.lifecycleEvent The APR based Apache Tomcat Native library which allows optimal performance in production environments was not found on the java.library.path: /usr/java/packages/lib/amd64:/usr/lib64:/lib64:/lib:/usr/lib
30-Apr-2019 09:07:47.025 INFO [main] org.apache.coyote.AbstractProtocol.init Initializing ProtocolHandler ["http-nio-8080"]
30-Apr-2019 09:07:47.059 INFO [main] org.apache.tomcat.util.net.NioSelectorPool.getSharedSelector Using a shared selector for servlet write/read
30-Apr-2019 09:07:47.064 INFO [main] org.apache.coyote.AbstractProtocol.init Initializing ProtocolHandler ["ajp-nio-8009"]
30-Apr-2019 09:07:47.066 INFO [main] org.apache.tomcat.util.net.NioSelectorPool.getSharedSelector Using a shared selector for servlet write/read
30-Apr-2019 09:07:47.067 INFO [main] org.apache.catalina.startup.Catalina.load Initialization processed in 1808 ms
30-Apr-2019 09:07:47.117 INFO [main] org.apache.catalina.core.StandardService.startInternal Starting service Catalina
30-Apr-2019 09:07:47.117 INFO [main] org.apache.catalina.core.StandardEngine.startInternal Starting Servlet Engine: Apache Tomcat/8.5.11
30-Apr-2019 09:07:47.145 INFO [localhost-startStop-1] org.apache.catalina.startup.HostConfig.deployDirectory Deploying web application directory /home/souldj673/Documents/school-work-backup/Web Services/LuckySevensJSPServlet/tomcat/webapps/docs
30-Apr-2019 09:07:47.671 INFO [localhost-startStop-1] org.apache.catalina.startup.HostConfig.deployDirectory Deployment of web application directory /home/souldj673/Documents/school-work-backup/Web Services/LuckySevensJSPServlet/tomcat/webapps/docs has finished in 525 ms
30-Apr-2019 09:07:47.671 INFO [localhost-startStop-1] org.apache.catalina.startup.HostConfig.deployDirectory Deploying web application directory /home/souldj673/Documents/school-work-backup/Web Services/LuckySevensJSPServlet/tomcat/webapps/manager
30-Apr-2019 09:07:47.731 INFO [localhost-startStop-1] org.apache.catalina.startup.HostConfig.deployDirectory Deployment of web application directory /home/souldj673/Documents/school-work-backup/Web Services/LuckySevensJSPServlet/tomcat/webapps/manager has finished in 60 ms
30-Apr-2019 09:07:47.732 INFO [localhost-startStop-1] org.apache.catalina.startup.HostConfig.deployDirectory Deploying web application directory /home/souldj673/Documents/school-work-backup/Web Services/LuckySevensJSPServlet/tomcat/webapps/examples
30-Apr-2019 09:07:48.135 INFO [localhost-startStop-1] org.apache.catalina.startup.HostConfig.deployDirectory Deployment of web application directory /home/souldj673/Documents/school-work-backup/Web Services/LuckySevensJSPServlet/tomcat/webapps/examples has finished in 403 ms
30-Apr-2019 09:07:48.135 INFO [localhost-startStop-1] org.apache.catalina.startup.HostConfig.deployDirectory Deploying web application directory /home/souldj673/Documents/school-work-backup/Web Services/LuckySevensJSPServlet/tomcat/webapps/ROOT
30-Apr-2019 09:07:48.150 INFO [localhost-startStop-1] org.apache.catalina.startup.HostConfig.deployDirectory Deployment of web application directory /home/souldj673/Documents/school-work-backup/Web Services/LuckySevensJSPServlet/tomcat/webapps/ROOT has finished in 14 ms
30-Apr-2019 09:07:48.150 INFO [localhost-startStop-1] org.apache.catalina.startup.HostConfig.deployDirectory Deploying web application directory /home/souldj673/Documents/school-work-backup/Web Services/LuckySevensJSPServlet/tomcat/webapps/host-manager
30-Apr-2019 09:07:48.181 INFO [localhost-startStop-1] org.apache.catalina.startup.HostConfig.deployDirectory Deployment of web application directory /home/souldj673/Documents/school-work-backup/Web Services/LuckySevensJSPServlet/tomcat/webapps/host-manager has finished in 30 ms
30-Apr-2019 09:07:48.186 INFO [main] org.apache.coyote.AbstractProtocol.start Starting ProtocolHandler [http-nio-8080]
30-Apr-2019 09:07:48.200 INFO [main] org.apache.coyote.AbstractProtocol.start Starting ProtocolHandler [ajp-nio-8009]
30-Apr-2019 09:07:48.201 INFO [main] org.apache.catalina.startup.Catalina.start Server startup in 1133 ms
30-Apr-2019 09:07:51.547 INFO [http-nio-8080-exec-10] org.apache.catalina.startup.HostConfig.deployDescriptor Deploying configuration descriptor /home/souldj673/Documents/school-work-backup/Web Services/LuckySevensJSPServlet/tomcat/conf/Catalina/localhost/LuckySevensJSPServlet.xml
30-Apr-2019 09:07:51.584 INFO [http-nio-8080-exec-10] org.apache.catalina.startup.HostConfig.deployDescriptor Deployment of configuration descriptor /home/souldj673/Documents/school-work-backup/Web Services/LuckySevensJSPServlet/tomcat/conf/Catalina/localhost/LuckySevensJSPServlet.xml has finished in 37 ms
30-Apr-2019 09:07:51.649 INFO [http-nio-8080-exec-1] org.apache.catalina.util.LifecycleBase.start The start() method was called on component [StandardEngine[Catalina].StandardHost[localhost].StandardContext[/LuckySevensJSPServlet]] after start() had already been called. The second call will be ignored.
30-Apr-2019 09:36:47.371 INFO [http-nio-8080-exec-7] org.apache.catalina.core.StandardContext.reload Reloading Context with name [/LuckySevensJSPServlet] has started
30-Apr-2019 09:36:47.530 INFO [http-nio-8080-exec-7] org.apache.catalina.core.StandardContext.reload Reloading Context with name [/LuckySevensJSPServlet] is completed
30-Apr-2019 09:36:47.793 INFO [http-nio-8080-exec-5] org.apache.catalina.core.StandardContext.reload Reloading Context with name [/LuckySevensJSPServlet] has started
30-Apr-2019 09:36:47.859 INFO [http-nio-8080-exec-5] org.apache.catalina.core.StandardContext.reload Reloading Context with name [/LuckySevensJSPServlet] is completed
30-Apr-2019 09:58:30.643 INFO [http-nio-8080-exec-16] org.apache.catalina.core.StandardContext.reload Reloading Context with name [/LuckySevensJSPServlet] has started
30-Apr-2019 09:58:30.664 INFO [http-nio-8080-exec-16] org.apache.catalina.core.StandardContext.reload Reloading Context with name [/LuckySevensJSPServlet] is completed
30-Apr-2019 10:01:45.714 INFO [http-nio-8080-exec-24] org.apache.catalina.core.StandardContext.reload Reloading Context with name [/LuckySevensJSPServlet] has started
30-Apr-2019 10:01:45.738 INFO [http-nio-8080-exec-24] org.apache.catalina.core.StandardContext.reload Reloading Context with name [/LuckySevensJSPServlet] is completed
30-Apr-2019 10:02:27.548 INFO [http-nio-8080-exec-22] org.apache.catalina.core.StandardContext.reload Reloading Context with name [/LuckySevensJSPServlet] has started
30-Apr-2019 10:02:27.575 INFO [http-nio-8080-exec-22] org.apache.catalina.core.StandardContext.reload Reloading Context with name [/LuckySevensJSPServlet] is completed
30-Apr-2019 10:02:28.946 INFO [http-nio-8080-exec-18] org.apache.catalina.core.StandardContext.reload Reloading Context with name [/LuckySevensJSPServlet] has started
30-Apr-2019 10:02:28.982 INFO [http-nio-8080-exec-18] org.apache.catalina.core.StandardContext.reload Reloading Context with name [/LuckySevensJSPServlet] is completed
30-Apr-2019 10:06:42.253 INFO [http-nio-8080-exec-29] org.apache.catalina.core.StandardContext.reload Reloading Context with name [/LuckySevensJSPServlet] has started
30-Apr-2019 10:06:42.292 INFO [http-nio-8080-exec-29] org.apache.catalina.core.StandardContext.reload Reloading Context with name [/LuckySevensJSPServlet] is completed
30-Apr-2019 10:06:53.844 INFO [http-nio-8080-exec-22] org.apache.catalina.startup.HostConfig.undeploy Undeploying context [/LuckySevensJSPServlet]
30-Apr-2019 10:07:56.406 INFO [http-nio-8080-exec-33] org.apache.catalina.startup.HostConfig.deployDescriptor Deploying configuration descriptor /home/souldj673/Documents/school-work-backup/Web Services/LuckySevensJSPServlet/tomcat/conf/Catalina/localhost/LuckySevensJSPServlet.xml
30-Apr-2019 10:07:56.763 INFO [http-nio-8080-exec-33] org.apache.catalina.startup.HostConfig.deployDescriptor Deployment of configuration descriptor /home/souldj673/Documents/school-work-backup/Web Services/LuckySevensJSPServlet/tomcat/conf/Catalina/localhost/LuckySevensJSPServlet.xml has finished in 357 ms
30-Apr-2019 10:07:56.936 INFO [http-nio-8080-exec-29] org.apache.catalina.util.LifecycleBase.start The start() method was called on component [StandardEngine[Catalina].StandardHost[localhost].StandardContext[/LuckySevensJSPServlet]] after start() had already been called. The second call will be ignored.
30-Apr-2019 10:08:12.675 INFO [http-nio-8080-exec-39] org.apache.catalina.core.StandardContext.reload Reloading Context with name [/LuckySevensJSPServlet] has started
30-Apr-2019 10:08:12.875 INFO [http-nio-8080-exec-39] org.apache.catalina.core.StandardContext.reload Reloading Context with name [/LuckySevensJSPServlet] is completed
30-Apr-2019 10:09:15.322 INFO [http-nio-8080-exec-38] org.apache.catalina.core.StandardContext.reload Reloading Context with name [/LuckySevensJSPServlet] has started
30-Apr-2019 10:09:15.467 INFO [http-nio-8080-exec-38] org.apache.catalina.core.StandardContext.reload Reloading Context with name [/LuckySevensJSPServlet] is completed
30-Apr-2019 10:09:16.781 INFO [http-nio-8080-exec-42] org.apache.catalina.core.StandardContext.reload Reloading Context with name [/LuckySevensJSPServlet] has started
30-Apr-2019 10:09:16.908 INFO [http-nio-8080-exec-42] org.apache.catalina.core.StandardContext.reload Reloading Context with name [/LuckySevensJSPServlet] is completed
30-Apr-2019 10:09:47.129 INFO [http-nio-8080-exec-48] org.apache.catalina.core.StandardContext.reload Reloading Context with name [/LuckySevensJSPServlet] has started
30-Apr-2019 10:09:47.252 INFO [http-nio-8080-exec-48] org.apache.catalina.core.StandardContext.reload Reloading Context with name [/LuckySevensJSPServlet] is completed
30-Apr-2019 10:17:26.080 INFO [http-nio-8080-exec-59] org.apache.catalina.core.StandardContext.reload Reloading Context with name [/LuckySevensJSPServlet] has started
30-Apr-2019 10:17:26.206 INFO [http-nio-8080-exec-59] org.apache.catalina.core.StandardContext.reload Reloading Context with name [/LuckySevensJSPServlet] is completed
30-Apr-2019 10:18:03.654 INFO [http-nio-8080-exec-55] org.apache.catalina.core.StandardContext.reload Reloading Context with name [/LuckySevensJSPServlet] has started
30-Apr-2019 10:18:03.745 INFO [http-nio-8080-exec-55] org.apache.catalina.core.StandardContext.reload Reloading Context with name [/LuckySevensJSPServlet] is completed
30-Apr-2019 10:27:14.143 INFO [http-nio-8080-exec-76] org.apache.catalina.core.StandardContext.reload Reloading Context with name [/LuckySevensJSPServlet] has started
30-Apr-2019 10:27:14.227 INFO [http-nio-8080-exec-76] org.apache.catalina.core.StandardContext.reload Reloading Context with name [/LuckySevensJSPServlet] is completed
