30-Apr-2019 09:07:51.117 INFO [http-nio-8080-exec-3] org.apache.catalina.core.ApplicationContext.log Manager: init: Associated with Deployer 'Catalina:type=Deployer,host=localhost'
30-Apr-2019 09:07:51.117 INFO [http-nio-8080-exec-3] org.apache.catalina.core.ApplicationContext.log Manager: init: Global resources are available
30-Apr-2019 09:07:51.417 INFO [http-nio-8080-exec-8] org.apache.catalina.core.ApplicationContext.log Manager: list: Listing contexts for virtual host 'localhost'
30-Apr-2019 09:07:51.474 INFO [http-nio-8080-exec-9] org.apache.catalina.core.ApplicationContext.log Manager: list: Listing contexts for virtual host 'localhost'
30-Apr-2019 09:07:51.545 INFO [http-nio-8080-exec-10] org.apache.catalina.core.ApplicationContext.log Manager: install: Installing context configuration at 'file:/tmp/context3567344901807750433.xml'
30-Apr-2019 09:07:51.649 INFO [http-nio-8080-exec-1] org.apache.catalina.core.ApplicationContext.log Manager: start: Starting web application '/LuckySevensJSPServlet'
30-Apr-2019 09:08:17.948 INFO [http-nio-8080-exec-4] org.apache.catalina.core.ApplicationContext.log Manager: list: Listing contexts for virtual host 'localhost'
30-Apr-2019 09:08:27.958 INFO [http-nio-8080-exec-10] org.apache.catalina.core.ApplicationContext.log Manager: list: Listing contexts for virtual host 'localhost'
30-Apr-2019 09:08:54.506 INFO [http-nio-8080-exec-6] org.apache.catalina.core.ApplicationContext.log Manager: list: Listing contexts for virtual host 'localhost'
30-Apr-2019 09:08:56.006 INFO [http-nio-8080-exec-8] org.apache.catalina.core.ApplicationContext.log Manager: list: Listing contexts for virtual host 'localhost'
30-Apr-2019 09:09:14.029 INFO [http-nio-8080-exec-2] org.apache.catalina.core.ApplicationContext.log Manager: list: Listing contexts for virtual host 'localhost'
30-Apr-2019 09:09:15.511 INFO [http-nio-8080-exec-7] org.apache.catalina.core.ApplicationContext.log Manager: list: Listing contexts for virtual host 'localhost'
30-Apr-2019 09:09:26.797 INFO [http-nio-8080-exec-1] org.apache.catalina.core.ApplicationContext.log Manager: list: Listing contexts for virtual host 'localhost'
30-Apr-2019 09:09:45.787 INFO [http-nio-8080-exec-6] org.apache.catalina.core.ApplicationContext.log Manager: list: Listing contexts for virtual host 'localhost'
30-Apr-2019 09:12:33.278 INFO [http-nio-8080-exec-2] org.apache.catalina.core.ApplicationContext.log Manager: list: Listing contexts for virtual host 'localhost'
30-Apr-2019 09:12:54.290 INFO [http-nio-8080-exec-6] org.apache.catalina.core.ApplicationContext.log Manager: list: Listing contexts for virtual host 'localhost'
30-Apr-2019 09:13:40.488 INFO [http-nio-8080-exec-4] org.apache.catalina.core.ApplicationContext.log Manager: list: Listing contexts for virtual host 'localhost'
30-Apr-2019 09:14:00.150 INFO [http-nio-8080-exec-4] org.apache.catalina.core.ApplicationContext.log Manager: list: Listing contexts for virtual host 'localhost'
30-Apr-2019 09:14:34.855 INFO [http-nio-8080-exec-9] org.apache.catalina.core.ApplicationContext.log Manager: list: Listing contexts for virtual host 'localhost'
30-Apr-2019 09:15:13.003 INFO [http-nio-8080-exec-10] org.apache.catalina.core.ApplicationContext.log Manager: list: Listing contexts for virtual host 'localhost'
30-Apr-2019 09:15:23.790 INFO [http-nio-8080-exec-9] org.apache.catalina.core.ApplicationContext.log Manager: list: Listing contexts for virtual host 'localhost'
30-Apr-2019 09:15:53.503 INFO [http-nio-8080-exec-1] org.apache.catalina.core.ApplicationContext.log Manager: list: Listing contexts for virtual host 'localhost'
30-Apr-2019 09:16:02.120 INFO [http-nio-8080-exec-1] org.apache.catalina.core.ApplicationContext.log Manager: list: Listing contexts for virtual host 'localhost'
30-Apr-2019 09:18:05.537 INFO [http-nio-8080-exec-6] org.apache.catalina.core.ApplicationContext.log Manager: list: Listing contexts for virtual host 'localhost'
30-Apr-2019 09:19:20.183 INFO [http-nio-8080-exec-3] org.apache.catalina.core.ApplicationContext.log Manager: list: Listing contexts for virtual host 'localhost'
30-Apr-2019 09:19:20.409 INFO [http-nio-8080-exec-4] org.apache.catalina.core.ApplicationContext.log Manager: list: Listing contexts for virtual host 'localhost'
30-Apr-2019 09:19:20.548 INFO [http-nio-8080-exec-8] org.apache.catalina.core.ApplicationContext.log Manager: list: Listing contexts for virtual host 'localhost'
30-Apr-2019 09:19:20.689 INFO [http-nio-8080-exec-7] org.apache.catalina.core.ApplicationContext.log Manager: list: Listing contexts for virtual host 'localhost'
30-Apr-2019 09:19:20.860 INFO [http-nio-8080-exec-9] org.apache.catalina.core.ApplicationContext.log Manager: list: Listing contexts for virtual host 'localhost'
30-Apr-2019 09:19:21.172 INFO [http-nio-8080-exec-1] org.apache.catalina.core.ApplicationContext.log Manager: list: Listing contexts for virtual host 'localhost'
30-Apr-2019 09:20:04.612 INFO [http-nio-8080-exec-9] org.apache.catalina.core.ApplicationContext.log Manager: list: Listing contexts for virtual host 'localhost'
30-Apr-2019 09:20:41.621 INFO [http-nio-8080-exec-10] org.apache.catalina.core.ApplicationContext.log Manager: list: Listing contexts for virtual host 'localhost'
30-Apr-2019 09:20:41.732 INFO [http-nio-8080-exec-8] org.apache.catalina.core.ApplicationContext.log Manager: list: Listing contexts for virtual host 'localhost'
30-Apr-2019 09:20:41.837 INFO [http-nio-8080-exec-9] org.apache.catalina.core.ApplicationContext.log Manager: list: Listing contexts for virtual host 'localhost'
30-Apr-2019 09:20:41.931 INFO [http-nio-8080-exec-1] org.apache.catalina.core.ApplicationContext.log Manager: list: Listing contexts for virtual host 'localhost'
30-Apr-2019 09:20:42.104 INFO [http-nio-8080-exec-8] org.apache.catalina.core.ApplicationContext.log Manager: list: Listing contexts for virtual host 'localhost'
30-Apr-2019 09:20:42.287 INFO [http-nio-8080-exec-2] org.apache.catalina.core.ApplicationContext.log Manager: list: Listing contexts for virtual host 'localhost'
30-Apr-2019 09:20:42.482 INFO [http-nio-8080-exec-1] org.apache.catalina.core.ApplicationContext.log Manager: list: Listing contexts for virtual host 'localhost'
30-Apr-2019 09:20:42.707 INFO [http-nio-8080-exec-5] org.apache.catalina.core.ApplicationContext.log Manager: list: Listing contexts for virtual host 'localhost'
30-Apr-2019 09:20:42.943 INFO [http-nio-8080-exec-2] org.apache.catalina.core.ApplicationContext.log Manager: list: Listing contexts for virtual host 'localhost'
30-Apr-2019 09:20:43.207 INFO [http-nio-8080-exec-7] org.apache.catalina.core.ApplicationContext.log Manager: list: Listing contexts for virtual host 'localhost'
30-Apr-2019 09:20:43.362 INFO [http-nio-8080-exec-1] org.apache.catalina.core.ApplicationContext.log Manager: list: Listing contexts for virtual host 'localhost'
30-Apr-2019 09:20:43.541 INFO [http-nio-8080-exec-5] org.apache.catalina.core.ApplicationContext.log Manager: list: Listing contexts for virtual host 'localhost'
30-Apr-2019 09:20:44.139 INFO [http-nio-8080-exec-8] org.apache.catalina.core.ApplicationContext.log Manager: list: Listing contexts for virtual host 'localhost'
30-Apr-2019 09:21:16.401 INFO [http-nio-8080-exec-2] org.apache.catalina.core.ApplicationContext.log Manager: list: Listing contexts for virtual host 'localhost'
30-Apr-2019 09:21:44.335 INFO [http-nio-8080-exec-1] org.apache.catalina.core.ApplicationContext.log Manager: list: Listing contexts for virtual host 'localhost'
30-Apr-2019 09:22:10.943 INFO [http-nio-8080-exec-8] org.apache.catalina.core.ApplicationContext.log Manager: list: Listing contexts for virtual host 'localhost'
30-Apr-2019 09:22:21.820 INFO [http-nio-8080-exec-4] org.apache.catalina.core.ApplicationContext.log Manager: list: Listing contexts for virtual host 'localhost'
30-Apr-2019 09:22:40.293 INFO [http-nio-8080-exec-3] org.apache.catalina.core.ApplicationContext.log Manager: list: Listing contexts for virtual host 'localhost'
30-Apr-2019 09:24:03.701 INFO [http-nio-8080-exec-5] org.apache.catalina.core.ApplicationContext.log Manager: list: Listing contexts for virtual host 'localhost'
30-Apr-2019 09:24:13.041 INFO [http-nio-8080-exec-4] org.apache.catalina.core.ApplicationContext.log Manager: list: Listing contexts for virtual host 'localhost'
30-Apr-2019 09:24:22.631 INFO [http-nio-8080-exec-3] org.apache.catalina.core.ApplicationContext.log Manager: list: Listing contexts for virtual host 'localhost'
30-Apr-2019 09:25:03.879 INFO [http-nio-8080-exec-4] org.apache.catalina.core.ApplicationContext.log Manager: list: Listing contexts for virtual host 'localhost'
30-Apr-2019 09:25:24.259 INFO [http-nio-8080-exec-2] org.apache.catalina.core.ApplicationContext.log Manager: list: Listing contexts for virtual host 'localhost'
30-Apr-2019 09:25:32.970 INFO [http-nio-8080-exec-7] org.apache.catalina.core.ApplicationContext.log Manager: list: Listing contexts for virtual host 'localhost'
30-Apr-2019 09:25:41.999 INFO [http-nio-8080-exec-10] org.apache.catalina.core.ApplicationContext.log Manager: list: Listing contexts for virtual host 'localhost'
30-Apr-2019 09:25:51.695 INFO [http-nio-8080-exec-2] org.apache.catalina.core.ApplicationContext.log Manager: list: Listing contexts for virtual host 'localhost'
30-Apr-2019 09:26:34.281 INFO [http-nio-8080-exec-3] org.apache.catalina.core.ApplicationContext.log Manager: list: Listing contexts for virtual host 'localhost'
30-Apr-2019 09:27:01.902 INFO [http-nio-8080-exec-10] org.apache.catalina.core.ApplicationContext.log Manager: list: Listing contexts for virtual host 'localhost'
30-Apr-2019 09:27:19.539 INFO [http-nio-8080-exec-8] org.apache.catalina.core.ApplicationContext.log Manager: list: Listing contexts for virtual host 'localhost'
30-Apr-2019 09:28:04.737 INFO [http-nio-8080-exec-7] org.apache.catalina.core.ApplicationContext.log Manager: list: Listing contexts for virtual host 'localhost'
30-Apr-2019 09:29:39.772 INFO [http-nio-8080-exec-4] org.apache.catalina.core.ApplicationContext.log Manager: list: Listing contexts for virtual host 'localhost'
30-Apr-2019 09:30:27.569 INFO [http-nio-8080-exec-2] org.apache.catalina.core.ApplicationContext.log Manager: list: Listing contexts for virtual host 'localhost'
30-Apr-2019 09:30:58.397 INFO [http-nio-8080-exec-10] org.apache.catalina.core.ApplicationContext.log Manager: list: Listing contexts for virtual host 'localhost'
30-Apr-2019 09:31:14.927 INFO [http-nio-8080-exec-1] org.apache.catalina.core.ApplicationContext.log Manager: list: Listing contexts for virtual host 'localhost'
30-Apr-2019 09:31:20.313 INFO [http-nio-8080-exec-5] org.apache.catalina.core.ApplicationContext.log Manager: list: Listing contexts for virtual host 'localhost'
30-Apr-2019 09:31:32.337 INFO [http-nio-8080-exec-3] org.apache.catalina.core.ApplicationContext.log Manager: list: Listing contexts for virtual host 'localhost'
30-Apr-2019 09:33:33.349 INFO [http-nio-8080-exec-3] org.apache.catalina.core.ApplicationContext.log Manager: list: Listing contexts for virtual host 'localhost'
30-Apr-2019 09:33:44.917 INFO [http-nio-8080-exec-1] org.apache.catalina.core.ApplicationContext.log Manager: list: Listing contexts for virtual host 'localhost'
30-Apr-2019 09:33:54.583 INFO [http-nio-8080-exec-9] org.apache.catalina.core.ApplicationContext.log Manager: list: Listing contexts for virtual host 'localhost'
30-Apr-2019 09:34:09.893 INFO [http-nio-8080-exec-7] org.apache.catalina.core.ApplicationContext.log Manager: list: Listing contexts for virtual host 'localhost'
30-Apr-2019 09:34:21.911 INFO [http-nio-8080-exec-8] org.apache.catalina.core.ApplicationContext.log Manager: list: Listing contexts for virtual host 'localhost'
30-Apr-2019 09:35:16.474 INFO [http-nio-8080-exec-10] org.apache.catalina.core.ApplicationContext.log Manager: list: Listing contexts for virtual host 'localhost'
30-Apr-2019 09:36:46.812 INFO [http-nio-8080-exec-4] org.apache.catalina.core.ApplicationContext.log Manager: list: Listing contexts for virtual host 'localhost'
30-Apr-2019 09:36:47.371 INFO [http-nio-8080-exec-7] org.apache.catalina.core.ApplicationContext.log Manager: restart: Reloading web application '/LuckySevensJSPServlet'
30-Apr-2019 09:36:47.663 INFO [http-nio-8080-exec-4] org.apache.catalina.core.ApplicationContext.log Manager: list: Listing contexts for virtual host 'localhost'
30-Apr-2019 09:36:47.793 INFO [http-nio-8080-exec-5] org.apache.catalina.core.ApplicationContext.log Manager: restart: Reloading web application '/LuckySevensJSPServlet'
30-Apr-2019 09:38:14.596 INFO [http-nio-8080-exec-9] org.apache.catalina.core.ApplicationContext.log Manager: list: Listing contexts for virtual host 'localhost'
30-Apr-2019 09:38:45.781 INFO [http-nio-8080-exec-4] org.apache.catalina.core.ApplicationContext.log Manager: list: Listing contexts for virtual host 'localhost'
30-Apr-2019 09:39:12.314 INFO [http-nio-8080-exec-13] org.apache.catalina.core.ApplicationContext.log Manager: list: Listing contexts for virtual host 'localhost'
30-Apr-2019 09:40:45.104 INFO [http-nio-8080-exec-16] org.apache.catalina.core.ApplicationContext.log Manager: list: Listing contexts for virtual host 'localhost'
30-Apr-2019 09:41:21.154 INFO [http-nio-8080-exec-18] org.apache.catalina.core.ApplicationContext.log Manager: list: Listing contexts for virtual host 'localhost'
30-Apr-2019 09:41:39.114 INFO [http-nio-8080-exec-12] org.apache.catalina.core.ApplicationContext.log Manager: list: Listing contexts for virtual host 'localhost'
30-Apr-2019 09:41:55.554 INFO [http-nio-8080-exec-14] org.apache.catalina.core.ApplicationContext.log Manager: list: Listing contexts for virtual host 'localhost'
30-Apr-2019 09:42:03.721 INFO [http-nio-8080-exec-21] org.apache.catalina.core.ApplicationContext.log Manager: list: Listing contexts for virtual host 'localhost'
30-Apr-2019 09:42:09.491 INFO [http-nio-8080-exec-16] org.apache.catalina.core.ApplicationContext.log Manager: list: Listing contexts for virtual host 'localhost'
30-Apr-2019 09:42:18.479 INFO [http-nio-8080-exec-14] org.apache.catalina.core.ApplicationContext.log Manager: list: Listing contexts for virtual host 'localhost'
30-Apr-2019 09:42:34.891 INFO [http-nio-8080-exec-17] org.apache.catalina.core.ApplicationContext.log Manager: list: Listing contexts for virtual host 'localhost'
30-Apr-2019 09:42:42.205 INFO [http-nio-8080-exec-18] org.apache.catalina.core.ApplicationContext.log Manager: list: Listing contexts for virtual host 'localhost'
30-Apr-2019 09:42:59.766 INFO [http-nio-8080-exec-16] org.apache.catalina.core.ApplicationContext.log Manager: list: Listing contexts for virtual host 'localhost'
30-Apr-2019 09:43:07.371 INFO [http-nio-8080-exec-17] org.apache.catalina.core.ApplicationContext.log Manager: list: Listing contexts for virtual host 'localhost'
30-Apr-2019 09:43:22.711 INFO [http-nio-8080-exec-18] org.apache.catalina.core.ApplicationContext.log Manager: list: Listing contexts for virtual host 'localhost'
30-Apr-2019 09:43:30.394 INFO [http-nio-8080-exec-13] org.apache.catalina.core.ApplicationContext.log Manager: list: Listing contexts for virtual host 'localhost'
30-Apr-2019 09:43:38.764 INFO [http-nio-8080-exec-12] org.apache.catalina.core.ApplicationContext.log Manager: list: Listing contexts for virtual host 'localhost'
30-Apr-2019 09:44:50.824 INFO [http-nio-8080-exec-16] org.apache.catalina.core.ApplicationContext.log Manager: list: Listing contexts for virtual host 'localhost'
30-Apr-2019 09:44:54.221 INFO [http-nio-8080-exec-19] org.apache.catalina.core.ApplicationContext.log Manager: list: Listing contexts for virtual host 'localhost'
30-Apr-2019 09:45:52.076 INFO [http-nio-8080-exec-13] org.apache.catalina.core.ApplicationContext.log Manager: list: Listing contexts for virtual host 'localhost'
30-Apr-2019 09:48:22.779 INFO [http-nio-8080-exec-18] org.apache.catalina.core.ApplicationContext.log Manager: list: Listing contexts for virtual host 'localhost'
30-Apr-2019 09:48:31.906 INFO [http-nio-8080-exec-17] org.apache.catalina.core.ApplicationContext.log Manager: list: Listing contexts for virtual host 'localhost'
30-Apr-2019 09:48:31.972 INFO [http-nio-8080-exec-21] org.apache.catalina.core.ApplicationContext.log Manager: list: Listing contexts for virtual host 'localhost'
30-Apr-2019 09:50:10.657 INFO [http-nio-8080-exec-21] org.apache.catalina.core.ApplicationContext.log Manager: list: Listing contexts for virtual host 'localhost'
30-Apr-2019 09:50:45.119 INFO [http-nio-8080-exec-12] org.apache.catalina.core.ApplicationContext.log Manager: list: Listing contexts for virtual host 'localhost'
30-Apr-2019 09:50:55.261 INFO [http-nio-8080-exec-16] org.apache.catalina.core.ApplicationContext.log Manager: list: Listing contexts for virtual host 'localhost'
30-Apr-2019 09:51:27.862 INFO [http-nio-8080-exec-17] org.apache.catalina.core.ApplicationContext.log Manager: list: Listing contexts for virtual host 'localhost'
30-Apr-2019 09:51:39.971 INFO [http-nio-8080-exec-13] org.apache.catalina.core.ApplicationContext.log Manager: list: Listing contexts for virtual host 'localhost'
30-Apr-2019 09:51:44.909 INFO [http-nio-8080-exec-17] org.apache.catalina.core.ApplicationContext.log Manager: list: Listing contexts for virtual host 'localhost'
30-Apr-2019 09:52:19.025 INFO [http-nio-8080-exec-17] org.apache.catalina.core.ApplicationContext.log Manager: list: Listing contexts for virtual host 'localhost'
30-Apr-2019 09:52:42.916 INFO [http-nio-8080-exec-21] org.apache.catalina.core.ApplicationContext.log Manager: list: Listing contexts for virtual host 'localhost'
30-Apr-2019 09:53:13.231 INFO [http-nio-8080-exec-19] org.apache.catalina.core.ApplicationContext.log Manager: list: Listing contexts for virtual host 'localhost'
30-Apr-2019 09:53:39.627 INFO [http-nio-8080-exec-13] org.apache.catalina.core.ApplicationContext.log Manager: list: Listing contexts for virtual host 'localhost'
30-Apr-2019 09:53:41.118 INFO [http-nio-8080-exec-19] org.apache.catalina.core.ApplicationContext.log Manager: list: Listing contexts for virtual host 'localhost'
30-Apr-2019 09:53:56.170 INFO [http-nio-8080-exec-18] org.apache.catalina.core.ApplicationContext.log Manager: list: Listing contexts for virtual host 'localhost'
30-Apr-2019 09:54:04.999 INFO [http-nio-8080-exec-17] org.apache.catalina.core.ApplicationContext.log Manager: list: Listing contexts for virtual host 'localhost'
30-Apr-2019 09:54:14.032 INFO [http-nio-8080-exec-14] org.apache.catalina.core.ApplicationContext.log Manager: list: Listing contexts for virtual host 'localhost'
30-Apr-2019 09:54:22.846 INFO [http-nio-8080-exec-18] org.apache.catalina.core.ApplicationContext.log Manager: list: Listing contexts for virtual host 'localhost'
30-Apr-2019 09:54:31.656 INFO [http-nio-8080-exec-16] org.apache.catalina.core.ApplicationContext.log Manager: list: Listing contexts for virtual host 'localhost'
30-Apr-2019 09:54:39.009 INFO [http-nio-8080-exec-13] org.apache.catalina.core.ApplicationContext.log Manager: list: Listing contexts for virtual host 'localhost'
30-Apr-2019 09:54:47.014 INFO [http-nio-8080-exec-17] org.apache.catalina.core.ApplicationContext.log Manager: list: Listing contexts for virtual host 'localhost'
30-Apr-2019 09:54:53.975 INFO [http-nio-8080-exec-13] org.apache.catalina.core.ApplicationContext.log Manager: list: Listing contexts for virtual host 'localhost'
30-Apr-2019 09:55:01.170 INFO [http-nio-8080-exec-12] org.apache.catalina.core.ApplicationContext.log Manager: list: Listing contexts for virtual host 'localhost'
30-Apr-2019 09:55:09.452 INFO [http-nio-8080-exec-15] org.apache.catalina.core.ApplicationContext.log Manager: list: Listing contexts for virtual host 'localhost'
30-Apr-2019 09:58:30.593 INFO [http-nio-8080-exec-13] org.apache.catalina.core.ApplicationContext.log Manager: list: Listing contexts for virtual host 'localhost'
30-Apr-2019 09:58:30.643 INFO [http-nio-8080-exec-16] org.apache.catalina.core.ApplicationContext.log Manager: restart: Reloading web application '/LuckySevensJSPServlet'
30-Apr-2019 10:01:45.661 INFO [http-nio-8080-exec-23] org.apache.catalina.core.ApplicationContext.log Manager: list: Listing contexts for virtual host 'localhost'
30-Apr-2019 10:01:45.714 INFO [http-nio-8080-exec-24] org.apache.catalina.core.ApplicationContext.log Manager: restart: Reloading web application '/LuckySevensJSPServlet'
30-Apr-2019 10:02:27.481 INFO [http-nio-8080-exec-14] org.apache.catalina.core.ApplicationContext.log Manager: list: Listing contexts for virtual host 'localhost'
30-Apr-2019 10:02:27.547 INFO [http-nio-8080-exec-22] org.apache.catalina.core.ApplicationContext.log Manager: restart: Reloading web application '/LuckySevensJSPServlet'
30-Apr-2019 10:02:28.884 INFO [http-nio-8080-exec-23] org.apache.catalina.core.ApplicationContext.log Manager: list: Listing contexts for virtual host 'localhost'
30-Apr-2019 10:02:28.946 INFO [http-nio-8080-exec-18] org.apache.catalina.core.ApplicationContext.log Manager: restart: Reloading web application '/LuckySevensJSPServlet'
30-Apr-2019 10:03:25.350 INFO [http-nio-8080-exec-29] org.apache.catalina.core.ApplicationContext.log Manager: list: Listing contexts for virtual host 'localhost'
30-Apr-2019 10:05:44.861 INFO [http-nio-8080-exec-31] org.apache.catalina.core.ApplicationContext.log Manager: list: Listing contexts for virtual host 'localhost'
30-Apr-2019 10:06:42.183 INFO [http-nio-8080-exec-18] org.apache.catalina.core.ApplicationContext.log Manager: list: Listing contexts for virtual host 'localhost'
30-Apr-2019 10:06:42.253 INFO [http-nio-8080-exec-29] org.apache.catalina.core.ApplicationContext.log Manager: restart: Reloading web application '/LuckySevensJSPServlet'
30-Apr-2019 10:06:53.271 INFO [http-nio-8080-exec-34] org.apache.catalina.core.ApplicationContext.log Manager: list: Listing contexts for virtual host 'localhost'
30-Apr-2019 10:06:53.337 INFO [http-nio-8080-exec-22] org.apache.catalina.core.ApplicationContext.log Manager: undeploy: Undeploying web application at '/LuckySevensJSPServlet'
30-Apr-2019 10:06:53.606 INFO [http-nio-8080-exec-31] org.apache.catalina.core.ApplicationContext.log Manager: list: Listing contexts for virtual host 'localhost'
30-Apr-2019 10:06:54.024 INFO [http-nio-8080-exec-35] org.apache.catalina.core.ApplicationContext.log Manager: restart: Reloading web application '/LuckySevensJSPServlet'
30-Apr-2019 10:07:04.019 INFO [http-nio-8080-exec-31] org.apache.catalina.core.ApplicationContext.log Manager: list: Listing contexts for virtual host 'localhost'
30-Apr-2019 10:07:04.188 INFO [http-nio-8080-exec-35] org.apache.catalina.core.ApplicationContext.log Manager: list: Listing contexts for virtual host 'localhost'
30-Apr-2019 10:07:35.806 INFO [http-nio-8080-exec-29] org.apache.catalina.core.ApplicationContext.log Manager: list: Listing contexts for virtual host 'localhost'
30-Apr-2019 10:07:35.972 INFO [http-nio-8080-exec-33] org.apache.catalina.core.ApplicationContext.log Manager: list: Listing contexts for virtual host 'localhost'
30-Apr-2019 10:07:46.091 INFO [http-nio-8080-exec-33] org.apache.catalina.core.ApplicationContext.log Manager: list: Listing contexts for virtual host 'localhost'
30-Apr-2019 10:07:56.178 INFO [http-nio-8080-exec-30] org.apache.catalina.core.ApplicationContext.log Manager: list: Listing contexts for virtual host 'localhost'
30-Apr-2019 10:07:56.341 INFO [http-nio-8080-exec-28] org.apache.catalina.core.ApplicationContext.log Manager: list: Listing contexts for virtual host 'localhost'
30-Apr-2019 10:07:56.405 INFO [http-nio-8080-exec-33] org.apache.catalina.core.ApplicationContext.log Manager: install: Installing context configuration at 'file:/tmp/context1049512139025597853.xml'
30-Apr-2019 10:07:56.935 INFO [http-nio-8080-exec-29] org.apache.catalina.core.ApplicationContext.log Manager: start: Starting web application '/LuckySevensJSPServlet'
30-Apr-2019 10:08:12.581 INFO [http-nio-8080-exec-38] org.apache.catalina.core.ApplicationContext.log Manager: list: Listing contexts for virtual host 'localhost'
30-Apr-2019 10:08:12.674 INFO [http-nio-8080-exec-39] org.apache.catalina.core.ApplicationContext.log Manager: restart: Reloading web application '/LuckySevensJSPServlet'
30-Apr-2019 10:09:15.267 INFO [http-nio-8080-exec-51] org.apache.catalina.core.ApplicationContext.log Manager: list: Listing contexts for virtual host 'localhost'
30-Apr-2019 10:09:15.322 INFO [http-nio-8080-exec-38] org.apache.catalina.core.ApplicationContext.log Manager: restart: Reloading web application '/LuckySevensJSPServlet'
30-Apr-2019 10:09:16.726 INFO [http-nio-8080-exec-50] org.apache.catalina.core.ApplicationContext.log Manager: list: Listing contexts for virtual host 'localhost'
30-Apr-2019 10:09:16.780 INFO [http-nio-8080-exec-42] org.apache.catalina.core.ApplicationContext.log Manager: restart: Reloading web application '/LuckySevensJSPServlet'
30-Apr-2019 10:09:47.057 INFO [http-nio-8080-exec-46] org.apache.catalina.core.ApplicationContext.log Manager: list: Listing contexts for virtual host 'localhost'
30-Apr-2019 10:09:47.129 INFO [http-nio-8080-exec-48] org.apache.catalina.core.ApplicationContext.log Manager: restart: Reloading web application '/LuckySevensJSPServlet'
30-Apr-2019 10:11:41.969 INFO [http-nio-8080-exec-55] org.apache.catalina.core.ApplicationContext.log Manager: list: Listing contexts for virtual host 'localhost'
30-Apr-2019 10:12:19.451 INFO [http-nio-8080-exec-62] org.apache.catalina.core.ApplicationContext.log Manager: list: Listing contexts for virtual host 'localhost'
30-Apr-2019 10:12:45.391 INFO [http-nio-8080-exec-56] org.apache.catalina.core.ApplicationContext.log Manager: list: Listing contexts for virtual host 'localhost'
30-Apr-2019 10:14:25.562 INFO [http-nio-8080-exec-58] org.apache.catalina.core.ApplicationContext.log Manager: list: Listing contexts for virtual host 'localhost'
30-Apr-2019 10:15:26.378 INFO [http-nio-8080-exec-54] org.apache.catalina.core.ApplicationContext.log Manager: list: Listing contexts for virtual host 'localhost'
30-Apr-2019 10:15:33.353 INFO [http-nio-8080-exec-60] org.apache.catalina.core.ApplicationContext.log Manager: list: Listing contexts for virtual host 'localhost'
30-Apr-2019 10:15:40.796 INFO [http-nio-8080-exec-56] org.apache.catalina.core.ApplicationContext.log Manager: list: Listing contexts for virtual host 'localhost'
30-Apr-2019 10:15:44.584 INFO [http-nio-8080-exec-61] org.apache.catalina.core.ApplicationContext.log Manager: list: Listing contexts for virtual host 'localhost'
30-Apr-2019 10:15:47.040 INFO [http-nio-8080-exec-54] org.apache.catalina.core.ApplicationContext.log Manager: list: Listing contexts for virtual host 'localhost'
30-Apr-2019 10:15:57.945 INFO [http-nio-8080-exec-57] org.apache.catalina.core.ApplicationContext.log Manager: list: Listing contexts for virtual host 'localhost'
30-Apr-2019 10:16:17.007 INFO [http-nio-8080-exec-56] org.apache.catalina.core.ApplicationContext.log Manager: list: Listing contexts for virtual host 'localhost'
30-Apr-2019 10:16:49.947 INFO [http-nio-8080-exec-55] org.apache.catalina.core.ApplicationContext.log Manager: list: Listing contexts for virtual host 'localhost'
30-Apr-2019 10:17:26.009 INFO [http-nio-8080-exec-57] org.apache.catalina.core.ApplicationContext.log Manager: list: Listing contexts for virtual host 'localhost'
30-Apr-2019 10:17:26.080 INFO [http-nio-8080-exec-59] org.apache.catalina.core.ApplicationContext.log Manager: restart: Reloading web application '/LuckySevensJSPServlet'
30-Apr-2019 10:17:38.696 INFO [http-nio-8080-exec-54] org.apache.catalina.core.ApplicationContext.log Manager: list: Listing contexts for virtual host 'localhost'
30-Apr-2019 10:17:58.196 INFO [http-nio-8080-exec-63] org.apache.catalina.core.ApplicationContext.log Manager: list: Listing contexts for virtual host 'localhost'
30-Apr-2019 10:18:03.600 INFO [http-nio-8080-exec-59] org.apache.catalina.core.ApplicationContext.log Manager: list: Listing contexts for virtual host 'localhost'
30-Apr-2019 10:18:03.654 INFO [http-nio-8080-exec-55] org.apache.catalina.core.ApplicationContext.log Manager: restart: Reloading web application '/LuckySevensJSPServlet'
30-Apr-2019 10:18:16.842 INFO [http-nio-8080-exec-67] org.apache.catalina.core.ApplicationContext.log Manager: list: Listing contexts for virtual host 'localhost'
30-Apr-2019 10:20:18.716 INFO [http-nio-8080-exec-68] org.apache.catalina.core.ApplicationContext.log Manager: list: Listing contexts for virtual host 'localhost'
30-Apr-2019 10:21:14.405 INFO [http-nio-8080-exec-69] org.apache.catalina.core.ApplicationContext.log Manager: list: Listing contexts for virtual host 'localhost'
30-Apr-2019 10:22:12.341 INFO [http-nio-8080-exec-74] org.apache.catalina.core.ApplicationContext.log Manager: list: Listing contexts for virtual host 'localhost'
30-Apr-2019 10:22:18.341 INFO [http-nio-8080-exec-72] org.apache.catalina.core.ApplicationContext.log Manager: list: Listing contexts for virtual host 'localhost'
30-Apr-2019 10:22:45.591 INFO [http-nio-8080-exec-77] org.apache.catalina.core.ApplicationContext.log Manager: list: Listing contexts for virtual host 'localhost'
30-Apr-2019 10:23:00.211 INFO [http-nio-8080-exec-71] org.apache.catalina.core.ApplicationContext.log Manager: list: Listing contexts for virtual host 'localhost'
30-Apr-2019 10:23:14.985 INFO [http-nio-8080-exec-75] org.apache.catalina.core.ApplicationContext.log Manager: list: Listing contexts for virtual host 'localhost'
30-Apr-2019 10:23:32.211 INFO [http-nio-8080-exec-71] org.apache.catalina.core.ApplicationContext.log Manager: list: Listing contexts for virtual host 'localhost'
30-Apr-2019 10:24:21.099 INFO [http-nio-8080-exec-75] org.apache.catalina.core.ApplicationContext.log Manager: list: Listing contexts for virtual host 'localhost'
30-Apr-2019 10:25:23.086 INFO [http-nio-8080-exec-75] org.apache.catalina.core.ApplicationContext.log Manager: list: Listing contexts for virtual host 'localhost'
30-Apr-2019 10:25:27.759 INFO [http-nio-8080-exec-76] org.apache.catalina.core.ApplicationContext.log Manager: list: Listing contexts for virtual host 'localhost'
30-Apr-2019 10:25:57.522 INFO [http-nio-8080-exec-69] org.apache.catalina.core.ApplicationContext.log Manager: list: Listing contexts for virtual host 'localhost'
30-Apr-2019 10:25:59.167 INFO [http-nio-8080-exec-68] org.apache.catalina.core.ApplicationContext.log Manager: list: Listing contexts for virtual host 'localhost'
30-Apr-2019 10:26:03.013 INFO [http-nio-8080-exec-69] org.apache.catalina.core.ApplicationContext.log Manager: list: Listing contexts for virtual host 'localhost'
30-Apr-2019 10:26:10.408 INFO [http-nio-8080-exec-73] org.apache.catalina.core.ApplicationContext.log Manager: list: Listing contexts for virtual host 'localhost'
30-Apr-2019 10:26:52.797 INFO [http-nio-8080-exec-76] org.apache.catalina.core.ApplicationContext.log Manager: list: Listing contexts for virtual host 'localhost'
30-Apr-2019 10:26:56.595 INFO [http-nio-8080-exec-69] org.apache.catalina.core.ApplicationContext.log Manager: list: Listing contexts for virtual host 'localhost'
30-Apr-2019 10:27:14.075 INFO [http-nio-8080-exec-70] org.apache.catalina.core.ApplicationContext.log Manager: list: Listing contexts for virtual host 'localhost'
30-Apr-2019 10:27:14.142 INFO [http-nio-8080-exec-76] org.apache.catalina.core.ApplicationContext.log Manager: restart: Reloading web application '/LuckySevensJSPServlet'
30-Apr-2019 10:27:40.252 INFO [http-nio-8080-exec-72] org.apache.catalina.core.ApplicationContext.log Manager: list: Listing contexts for virtual host 'localhost'
30-Apr-2019 10:28:52.310 INFO [http-nio-8080-exec-79] org.apache.catalina.core.ApplicationContext.log Manager: list: Listing contexts for virtual host 'localhost'
30-Apr-2019 10:29:07.332 INFO [http-nio-8080-exec-81] org.apache.catalina.core.ApplicationContext.log Manager: list: Listing contexts for virtual host 'localhost'
30-Apr-2019 10:29:45.313 INFO [http-nio-8080-exec-86] org.apache.catalina.core.ApplicationContext.log Manager: list: Listing contexts for virtual host 'localhost'
30-Apr-2019 10:29:54.906 INFO [http-nio-8080-exec-84] org.apache.catalina.core.ApplicationContext.log Manager: list: Listing contexts for virtual host 'localhost'
30-Apr-2019 10:30:16.461 INFO [http-nio-8080-exec-82] org.apache.catalina.core.ApplicationContext.log Manager: list: Listing contexts for virtual host 'localhost'
30-Apr-2019 10:30:32.638 INFO [http-nio-8080-exec-87] org.apache.catalina.core.ApplicationContext.log Manager: list: Listing contexts for virtual host 'localhost'
30-Apr-2019 10:31:38.379 INFO [http-nio-8080-exec-84] org.apache.catalina.core.ApplicationContext.log Manager: list: Listing contexts for virtual host 'localhost'
30-Apr-2019 10:31:52.750 INFO [http-nio-8080-exec-81] org.apache.catalina.core.ApplicationContext.log Manager: list: Listing contexts for virtual host 'localhost'
30-Apr-2019 10:32:22.350 INFO [http-nio-8080-exec-87] org.apache.catalina.core.ApplicationContext.log Manager: list: Listing contexts for virtual host 'localhost'
30-Apr-2019 10:33:00.968 INFO [http-nio-8080-exec-83] org.apache.catalina.core.ApplicationContext.log Manager: list: Listing contexts for virtual host 'localhost'
30-Apr-2019 10:41:42.247 INFO [http-nio-8080-exec-80] org.apache.catalina.core.ApplicationContext.log Manager: list: Listing contexts for virtual host 'localhost'
30-Apr-2019 10:41:42.316 INFO [http-nio-8080-exec-79] org.apache.catalina.core.ApplicationContext.log Manager: restart: Reloading web application '/LuckySevensJSPServlet'
30-Apr-2019 10:41:44.575 INFO [http-nio-8080-exec-84] org.apache.catalina.core.ApplicationContext.log Manager: list: Listing contexts for virtual host 'localhost'
30-Apr-2019 10:41:44.643 INFO [http-nio-8080-exec-78] org.apache.catalina.core.ApplicationContext.log Manager: restart: Reloading web application '/LuckySevensJSPServlet'
30-Apr-2019 10:42:58.551 INFO [http-nio-8080-exec-91] org.apache.catalina.core.ApplicationContext.log Manager: list: Listing contexts for virtual host 'localhost'
30-Apr-2019 10:42:58.612 INFO [http-nio-8080-exec-88] org.apache.catalina.core.ApplicationContext.log Manager: restart: Reloading web application '/LuckySevensJSPServlet'
30-Apr-2019 10:43:06.065 INFO [http-nio-8080-exec-84] org.apache.catalina.core.ApplicationContext.log Manager: list: Listing contexts for virtual host 'localhost'
30-Apr-2019 10:43:06.126 INFO [http-nio-8080-exec-78] org.apache.catalina.core.ApplicationContext.log Manager: restart: Reloading web application '/LuckySevensJSPServlet'
30-Apr-2019 10:43:16.466 INFO [http-nio-8080-exec-92] org.apache.catalina.core.ApplicationContext.log Manager: list: Listing contexts for virtual host 'localhost'
30-Apr-2019 10:43:16.523 INFO [http-nio-8080-exec-84] org.apache.catalina.core.ApplicationContext.log Manager: restart: Reloading web application '/LuckySevensJSPServlet'
30-Apr-2019 10:43:27.547 INFO [http-nio-8080-exec-83] org.apache.catalina.core.ApplicationContext.log Manager: list: Listing contexts for virtual host 'localhost'
30-Apr-2019 10:43:27.613 INFO [http-nio-8080-exec-92] org.apache.catalina.core.ApplicationContext.log Manager: restart: Reloading web application '/LuckySevensJSPServlet'
30-Apr-2019 10:43:34.300 INFO [http-nio-8080-exec-85] org.apache.catalina.core.ApplicationContext.log Manager: list: Listing contexts for virtual host 'localhost'
30-Apr-2019 10:43:34.350 INFO [http-nio-8080-exec-94] org.apache.catalina.core.ApplicationContext.log Manager: restart: Reloading web application '/LuckySevensJSPServlet'
30-Apr-2019 10:43:49.351 INFO [http-nio-8080-exec-85] org.apache.catalina.core.ApplicationContext.log Manager: list: Listing contexts for virtual host 'localhost'
30-Apr-2019 10:43:49.405 INFO [http-nio-8080-exec-95] org.apache.catalina.core.ApplicationContext.log Manager: restart: Reloading web application '/LuckySevensJSPServlet'
30-Apr-2019 10:44:07.579 INFO [http-nio-8080-exec-97] org.apache.catalina.core.ApplicationContext.log Manager: list: Listing contexts for virtual host 'localhost'
30-Apr-2019 10:44:07.633 INFO [http-nio-8080-exec-92] org.apache.catalina.core.ApplicationContext.log Manager: restart: Reloading web application '/LuckySevensJSPServlet'
30-Apr-2019 10:44:30.980 INFO [http-nio-8080-exec-95] org.apache.catalina.core.ApplicationContext.log Manager: list: Listing contexts for virtual host 'localhost'
30-Apr-2019 10:44:31.043 INFO [http-nio-8080-exec-84] org.apache.catalina.core.ApplicationContext.log Manager: restart: Reloading web application '/LuckySevensJSPServlet'
30-Apr-2019 10:44:56.219 INFO [http-nio-8080-exec-85] org.apache.catalina.core.ApplicationContext.log Manager: list: Listing contexts for virtual host 'localhost'
30-Apr-2019 10:44:56.286 INFO [http-nio-8080-exec-98] org.apache.catalina.core.ApplicationContext.log Manager: restart: Reloading web application '/LuckySevensJSPServlet'
30-Apr-2019 10:45:07.343 INFO [http-nio-8080-exec-84] org.apache.catalina.core.ApplicationContext.log Manager: list: Listing contexts for virtual host 'localhost'
30-Apr-2019 10:45:07.392 INFO [http-nio-8080-exec-99] org.apache.catalina.core.ApplicationContext.log Manager: restart: Reloading web application '/LuckySevensJSPServlet'
30-Apr-2019 10:45:14.012 INFO [http-nio-8080-exec-92] org.apache.catalina.core.ApplicationContext.log Manager: list: Listing contexts for virtual host 'localhost'
30-Apr-2019 10:45:14.082 INFO [http-nio-8080-exec-85] org.apache.catalina.core.ApplicationContext.log Manager: restart: Reloading web application '/LuckySevensJSPServlet'
30-Apr-2019 10:45:23.556 INFO [http-nio-8080-exec-99] org.apache.catalina.core.ApplicationContext.log Manager: list: Listing contexts for virtual host 'localhost'
30-Apr-2019 10:45:23.632 INFO [http-nio-8080-exec-101] org.apache.catalina.core.ApplicationContext.log Manager: restart: Reloading web application '/LuckySevensJSPServlet'
30-Apr-2019 10:45:28.995 INFO [http-nio-8080-exec-92] org.apache.catalina.core.ApplicationContext.log Manager: list: Listing contexts for virtual host 'localhost'
30-Apr-2019 10:45:29.069 INFO [http-nio-8080-exec-85] org.apache.catalina.core.ApplicationContext.log Manager: restart: Reloading web application '/LuckySevensJSPServlet'
30-Apr-2019 10:46:17.866 INFO [http-nio-8080-exec-86] org.apache.catalina.core.ApplicationContext.log Manager: list: Listing contexts for virtual host 'localhost'
30-Apr-2019 10:46:17.924 INFO [http-nio-8080-exec-97] org.apache.catalina.core.ApplicationContext.log Manager: restart: Reloading web application '/LuckySevensJSPServlet'
30-Apr-2019 10:46:56.013 INFO [http-nio-8080-exec-92] org.apache.catalina.core.ApplicationContext.log Manager: list: Listing contexts for virtual host 'localhost'
30-Apr-2019 10:46:56.063 INFO [http-nio-8080-exec-99] org.apache.catalina.core.ApplicationContext.log Manager: restart: Reloading web application '/LuckySevensJSPServlet'
30-Apr-2019 10:47:17.479 INFO [http-nio-8080-exec-97] org.apache.catalina.core.ApplicationContext.log Manager: list: Listing contexts for virtual host 'localhost'
30-Apr-2019 10:47:17.548 INFO [http-nio-8080-exec-85] org.apache.catalina.core.ApplicationContext.log Manager: restart: Reloading web application '/LuckySevensJSPServlet'
30-Apr-2019 10:47:24.964 INFO [http-nio-8080-exec-96] org.apache.catalina.core.ApplicationContext.log Manager: list: Listing contexts for virtual host 'localhost'
30-Apr-2019 10:47:25.020 INFO [http-nio-8080-exec-101] org.apache.catalina.core.ApplicationContext.log Manager: restart: Reloading web application '/LuckySevensJSPServlet'
30-Apr-2019 10:47:50.522 INFO [http-nio-8080-exec-104] org.apache.catalina.core.ApplicationContext.log Manager: list: Listing contexts for virtual host 'localhost'
30-Apr-2019 10:47:50.571 INFO [http-nio-8080-exec-99] org.apache.catalina.core.ApplicationContext.log Manager: restart: Reloading web application '/LuckySevensJSPServlet'
30-Apr-2019 10:48:16.360 INFO [http-nio-8080-exec-85] org.apache.catalina.core.ApplicationContext.log Manager: list: Listing contexts for virtual host 'localhost'
30-Apr-2019 10:48:16.408 INFO [http-nio-8080-exec-104] org.apache.catalina.core.ApplicationContext.log Manager: restart: Reloading web application '/LuckySevensJSPServlet'
30-Apr-2019 10:48:22.635 INFO [http-nio-8080-exec-85] org.apache.catalina.core.ApplicationContext.log Manager: list: Listing contexts for virtual host 'localhost'
30-Apr-2019 10:48:22.709 INFO [http-nio-8080-exec-101] org.apache.catalina.core.ApplicationContext.log Manager: restart: Reloading web application '/LuckySevensJSPServlet'
30-Apr-2019 10:48:27.395 INFO [http-nio-8080-exec-86] org.apache.catalina.core.ApplicationContext.log Manager: list: Listing contexts for virtual host 'localhost'
30-Apr-2019 10:48:27.447 INFO [http-nio-8080-exec-110] org.apache.catalina.core.ApplicationContext.log Manager: restart: Reloading web application '/LuckySevensJSPServlet'
30-Apr-2019 10:49:15.662 INFO [http-nio-8080-exec-85] org.apache.catalina.core.ApplicationContext.log Manager: list: Listing contexts for virtual host 'localhost'
30-Apr-2019 10:49:47.259 INFO [http-nio-8080-exec-107] org.apache.catalina.core.ApplicationContext.log Manager: list: Listing contexts for virtual host 'localhost'
30-Apr-2019 10:50:42.378 INFO [http-nio-8080-exec-113] org.apache.catalina.core.ApplicationContext.log Manager: list: Listing contexts for virtual host 'localhost'
30-Apr-2019 10:51:46.343 INFO [http-nio-8080-exec-121] org.apache.catalina.core.ApplicationContext.log Manager: list: Listing contexts for virtual host 'localhost'
30-Apr-2019 10:51:46.399 INFO [http-nio-8080-exec-115] org.apache.catalina.core.ApplicationContext.log Manager: restart: Reloading web application '/LuckySevensJSPServlet'
30-Apr-2019 10:51:49.607 INFO [http-nio-8080-exec-116] org.apache.catalina.core.ApplicationContext.log Manager: list: Listing contexts for virtual host 'localhost'
30-Apr-2019 10:51:49.679 INFO [http-nio-8080-exec-120] org.apache.catalina.core.ApplicationContext.log Manager: restart: Reloading web application '/LuckySevensJSPServlet'
30-Apr-2019 10:52:28.867 INFO [http-nio-8080-exec-122] org.apache.catalina.core.ApplicationContext.log Manager: list: Listing contexts for virtual host 'localhost'
30-Apr-2019 10:52:45.373 INFO [http-nio-8080-exec-117] org.apache.catalina.core.ApplicationContext.log Manager: list: Listing contexts for virtual host 'localhost'
30-Apr-2019 10:53:17.724 INFO [http-nio-8080-exec-122] org.apache.catalina.core.ApplicationContext.log Manager: list: Listing contexts for virtual host 'localhost'
30-Apr-2019 10:53:28.293 INFO [http-nio-8080-exec-126] org.apache.catalina.core.ApplicationContext.log Manager: list: Listing contexts for virtual host 'localhost'
30-Apr-2019 10:53:35.653 INFO [http-nio-8080-exec-120] org.apache.catalina.core.ApplicationContext.log Manager: list: Listing contexts for virtual host 'localhost'
30-Apr-2019 10:54:39.447 INFO [http-nio-8080-exec-124] org.apache.catalina.core.ApplicationContext.log Manager: list: Listing contexts for virtual host 'localhost'
30-Apr-2019 10:54:43.199 INFO [http-nio-8080-exec-125] org.apache.catalina.core.ApplicationContext.log Manager: list: Listing contexts for virtual host 'localhost'
30-Apr-2019 10:55:01.990 INFO [http-nio-8080-exec-132] org.apache.catalina.core.ApplicationContext.log Manager: list: Listing contexts for virtual host 'localhost'
30-Apr-2019 10:55:17.255 INFO [http-nio-8080-exec-129] org.apache.catalina.core.ApplicationContext.log Manager: list: Listing contexts for virtual host 'localhost'
30-Apr-2019 10:55:26.153 INFO [http-nio-8080-exec-132] org.apache.catalina.core.ApplicationContext.log Manager: list: Listing contexts for virtual host 'localhost'
30-Apr-2019 10:55:54.849 INFO [http-nio-8080-exec-130] org.apache.catalina.core.ApplicationContext.log Manager: list: Listing contexts for virtual host 'localhost'
30-Apr-2019 10:56:12.403 INFO [http-nio-8080-exec-131] org.apache.catalina.core.ApplicationContext.log Manager: list: Listing contexts for virtual host 'localhost'
30-Apr-2019 10:56:21.373 INFO [http-nio-8080-exec-128] org.apache.catalina.core.ApplicationContext.log Manager: list: Listing contexts for virtual host 'localhost'
30-Apr-2019 10:56:41.382 INFO [http-nio-8080-exec-131] org.apache.catalina.core.ApplicationContext.log Manager: list: Listing contexts for virtual host 'localhost'
