12-Apr-2019 09:22:03.608 INFO [main] org.apache.catalina.startup.VersionLoggerListener.log Server version:        Apache Tomcat/8.5.11
12-Apr-2019 09:22:03.613 INFO [main] org.apache.catalina.startup.VersionLoggerListener.log Server built:          Jan 10 2017 21:02:52 UTC
12-Apr-2019 09:22:03.613 INFO [main] org.apache.catalina.startup.VersionLoggerListener.log Server number:         8.5.11.0
12-Apr-2019 09:22:03.614 INFO [main] org.apache.catalina.startup.VersionLoggerListener.log OS Name:               Linux
12-Apr-2019 09:22:03.614 INFO [main] org.apache.catalina.startup.VersionLoggerListener.log OS Version:            5.0.7-1-MANJARO
12-Apr-2019 09:22:03.615 INFO [main] org.apache.catalina.startup.VersionLoggerListener.log Architecture:          amd64
12-Apr-2019 09:22:03.615 INFO [main] org.apache.catalina.startup.VersionLoggerListener.log Java Home:             /usr/lib/jvm/java-8-jdk/jre
12-Apr-2019 09:22:03.616 INFO [main] org.apache.catalina.startup.VersionLoggerListener.log JVM Version:           1.8.0_202-b08
12-Apr-2019 09:22:03.616 INFO [main] org.apache.catalina.startup.VersionLoggerListener.log JVM Vendor:            Oracle Corporation
12-Apr-2019 09:22:03.616 INFO [main] org.apache.catalina.startup.VersionLoggerListener.log CATALINA_BASE:         /home/souldj673/Documents/school-work-backup/Web Services/FactorizerJSPServlet/apache-tomcat-8.5.11
12-Apr-2019 09:22:03.616 INFO [main] org.apache.catalina.startup.VersionLoggerListener.log CATALINA_HOME:         /home/souldj673/Documents/school-work-backup/Web Services/FactorizerJSPServlet/apache-tomcat-8.5.11
12-Apr-2019 09:22:03.616 INFO [main] org.apache.catalina.startup.VersionLoggerListener.log Command line argument: -Djava.util.logging.config.file=/home/souldj673/Documents/school-work-backup/Web Services/FactorizerJSPServlet/apache-tomcat-8.5.11/conf/logging.properties
12-Apr-2019 09:22:03.617 INFO [main] org.apache.catalina.startup.VersionLoggerListener.log Command line argument: -Djava.util.logging.manager=org.apache.juli.ClassLoaderLogManager
12-Apr-2019 09:22:03.617 INFO [main] org.apache.catalina.startup.VersionLoggerListener.log Command line argument: -Djdk.tls.ephemeralDHKeySize=2048
12-Apr-2019 09:22:03.617 INFO [main] org.apache.catalina.startup.VersionLoggerListener.log Command line argument: -Djava.protocol.handler.pkgs=org.apache.catalina.webresources
12-Apr-2019 09:22:03.617 INFO [main] org.apache.catalina.startup.VersionLoggerListener.log Command line argument: -Dcatalina.base=/home/souldj673/Documents/school-work-backup/Web Services/FactorizerJSPServlet/apache-tomcat-8.5.11
12-Apr-2019 09:22:03.618 INFO [main] org.apache.catalina.startup.VersionLoggerListener.log Command line argument: -Dcatalina.home=/home/souldj673/Documents/school-work-backup/Web Services/FactorizerJSPServlet/apache-tomcat-8.5.11
12-Apr-2019 09:22:03.618 INFO [main] org.apache.catalina.startup.VersionLoggerListener.log Command line argument: -Djava.io.tmpdir=/home/souldj673/Documents/school-work-backup/Web Services/FactorizerJSPServlet/apache-tomcat-8.5.11/temp
12-Apr-2019 09:22:03.618 INFO [main] org.apache.catalina.startup.VersionLoggerListener.log Command line argument: -Dawt.useSystemAAFontSettings=on
12-Apr-2019 09:22:03.618 INFO [main] org.apache.catalina.startup.VersionLoggerListener.log Command line argument: -Dswing.aatext=true
12-Apr-2019 09:22:03.618 INFO [main] org.apache.catalina.startup.VersionLoggerListener.log Command line argument: -Dawt.useSystemAAFontSettings=on
12-Apr-2019 09:22:03.619 INFO [main] org.apache.catalina.startup.VersionLoggerListener.log Command line argument: -Dswing.aatext=true
12-Apr-2019 09:22:03.619 INFO [main] org.apache.catalina.core.AprLifecycleListener.lifecycleEvent The APR based Apache Tomcat Native library which allows optimal performance in production environments was not found on the java.library.path: /usr/java/packages/lib/amd64:/usr/lib64:/lib64:/lib:/usr/lib
12-Apr-2019 09:22:03.869 INFO [main] org.apache.coyote.AbstractProtocol.init Initializing ProtocolHandler ["http-nio-8080"]
12-Apr-2019 09:22:03.896 INFO [main] org.apache.tomcat.util.net.NioSelectorPool.getSharedSelector Using a shared selector for servlet write/read
12-Apr-2019 09:22:03.901 INFO [main] org.apache.coyote.AbstractProtocol.init Initializing ProtocolHandler ["ajp-nio-8009"]
12-Apr-2019 09:22:03.903 INFO [main] org.apache.tomcat.util.net.NioSelectorPool.getSharedSelector Using a shared selector for servlet write/read
12-Apr-2019 09:22:03.911 INFO [main] org.apache.catalina.startup.Catalina.load Initialization processed in 1065 ms
12-Apr-2019 09:22:03.972 INFO [main] org.apache.catalina.core.StandardService.startInternal Starting service Catalina
12-Apr-2019 09:22:03.972 INFO [main] org.apache.catalina.core.StandardEngine.startInternal Starting Servlet Engine: Apache Tomcat/8.5.11
12-Apr-2019 09:22:03.983 INFO [localhost-startStop-1] org.apache.catalina.startup.HostConfig.deployDirectory Deploying web application directory /home/souldj673/Documents/school-work-backup/Web Services/FactorizerJSPServlet/apache-tomcat-8.5.11/webapps/docs
12-Apr-2019 09:22:04.650 INFO [localhost-startStop-1] org.apache.catalina.startup.HostConfig.deployDirectory Deployment of web application directory /home/souldj673/Documents/school-work-backup/Web Services/FactorizerJSPServlet/apache-tomcat-8.5.11/webapps/docs has finished in 666 ms
12-Apr-2019 09:22:04.651 INFO [localhost-startStop-1] org.apache.catalina.startup.HostConfig.deployDirectory Deploying web application directory /home/souldj673/Documents/school-work-backup/Web Services/FactorizerJSPServlet/apache-tomcat-8.5.11/webapps/manager
12-Apr-2019 09:22:04.745 INFO [localhost-startStop-1] org.apache.catalina.startup.HostConfig.deployDirectory Deployment of web application directory /home/souldj673/Documents/school-work-backup/Web Services/FactorizerJSPServlet/apache-tomcat-8.5.11/webapps/manager has finished in 94 ms
12-Apr-2019 09:22:04.745 INFO [localhost-startStop-1] org.apache.catalina.startup.HostConfig.deployDirectory Deploying web application directory /home/souldj673/Documents/school-work-backup/Web Services/FactorizerJSPServlet/apache-tomcat-8.5.11/webapps/examples
12-Apr-2019 09:22:05.312 INFO [localhost-startStop-1] org.apache.catalina.startup.HostConfig.deployDirectory Deployment of web application directory /home/souldj673/Documents/school-work-backup/Web Services/FactorizerJSPServlet/apache-tomcat-8.5.11/webapps/examples has finished in 567 ms
12-Apr-2019 09:22:05.312 INFO [localhost-startStop-1] org.apache.catalina.startup.HostConfig.deployDirectory Deploying web application directory /home/souldj673/Documents/school-work-backup/Web Services/FactorizerJSPServlet/apache-tomcat-8.5.11/webapps/ROOT
12-Apr-2019 09:22:05.350 INFO [localhost-startStop-1] org.apache.catalina.startup.HostConfig.deployDirectory Deployment of web application directory /home/souldj673/Documents/school-work-backup/Web Services/FactorizerJSPServlet/apache-tomcat-8.5.11/webapps/ROOT has finished in 38 ms
12-Apr-2019 09:22:05.351 INFO [localhost-startStop-1] org.apache.catalina.startup.HostConfig.deployDirectory Deploying web application directory /home/souldj673/Documents/school-work-backup/Web Services/FactorizerJSPServlet/apache-tomcat-8.5.11/webapps/host-manager
12-Apr-2019 09:22:05.418 INFO [localhost-startStop-1] org.apache.catalina.startup.HostConfig.deployDirectory Deployment of web application directory /home/souldj673/Documents/school-work-backup/Web Services/FactorizerJSPServlet/apache-tomcat-8.5.11/webapps/host-manager has finished in 68 ms
12-Apr-2019 09:22:05.422 INFO [main] org.apache.coyote.AbstractProtocol.start Starting ProtocolHandler [http-nio-8080]
12-Apr-2019 09:22:05.430 INFO [main] org.apache.coyote.AbstractProtocol.start Starting ProtocolHandler [ajp-nio-8009]
12-Apr-2019 09:22:05.432 INFO [main] org.apache.catalina.startup.Catalina.start Server startup in 1520 ms
12-Apr-2019 09:25:08.999 INFO [http-nio-8080-exec-1] org.apache.catalina.startup.HostConfig.deployDescriptor Deploying configuration descriptor /home/souldj673/Documents/school-work-backup/Web Services/FactorizerJSPServlet/apache-tomcat-8.5.11/conf/Catalina/localhost/FactorizerJSPServlet.xml
12-Apr-2019 09:25:09.149 INFO [http-nio-8080-exec-1] org.apache.catalina.startup.HostConfig.deployDescriptor Deployment of configuration descriptor /home/souldj673/Documents/school-work-backup/Web Services/FactorizerJSPServlet/apache-tomcat-8.5.11/conf/Catalina/localhost/FactorizerJSPServlet.xml has finished in 143 ms
12-Apr-2019 09:25:09.228 INFO [http-nio-8080-exec-2] org.apache.catalina.util.LifecycleBase.start The start() method was called on component [StandardEngine[Catalina].StandardHost[localhost].StandardContext[/FactorizerJSPServlet]] after start() had already been called. The second call will be ignored.
12-Apr-2019 09:26:48.647 INFO [http-nio-8080-exec-4] org.apache.catalina.startup.HostConfig.undeploy Undeploying context [/FactorizerJSPServlet]
12-Apr-2019 09:26:48.725 INFO [http-nio-8080-exec-7] org.apache.catalina.startup.HostConfig.deployDescriptor Deploying configuration descriptor /home/souldj673/Documents/school-work-backup/Web Services/FactorizerJSPServlet/apache-tomcat-8.5.11/conf/Catalina/localhost/FactorizerJSPServlet.xml
12-Apr-2019 09:26:48.770 INFO [http-nio-8080-exec-7] org.apache.catalina.startup.HostConfig.deployDescriptor Deployment of configuration descriptor /home/souldj673/Documents/school-work-backup/Web Services/FactorizerJSPServlet/apache-tomcat-8.5.11/conf/Catalina/localhost/FactorizerJSPServlet.xml has finished in 45 ms
12-Apr-2019 09:26:48.829 INFO [http-nio-8080-exec-9] org.apache.catalina.util.LifecycleBase.start The start() method was called on component [StandardEngine[Catalina].StandardHost[localhost].StandardContext[/FactorizerJSPServlet]] after start() had already been called. The second call will be ignored.
12-Apr-2019 09:27:25.540 INFO [http-nio-8080-exec-13] org.apache.catalina.startup.HostConfig.undeploy Undeploying context [/FactorizerJSPServlet]
12-Apr-2019 09:27:25.599 INFO [http-nio-8080-exec-7] org.apache.catalina.startup.HostConfig.deployDescriptor Deploying configuration descriptor /home/souldj673/Documents/school-work-backup/Web Services/FactorizerJSPServlet/apache-tomcat-8.5.11/conf/Catalina/localhost/FactorizerJSPServlet.xml
12-Apr-2019 09:27:25.625 INFO [http-nio-8080-exec-7] org.apache.catalina.startup.HostConfig.deployDescriptor Deployment of configuration descriptor /home/souldj673/Documents/school-work-backup/Web Services/FactorizerJSPServlet/apache-tomcat-8.5.11/conf/Catalina/localhost/FactorizerJSPServlet.xml has finished in 25 ms
12-Apr-2019 09:27:25.732 INFO [http-nio-8080-exec-5] org.apache.catalina.util.LifecycleBase.start The start() method was called on component [StandardEngine[Catalina].StandardHost[localhost].StandardContext[/FactorizerJSPServlet]] after start() had already been called. The second call will be ignored.
12-Apr-2019 09:28:50.812 INFO [http-nio-8080-exec-18] org.apache.catalina.core.StandardContext.reload Reloading Context with name [/FactorizerJSPServlet] has started
12-Apr-2019 09:28:50.933 INFO [http-nio-8080-exec-18] org.apache.catalina.core.StandardContext.reload Reloading Context with name [/FactorizerJSPServlet] is completed
12-Apr-2019 09:28:59.425 INFO [http-nio-8080-exec-22] org.apache.catalina.core.StandardContext.reload Reloading Context with name [/FactorizerJSPServlet] has started
12-Apr-2019 09:28:59.547 INFO [http-nio-8080-exec-22] org.apache.catalina.core.StandardContext.reload Reloading Context with name [/FactorizerJSPServlet] is completed
12-Apr-2019 09:29:36.824 INFO [http-nio-8080-exec-23] org.apache.catalina.startup.HostConfig.undeploy Undeploying context [/FactorizerJSPServlet]
12-Apr-2019 09:29:36.878 INFO [http-nio-8080-exec-7] org.apache.catalina.startup.HostConfig.deployDescriptor Deploying configuration descriptor /home/souldj673/Documents/school-work-backup/Web Services/FactorizerJSPServlet/apache-tomcat-8.5.11/conf/Catalina/localhost/FactorizerJSPServlet.xml
12-Apr-2019 09:29:36.906 INFO [http-nio-8080-exec-7] org.apache.catalina.startup.HostConfig.deployDescriptor Deployment of configuration descriptor /home/souldj673/Documents/school-work-backup/Web Services/FactorizerJSPServlet/apache-tomcat-8.5.11/conf/Catalina/localhost/FactorizerJSPServlet.xml has finished in 28 ms
12-Apr-2019 09:29:36.954 INFO [http-nio-8080-exec-17] org.apache.catalina.util.LifecycleBase.start The start() method was called on component [StandardEngine[Catalina].StandardHost[localhost].StandardContext[/FactorizerJSPServlet]] after start() had already been called. The second call will be ignored.
12-Apr-2019 09:32:11.384 INFO [http-nio-8080-exec-30] org.apache.catalina.core.StandardContext.reload Reloading Context with name [/FactorizerJSPServlet] has started
12-Apr-2019 09:32:11.425 INFO [http-nio-8080-exec-30] org.apache.catalina.core.StandardContext.reload Reloading Context with name [/FactorizerJSPServlet] is completed
12-Apr-2019 09:32:43.926 INFO [http-nio-8080-exec-34] org.apache.catalina.core.StandardContext.reload Reloading Context with name [/FactorizerJSPServlet] has started
12-Apr-2019 09:32:43.955 INFO [http-nio-8080-exec-34] org.apache.catalina.core.StandardContext.reload Reloading Context with name [/FactorizerJSPServlet] is completed
12-Apr-2019 09:33:39.230 INFO [http-nio-8080-exec-42] org.apache.catalina.startup.HostConfig.undeploy Undeploying context [/FactorizerJSPServlet]
12-Apr-2019 09:33:54.386 INFO [http-nio-8080-exec-34] org.apache.catalina.startup.HostConfig.deployDescriptor Deploying configuration descriptor /home/souldj673/Documents/school-work-backup/Web Services/FactorizerJSPServlet/apache-tomcat-8.5.11/conf/Catalina/localhost/FactorizerJSPServlet.xml
12-Apr-2019 09:33:54.566 INFO [http-nio-8080-exec-34] org.apache.catalina.startup.HostConfig.deployDescriptor Deployment of configuration descriptor /home/souldj673/Documents/school-work-backup/Web Services/FactorizerJSPServlet/apache-tomcat-8.5.11/conf/Catalina/localhost/FactorizerJSPServlet.xml has finished in 180 ms
12-Apr-2019 09:33:54.641 INFO [http-nio-8080-exec-39] org.apache.catalina.util.LifecycleBase.start The start() method was called on component [StandardEngine[Catalina].StandardHost[localhost].StandardContext[/FactorizerJSPServlet]] after start() had already been called. The second call will be ignored.
