25-Apr-2019 10:45:16.743 INFO [main] org.apache.catalina.startup.VersionLoggerListener.log Server version:        Apache Tomcat/8.5.11
25-Apr-2019 10:45:16.746 INFO [main] org.apache.catalina.startup.VersionLoggerListener.log Server built:          Jan 10 2017 21:02:52 UTC
25-Apr-2019 10:45:16.746 INFO [main] org.apache.catalina.startup.VersionLoggerListener.log Server number:         8.5.11.0
25-Apr-2019 10:45:16.747 INFO [main] org.apache.catalina.startup.VersionLoggerListener.log OS Name:               Linux
25-Apr-2019 10:45:16.747 INFO [main] org.apache.catalina.startup.VersionLoggerListener.log OS Version:            5.0.7-1-MANJARO
25-Apr-2019 10:45:16.747 INFO [main] org.apache.catalina.startup.VersionLoggerListener.log Architecture:          amd64
25-Apr-2019 10:45:16.747 INFO [main] org.apache.catalina.startup.VersionLoggerListener.log Java Home:             /usr/lib/jvm/java-8-jdk/jre
25-Apr-2019 10:45:16.747 INFO [main] org.apache.catalina.startup.VersionLoggerListener.log JVM Version:           1.8.0_202-b08
25-Apr-2019 10:45:16.747 INFO [main] org.apache.catalina.startup.VersionLoggerListener.log JVM Vendor:            Oracle Corporation
25-Apr-2019 10:45:16.749 INFO [main] org.apache.catalina.startup.VersionLoggerListener.log CATALINA_BASE:         /home/souldj673/Documents/school-work-backup/Web Services/FactorizerJSPServlet/apache-tomcat-8.5.11
25-Apr-2019 10:45:16.751 INFO [main] org.apache.catalina.startup.VersionLoggerListener.log CATALINA_HOME:         /home/souldj673/Documents/school-work-backup/Web Services/FactorizerJSPServlet/apache-tomcat-8.5.11
25-Apr-2019 10:45:16.752 INFO [main] org.apache.catalina.startup.VersionLoggerListener.log Command line argument: -Djava.util.logging.config.file=/home/souldj673/Documents/school-work-backup/Web Services/FactorizerJSPServlet/apache-tomcat-8.5.11/conf/logging.properties
25-Apr-2019 10:45:16.752 INFO [main] org.apache.catalina.startup.VersionLoggerListener.log Command line argument: -Djava.util.logging.manager=org.apache.juli.ClassLoaderLogManager
25-Apr-2019 10:45:16.753 INFO [main] org.apache.catalina.startup.VersionLoggerListener.log Command line argument: -Djdk.tls.ephemeralDHKeySize=2048
25-Apr-2019 10:45:16.753 INFO [main] org.apache.catalina.startup.VersionLoggerListener.log Command line argument: -Djava.protocol.handler.pkgs=org.apache.catalina.webresources
25-Apr-2019 10:45:16.753 INFO [main] org.apache.catalina.startup.VersionLoggerListener.log Command line argument: -Dcatalina.base=/home/souldj673/Documents/school-work-backup/Web Services/FactorizerJSPServlet/apache-tomcat-8.5.11
25-Apr-2019 10:45:16.754 INFO [main] org.apache.catalina.startup.VersionLoggerListener.log Command line argument: -Dcatalina.home=/home/souldj673/Documents/school-work-backup/Web Services/FactorizerJSPServlet/apache-tomcat-8.5.11
25-Apr-2019 10:45:16.754 INFO [main] org.apache.catalina.startup.VersionLoggerListener.log Command line argument: -Djava.io.tmpdir=/home/souldj673/Documents/school-work-backup/Web Services/FactorizerJSPServlet/apache-tomcat-8.5.11/temp
25-Apr-2019 10:45:16.755 INFO [main] org.apache.catalina.core.AprLifecycleListener.lifecycleEvent The APR based Apache Tomcat Native library which allows optimal performance in production environments was not found on the java.library.path: /usr/java/packages/lib/amd64:/usr/lib64:/lib64:/lib:/usr/lib
25-Apr-2019 10:45:17.149 INFO [main] org.apache.coyote.AbstractProtocol.init Initializing ProtocolHandler ["http-nio-8080"]
25-Apr-2019 10:45:17.167 INFO [main] org.apache.tomcat.util.net.NioSelectorPool.getSharedSelector Using a shared selector for servlet write/read
25-Apr-2019 10:45:17.171 INFO [main] org.apache.coyote.AbstractProtocol.init Initializing ProtocolHandler ["ajp-nio-8009"]
25-Apr-2019 10:45:17.173 INFO [main] org.apache.tomcat.util.net.NioSelectorPool.getSharedSelector Using a shared selector for servlet write/read
25-Apr-2019 10:45:17.174 INFO [main] org.apache.catalina.startup.Catalina.load Initialization processed in 2064 ms
25-Apr-2019 10:45:17.218 INFO [main] org.apache.catalina.core.StandardService.startInternal Starting service Catalina
25-Apr-2019 10:45:17.218 INFO [main] org.apache.catalina.core.StandardEngine.startInternal Starting Servlet Engine: Apache Tomcat/8.5.11
25-Apr-2019 10:45:17.228 INFO [localhost-startStop-1] org.apache.catalina.startup.HostConfig.deployDescriptor Deploying configuration descriptor /home/souldj673/Documents/school-work-backup/Web Services/FactorizerJSPServlet/apache-tomcat-8.5.11/conf/Catalina/localhost/FactorizerJSPServlet.xml
25-Apr-2019 10:45:18.141 INFO [localhost-startStop-1] org.apache.catalina.startup.HostConfig.deployDescriptor Deployment of configuration descriptor /home/souldj673/Documents/school-work-backup/Web Services/FactorizerJSPServlet/apache-tomcat-8.5.11/conf/Catalina/localhost/FactorizerJSPServlet.xml has finished in 912 ms
25-Apr-2019 10:45:18.142 INFO [localhost-startStop-1] org.apache.catalina.startup.HostConfig.deployDirectory Deploying web application directory /home/souldj673/Documents/school-work-backup/Web Services/FactorizerJSPServlet/apache-tomcat-8.5.11/webapps/docs
25-Apr-2019 10:45:18.170 INFO [localhost-startStop-1] org.apache.catalina.startup.HostConfig.deployDirectory Deployment of web application directory /home/souldj673/Documents/school-work-backup/Web Services/FactorizerJSPServlet/apache-tomcat-8.5.11/webapps/docs has finished in 28 ms
25-Apr-2019 10:45:18.171 INFO [localhost-startStop-1] org.apache.catalina.startup.HostConfig.deployDirectory Deploying web application directory /home/souldj673/Documents/school-work-backup/Web Services/FactorizerJSPServlet/apache-tomcat-8.5.11/webapps/manager
25-Apr-2019 10:45:18.239 INFO [localhost-startStop-1] org.apache.catalina.startup.HostConfig.deployDirectory Deployment of web application directory /home/souldj673/Documents/school-work-backup/Web Services/FactorizerJSPServlet/apache-tomcat-8.5.11/webapps/manager has finished in 67 ms
25-Apr-2019 10:45:18.239 INFO [localhost-startStop-1] org.apache.catalina.startup.HostConfig.deployDirectory Deploying web application directory /home/souldj673/Documents/school-work-backup/Web Services/FactorizerJSPServlet/apache-tomcat-8.5.11/webapps/examples
25-Apr-2019 10:45:18.537 INFO [localhost-startStop-1] org.apache.catalina.startup.HostConfig.deployDirectory Deployment of web application directory /home/souldj673/Documents/school-work-backup/Web Services/FactorizerJSPServlet/apache-tomcat-8.5.11/webapps/examples has finished in 298 ms
25-Apr-2019 10:45:18.537 INFO [localhost-startStop-1] org.apache.catalina.startup.HostConfig.deployDirectory Deploying web application directory /home/souldj673/Documents/school-work-backup/Web Services/FactorizerJSPServlet/apache-tomcat-8.5.11/webapps/ROOT
25-Apr-2019 10:45:18.567 INFO [localhost-startStop-1] org.apache.catalina.startup.HostConfig.deployDirectory Deployment of web application directory /home/souldj673/Documents/school-work-backup/Web Services/FactorizerJSPServlet/apache-tomcat-8.5.11/webapps/ROOT has finished in 30 ms
25-Apr-2019 10:45:18.567 INFO [localhost-startStop-1] org.apache.catalina.startup.HostConfig.deployDirectory Deploying web application directory /home/souldj673/Documents/school-work-backup/Web Services/FactorizerJSPServlet/apache-tomcat-8.5.11/webapps/host-manager
25-Apr-2019 10:45:18.606 INFO [localhost-startStop-1] org.apache.catalina.startup.HostConfig.deployDirectory Deployment of web application directory /home/souldj673/Documents/school-work-backup/Web Services/FactorizerJSPServlet/apache-tomcat-8.5.11/webapps/host-manager has finished in 39 ms
25-Apr-2019 10:45:18.621 INFO [main] org.apache.coyote.AbstractProtocol.start Starting ProtocolHandler [http-nio-8080]
25-Apr-2019 10:45:18.652 INFO [main] org.apache.coyote.AbstractProtocol.start Starting ProtocolHandler [ajp-nio-8009]
25-Apr-2019 10:45:18.661 INFO [main] org.apache.catalina.startup.Catalina.start Server startup in 1486 ms
25-Apr-2019 10:45:22.937 INFO [http-nio-8080-exec-9] org.apache.catalina.startup.HostConfig.undeploy Undeploying context [/FactorizerJSPServlet]
25-Apr-2019 10:45:23.034 INFO [http-nio-8080-exec-1] org.apache.catalina.startup.HostConfig.deployDescriptor Deploying configuration descriptor /home/souldj673/Documents/school-work-backup/Web Services/FactorizerJSPServlet/apache-tomcat-8.5.11/conf/Catalina/localhost/FactorizerJSPServlet.xml
25-Apr-2019 10:45:23.336 INFO [http-nio-8080-exec-1] org.apache.catalina.startup.HostConfig.deployDescriptor Deployment of configuration descriptor /home/souldj673/Documents/school-work-backup/Web Services/FactorizerJSPServlet/apache-tomcat-8.5.11/conf/Catalina/localhost/FactorizerJSPServlet.xml has finished in 302 ms
25-Apr-2019 10:45:23.450 INFO [http-nio-8080-exec-4] org.apache.catalina.util.LifecycleBase.start The start() method was called on component [StandardEngine[Catalina].StandardHost[localhost].StandardContext[/FactorizerJSPServlet]] after start() had already been called. The second call will be ignored.
25-Apr-2019 10:53:00.952 INFO [http-nio-8080-exec-18] org.apache.catalina.startup.HostConfig.deployDescriptor Deploying configuration descriptor /home/souldj673/Documents/school-work-backup/Web Services/FactorizerJSPServlet/apache-tomcat-8.5.11/conf/Catalina/localhost/InterestCalcJSPServlet.xml
25-Apr-2019 10:53:01.002 INFO [http-nio-8080-exec-18] org.apache.catalina.startup.HostConfig.deployDescriptor Deployment of configuration descriptor /home/souldj673/Documents/school-work-backup/Web Services/FactorizerJSPServlet/apache-tomcat-8.5.11/conf/Catalina/localhost/InterestCalcJSPServlet.xml has finished in 51 ms
25-Apr-2019 10:53:01.085 INFO [http-nio-8080-exec-20] org.apache.catalina.util.LifecycleBase.start The start() method was called on component [StandardEngine[Catalina].StandardHost[localhost].StandardContext[/InterestCalcJSPServlet]] after start() had already been called. The second call will be ignored.
25-Apr-2019 10:56:06.161 INFO [main] org.apache.catalina.core.StandardServer.await A valid shutdown command was received via the shutdown port. Stopping the Server instance.
25-Apr-2019 10:56:06.162 INFO [main] org.apache.coyote.AbstractProtocol.pause Pausing ProtocolHandler ["http-nio-8080"]
25-Apr-2019 10:56:06.214 INFO [main] org.apache.coyote.AbstractProtocol.pause Pausing ProtocolHandler ["ajp-nio-8009"]
25-Apr-2019 10:56:06.266 INFO [main] org.apache.catalina.core.StandardService.stopInternal Stopping service Catalina
25-Apr-2019 10:56:06.361 INFO [main] org.apache.coyote.AbstractProtocol.stop Stopping ProtocolHandler ["http-nio-8080"]
25-Apr-2019 10:56:06.366 INFO [main] org.apache.coyote.AbstractProtocol.stop Stopping ProtocolHandler ["ajp-nio-8009"]
25-Apr-2019 10:56:06.370 INFO [main] org.apache.coyote.AbstractProtocol.destroy Destroying ProtocolHandler ["http-nio-8080"]
25-Apr-2019 10:56:06.371 INFO [main] org.apache.coyote.AbstractProtocol.destroy Destroying ProtocolHandler ["ajp-nio-8009"]
