02-May-2019 09:45:07.289 INFO [main] org.apache.catalina.startup.VersionLoggerListener.log Server version:        Apache Tomcat/8.5.11
02-May-2019 09:45:07.295 INFO [main] org.apache.catalina.startup.VersionLoggerListener.log Server built:          Jan 10 2017 21:02:52 UTC
02-May-2019 09:45:07.295 INFO [main] org.apache.catalina.startup.VersionLoggerListener.log Server number:         8.5.11.0
02-May-2019 09:45:07.296 INFO [main] org.apache.catalina.startup.VersionLoggerListener.log OS Name:               Linux
02-May-2019 09:45:07.296 INFO [main] org.apache.catalina.startup.VersionLoggerListener.log OS Version:            5.0.0-arch1-1-ARCH
02-May-2019 09:45:07.296 INFO [main] org.apache.catalina.startup.VersionLoggerListener.log Architecture:          amd64
02-May-2019 09:45:07.297 INFO [main] org.apache.catalina.startup.VersionLoggerListener.log Java Home:             /usr/lib/jvm/java-8-jdk/jre
02-May-2019 09:45:07.297 INFO [main] org.apache.catalina.startup.VersionLoggerListener.log JVM Version:           1.8.0_202-b08
02-May-2019 09:45:07.298 INFO [main] org.apache.catalina.startup.VersionLoggerListener.log JVM Vendor:            Oracle Corporation
02-May-2019 09:45:07.298 INFO [main] org.apache.catalina.startup.VersionLoggerListener.log CATALINA_BASE:         /home/souldj673/Documents/school-work-backup/Web Services/HelloMVC/tomcat
02-May-2019 09:45:07.299 INFO [main] org.apache.catalina.startup.VersionLoggerListener.log CATALINA_HOME:         /home/souldj673/Documents/school-work-backup/Web Services/HelloMVC/tomcat
02-May-2019 09:45:07.299 INFO [main] org.apache.catalina.startup.VersionLoggerListener.log Command line argument: -Djava.util.logging.config.file=/home/souldj673/Documents/school-work-backup/Web Services/HelloMVC/tomcat/conf/logging.properties
02-May-2019 09:45:07.300 INFO [main] org.apache.catalina.startup.VersionLoggerListener.log Command line argument: -Djava.util.logging.manager=org.apache.juli.ClassLoaderLogManager
02-May-2019 09:45:07.301 INFO [main] org.apache.catalina.startup.VersionLoggerListener.log Command line argument: -Djdk.tls.ephemeralDHKeySize=2048
02-May-2019 09:45:07.302 INFO [main] org.apache.catalina.startup.VersionLoggerListener.log Command line argument: -Djava.protocol.handler.pkgs=org.apache.catalina.webresources
02-May-2019 09:45:07.302 INFO [main] org.apache.catalina.startup.VersionLoggerListener.log Command line argument: -Dcatalina.base=/home/souldj673/Documents/school-work-backup/Web Services/HelloMVC/tomcat
02-May-2019 09:45:07.303 INFO [main] org.apache.catalina.startup.VersionLoggerListener.log Command line argument: -Dcatalina.home=/home/souldj673/Documents/school-work-backup/Web Services/HelloMVC/tomcat
02-May-2019 09:45:07.304 INFO [main] org.apache.catalina.startup.VersionLoggerListener.log Command line argument: -Djava.io.tmpdir=/home/souldj673/Documents/school-work-backup/Web Services/HelloMVC/tomcat/temp
02-May-2019 09:45:07.304 INFO [main] org.apache.catalina.core.AprLifecycleListener.lifecycleEvent The APR based Apache Tomcat Native library which allows optimal performance in production environments was not found on the java.library.path: /usr/java/packages/lib/amd64:/usr/lib64:/lib64:/lib:/usr/lib
02-May-2019 09:45:07.750 INFO [main] org.apache.coyote.AbstractProtocol.init Initializing ProtocolHandler ["http-nio-8080"]
02-May-2019 09:45:07.802 INFO [main] org.apache.tomcat.util.net.NioSelectorPool.getSharedSelector Using a shared selector for servlet write/read
02-May-2019 09:45:07.817 INFO [main] org.apache.coyote.AbstractProtocol.init Initializing ProtocolHandler ["ajp-nio-8009"]
02-May-2019 09:45:07.820 INFO [main] org.apache.tomcat.util.net.NioSelectorPool.getSharedSelector Using a shared selector for servlet write/read
02-May-2019 09:45:07.821 INFO [main] org.apache.catalina.startup.Catalina.load Initialization processed in 1322 ms
02-May-2019 09:45:07.910 INFO [main] org.apache.catalina.core.StandardService.startInternal Starting service Catalina
02-May-2019 09:45:07.911 INFO [main] org.apache.catalina.core.StandardEngine.startInternal Starting Servlet Engine: Apache Tomcat/8.5.11
02-May-2019 09:45:07.939 INFO [localhost-startStop-1] org.apache.catalina.startup.HostConfig.deployDirectory Deploying web application directory /home/souldj673/Documents/school-work-backup/Web Services/HelloMVC/tomcat/webapps/docs
02-May-2019 09:45:08.687 INFO [localhost-startStop-1] org.apache.catalina.startup.HostConfig.deployDirectory Deployment of web application directory /home/souldj673/Documents/school-work-backup/Web Services/HelloMVC/tomcat/webapps/docs has finished in 746 ms
02-May-2019 09:45:08.687 INFO [localhost-startStop-1] org.apache.catalina.startup.HostConfig.deployDirectory Deploying web application directory /home/souldj673/Documents/school-work-backup/Web Services/HelloMVC/tomcat/webapps/manager
02-May-2019 09:45:08.828 INFO [localhost-startStop-1] org.apache.catalina.startup.HostConfig.deployDirectory Deployment of web application directory /home/souldj673/Documents/school-work-backup/Web Services/HelloMVC/tomcat/webapps/manager has finished in 141 ms
02-May-2019 09:45:08.829 INFO [localhost-startStop-1] org.apache.catalina.startup.HostConfig.deployDirectory Deploying web application directory /home/souldj673/Documents/school-work-backup/Web Services/HelloMVC/tomcat/webapps/examples
02-May-2019 09:45:09.562 INFO [localhost-startStop-1] org.apache.catalina.startup.HostConfig.deployDirectory Deployment of web application directory /home/souldj673/Documents/school-work-backup/Web Services/HelloMVC/tomcat/webapps/examples has finished in 731 ms
02-May-2019 09:45:09.562 INFO [localhost-startStop-1] org.apache.catalina.startup.HostConfig.deployDirectory Deploying web application directory /home/souldj673/Documents/school-work-backup/Web Services/HelloMVC/tomcat/webapps/ROOT
02-May-2019 09:45:09.599 INFO [localhost-startStop-1] org.apache.catalina.startup.HostConfig.deployDirectory Deployment of web application directory /home/souldj673/Documents/school-work-backup/Web Services/HelloMVC/tomcat/webapps/ROOT has finished in 37 ms
02-May-2019 09:45:09.599 INFO [localhost-startStop-1] org.apache.catalina.startup.HostConfig.deployDirectory Deploying web application directory /home/souldj673/Documents/school-work-backup/Web Services/HelloMVC/tomcat/webapps/host-manager
02-May-2019 09:45:09.624 INFO [localhost-startStop-1] org.apache.catalina.startup.HostConfig.deployDirectory Deployment of web application directory /home/souldj673/Documents/school-work-backup/Web Services/HelloMVC/tomcat/webapps/host-manager has finished in 25 ms
02-May-2019 09:45:09.629 INFO [main] org.apache.coyote.AbstractProtocol.start Starting ProtocolHandler [http-nio-8080]
02-May-2019 09:45:09.667 INFO [main] org.apache.coyote.AbstractProtocol.start Starting ProtocolHandler [ajp-nio-8009]
02-May-2019 09:45:09.690 INFO [main] org.apache.catalina.startup.Catalina.start Server startup in 1869 ms
02-May-2019 09:45:15.176 INFO [http-nio-8080-exec-1] org.apache.catalina.startup.HostConfig.deployDescriptor Deploying configuration descriptor /home/souldj673/Documents/school-work-backup/Web Services/HelloMVC/tomcat/conf/Catalina/localhost/HelloMVC.xml
02-May-2019 09:45:17.099 INFO [http-nio-8080-exec-1] org.apache.jasper.servlet.TldScanner.scanJars At least one JAR was scanned for TLDs yet contained no TLDs. Enable debug logging for this logger for a complete list of JARs that were scanned but no TLDs were found in them. Skipping unneeded JARs during scanning can improve startup time and JSP compilation time.
02-May-2019 09:45:17.210 INFO [http-nio-8080-exec-1] org.springframework.web.context.ContextLoader.initWebApplicationContext Root WebApplicationContext: initialization started
02-May-2019 09:45:17.371 INFO [http-nio-8080-exec-1] org.springframework.web.context.support.XmlWebApplicationContext.prepareRefresh Refreshing Root WebApplicationContext: startup date [Thu May 02 09:45:17 EDT 2019]; root of context hierarchy
02-May-2019 09:45:17.461 INFO [http-nio-8080-exec-1] org.springframework.beans.factory.xml.XmlBeanDefinitionReader.loadBeanDefinitions Loading XML bean definitions from ServletContext resource [/WEB-INF/spring-dispatcher-servlet.xml]
02-May-2019 09:45:18.079 INFO [http-nio-8080-exec-1] org.springframework.beans.factory.xml.XmlBeanDefinitionReader.loadBeanDefinitions Loading XML bean definitions from class path resource [spring-persistence.xml]
02-May-2019 09:45:18.359 INFO [http-nio-8080-exec-1] org.springframework.beans.factory.annotation.AutowiredAnnotationBeanPostProcessor.<init> JSR-330 'javax.inject.Inject' annotation found and supported for autowiring
02-May-2019 09:45:19.060 INFO [http-nio-8080-exec-1] org.springframework.web.servlet.mvc.method.annotation.RequestMappingHandlerMapping.register Mapped "{[/hello/sayhi],methods=[GET]}" onto public java.lang.String com.sg.hellomvc.HelloController.sayHi(java.util.Map<java.lang.String, java.lang.Object>)
02-May-2019 09:45:19.321 INFO [http-nio-8080-exec-1] org.hibernate.validator.internal.util.Version.<clinit> HV000001: Hibernate Validator 5.2.2.Final
02-May-2019 09:45:20.363 INFO [http-nio-8080-exec-1] org.springframework.web.servlet.mvc.method.annotation.RequestMappingHandlerAdapter.initControllerAdviceCache Looking for @ControllerAdvice: Root WebApplicationContext: startup date [Thu May 02 09:45:17 EDT 2019]; root of context hierarchy
02-May-2019 09:45:20.422 INFO [http-nio-8080-exec-1] org.springframework.web.servlet.mvc.method.annotation.RequestMappingHandlerAdapter.initControllerAdviceCache Looking for @ControllerAdvice: Root WebApplicationContext: startup date [Thu May 02 09:45:17 EDT 2019]; root of context hierarchy
02-May-2019 09:45:20.603 INFO [http-nio-8080-exec-1] org.springframework.web.context.ContextLoader.initWebApplicationContext Root WebApplicationContext: initialization completed in 3393 ms
02-May-2019 09:45:20.607 INFO [http-nio-8080-exec-1] org.apache.catalina.startup.HostConfig.deployDescriptor Deployment of configuration descriptor /home/souldj673/Documents/school-work-backup/Web Services/HelloMVC/tomcat/conf/Catalina/localhost/HelloMVC.xml has finished in 5,431 ms
02-May-2019 09:45:20.670 INFO [http-nio-8080-exec-3] org.apache.catalina.util.LifecycleBase.start The start() method was called on component [StandardEngine[Catalina].StandardHost[localhost].StandardContext[/HelloMVC]] after start() had already been called. The second call will be ignored.
02-May-2019 09:45:29.059 INFO [http-nio-8080-exec-10] org.springframework.web.servlet.DispatcherServlet.initServletBean FrameworkServlet 'spring-dispatcher': initialization started
02-May-2019 09:45:29.064 INFO [http-nio-8080-exec-10] org.springframework.web.context.support.XmlWebApplicationContext.prepareRefresh Refreshing WebApplicationContext for namespace 'spring-dispatcher-servlet': startup date [Thu May 02 09:45:29 EDT 2019]; parent: Root WebApplicationContext
02-May-2019 09:45:29.065 INFO [http-nio-8080-exec-10] org.springframework.beans.factory.xml.XmlBeanDefinitionReader.loadBeanDefinitions Loading XML bean definitions from ServletContext resource [/WEB-INF/spring-dispatcher-servlet.xml]
02-May-2019 09:45:29.165 INFO [http-nio-8080-exec-10] org.springframework.beans.factory.annotation.AutowiredAnnotationBeanPostProcessor.<init> JSR-330 'javax.inject.Inject' annotation found and supported for autowiring
02-May-2019 09:45:29.239 INFO [http-nio-8080-exec-10] org.springframework.web.servlet.mvc.method.annotation.RequestMappingHandlerMapping.register Mapped "{[/hello/sayhi],methods=[GET]}" onto public java.lang.String com.sg.hellomvc.HelloController.sayHi(java.util.Map<java.lang.String, java.lang.Object>)
02-May-2019 09:45:29.333 INFO [http-nio-8080-exec-10] org.springframework.web.servlet.mvc.method.annotation.RequestMappingHandlerAdapter.initControllerAdviceCache Looking for @ControllerAdvice: WebApplicationContext for namespace 'spring-dispatcher-servlet': startup date [Thu May 02 09:45:29 EDT 2019]; parent: Root WebApplicationContext
02-May-2019 09:45:29.369 INFO [http-nio-8080-exec-10] org.springframework.web.servlet.mvc.method.annotation.RequestMappingHandlerAdapter.initControllerAdviceCache Looking for @ControllerAdvice: WebApplicationContext for namespace 'spring-dispatcher-servlet': startup date [Thu May 02 09:45:29 EDT 2019]; parent: Root WebApplicationContext
02-May-2019 09:45:29.527 INFO [http-nio-8080-exec-10] org.springframework.web.servlet.DispatcherServlet.initServletBean FrameworkServlet 'spring-dispatcher': initialization completed in 468 ms
02-May-2019 10:13:13.636 INFO [http-nio-8080-exec-5] org.apache.catalina.startup.HostConfig.deployDescriptor Deploying configuration descriptor /home/souldj673/Documents/school-work-backup/Web Services/HelloMVC/tomcat/conf/Catalina/localhost/FactorizorSpringMVC.xml
02-May-2019 10:13:14.714 INFO [http-nio-8080-exec-5] org.apache.jasper.servlet.TldScanner.scanJars At least one JAR was scanned for TLDs yet contained no TLDs. Enable debug logging for this logger for a complete list of JARs that were scanned but no TLDs were found in them. Skipping unneeded JARs during scanning can improve startup time and JSP compilation time.
02-May-2019 10:13:14.754 INFO [http-nio-8080-exec-5] org.springframework.web.context.ContextLoader.initWebApplicationContext Root WebApplicationContext: initialization started
02-May-2019 10:13:14.833 INFO [http-nio-8080-exec-5] org.springframework.web.context.support.XmlWebApplicationContext.prepareRefresh Refreshing Root WebApplicationContext: startup date [Thu May 02 10:13:14 EDT 2019]; root of context hierarchy
02-May-2019 10:13:14.881 INFO [http-nio-8080-exec-5] org.springframework.beans.factory.xml.XmlBeanDefinitionReader.loadBeanDefinitions Loading XML bean definitions from ServletContext resource [/WEB-INF/spring-dispatcher-servlet.xml]
02-May-2019 10:13:15.045 INFO [http-nio-8080-exec-5] org.springframework.beans.factory.xml.XmlBeanDefinitionReader.loadBeanDefinitions Loading XML bean definitions from class path resource [spring-persistence.xml]
02-May-2019 10:13:15.178 INFO [http-nio-8080-exec-5] org.springframework.beans.factory.annotation.AutowiredAnnotationBeanPostProcessor.<init> JSR-330 'javax.inject.Inject' annotation found and supported for autowiring
02-May-2019 10:13:15.574 INFO [http-nio-8080-exec-5] org.springframework.web.servlet.mvc.method.annotation.RequestMappingHandlerMapping.register Mapped "{[/hello/sayhi],methods=[GET]}" onto public java.lang.String com.sg.factorizorspringmvc.HelloController.sayHi(java.util.Map<java.lang.String, java.lang.Object>)
02-May-2019 10:13:15.619 INFO [http-nio-8080-exec-5] org.hibernate.validator.internal.util.Version.<clinit> HV000001: Hibernate Validator 5.2.2.Final
02-May-2019 10:13:16.037 INFO [http-nio-8080-exec-5] org.springframework.web.servlet.mvc.method.annotation.RequestMappingHandlerAdapter.initControllerAdviceCache Looking for @ControllerAdvice: Root WebApplicationContext: startup date [Thu May 02 10:13:14 EDT 2019]; root of context hierarchy
02-May-2019 10:13:16.114 INFO [http-nio-8080-exec-5] org.springframework.web.servlet.mvc.method.annotation.RequestMappingHandlerAdapter.initControllerAdviceCache Looking for @ControllerAdvice: Root WebApplicationContext: startup date [Thu May 02 10:13:14 EDT 2019]; root of context hierarchy
02-May-2019 10:13:16.281 INFO [http-nio-8080-exec-5] org.springframework.web.context.ContextLoader.initWebApplicationContext Root WebApplicationContext: initialization completed in 1527 ms
02-May-2019 10:13:16.284 INFO [http-nio-8080-exec-5] org.apache.catalina.startup.HostConfig.deployDescriptor Deployment of configuration descriptor /home/souldj673/Documents/school-work-backup/Web Services/HelloMVC/tomcat/conf/Catalina/localhost/FactorizorSpringMVC.xml has finished in 2,648 ms
02-May-2019 10:13:16.367 INFO [http-nio-8080-exec-6] org.apache.catalina.util.LifecycleBase.start The start() method was called on component [StandardEngine[Catalina].StandardHost[localhost].StandardContext[/FactorizorSpringMVC]] after start() had already been called. The second call will be ignored.
02-May-2019 10:13:25.893 INFO [http-nio-8080-exec-9] org.springframework.web.servlet.DispatcherServlet.initServletBean FrameworkServlet 'spring-dispatcher': initialization started
02-May-2019 10:13:25.901 INFO [http-nio-8080-exec-9] org.springframework.web.context.support.XmlWebApplicationContext.prepareRefresh Refreshing WebApplicationContext for namespace 'spring-dispatcher-servlet': startup date [Thu May 02 10:13:25 EDT 2019]; parent: Root WebApplicationContext
02-May-2019 10:13:25.901 INFO [http-nio-8080-exec-9] org.springframework.beans.factory.xml.XmlBeanDefinitionReader.loadBeanDefinitions Loading XML bean definitions from ServletContext resource [/WEB-INF/spring-dispatcher-servlet.xml]
02-May-2019 10:13:25.987 INFO [http-nio-8080-exec-9] org.springframework.beans.factory.annotation.AutowiredAnnotationBeanPostProcessor.<init> JSR-330 'javax.inject.Inject' annotation found and supported for autowiring
02-May-2019 10:13:26.060 INFO [http-nio-8080-exec-9] org.springframework.web.servlet.mvc.method.annotation.RequestMappingHandlerMapping.register Mapped "{[/hello/sayhi],methods=[GET]}" onto public java.lang.String com.sg.factorizorspringmvc.HelloController.sayHi(java.util.Map<java.lang.String, java.lang.Object>)
02-May-2019 10:13:26.198 INFO [http-nio-8080-exec-9] org.springframework.web.servlet.mvc.method.annotation.RequestMappingHandlerAdapter.initControllerAdviceCache Looking for @ControllerAdvice: WebApplicationContext for namespace 'spring-dispatcher-servlet': startup date [Thu May 02 10:13:25 EDT 2019]; parent: Root WebApplicationContext
02-May-2019 10:13:26.267 INFO [http-nio-8080-exec-9] org.springframework.web.servlet.mvc.method.annotation.RequestMappingHandlerAdapter.initControllerAdviceCache Looking for @ControllerAdvice: WebApplicationContext for namespace 'spring-dispatcher-servlet': startup date [Thu May 02 10:13:25 EDT 2019]; parent: Root WebApplicationContext
02-May-2019 10:13:26.452 INFO [http-nio-8080-exec-9] org.springframework.web.servlet.DispatcherServlet.initServletBean FrameworkServlet 'spring-dispatcher': initialization completed in 558 ms
02-May-2019 10:18:11.248 INFO [http-nio-8080-exec-2] org.apache.catalina.core.StandardContext.reload Reloading Context with name [/FactorizorSpringMVC] has started
02-May-2019 10:18:11.256 INFO [http-nio-8080-exec-2] org.springframework.web.context.support.XmlWebApplicationContext.doClose Closing WebApplicationContext for namespace 'spring-dispatcher-servlet': startup date [Thu May 02 10:13:25 EDT 2019]; parent: Root WebApplicationContext
02-May-2019 10:18:11.297 INFO [http-nio-8080-exec-2] org.springframework.web.context.support.XmlWebApplicationContext.doClose Closing Root WebApplicationContext: startup date [Thu May 02 10:13:14 EDT 2019]; root of context hierarchy
02-May-2019 10:18:12.677 INFO [http-nio-8080-exec-2] org.apache.jasper.servlet.TldScanner.scanJars At least one JAR was scanned for TLDs yet contained no TLDs. Enable debug logging for this logger for a complete list of JARs that were scanned but no TLDs were found in them. Skipping unneeded JARs during scanning can improve startup time and JSP compilation time.
02-May-2019 10:18:12.719 INFO [http-nio-8080-exec-2] org.springframework.web.context.ContextLoader.initWebApplicationContext Root WebApplicationContext: initialization started
02-May-2019 10:18:12.837 INFO [http-nio-8080-exec-2] org.springframework.web.context.support.XmlWebApplicationContext.prepareRefresh Refreshing Root WebApplicationContext: startup date [Thu May 02 10:18:12 EDT 2019]; root of context hierarchy
02-May-2019 10:18:12.948 INFO [http-nio-8080-exec-2] org.springframework.beans.factory.xml.XmlBeanDefinitionReader.loadBeanDefinitions Loading XML bean definitions from ServletContext resource [/WEB-INF/spring-dispatcher-servlet.xml]
02-May-2019 10:18:13.467 INFO [http-nio-8080-exec-2] org.springframework.beans.factory.xml.XmlBeanDefinitionReader.loadBeanDefinitions Loading XML bean definitions from class path resource [spring-persistence.xml]
02-May-2019 10:18:13.806 INFO [http-nio-8080-exec-2] org.springframework.beans.factory.annotation.AutowiredAnnotationBeanPostProcessor.<init> JSR-330 'javax.inject.Inject' annotation found and supported for autowiring
02-May-2019 10:18:14.618 INFO [http-nio-8080-exec-2] org.springframework.web.servlet.mvc.method.annotation.RequestMappingHandlerMapping.register Mapped "{[/hello/sayhi],methods=[GET]}" onto public java.lang.String com.sg.factorizorspringmvc.HelloController.sayHi(java.util.Map<java.lang.String, java.lang.Object>)
02-May-2019 10:18:14.706 INFO [http-nio-8080-exec-2] org.hibernate.validator.internal.util.Version.<clinit> HV000001: Hibernate Validator 5.2.2.Final
02-May-2019 10:18:15.943 INFO [http-nio-8080-exec-2] org.springframework.web.servlet.mvc.method.annotation.RequestMappingHandlerAdapter.initControllerAdviceCache Looking for @ControllerAdvice: Root WebApplicationContext: startup date [Thu May 02 10:18:12 EDT 2019]; root of context hierarchy
02-May-2019 10:18:16.031 INFO [http-nio-8080-exec-2] org.springframework.web.servlet.mvc.method.annotation.RequestMappingHandlerAdapter.initControllerAdviceCache Looking for @ControllerAdvice: Root WebApplicationContext: startup date [Thu May 02 10:18:12 EDT 2019]; root of context hierarchy
02-May-2019 10:18:16.227 INFO [http-nio-8080-exec-2] org.springframework.web.context.ContextLoader.initWebApplicationContext Root WebApplicationContext: initialization completed in 3508 ms
02-May-2019 10:18:16.236 INFO [http-nio-8080-exec-2] org.apache.catalina.core.StandardContext.reload Reloading Context with name [/FactorizorSpringMVC] is completed
02-May-2019 10:20:00.018 INFO [http-nio-8080-exec-4] org.apache.catalina.core.StandardContext.reload Reloading Context with name [/FactorizorSpringMVC] has started
02-May-2019 10:20:00.020 INFO [http-nio-8080-exec-4] org.springframework.web.context.support.XmlWebApplicationContext.doClose Closing Root WebApplicationContext: startup date [Thu May 02 10:18:12 EDT 2019]; root of context hierarchy
02-May-2019 10:20:01.345 INFO [http-nio-8080-exec-4] org.apache.jasper.servlet.TldScanner.scanJars At least one JAR was scanned for TLDs yet contained no TLDs. Enable debug logging for this logger for a complete list of JARs that were scanned but no TLDs were found in them. Skipping unneeded JARs during scanning can improve startup time and JSP compilation time.
02-May-2019 10:20:01.383 INFO [http-nio-8080-exec-4] org.springframework.web.context.ContextLoader.initWebApplicationContext Root WebApplicationContext: initialization started
02-May-2019 10:20:01.451 INFO [http-nio-8080-exec-4] org.springframework.web.context.support.XmlWebApplicationContext.prepareRefresh Refreshing Root WebApplicationContext: startup date [Thu May 02 10:20:01 EDT 2019]; root of context hierarchy
02-May-2019 10:20:01.490 INFO [http-nio-8080-exec-4] org.springframework.beans.factory.xml.XmlBeanDefinitionReader.loadBeanDefinitions Loading XML bean definitions from ServletContext resource [/WEB-INF/spring-dispatcher-servlet.xml]
02-May-2019 10:20:01.720 INFO [http-nio-8080-exec-4] org.springframework.beans.factory.xml.XmlBeanDefinitionReader.loadBeanDefinitions Loading XML bean definitions from class path resource [spring-persistence.xml]
02-May-2019 10:20:02.014 INFO [http-nio-8080-exec-4] org.springframework.beans.factory.annotation.AutowiredAnnotationBeanPostProcessor.<init> JSR-330 'javax.inject.Inject' annotation found and supported for autowiring
02-May-2019 10:20:02.270 INFO [http-nio-8080-exec-4] org.springframework.web.servlet.mvc.method.annotation.RequestMappingHandlerMapping.register Mapped "{[/factorNumber],methods=[POST]}" onto public java.lang.String com.sg.factorizorspringmvc.FactorizorController.factorNumber(javax.servlet.http.HttpServletRequest,java.util.Map<java.lang.String, java.lang.Object>)
02-May-2019 10:20:02.273 INFO [http-nio-8080-exec-4] org.springframework.web.servlet.mvc.method.annotation.RequestMappingHandlerMapping.register Mapped "{[/hello/sayhi],methods=[GET]}" onto public java.lang.String com.sg.factorizorspringmvc.HelloController.sayHi(java.util.Map<java.lang.String, java.lang.Object>)
02-May-2019 10:20:02.331 INFO [http-nio-8080-exec-4] org.hibernate.validator.internal.util.Version.<clinit> HV000001: Hibernate Validator 5.2.2.Final
02-May-2019 10:20:02.744 INFO [http-nio-8080-exec-4] org.springframework.web.servlet.mvc.method.annotation.RequestMappingHandlerAdapter.initControllerAdviceCache Looking for @ControllerAdvice: Root WebApplicationContext: startup date [Thu May 02 10:20:01 EDT 2019]; root of context hierarchy
02-May-2019 10:20:02.827 INFO [http-nio-8080-exec-4] org.springframework.web.servlet.mvc.method.annotation.RequestMappingHandlerAdapter.initControllerAdviceCache Looking for @ControllerAdvice: Root WebApplicationContext: startup date [Thu May 02 10:20:01 EDT 2019]; root of context hierarchy
02-May-2019 10:20:02.958 INFO [http-nio-8080-exec-4] org.springframework.web.context.ContextLoader.initWebApplicationContext Root WebApplicationContext: initialization completed in 1575 ms
02-May-2019 10:20:02.961 INFO [http-nio-8080-exec-4] org.apache.catalina.core.StandardContext.reload Reloading Context with name [/FactorizorSpringMVC] is completed
02-May-2019 10:21:28.714 INFO [http-nio-8080-exec-13] org.springframework.web.context.support.XmlWebApplicationContext.doClose Closing Root WebApplicationContext: startup date [Thu May 02 10:20:01 EDT 2019]; root of context hierarchy
02-May-2019 10:21:29.238 INFO [http-nio-8080-exec-13] org.apache.catalina.startup.HostConfig.undeploy Undeploying context [/FactorizorSpringMVC]
02-May-2019 10:21:29.313 INFO [http-nio-8080-exec-12] org.apache.catalina.startup.HostConfig.deployDescriptor Deploying configuration descriptor /home/souldj673/Documents/school-work-backup/Web Services/HelloMVC/tomcat/conf/Catalina/localhost/FactorizorSpringMVC.xml
02-May-2019 10:21:30.163 INFO [http-nio-8080-exec-12] org.apache.jasper.servlet.TldScanner.scanJars At least one JAR was scanned for TLDs yet contained no TLDs. Enable debug logging for this logger for a complete list of JARs that were scanned but no TLDs were found in them. Skipping unneeded JARs during scanning can improve startup time and JSP compilation time.
02-May-2019 10:21:30.215 INFO [http-nio-8080-exec-12] org.springframework.web.context.ContextLoader.initWebApplicationContext Root WebApplicationContext: initialization started
02-May-2019 10:21:30.339 INFO [http-nio-8080-exec-12] org.springframework.web.context.support.XmlWebApplicationContext.prepareRefresh Refreshing Root WebApplicationContext: startup date [Thu May 02 10:21:30 EDT 2019]; root of context hierarchy
02-May-2019 10:21:30.389 INFO [http-nio-8080-exec-12] org.springframework.beans.factory.xml.XmlBeanDefinitionReader.loadBeanDefinitions Loading XML bean definitions from ServletContext resource [/WEB-INF/spring-dispatcher-servlet.xml]
02-May-2019 10:21:30.580 INFO [http-nio-8080-exec-12] org.springframework.beans.factory.xml.XmlBeanDefinitionReader.loadBeanDefinitions Loading XML bean definitions from class path resource [spring-persistence.xml]
02-May-2019 10:21:30.698 INFO [http-nio-8080-exec-12] org.springframework.beans.factory.annotation.AutowiredAnnotationBeanPostProcessor.<init> JSR-330 'javax.inject.Inject' annotation found and supported for autowiring
02-May-2019 10:21:30.986 INFO [http-nio-8080-exec-12] org.springframework.web.servlet.mvc.method.annotation.RequestMappingHandlerMapping.register Mapped "{[/factorNumber],methods=[POST]}" onto public java.lang.String com.sg.factorizorspringmvc.FactorizorController.factorNumber(javax.servlet.http.HttpServletRequest,java.util.Map<java.lang.String, java.lang.Object>)
02-May-2019 10:21:30.990 INFO [http-nio-8080-exec-12] org.springframework.web.servlet.mvc.method.annotation.RequestMappingHandlerMapping.register Mapped "{[/hello/sayhi],methods=[GET]}" onto public java.lang.String com.sg.factorizorspringmvc.HelloController.sayHi(java.util.Map<java.lang.String, java.lang.Object>)
02-May-2019 10:21:31.050 INFO [http-nio-8080-exec-12] org.hibernate.validator.internal.util.Version.<clinit> HV000001: Hibernate Validator 5.2.2.Final
02-May-2019 10:21:31.427 INFO [http-nio-8080-exec-12] org.springframework.web.servlet.mvc.method.annotation.RequestMappingHandlerAdapter.initControllerAdviceCache Looking for @ControllerAdvice: Root WebApplicationContext: startup date [Thu May 02 10:21:30 EDT 2019]; root of context hierarchy
02-May-2019 10:21:31.501 INFO [http-nio-8080-exec-12] org.springframework.web.servlet.mvc.method.annotation.RequestMappingHandlerAdapter.initControllerAdviceCache Looking for @ControllerAdvice: Root WebApplicationContext: startup date [Thu May 02 10:21:30 EDT 2019]; root of context hierarchy
02-May-2019 10:21:31.712 INFO [http-nio-8080-exec-12] org.springframework.web.context.ContextLoader.initWebApplicationContext Root WebApplicationContext: initialization completed in 1497 ms
02-May-2019 10:21:31.724 INFO [http-nio-8080-exec-12] org.apache.catalina.startup.HostConfig.deployDescriptor Deployment of configuration descriptor /home/souldj673/Documents/school-work-backup/Web Services/HelloMVC/tomcat/conf/Catalina/localhost/FactorizorSpringMVC.xml has finished in 2,410 ms
02-May-2019 10:21:31.810 INFO [http-nio-8080-exec-16] org.apache.catalina.util.LifecycleBase.start The start() method was called on component [StandardEngine[Catalina].StandardHost[localhost].StandardContext[/FactorizorSpringMVC]] after start() had already been called. The second call will be ignored.
02-May-2019 10:21:39.675 INFO [http-nio-8080-exec-20] org.springframework.web.servlet.DispatcherServlet.initServletBean FrameworkServlet 'spring-dispatcher': initialization started
02-May-2019 10:21:39.686 INFO [http-nio-8080-exec-20] org.springframework.web.context.support.XmlWebApplicationContext.prepareRefresh Refreshing WebApplicationContext for namespace 'spring-dispatcher-servlet': startup date [Thu May 02 10:21:39 EDT 2019]; parent: Root WebApplicationContext
02-May-2019 10:21:39.687 INFO [http-nio-8080-exec-20] org.springframework.beans.factory.xml.XmlBeanDefinitionReader.loadBeanDefinitions Loading XML bean definitions from ServletContext resource [/WEB-INF/spring-dispatcher-servlet.xml]
02-May-2019 10:21:39.741 INFO [http-nio-8080-exec-20] org.springframework.beans.factory.annotation.AutowiredAnnotationBeanPostProcessor.<init> JSR-330 'javax.inject.Inject' annotation found and supported for autowiring
02-May-2019 10:21:39.805 INFO [http-nio-8080-exec-20] org.springframework.web.servlet.mvc.method.annotation.RequestMappingHandlerMapping.register Mapped "{[/factorNumber],methods=[POST]}" onto public java.lang.String com.sg.factorizorspringmvc.FactorizorController.factorNumber(javax.servlet.http.HttpServletRequest,java.util.Map<java.lang.String, java.lang.Object>)
02-May-2019 10:21:39.808 INFO [http-nio-8080-exec-20] org.springframework.web.servlet.mvc.method.annotation.RequestMappingHandlerMapping.register Mapped "{[/hello/sayhi],methods=[GET]}" onto public java.lang.String com.sg.factorizorspringmvc.HelloController.sayHi(java.util.Map<java.lang.String, java.lang.Object>)
02-May-2019 10:21:39.875 INFO [http-nio-8080-exec-20] org.springframework.web.servlet.mvc.method.annotation.RequestMappingHandlerAdapter.initControllerAdviceCache Looking for @ControllerAdvice: WebApplicationContext for namespace 'spring-dispatcher-servlet': startup date [Thu May 02 10:21:39 EDT 2019]; parent: Root WebApplicationContext
02-May-2019 10:21:39.904 INFO [http-nio-8080-exec-20] org.springframework.web.servlet.mvc.method.annotation.RequestMappingHandlerAdapter.initControllerAdviceCache Looking for @ControllerAdvice: WebApplicationContext for namespace 'spring-dispatcher-servlet': startup date [Thu May 02 10:21:39 EDT 2019]; parent: Root WebApplicationContext
02-May-2019 10:21:40.023 INFO [http-nio-8080-exec-20] org.springframework.web.servlet.DispatcherServlet.initServletBean FrameworkServlet 'spring-dispatcher': initialization completed in 348 ms
02-May-2019 10:22:45.856 INFO [http-nio-8080-exec-20] org.apache.catalina.core.StandardContext.reload Reloading Context with name [/FactorizorSpringMVC] has started
02-May-2019 10:22:45.857 INFO [http-nio-8080-exec-20] org.springframework.web.context.support.XmlWebApplicationContext.doClose Closing WebApplicationContext for namespace 'spring-dispatcher-servlet': startup date [Thu May 02 10:21:39 EDT 2019]; parent: Root WebApplicationContext
02-May-2019 10:22:45.861 INFO [http-nio-8080-exec-20] org.springframework.web.context.support.XmlWebApplicationContext.doClose Closing Root WebApplicationContext: startup date [Thu May 02 10:21:30 EDT 2019]; root of context hierarchy
02-May-2019 10:22:46.874 INFO [http-nio-8080-exec-20] org.apache.jasper.servlet.TldScanner.scanJars At least one JAR was scanned for TLDs yet contained no TLDs. Enable debug logging for this logger for a complete list of JARs that were scanned but no TLDs were found in them. Skipping unneeded JARs during scanning can improve startup time and JSP compilation time.
02-May-2019 10:22:46.901 INFO [http-nio-8080-exec-20] org.springframework.web.context.ContextLoader.initWebApplicationContext Root WebApplicationContext: initialization started
02-May-2019 10:22:46.971 INFO [http-nio-8080-exec-20] org.springframework.web.context.support.XmlWebApplicationContext.prepareRefresh Refreshing Root WebApplicationContext: startup date [Thu May 02 10:22:46 EDT 2019]; root of context hierarchy
02-May-2019 10:22:47.051 INFO [http-nio-8080-exec-20] org.springframework.beans.factory.xml.XmlBeanDefinitionReader.loadBeanDefinitions Loading XML bean definitions from ServletContext resource [/WEB-INF/spring-dispatcher-servlet.xml]
02-May-2019 10:22:47.357 INFO [http-nio-8080-exec-20] org.springframework.beans.factory.xml.XmlBeanDefinitionReader.loadBeanDefinitions Loading XML bean definitions from class path resource [spring-persistence.xml]
02-May-2019 10:22:47.485 INFO [http-nio-8080-exec-20] org.springframework.beans.factory.annotation.AutowiredAnnotationBeanPostProcessor.<init> JSR-330 'javax.inject.Inject' annotation found and supported for autowiring
02-May-2019 10:22:47.720 INFO [http-nio-8080-exec-20] org.springframework.web.servlet.mvc.method.annotation.RequestMappingHandlerMapping.register Mapped "{[/factorNumber],methods=[POST]}" onto public java.lang.String com.sg.factorizorspringmvc.FactorizorController.factorNumber(javax.servlet.http.HttpServletRequest,java.util.Map<java.lang.String, java.lang.Object>)
02-May-2019 10:22:47.723 INFO [http-nio-8080-exec-20] org.springframework.web.servlet.mvc.method.annotation.RequestMappingHandlerMapping.register Mapped "{[/hello/sayhi],methods=[GET]}" onto public java.lang.String com.sg.factorizorspringmvc.HelloController.sayHi(java.util.Map<java.lang.String, java.lang.Object>)
02-May-2019 10:22:47.765 INFO [http-nio-8080-exec-20] org.hibernate.validator.internal.util.Version.<clinit> HV000001: Hibernate Validator 5.2.2.Final
02-May-2019 10:22:48.094 INFO [http-nio-8080-exec-20] org.springframework.web.servlet.mvc.method.annotation.RequestMappingHandlerAdapter.initControllerAdviceCache Looking for @ControllerAdvice: Root WebApplicationContext: startup date [Thu May 02 10:22:46 EDT 2019]; root of context hierarchy
02-May-2019 10:22:48.168 INFO [http-nio-8080-exec-20] org.springframework.web.servlet.mvc.method.annotation.RequestMappingHandlerAdapter.initControllerAdviceCache Looking for @ControllerAdvice: Root WebApplicationContext: startup date [Thu May 02 10:22:46 EDT 2019]; root of context hierarchy
02-May-2019 10:22:48.348 INFO [http-nio-8080-exec-20] org.springframework.web.context.ContextLoader.initWebApplicationContext Root WebApplicationContext: initialization completed in 1447 ms
02-May-2019 10:22:48.354 INFO [http-nio-8080-exec-20] org.apache.catalina.core.StandardContext.reload Reloading Context with name [/FactorizorSpringMVC] is completed
02-May-2019 10:22:52.643 INFO [http-nio-8080-exec-24] org.apache.catalina.core.StandardContext.reload Reloading Context with name [/FactorizorSpringMVC] has started
02-May-2019 10:22:52.645 INFO [http-nio-8080-exec-24] org.springframework.web.context.support.XmlWebApplicationContext.doClose Closing Root WebApplicationContext: startup date [Thu May 02 10:22:46 EDT 2019]; root of context hierarchy
02-May-2019 10:22:53.596 INFO [http-nio-8080-exec-24] org.apache.jasper.servlet.TldScanner.scanJars At least one JAR was scanned for TLDs yet contained no TLDs. Enable debug logging for this logger for a complete list of JARs that were scanned but no TLDs were found in them. Skipping unneeded JARs during scanning can improve startup time and JSP compilation time.
02-May-2019 10:22:53.631 INFO [http-nio-8080-exec-24] org.springframework.web.context.ContextLoader.initWebApplicationContext Root WebApplicationContext: initialization started
02-May-2019 10:22:53.830 INFO [http-nio-8080-exec-24] org.springframework.web.context.support.XmlWebApplicationContext.prepareRefresh Refreshing Root WebApplicationContext: startup date [Thu May 02 10:22:53 EDT 2019]; root of context hierarchy
02-May-2019 10:22:53.887 INFO [http-nio-8080-exec-24] org.springframework.beans.factory.xml.XmlBeanDefinitionReader.loadBeanDefinitions Loading XML bean definitions from ServletContext resource [/WEB-INF/spring-dispatcher-servlet.xml]
02-May-2019 10:22:54.048 INFO [http-nio-8080-exec-24] org.springframework.beans.factory.xml.XmlBeanDefinitionReader.loadBeanDefinitions Loading XML bean definitions from class path resource [spring-persistence.xml]
02-May-2019 10:22:54.156 INFO [http-nio-8080-exec-24] org.springframework.beans.factory.annotation.AutowiredAnnotationBeanPostProcessor.<init> JSR-330 'javax.inject.Inject' annotation found and supported for autowiring
02-May-2019 10:22:54.389 INFO [http-nio-8080-exec-24] org.springframework.web.servlet.mvc.method.annotation.RequestMappingHandlerMapping.register Mapped "{[/factorNumber],methods=[POST]}" onto public java.lang.String com.sg.factorizorspringmvc.FactorizorController.factorNumber(javax.servlet.http.HttpServletRequest,java.util.Map<java.lang.String, java.lang.Object>)
02-May-2019 10:22:54.391 INFO [http-nio-8080-exec-24] org.springframework.web.servlet.mvc.method.annotation.RequestMappingHandlerMapping.register Mapped "{[/hello/sayhi],methods=[GET]}" onto public java.lang.String com.sg.factorizorspringmvc.HelloController.sayHi(java.util.Map<java.lang.String, java.lang.Object>)
02-May-2019 10:22:54.433 INFO [http-nio-8080-exec-24] org.hibernate.validator.internal.util.Version.<clinit> HV000001: Hibernate Validator 5.2.2.Final
02-May-2019 10:22:54.724 INFO [http-nio-8080-exec-24] org.springframework.web.servlet.mvc.method.annotation.RequestMappingHandlerAdapter.initControllerAdviceCache Looking for @ControllerAdvice: Root WebApplicationContext: startup date [Thu May 02 10:22:53 EDT 2019]; root of context hierarchy
02-May-2019 10:22:54.798 INFO [http-nio-8080-exec-24] org.springframework.web.servlet.mvc.method.annotation.RequestMappingHandlerAdapter.initControllerAdviceCache Looking for @ControllerAdvice: Root WebApplicationContext: startup date [Thu May 02 10:22:53 EDT 2019]; root of context hierarchy
02-May-2019 10:22:54.989 INFO [http-nio-8080-exec-24] org.springframework.web.context.ContextLoader.initWebApplicationContext Root WebApplicationContext: initialization completed in 1358 ms
02-May-2019 10:22:54.992 INFO [http-nio-8080-exec-24] org.apache.catalina.core.StandardContext.reload Reloading Context with name [/FactorizorSpringMVC] is completed
02-May-2019 10:24:48.961 INFO [http-nio-8080-exec-32] org.springframework.web.servlet.DispatcherServlet.initServletBean FrameworkServlet 'spring-dispatcher': initialization started
02-May-2019 10:24:48.965 INFO [http-nio-8080-exec-32] org.springframework.web.context.support.XmlWebApplicationContext.prepareRefresh Refreshing WebApplicationContext for namespace 'spring-dispatcher-servlet': startup date [Thu May 02 10:24:48 EDT 2019]; parent: Root WebApplicationContext
02-May-2019 10:24:48.965 INFO [http-nio-8080-exec-32] org.springframework.beans.factory.xml.XmlBeanDefinitionReader.loadBeanDefinitions Loading XML bean definitions from ServletContext resource [/WEB-INF/spring-dispatcher-servlet.xml]
02-May-2019 10:24:49.006 INFO [http-nio-8080-exec-32] org.springframework.beans.factory.annotation.AutowiredAnnotationBeanPostProcessor.<init> JSR-330 'javax.inject.Inject' annotation found and supported for autowiring
02-May-2019 10:24:49.061 INFO [http-nio-8080-exec-32] org.springframework.web.servlet.mvc.method.annotation.RequestMappingHandlerMapping.register Mapped "{[/factorNumber],methods=[POST]}" onto public java.lang.String com.sg.factorizorspringmvc.FactorizorController.factorNumber(javax.servlet.http.HttpServletRequest,java.util.Map<java.lang.String, java.lang.Object>)
02-May-2019 10:24:49.063 INFO [http-nio-8080-exec-32] org.springframework.web.servlet.mvc.method.annotation.RequestMappingHandlerMapping.register Mapped "{[/hello/sayhi],methods=[GET]}" onto public java.lang.String com.sg.factorizorspringmvc.HelloController.sayHi(java.util.Map<java.lang.String, java.lang.Object>)
02-May-2019 10:24:49.150 INFO [http-nio-8080-exec-32] org.springframework.web.servlet.mvc.method.annotation.RequestMappingHandlerAdapter.initControllerAdviceCache Looking for @ControllerAdvice: WebApplicationContext for namespace 'spring-dispatcher-servlet': startup date [Thu May 02 10:24:48 EDT 2019]; parent: Root WebApplicationContext
02-May-2019 10:24:49.198 INFO [http-nio-8080-exec-32] org.springframework.web.servlet.mvc.method.annotation.RequestMappingHandlerAdapter.initControllerAdviceCache Looking for @ControllerAdvice: WebApplicationContext for namespace 'spring-dispatcher-servlet': startup date [Thu May 02 10:24:48 EDT 2019]; parent: Root WebApplicationContext
02-May-2019 10:24:49.346 INFO [http-nio-8080-exec-32] org.springframework.web.servlet.DispatcherServlet.initServletBean FrameworkServlet 'spring-dispatcher': initialization completed in 385 ms
02-May-2019 10:27:26.017 INFO [main] org.apache.catalina.core.StandardServer.await A valid shutdown command was received via the shutdown port. Stopping the Server instance.
02-May-2019 10:27:26.017 INFO [main] org.apache.coyote.AbstractProtocol.pause Pausing ProtocolHandler ["http-nio-8080"]
02-May-2019 10:27:26.070 INFO [main] org.apache.coyote.AbstractProtocol.pause Pausing ProtocolHandler ["ajp-nio-8009"]
02-May-2019 10:27:26.121 INFO [main] org.apache.catalina.core.StandardService.stopInternal Stopping service Catalina
02-May-2019 10:27:26.131 INFO [localhost-startStop-2] org.springframework.web.context.support.XmlWebApplicationContext.doClose Closing WebApplicationContext for namespace 'spring-dispatcher-servlet': startup date [Thu May 02 10:24:48 EDT 2019]; parent: Root WebApplicationContext
02-May-2019 10:27:26.135 INFO [localhost-startStop-2] org.springframework.web.context.support.XmlWebApplicationContext.doClose Closing Root WebApplicationContext: startup date [Thu May 02 10:22:53 EDT 2019]; root of context hierarchy
02-May-2019 10:27:26.149 INFO [localhost-startStop-2] org.springframework.web.context.support.XmlWebApplicationContext.doClose Closing WebApplicationContext for namespace 'spring-dispatcher-servlet': startup date [Thu May 02 09:45:29 EDT 2019]; parent: Root WebApplicationContext
02-May-2019 10:27:26.150 INFO [localhost-startStop-2] org.springframework.web.context.support.XmlWebApplicationContext.doClose Closing Root WebApplicationContext: startup date [Thu May 02 09:45:17 EDT 2019]; root of context hierarchy
02-May-2019 10:27:26.159 INFO [main] org.apache.coyote.AbstractProtocol.stop Stopping ProtocolHandler ["http-nio-8080"]
02-May-2019 10:27:26.161 INFO [main] org.apache.coyote.AbstractProtocol.stop Stopping ProtocolHandler ["ajp-nio-8009"]
02-May-2019 10:27:26.162 INFO [main] org.apache.coyote.AbstractProtocol.destroy Destroying ProtocolHandler ["http-nio-8080"]
02-May-2019 10:27:26.162 INFO [main] org.apache.coyote.AbstractProtocol.destroy Destroying ProtocolHandler ["ajp-nio-8009"]
