10-May-2019 09:23:38.856 INFO [main] org.apache.catalina.startup.VersionLoggerListener.log Server version:        Apache Tomcat/8.5.11
10-May-2019 09:23:38.859 INFO [main] org.apache.catalina.startup.VersionLoggerListener.log Server built:          Jan 10 2017 21:02:52 UTC
10-May-2019 09:23:38.859 INFO [main] org.apache.catalina.startup.VersionLoggerListener.log Server number:         8.5.11.0
10-May-2019 09:23:38.859 INFO [main] org.apache.catalina.startup.VersionLoggerListener.log OS Name:               Linux
10-May-2019 09:23:38.859 INFO [main] org.apache.catalina.startup.VersionLoggerListener.log OS Version:            5.0.13-1-ck-ivybridge
10-May-2019 09:23:38.859 INFO [main] org.apache.catalina.startup.VersionLoggerListener.log Architecture:          amd64
10-May-2019 09:23:38.859 INFO [main] org.apache.catalina.startup.VersionLoggerListener.log Java Home:             /usr/lib/jvm/java-8-jdk/jre
10-May-2019 09:23:38.859 INFO [main] org.apache.catalina.startup.VersionLoggerListener.log JVM Version:           1.8.0_202-b08
10-May-2019 09:23:38.859 INFO [main] org.apache.catalina.startup.VersionLoggerListener.log JVM Vendor:            Oracle Corporation
10-May-2019 09:23:38.860 INFO [main] org.apache.catalina.startup.VersionLoggerListener.log CATALINA_BASE:         /home/souldj673/Documents/school-work-backup/Web Services/Tomcat-Server
10-May-2019 09:23:38.860 INFO [main] org.apache.catalina.startup.VersionLoggerListener.log CATALINA_HOME:         /home/souldj673/Documents/school-work-backup/Web Services/Tomcat-Server
10-May-2019 09:23:38.860 INFO [main] org.apache.catalina.startup.VersionLoggerListener.log Command line argument: -Djava.util.logging.config.file=/home/souldj673/Documents/school-work-backup/Web Services/Tomcat-Server/conf/logging.properties
10-May-2019 09:23:38.860 INFO [main] org.apache.catalina.startup.VersionLoggerListener.log Command line argument: -Djava.util.logging.manager=org.apache.juli.ClassLoaderLogManager
10-May-2019 09:23:38.861 INFO [main] org.apache.catalina.startup.VersionLoggerListener.log Command line argument: -Djdk.tls.ephemeralDHKeySize=2048
10-May-2019 09:23:38.861 INFO [main] org.apache.catalina.startup.VersionLoggerListener.log Command line argument: -Djava.protocol.handler.pkgs=org.apache.catalina.webresources
10-May-2019 09:23:38.861 INFO [main] org.apache.catalina.startup.VersionLoggerListener.log Command line argument: -Dcatalina.base=/home/souldj673/Documents/school-work-backup/Web Services/Tomcat-Server
10-May-2019 09:23:38.861 INFO [main] org.apache.catalina.startup.VersionLoggerListener.log Command line argument: -Dcatalina.home=/home/souldj673/Documents/school-work-backup/Web Services/Tomcat-Server
10-May-2019 09:23:38.862 INFO [main] org.apache.catalina.startup.VersionLoggerListener.log Command line argument: -Djava.io.tmpdir=/home/souldj673/Documents/school-work-backup/Web Services/Tomcat-Server/temp
10-May-2019 09:23:38.862 INFO [main] org.apache.catalina.core.AprLifecycleListener.lifecycleEvent The APR based Apache Tomcat Native library which allows optimal performance in production environments was not found on the java.library.path: /usr/java/packages/lib/amd64:/usr/lib64:/lib64:/lib:/usr/lib
10-May-2019 09:23:39.056 INFO [main] org.apache.coyote.AbstractProtocol.init Initializing ProtocolHandler ["http-nio-8080"]
10-May-2019 09:23:39.075 INFO [main] org.apache.tomcat.util.net.NioSelectorPool.getSharedSelector Using a shared selector for servlet write/read
10-May-2019 09:23:39.078 INFO [main] org.apache.coyote.AbstractProtocol.init Initializing ProtocolHandler ["ajp-nio-8009"]
10-May-2019 09:23:39.081 INFO [main] org.apache.tomcat.util.net.NioSelectorPool.getSharedSelector Using a shared selector for servlet write/read
10-May-2019 09:23:39.082 INFO [main] org.apache.catalina.startup.Catalina.load Initialization processed in 943 ms
10-May-2019 09:23:39.160 INFO [main] org.apache.catalina.core.StandardService.startInternal Starting service Catalina
10-May-2019 09:23:39.160 INFO [main] org.apache.catalina.core.StandardEngine.startInternal Starting Servlet Engine: Apache Tomcat/8.5.11
10-May-2019 09:23:39.178 INFO [localhost-startStop-1] org.apache.catalina.startup.HostConfig.deployDescriptor Deploying configuration descriptor /home/souldj673/Documents/school-work-backup/Web Services/Tomcat-Server/conf/Catalina/localhost/LuckySevensSpringMVC.xml
10-May-2019 09:23:41.055 INFO [localhost-startStop-1] org.apache.jasper.servlet.TldScanner.scanJars At least one JAR was scanned for TLDs yet contained no TLDs. Enable debug logging for this logger for a complete list of JARs that were scanned but no TLDs were found in them. Skipping unneeded JARs during scanning can improve startup time and JSP compilation time.
10-May-2019 09:23:41.120 INFO [localhost-startStop-1] org.springframework.web.context.ContextLoader.initWebApplicationContext Root WebApplicationContext: initialization started
10-May-2019 09:23:41.262 INFO [localhost-startStop-1] org.springframework.web.context.support.XmlWebApplicationContext.prepareRefresh Refreshing Root WebApplicationContext: startup date [Fri May 10 09:23:41 EDT 2019]; root of context hierarchy
10-May-2019 09:23:41.403 INFO [localhost-startStop-1] org.springframework.beans.factory.xml.XmlBeanDefinitionReader.loadBeanDefinitions Loading XML bean definitions from ServletContext resource [/WEB-INF/spring-dispatcher-servlet.xml]
10-May-2019 09:23:41.882 INFO [localhost-startStop-1] org.springframework.beans.factory.xml.XmlBeanDefinitionReader.loadBeanDefinitions Loading XML bean definitions from class path resource [spring-persistence.xml]
10-May-2019 09:23:42.194 INFO [localhost-startStop-1] org.springframework.beans.factory.annotation.AutowiredAnnotationBeanPostProcessor.<init> JSR-330 'javax.inject.Inject' annotation found and supported for autowiring
10-May-2019 09:23:42.648 INFO [localhost-startStop-1] org.springframework.web.servlet.mvc.method.annotation.RequestMappingHandlerMapping.register Mapped "{[/hello/sayhi],methods=[GET]}" onto public java.lang.String com.sg.luckysevensspringmvc.HelloController.sayHi(java.util.Map<java.lang.String, java.lang.Object>)
10-May-2019 09:23:42.651 INFO [localhost-startStop-1] org.springframework.web.servlet.mvc.method.annotation.RequestMappingHandlerMapping.register Mapped "{[/luckySevens],methods=[POST]}" onto public java.lang.String com.sg.luckysevensspringmvc.SevensController.luckySevens(javax.servlet.http.HttpServletRequest,java.util.Map<java.lang.String, java.lang.Object>)
10-May-2019 09:23:42.731 INFO [localhost-startStop-1] org.hibernate.validator.internal.util.Version.<clinit> HV000001: Hibernate Validator 5.2.2.Final
10-May-2019 09:23:43.395 INFO [localhost-startStop-1] org.springframework.web.servlet.mvc.method.annotation.RequestMappingHandlerAdapter.initControllerAdviceCache Looking for @ControllerAdvice: Root WebApplicationContext: startup date [Fri May 10 09:23:41 EDT 2019]; root of context hierarchy
10-May-2019 09:23:43.500 INFO [localhost-startStop-1] org.springframework.web.servlet.mvc.method.annotation.RequestMappingHandlerAdapter.initControllerAdviceCache Looking for @ControllerAdvice: Root WebApplicationContext: startup date [Fri May 10 09:23:41 EDT 2019]; root of context hierarchy
10-May-2019 09:23:43.683 INFO [localhost-startStop-1] org.springframework.web.context.ContextLoader.initWebApplicationContext Root WebApplicationContext: initialization completed in 2563 ms
10-May-2019 09:23:43.749 INFO [localhost-startStop-1] org.apache.catalina.startup.HostConfig.deployDescriptor Deployment of configuration descriptor /home/souldj673/Documents/school-work-backup/Web Services/Tomcat-Server/conf/Catalina/localhost/LuckySevensSpringMVC.xml has finished in 4,570 ms
10-May-2019 09:23:43.750 INFO [localhost-startStop-1] org.apache.catalina.startup.HostConfig.deployDescriptor Deploying configuration descriptor /home/souldj673/Documents/school-work-backup/Web Services/Tomcat-Server/conf/Catalina/localhost/FactorizorSpringMVC.xml
10-May-2019 09:23:43.754 SEVERE [localhost-startStop-1] org.apache.catalina.core.ContainerBase.addChildInternal ContainerBase.addChild: start: 
 org.apache.catalina.LifecycleException: Failed to start component [StandardEngine[Catalina].StandardHost[localhost].StandardContext[/FactorizorSpringMVC]]
	at org.apache.catalina.util.LifecycleBase.start(LifecycleBase.java:167)
	at org.apache.catalina.core.ContainerBase.addChildInternal(ContainerBase.java:752)
	at org.apache.catalina.core.ContainerBase.addChild(ContainerBase.java:728)
	at org.apache.catalina.core.StandardHost.addChild(StandardHost.java:734)
	at org.apache.catalina.startup.HostConfig.deployDescriptor(HostConfig.java:596)
	at org.apache.catalina.startup.HostConfig$DeployDescriptor.run(HostConfig.java:1805)
	at java.util.concurrent.Executors$RunnableAdapter.call(Executors.java:511)
	at java.util.concurrent.FutureTask.run(FutureTask.java:266)
	at java.util.concurrent.ThreadPoolExecutor.runWorker(ThreadPoolExecutor.java:1149)
	at java.util.concurrent.ThreadPoolExecutor$Worker.run(ThreadPoolExecutor.java:624)
	at java.lang.Thread.run(Thread.java:748)
Caused by: org.apache.catalina.LifecycleException: Failed to start component [org.apache.catalina.webresources.StandardRoot@3c113ab3]
	at org.apache.catalina.util.LifecycleBase.start(LifecycleBase.java:167)
	at org.apache.catalina.core.StandardContext.resourcesStart(StandardContext.java:4842)
	at org.apache.catalina.core.StandardContext.startInternal(StandardContext.java:4974)
	at org.apache.catalina.util.LifecycleBase.start(LifecycleBase.java:150)
	... 10 more
Caused by: java.lang.IllegalArgumentException: The main resource set specified [/home/souldj673/Documents/school-work-backup/Web Services/FactorizorSpringMVC/target/spring-mvc-webapp] is not valid
	at org.apache.catalina.webresources.StandardRoot.createMainResourceSet(StandardRoot.java:732)
	at org.apache.catalina.webresources.StandardRoot.startInternal(StandardRoot.java:690)
	at org.apache.catalina.util.LifecycleBase.start(LifecycleBase.java:150)
	... 13 more

10-May-2019 09:23:43.756 SEVERE [localhost-startStop-1] org.apache.catalina.startup.HostConfig.deployDescriptor Error deploying configuration descriptor /home/souldj673/Documents/school-work-backup/Web Services/Tomcat-Server/conf/Catalina/localhost/FactorizorSpringMVC.xml
 java.lang.IllegalStateException: ContainerBase.addChild: start: org.apache.catalina.LifecycleException: Failed to start component [StandardEngine[Catalina].StandardHost[localhost].StandardContext[/FactorizorSpringMVC]]
	at org.apache.catalina.core.ContainerBase.addChildInternal(ContainerBase.java:756)
	at org.apache.catalina.core.ContainerBase.addChild(ContainerBase.java:728)
	at org.apache.catalina.core.StandardHost.addChild(StandardHost.java:734)
	at org.apache.catalina.startup.HostConfig.deployDescriptor(HostConfig.java:596)
	at org.apache.catalina.startup.HostConfig$DeployDescriptor.run(HostConfig.java:1805)
	at java.util.concurrent.Executors$RunnableAdapter.call(Executors.java:511)
	at java.util.concurrent.FutureTask.run(FutureTask.java:266)
	at java.util.concurrent.ThreadPoolExecutor.runWorker(ThreadPoolExecutor.java:1149)
	at java.util.concurrent.ThreadPoolExecutor$Worker.run(ThreadPoolExecutor.java:624)
	at java.lang.Thread.run(Thread.java:748)

10-May-2019 09:23:43.756 INFO [localhost-startStop-1] org.apache.catalina.startup.HostConfig.deployDescriptor Deployment of configuration descriptor /home/souldj673/Documents/school-work-backup/Web Services/Tomcat-Server/conf/Catalina/localhost/FactorizorSpringMVC.xml has finished in 6 ms
10-May-2019 09:23:43.757 INFO [localhost-startStop-1] org.apache.catalina.startup.HostConfig.deployDescriptor Deploying configuration descriptor /home/souldj673/Documents/school-work-backup/Web Services/Tomcat-Server/conf/Catalina/localhost/FlooringCalculatorSpringMVC.xml
10-May-2019 09:23:43.763 SEVERE [localhost-startStop-1] org.apache.catalina.core.ContainerBase.addChildInternal ContainerBase.addChild: start: 
 org.apache.catalina.LifecycleException: Failed to start component [StandardEngine[Catalina].StandardHost[localhost].StandardContext[/FlooringCalculatorSpringMVC]]
	at org.apache.catalina.util.LifecycleBase.start(LifecycleBase.java:167)
	at org.apache.catalina.core.ContainerBase.addChildInternal(ContainerBase.java:752)
	at org.apache.catalina.core.ContainerBase.addChild(ContainerBase.java:728)
	at org.apache.catalina.core.StandardHost.addChild(StandardHost.java:734)
	at org.apache.catalina.startup.HostConfig.deployDescriptor(HostConfig.java:596)
	at org.apache.catalina.startup.HostConfig$DeployDescriptor.run(HostConfig.java:1805)
	at java.util.concurrent.Executors$RunnableAdapter.call(Executors.java:511)
	at java.util.concurrent.FutureTask.run(FutureTask.java:266)
	at java.util.concurrent.ThreadPoolExecutor.runWorker(ThreadPoolExecutor.java:1149)
	at java.util.concurrent.ThreadPoolExecutor$Worker.run(ThreadPoolExecutor.java:624)
	at java.lang.Thread.run(Thread.java:748)
Caused by: org.apache.catalina.LifecycleException: Failed to start component [org.apache.catalina.webresources.StandardRoot@30528d3d]
	at org.apache.catalina.util.LifecycleBase.start(LifecycleBase.java:167)
	at org.apache.catalina.core.StandardContext.resourcesStart(StandardContext.java:4842)
	at org.apache.catalina.core.StandardContext.startInternal(StandardContext.java:4974)
	at org.apache.catalina.util.LifecycleBase.start(LifecycleBase.java:150)
	... 10 more
Caused by: java.lang.IllegalArgumentException: The main resource set specified [/home/souldj673/Documents/school-work-backup/Web Services/FlooringCalculatorSpringMVC/target/spring-mvc-webapp] is not valid
	at org.apache.catalina.webresources.StandardRoot.createMainResourceSet(StandardRoot.java:732)
	at org.apache.catalina.webresources.StandardRoot.startInternal(StandardRoot.java:690)
	at org.apache.catalina.util.LifecycleBase.start(LifecycleBase.java:150)
	... 13 more

10-May-2019 09:23:43.768 SEVERE [localhost-startStop-1] org.apache.catalina.startup.HostConfig.deployDescriptor Error deploying configuration descriptor /home/souldj673/Documents/school-work-backup/Web Services/Tomcat-Server/conf/Catalina/localhost/FlooringCalculatorSpringMVC.xml
 java.lang.IllegalStateException: ContainerBase.addChild: start: org.apache.catalina.LifecycleException: Failed to start component [StandardEngine[Catalina].StandardHost[localhost].StandardContext[/FlooringCalculatorSpringMVC]]
	at org.apache.catalina.core.ContainerBase.addChildInternal(ContainerBase.java:756)
	at org.apache.catalina.core.ContainerBase.addChild(ContainerBase.java:728)
	at org.apache.catalina.core.StandardHost.addChild(StandardHost.java:734)
	at org.apache.catalina.startup.HostConfig.deployDescriptor(HostConfig.java:596)
	at org.apache.catalina.startup.HostConfig$DeployDescriptor.run(HostConfig.java:1805)
	at java.util.concurrent.Executors$RunnableAdapter.call(Executors.java:511)
	at java.util.concurrent.FutureTask.run(FutureTask.java:266)
	at java.util.concurrent.ThreadPoolExecutor.runWorker(ThreadPoolExecutor.java:1149)
	at java.util.concurrent.ThreadPoolExecutor$Worker.run(ThreadPoolExecutor.java:624)
	at java.lang.Thread.run(Thread.java:748)

10-May-2019 09:23:43.769 INFO [localhost-startStop-1] org.apache.catalina.startup.HostConfig.deployDescriptor Deployment of configuration descriptor /home/souldj673/Documents/school-work-backup/Web Services/Tomcat-Server/conf/Catalina/localhost/FlooringCalculatorSpringMVC.xml has finished in 11 ms
10-May-2019 09:23:43.773 INFO [localhost-startStop-1] org.apache.catalina.startup.HostConfig.deployDirectory Deploying web application directory /home/souldj673/Documents/school-work-backup/Web Services/Tomcat-Server/webapps/docs
10-May-2019 09:23:43.847 INFO [localhost-startStop-1] org.apache.jasper.servlet.TldScanner.scanJars At least one JAR was scanned for TLDs yet contained no TLDs. Enable debug logging for this logger for a complete list of JARs that were scanned but no TLDs were found in them. Skipping unneeded JARs during scanning can improve startup time and JSP compilation time.
10-May-2019 09:23:43.851 INFO [localhost-startStop-1] org.apache.catalina.startup.HostConfig.deployDirectory Deployment of web application directory /home/souldj673/Documents/school-work-backup/Web Services/Tomcat-Server/webapps/docs has finished in 78 ms
10-May-2019 09:23:43.851 INFO [localhost-startStop-1] org.apache.catalina.startup.HostConfig.deployDirectory Deploying web application directory /home/souldj673/Documents/school-work-backup/Web Services/Tomcat-Server/webapps/manager
10-May-2019 09:23:43.967 INFO [localhost-startStop-1] org.apache.jasper.servlet.TldScanner.scanJars At least one JAR was scanned for TLDs yet contained no TLDs. Enable debug logging for this logger for a complete list of JARs that were scanned but no TLDs were found in them. Skipping unneeded JARs during scanning can improve startup time and JSP compilation time.
10-May-2019 09:23:43.993 INFO [localhost-startStop-1] org.apache.catalina.startup.HostConfig.deployDirectory Deployment of web application directory /home/souldj673/Documents/school-work-backup/Web Services/Tomcat-Server/webapps/manager has finished in 142 ms
10-May-2019 09:23:43.993 INFO [localhost-startStop-1] org.apache.catalina.startup.HostConfig.deployDirectory Deploying web application directory /home/souldj673/Documents/school-work-backup/Web Services/Tomcat-Server/webapps/examples
10-May-2019 09:23:44.309 INFO [localhost-startStop-1] org.apache.jasper.servlet.TldScanner.scanJars At least one JAR was scanned for TLDs yet contained no TLDs. Enable debug logging for this logger for a complete list of JARs that were scanned but no TLDs were found in them. Skipping unneeded JARs during scanning can improve startup time and JSP compilation time.
10-May-2019 09:23:44.441 INFO [localhost-startStop-1] org.apache.catalina.startup.HostConfig.deployDirectory Deployment of web application directory /home/souldj673/Documents/school-work-backup/Web Services/Tomcat-Server/webapps/examples has finished in 448 ms
10-May-2019 09:23:44.441 INFO [localhost-startStop-1] org.apache.catalina.startup.HostConfig.deployDirectory Deploying web application directory /home/souldj673/Documents/school-work-backup/Web Services/Tomcat-Server/webapps/ROOT
10-May-2019 09:23:44.539 INFO [localhost-startStop-1] org.apache.jasper.servlet.TldScanner.scanJars At least one JAR was scanned for TLDs yet contained no TLDs. Enable debug logging for this logger for a complete list of JARs that were scanned but no TLDs were found in them. Skipping unneeded JARs during scanning can improve startup time and JSP compilation time.
10-May-2019 09:23:44.547 INFO [localhost-startStop-1] org.apache.catalina.startup.HostConfig.deployDirectory Deployment of web application directory /home/souldj673/Documents/school-work-backup/Web Services/Tomcat-Server/webapps/ROOT has finished in 106 ms
10-May-2019 09:23:44.548 INFO [localhost-startStop-1] org.apache.catalina.startup.HostConfig.deployDirectory Deploying web application directory /home/souldj673/Documents/school-work-backup/Web Services/Tomcat-Server/webapps/host-manager
10-May-2019 09:23:44.649 INFO [localhost-startStop-1] org.apache.jasper.servlet.TldScanner.scanJars At least one JAR was scanned for TLDs yet contained no TLDs. Enable debug logging for this logger for a complete list of JARs that were scanned but no TLDs were found in them. Skipping unneeded JARs during scanning can improve startup time and JSP compilation time.
10-May-2019 09:23:44.653 INFO [localhost-startStop-1] org.apache.catalina.startup.HostConfig.deployDirectory Deployment of web application directory /home/souldj673/Documents/school-work-backup/Web Services/Tomcat-Server/webapps/host-manager has finished in 105 ms
10-May-2019 09:23:44.708 INFO [main] org.apache.coyote.AbstractProtocol.start Starting ProtocolHandler [http-nio-8080]
10-May-2019 09:23:44.730 INFO [main] org.apache.coyote.AbstractProtocol.start Starting ProtocolHandler [ajp-nio-8009]
10-May-2019 09:23:44.731 INFO [main] org.apache.catalina.startup.Catalina.start Server startup in 5649 ms
10-May-2019 09:23:48.307 INFO [http-nio-8080-exec-10] org.apache.catalina.startup.HostConfig.deployDescriptor Deploying configuration descriptor /home/souldj673/Documents/school-work-backup/Web Services/Tomcat-Server/conf/Catalina/localhost/TipCalculatorSpringMVC.xml
10-May-2019 09:23:49.516 INFO [http-nio-8080-exec-10] org.apache.jasper.servlet.TldScanner.scanJars At least one JAR was scanned for TLDs yet contained no TLDs. Enable debug logging for this logger for a complete list of JARs that were scanned but no TLDs were found in them. Skipping unneeded JARs during scanning can improve startup time and JSP compilation time.
10-May-2019 09:23:49.552 INFO [http-nio-8080-exec-10] org.springframework.web.context.ContextLoader.initWebApplicationContext Root WebApplicationContext: initialization started
10-May-2019 09:23:49.667 INFO [http-nio-8080-exec-10] org.springframework.web.context.support.XmlWebApplicationContext.prepareRefresh Refreshing Root WebApplicationContext: startup date [Fri May 10 09:23:49 EDT 2019]; root of context hierarchy
10-May-2019 09:23:49.763 INFO [http-nio-8080-exec-10] org.springframework.beans.factory.xml.XmlBeanDefinitionReader.loadBeanDefinitions Loading XML bean definitions from ServletContext resource [/WEB-INF/spring-dispatcher-servlet.xml]
10-May-2019 09:23:50.061 INFO [http-nio-8080-exec-10] org.springframework.beans.factory.xml.XmlBeanDefinitionReader.loadBeanDefinitions Loading XML bean definitions from class path resource [spring-persistence.xml]
10-May-2019 09:23:50.262 INFO [http-nio-8080-exec-10] org.springframework.beans.factory.annotation.AutowiredAnnotationBeanPostProcessor.<init> JSR-330 'javax.inject.Inject' annotation found and supported for autowiring
10-May-2019 09:23:50.720 INFO [http-nio-8080-exec-10] org.springframework.web.servlet.mvc.method.annotation.RequestMappingHandlerMapping.register Mapped "{[/hello/sayhi],methods=[GET]}" onto public java.lang.String com.sg.tipcalculatorspringmvc.HelloController.sayHi(java.util.Map<java.lang.String, java.lang.Object>)
10-May-2019 09:23:50.832 INFO [http-nio-8080-exec-10] org.hibernate.validator.internal.util.Version.<clinit> HV000001: Hibernate Validator 5.2.2.Final
10-May-2019 09:23:51.408 INFO [http-nio-8080-exec-10] org.springframework.web.servlet.mvc.method.annotation.RequestMappingHandlerAdapter.initControllerAdviceCache Looking for @ControllerAdvice: Root WebApplicationContext: startup date [Fri May 10 09:23:49 EDT 2019]; root of context hierarchy
10-May-2019 09:23:51.469 INFO [http-nio-8080-exec-10] org.springframework.web.servlet.mvc.method.annotation.RequestMappingHandlerAdapter.initControllerAdviceCache Looking for @ControllerAdvice: Root WebApplicationContext: startup date [Fri May 10 09:23:49 EDT 2019]; root of context hierarchy
10-May-2019 09:23:51.628 INFO [http-nio-8080-exec-10] org.springframework.web.context.ContextLoader.initWebApplicationContext Root WebApplicationContext: initialization completed in 2076 ms
10-May-2019 09:23:51.635 INFO [http-nio-8080-exec-10] org.apache.catalina.startup.HostConfig.deployDescriptor Deployment of configuration descriptor /home/souldj673/Documents/school-work-backup/Web Services/Tomcat-Server/conf/Catalina/localhost/TipCalculatorSpringMVC.xml has finished in 3,327 ms
10-May-2019 09:23:51.750 INFO [http-nio-8080-exec-2] org.apache.catalina.util.LifecycleBase.start The start() method was called on component [StandardEngine[Catalina].StandardHost[localhost].StandardContext[/TipCalculatorSpringMVC]] after start() had already been called. The second call will be ignored.
10-May-2019 09:23:55.617 INFO [http-nio-8080-exec-7] org.springframework.web.servlet.DispatcherServlet.initServletBean FrameworkServlet 'spring-dispatcher': initialization started
10-May-2019 09:23:55.622 INFO [http-nio-8080-exec-7] org.springframework.web.context.support.XmlWebApplicationContext.prepareRefresh Refreshing WebApplicationContext for namespace 'spring-dispatcher-servlet': startup date [Fri May 10 09:23:55 EDT 2019]; parent: Root WebApplicationContext
10-May-2019 09:23:55.622 INFO [http-nio-8080-exec-7] org.springframework.beans.factory.xml.XmlBeanDefinitionReader.loadBeanDefinitions Loading XML bean definitions from ServletContext resource [/WEB-INF/spring-dispatcher-servlet.xml]
10-May-2019 09:23:55.689 INFO [http-nio-8080-exec-7] org.springframework.beans.factory.annotation.AutowiredAnnotationBeanPostProcessor.<init> JSR-330 'javax.inject.Inject' annotation found and supported for autowiring
10-May-2019 09:23:55.753 INFO [http-nio-8080-exec-7] org.springframework.web.servlet.mvc.method.annotation.RequestMappingHandlerMapping.register Mapped "{[/hello/sayhi],methods=[GET]}" onto public java.lang.String com.sg.tipcalculatorspringmvc.HelloController.sayHi(java.util.Map<java.lang.String, java.lang.Object>)
10-May-2019 09:23:55.859 INFO [http-nio-8080-exec-7] org.springframework.web.servlet.mvc.method.annotation.RequestMappingHandlerAdapter.initControllerAdviceCache Looking for @ControllerAdvice: WebApplicationContext for namespace 'spring-dispatcher-servlet': startup date [Fri May 10 09:23:55 EDT 2019]; parent: Root WebApplicationContext
10-May-2019 09:23:55.883 INFO [http-nio-8080-exec-7] org.springframework.web.servlet.mvc.method.annotation.RequestMappingHandlerAdapter.initControllerAdviceCache Looking for @ControllerAdvice: WebApplicationContext for namespace 'spring-dispatcher-servlet': startup date [Fri May 10 09:23:55 EDT 2019]; parent: Root WebApplicationContext
10-May-2019 09:23:56.023 INFO [http-nio-8080-exec-7] org.springframework.web.servlet.DispatcherServlet.initServletBean FrameworkServlet 'spring-dispatcher': initialization completed in 405 ms
10-May-2019 09:54:26.008 INFO [Thread-5] org.apache.coyote.AbstractProtocol.pause Pausing ProtocolHandler ["http-nio-8080"]
10-May-2019 09:54:26.062 INFO [Thread-5] org.apache.coyote.AbstractProtocol.pause Pausing ProtocolHandler ["ajp-nio-8009"]
10-May-2019 09:54:26.116 INFO [Thread-5] org.apache.catalina.core.StandardService.stopInternal Stopping service Catalina
10-May-2019 09:54:26.155 INFO [localhost-startStop-2] org.springframework.web.context.support.XmlWebApplicationContext.doClose Closing WebApplicationContext for namespace 'spring-dispatcher-servlet': startup date [Fri May 10 09:23:55 EDT 2019]; parent: Root WebApplicationContext
10-May-2019 09:54:26.163 INFO [localhost-startStop-2] org.springframework.web.context.support.XmlWebApplicationContext.doClose Closing Root WebApplicationContext: startup date [Fri May 10 09:23:49 EDT 2019]; root of context hierarchy
10-May-2019 09:54:26.177 INFO [localhost-startStop-2] org.springframework.web.context.support.XmlWebApplicationContext.doClose Closing Root WebApplicationContext: startup date [Fri May 10 09:23:41 EDT 2019]; root of context hierarchy
10-May-2019 09:54:26.193 INFO [Thread-5] org.apache.coyote.AbstractProtocol.stop Stopping ProtocolHandler ["http-nio-8080"]
10-May-2019 09:54:26.194 INFO [Thread-5] org.apache.coyote.AbstractProtocol.stop Stopping ProtocolHandler ["ajp-nio-8009"]
10-May-2019 09:54:26.196 INFO [Thread-5] org.apache.coyote.AbstractProtocol.destroy Destroying ProtocolHandler ["http-nio-8080"]
10-May-2019 09:54:26.197 INFO [Thread-5] org.apache.coyote.AbstractProtocol.destroy Destroying ProtocolHandler ["ajp-nio-8009"]
10-May-2019 09:58:45.863 INFO [main] org.apache.catalina.startup.VersionLoggerListener.log Server version:        Apache Tomcat/8.5.11
10-May-2019 09:58:45.867 INFO [main] org.apache.catalina.startup.VersionLoggerListener.log Server built:          Jan 10 2017 21:02:52 UTC
10-May-2019 09:58:45.867 INFO [main] org.apache.catalina.startup.VersionLoggerListener.log Server number:         8.5.11.0
10-May-2019 09:58:45.867 INFO [main] org.apache.catalina.startup.VersionLoggerListener.log OS Name:               Linux
10-May-2019 09:58:45.868 INFO [main] org.apache.catalina.startup.VersionLoggerListener.log OS Version:            5.0.13-1-ck-ivybridge
10-May-2019 09:58:45.868 INFO [main] org.apache.catalina.startup.VersionLoggerListener.log Architecture:          amd64
10-May-2019 09:58:45.868 INFO [main] org.apache.catalina.startup.VersionLoggerListener.log Java Home:             /usr/lib/jvm/java-8-jdk/jre
10-May-2019 09:58:45.868 INFO [main] org.apache.catalina.startup.VersionLoggerListener.log JVM Version:           1.8.0_202-b08
10-May-2019 09:58:45.868 INFO [main] org.apache.catalina.startup.VersionLoggerListener.log JVM Vendor:            Oracle Corporation
10-May-2019 09:58:45.868 INFO [main] org.apache.catalina.startup.VersionLoggerListener.log CATALINA_BASE:         /home/souldj673/Documents/school-work-backup/Web Services/Tomcat-Server
10-May-2019 09:58:45.868 INFO [main] org.apache.catalina.startup.VersionLoggerListener.log CATALINA_HOME:         /home/souldj673/Documents/school-work-backup/Web Services/Tomcat-Server
10-May-2019 09:58:45.869 INFO [main] org.apache.catalina.startup.VersionLoggerListener.log Command line argument: -Djava.util.logging.config.file=/home/souldj673/Documents/school-work-backup/Web Services/Tomcat-Server/conf/logging.properties
10-May-2019 09:58:45.869 INFO [main] org.apache.catalina.startup.VersionLoggerListener.log Command line argument: -Djava.util.logging.manager=org.apache.juli.ClassLoaderLogManager
10-May-2019 09:58:45.870 INFO [main] org.apache.catalina.startup.VersionLoggerListener.log Command line argument: -Djdk.tls.ephemeralDHKeySize=2048
10-May-2019 09:58:45.870 INFO [main] org.apache.catalina.startup.VersionLoggerListener.log Command line argument: -Djava.protocol.handler.pkgs=org.apache.catalina.webresources
10-May-2019 09:58:45.870 INFO [main] org.apache.catalina.startup.VersionLoggerListener.log Command line argument: -Dcatalina.base=/home/souldj673/Documents/school-work-backup/Web Services/Tomcat-Server
10-May-2019 09:58:45.871 INFO [main] org.apache.catalina.startup.VersionLoggerListener.log Command line argument: -Dcatalina.home=/home/souldj673/Documents/school-work-backup/Web Services/Tomcat-Server
10-May-2019 09:58:45.871 INFO [main] org.apache.catalina.startup.VersionLoggerListener.log Command line argument: -Djava.io.tmpdir=/home/souldj673/Documents/school-work-backup/Web Services/Tomcat-Server/temp
10-May-2019 09:58:45.871 INFO [main] org.apache.catalina.core.AprLifecycleListener.lifecycleEvent The APR based Apache Tomcat Native library which allows optimal performance in production environments was not found on the java.library.path: /usr/java/packages/lib/amd64:/usr/lib64:/lib64:/lib:/usr/lib
10-May-2019 09:58:46.251 INFO [main] org.apache.coyote.AbstractProtocol.init Initializing ProtocolHandler ["http-nio-8080"]
10-May-2019 09:58:46.274 INFO [main] org.apache.tomcat.util.net.NioSelectorPool.getSharedSelector Using a shared selector for servlet write/read
10-May-2019 09:58:46.286 INFO [main] org.apache.coyote.AbstractProtocol.init Initializing ProtocolHandler ["ajp-nio-8009"]
10-May-2019 09:58:46.289 INFO [main] org.apache.tomcat.util.net.NioSelectorPool.getSharedSelector Using a shared selector for servlet write/read
10-May-2019 09:58:46.290 INFO [main] org.apache.catalina.startup.Catalina.load Initialization processed in 1392 ms
10-May-2019 09:58:46.423 INFO [main] org.apache.catalina.core.StandardService.startInternal Starting service Catalina
10-May-2019 09:58:46.423 INFO [main] org.apache.catalina.core.StandardEngine.startInternal Starting Servlet Engine: Apache Tomcat/8.5.11
10-May-2019 09:58:46.504 INFO [localhost-startStop-1] org.apache.catalina.startup.HostConfig.deployDescriptor Deploying configuration descriptor /home/souldj673/Documents/school-work-backup/Web Services/Tomcat-Server/conf/Catalina/localhost/LuckySevensSpringMVC.xml
10-May-2019 09:58:48.858 INFO [localhost-startStop-1] org.apache.jasper.servlet.TldScanner.scanJars At least one JAR was scanned for TLDs yet contained no TLDs. Enable debug logging for this logger for a complete list of JARs that were scanned but no TLDs were found in them. Skipping unneeded JARs during scanning can improve startup time and JSP compilation time.
10-May-2019 09:58:48.966 INFO [localhost-startStop-1] org.springframework.web.context.ContextLoader.initWebApplicationContext Root WebApplicationContext: initialization started
10-May-2019 09:58:49.155 INFO [localhost-startStop-1] org.springframework.web.context.support.XmlWebApplicationContext.prepareRefresh Refreshing Root WebApplicationContext: startup date [Fri May 10 09:58:49 EDT 2019]; root of context hierarchy
10-May-2019 09:58:49.224 INFO [localhost-startStop-1] org.springframework.beans.factory.xml.XmlBeanDefinitionReader.loadBeanDefinitions Loading XML bean definitions from ServletContext resource [/WEB-INF/spring-dispatcher-servlet.xml]
10-May-2019 09:58:49.709 INFO [localhost-startStop-1] org.springframework.beans.factory.xml.XmlBeanDefinitionReader.loadBeanDefinitions Loading XML bean definitions from class path resource [spring-persistence.xml]
10-May-2019 09:58:50.011 INFO [localhost-startStop-1] org.springframework.beans.factory.annotation.AutowiredAnnotationBeanPostProcessor.<init> JSR-330 'javax.inject.Inject' annotation found and supported for autowiring
10-May-2019 09:58:50.721 INFO [localhost-startStop-1] org.springframework.web.servlet.mvc.method.annotation.RequestMappingHandlerMapping.register Mapped "{[/hello/sayhi],methods=[GET]}" onto public java.lang.String com.sg.luckysevensspringmvc.HelloController.sayHi(java.util.Map<java.lang.String, java.lang.Object>)
10-May-2019 09:58:50.725 INFO [localhost-startStop-1] org.springframework.web.servlet.mvc.method.annotation.RequestMappingHandlerMapping.register Mapped "{[/luckySevens],methods=[POST]}" onto public java.lang.String com.sg.luckysevensspringmvc.SevensController.luckySevens(javax.servlet.http.HttpServletRequest,java.util.Map<java.lang.String, java.lang.Object>)
10-May-2019 09:58:50.836 INFO [localhost-startStop-1] org.hibernate.validator.internal.util.Version.<clinit> HV000001: Hibernate Validator 5.2.2.Final
10-May-2019 09:58:51.431 INFO [localhost-startStop-1] org.springframework.web.servlet.mvc.method.annotation.RequestMappingHandlerAdapter.initControllerAdviceCache Looking for @ControllerAdvice: Root WebApplicationContext: startup date [Fri May 10 09:58:49 EDT 2019]; root of context hierarchy
10-May-2019 09:58:51.600 INFO [localhost-startStop-1] org.springframework.web.servlet.mvc.method.annotation.RequestMappingHandlerAdapter.initControllerAdviceCache Looking for @ControllerAdvice: Root WebApplicationContext: startup date [Fri May 10 09:58:49 EDT 2019]; root of context hierarchy
10-May-2019 09:58:51.809 INFO [localhost-startStop-1] org.springframework.web.context.ContextLoader.initWebApplicationContext Root WebApplicationContext: initialization completed in 2842 ms
10-May-2019 09:58:51.865 INFO [localhost-startStop-1] org.apache.catalina.startup.HostConfig.deployDescriptor Deployment of configuration descriptor /home/souldj673/Documents/school-work-backup/Web Services/Tomcat-Server/conf/Catalina/localhost/LuckySevensSpringMVC.xml has finished in 5,372 ms
10-May-2019 09:58:51.866 INFO [localhost-startStop-1] org.apache.catalina.startup.HostConfig.deployDescriptor Deploying configuration descriptor /home/souldj673/Documents/school-work-backup/Web Services/Tomcat-Server/conf/Catalina/localhost/FactorizorSpringMVC.xml
10-May-2019 09:58:51.872 SEVERE [localhost-startStop-1] org.apache.catalina.core.ContainerBase.addChildInternal ContainerBase.addChild: start: 
 org.apache.catalina.LifecycleException: Failed to start component [StandardEngine[Catalina].StandardHost[localhost].StandardContext[/FactorizorSpringMVC]]
	at org.apache.catalina.util.LifecycleBase.start(LifecycleBase.java:167)
	at org.apache.catalina.core.ContainerBase.addChildInternal(ContainerBase.java:752)
	at org.apache.catalina.core.ContainerBase.addChild(ContainerBase.java:728)
	at org.apache.catalina.core.StandardHost.addChild(StandardHost.java:734)
	at org.apache.catalina.startup.HostConfig.deployDescriptor(HostConfig.java:596)
	at org.apache.catalina.startup.HostConfig$DeployDescriptor.run(HostConfig.java:1805)
	at java.util.concurrent.Executors$RunnableAdapter.call(Executors.java:511)
	at java.util.concurrent.FutureTask.run(FutureTask.java:266)
	at java.util.concurrent.ThreadPoolExecutor.runWorker(ThreadPoolExecutor.java:1149)
	at java.util.concurrent.ThreadPoolExecutor$Worker.run(ThreadPoolExecutor.java:624)
	at java.lang.Thread.run(Thread.java:748)
Caused by: org.apache.catalina.LifecycleException: Failed to start component [org.apache.catalina.webresources.StandardRoot@1dd92b62]
	at org.apache.catalina.util.LifecycleBase.start(LifecycleBase.java:167)
	at org.apache.catalina.core.StandardContext.resourcesStart(StandardContext.java:4842)
	at org.apache.catalina.core.StandardContext.startInternal(StandardContext.java:4974)
	at org.apache.catalina.util.LifecycleBase.start(LifecycleBase.java:150)
	... 10 more
Caused by: java.lang.IllegalArgumentException: The main resource set specified [/home/souldj673/Documents/school-work-backup/Web Services/FactorizorSpringMVC/target/spring-mvc-webapp] is not valid
	at org.apache.catalina.webresources.StandardRoot.createMainResourceSet(StandardRoot.java:732)
	at org.apache.catalina.webresources.StandardRoot.startInternal(StandardRoot.java:690)
	at org.apache.catalina.util.LifecycleBase.start(LifecycleBase.java:150)
	... 13 more

10-May-2019 09:58:51.874 SEVERE [localhost-startStop-1] org.apache.catalina.startup.HostConfig.deployDescriptor Error deploying configuration descriptor /home/souldj673/Documents/school-work-backup/Web Services/Tomcat-Server/conf/Catalina/localhost/FactorizorSpringMVC.xml
 java.lang.IllegalStateException: ContainerBase.addChild: start: org.apache.catalina.LifecycleException: Failed to start component [StandardEngine[Catalina].StandardHost[localhost].StandardContext[/FactorizorSpringMVC]]
	at org.apache.catalina.core.ContainerBase.addChildInternal(ContainerBase.java:756)
	at org.apache.catalina.core.ContainerBase.addChild(ContainerBase.java:728)
	at org.apache.catalina.core.StandardHost.addChild(StandardHost.java:734)
	at org.apache.catalina.startup.HostConfig.deployDescriptor(HostConfig.java:596)
	at org.apache.catalina.startup.HostConfig$DeployDescriptor.run(HostConfig.java:1805)
	at java.util.concurrent.Executors$RunnableAdapter.call(Executors.java:511)
	at java.util.concurrent.FutureTask.run(FutureTask.java:266)
	at java.util.concurrent.ThreadPoolExecutor.runWorker(ThreadPoolExecutor.java:1149)
	at java.util.concurrent.ThreadPoolExecutor$Worker.run(ThreadPoolExecutor.java:624)
	at java.lang.Thread.run(Thread.java:748)

10-May-2019 09:58:51.875 INFO [localhost-startStop-1] org.apache.catalina.startup.HostConfig.deployDescriptor Deployment of configuration descriptor /home/souldj673/Documents/school-work-backup/Web Services/Tomcat-Server/conf/Catalina/localhost/FactorizorSpringMVC.xml has finished in 9 ms
10-May-2019 09:58:51.875 INFO [localhost-startStop-1] org.apache.catalina.startup.HostConfig.deployDescriptor Deploying configuration descriptor /home/souldj673/Documents/school-work-backup/Web Services/Tomcat-Server/conf/Catalina/localhost/TipCalculatorSpringMVC.xml
10-May-2019 09:58:53.799 INFO [localhost-startStop-1] org.apache.jasper.servlet.TldScanner.scanJars At least one JAR was scanned for TLDs yet contained no TLDs. Enable debug logging for this logger for a complete list of JARs that were scanned but no TLDs were found in them. Skipping unneeded JARs during scanning can improve startup time and JSP compilation time.
10-May-2019 09:58:53.852 INFO [localhost-startStop-1] org.springframework.web.context.ContextLoader.initWebApplicationContext Root WebApplicationContext: initialization started
10-May-2019 09:58:53.938 INFO [localhost-startStop-1] org.springframework.web.context.support.XmlWebApplicationContext.prepareRefresh Refreshing Root WebApplicationContext: startup date [Fri May 10 09:58:53 EDT 2019]; root of context hierarchy
10-May-2019 09:58:54.047 INFO [localhost-startStop-1] org.springframework.beans.factory.xml.XmlBeanDefinitionReader.loadBeanDefinitions Loading XML bean definitions from ServletContext resource [/WEB-INF/spring-dispatcher-servlet.xml]
10-May-2019 09:58:54.308 INFO [localhost-startStop-1] org.springframework.beans.factory.xml.XmlBeanDefinitionReader.loadBeanDefinitions Loading XML bean definitions from class path resource [spring-persistence.xml]
10-May-2019 09:58:54.501 INFO [localhost-startStop-1] org.springframework.beans.factory.annotation.AutowiredAnnotationBeanPostProcessor.<init> JSR-330 'javax.inject.Inject' annotation found and supported for autowiring
10-May-2019 09:58:54.832 INFO [localhost-startStop-1] org.springframework.web.servlet.mvc.method.annotation.RequestMappingHandlerMapping.register Mapped "{[/hello/sayhi],methods=[GET]}" onto public java.lang.String com.sg.tipcalculatorspringmvc.HelloController.sayHi(java.util.Map<java.lang.String, java.lang.Object>)
10-May-2019 09:58:54.914 INFO [localhost-startStop-1] org.hibernate.validator.internal.util.Version.<clinit> HV000001: Hibernate Validator 5.2.2.Final
10-May-2019 09:58:55.393 INFO [localhost-startStop-1] org.springframework.web.servlet.mvc.method.annotation.RequestMappingHandlerAdapter.initControllerAdviceCache Looking for @ControllerAdvice: Root WebApplicationContext: startup date [Fri May 10 09:58:53 EDT 2019]; root of context hierarchy
10-May-2019 09:58:55.460 INFO [localhost-startStop-1] org.springframework.web.servlet.mvc.method.annotation.RequestMappingHandlerAdapter.initControllerAdviceCache Looking for @ControllerAdvice: Root WebApplicationContext: startup date [Fri May 10 09:58:53 EDT 2019]; root of context hierarchy
10-May-2019 09:58:55.648 INFO [localhost-startStop-1] org.springframework.web.context.ContextLoader.initWebApplicationContext Root WebApplicationContext: initialization completed in 1796 ms
10-May-2019 09:58:55.680 INFO [localhost-startStop-1] org.apache.catalina.startup.HostConfig.deployDescriptor Deployment of configuration descriptor /home/souldj673/Documents/school-work-backup/Web Services/Tomcat-Server/conf/Catalina/localhost/TipCalculatorSpringMVC.xml has finished in 3,805 ms
10-May-2019 09:58:55.681 INFO [localhost-startStop-1] org.apache.catalina.startup.HostConfig.deployDescriptor Deploying configuration descriptor /home/souldj673/Documents/school-work-backup/Web Services/Tomcat-Server/conf/Catalina/localhost/FlooringCalculatorSpringMVC.xml
10-May-2019 09:58:55.685 SEVERE [localhost-startStop-1] org.apache.catalina.core.ContainerBase.addChildInternal ContainerBase.addChild: start: 
 org.apache.catalina.LifecycleException: Failed to start component [StandardEngine[Catalina].StandardHost[localhost].StandardContext[/FlooringCalculatorSpringMVC]]
	at org.apache.catalina.util.LifecycleBase.start(LifecycleBase.java:167)
	at org.apache.catalina.core.ContainerBase.addChildInternal(ContainerBase.java:752)
	at org.apache.catalina.core.ContainerBase.addChild(ContainerBase.java:728)
	at org.apache.catalina.core.StandardHost.addChild(StandardHost.java:734)
	at org.apache.catalina.startup.HostConfig.deployDescriptor(HostConfig.java:596)
	at org.apache.catalina.startup.HostConfig$DeployDescriptor.run(HostConfig.java:1805)
	at java.util.concurrent.Executors$RunnableAdapter.call(Executors.java:511)
	at java.util.concurrent.FutureTask.run(FutureTask.java:266)
	at java.util.concurrent.ThreadPoolExecutor.runWorker(ThreadPoolExecutor.java:1149)
	at java.util.concurrent.ThreadPoolExecutor$Worker.run(ThreadPoolExecutor.java:624)
	at java.lang.Thread.run(Thread.java:748)
Caused by: org.apache.catalina.LifecycleException: Failed to start component [org.apache.catalina.webresources.StandardRoot@7f363b06]
	at org.apache.catalina.util.LifecycleBase.start(LifecycleBase.java:167)
	at org.apache.catalina.core.StandardContext.resourcesStart(StandardContext.java:4842)
	at org.apache.catalina.core.StandardContext.startInternal(StandardContext.java:4974)
	at org.apache.catalina.util.LifecycleBase.start(LifecycleBase.java:150)
	... 10 more
Caused by: java.lang.IllegalArgumentException: The main resource set specified [/home/souldj673/Documents/school-work-backup/Web Services/FlooringCalculatorSpringMVC/target/spring-mvc-webapp] is not valid
	at org.apache.catalina.webresources.StandardRoot.createMainResourceSet(StandardRoot.java:732)
	at org.apache.catalina.webresources.StandardRoot.startInternal(StandardRoot.java:690)
	at org.apache.catalina.util.LifecycleBase.start(LifecycleBase.java:150)
	... 13 more

10-May-2019 09:58:55.686 SEVERE [localhost-startStop-1] org.apache.catalina.startup.HostConfig.deployDescriptor Error deploying configuration descriptor /home/souldj673/Documents/school-work-backup/Web Services/Tomcat-Server/conf/Catalina/localhost/FlooringCalculatorSpringMVC.xml
 java.lang.IllegalStateException: ContainerBase.addChild: start: org.apache.catalina.LifecycleException: Failed to start component [StandardEngine[Catalina].StandardHost[localhost].StandardContext[/FlooringCalculatorSpringMVC]]
	at org.apache.catalina.core.ContainerBase.addChildInternal(ContainerBase.java:756)
	at org.apache.catalina.core.ContainerBase.addChild(ContainerBase.java:728)
	at org.apache.catalina.core.StandardHost.addChild(StandardHost.java:734)
	at org.apache.catalina.startup.HostConfig.deployDescriptor(HostConfig.java:596)
	at org.apache.catalina.startup.HostConfig$DeployDescriptor.run(HostConfig.java:1805)
	at java.util.concurrent.Executors$RunnableAdapter.call(Executors.java:511)
	at java.util.concurrent.FutureTask.run(FutureTask.java:266)
	at java.util.concurrent.ThreadPoolExecutor.runWorker(ThreadPoolExecutor.java:1149)
	at java.util.concurrent.ThreadPoolExecutor$Worker.run(ThreadPoolExecutor.java:624)
	at java.lang.Thread.run(Thread.java:748)

10-May-2019 09:58:55.687 INFO [localhost-startStop-1] org.apache.catalina.startup.HostConfig.deployDescriptor Deployment of configuration descriptor /home/souldj673/Documents/school-work-backup/Web Services/Tomcat-Server/conf/Catalina/localhost/FlooringCalculatorSpringMVC.xml has finished in 6 ms
10-May-2019 09:58:55.688 INFO [localhost-startStop-1] org.apache.catalina.startup.HostConfig.deployDirectory Deploying web application directory /home/souldj673/Documents/school-work-backup/Web Services/Tomcat-Server/webapps/docs
10-May-2019 09:58:55.786 INFO [localhost-startStop-1] org.apache.jasper.servlet.TldScanner.scanJars At least one JAR was scanned for TLDs yet contained no TLDs. Enable debug logging for this logger for a complete list of JARs that were scanned but no TLDs were found in them. Skipping unneeded JARs during scanning can improve startup time and JSP compilation time.
10-May-2019 09:58:55.797 INFO [localhost-startStop-1] org.apache.catalina.startup.HostConfig.deployDirectory Deployment of web application directory /home/souldj673/Documents/school-work-backup/Web Services/Tomcat-Server/webapps/docs has finished in 109 ms
10-May-2019 09:58:55.797 INFO [localhost-startStop-1] org.apache.catalina.startup.HostConfig.deployDirectory Deploying web application directory /home/souldj673/Documents/school-work-backup/Web Services/Tomcat-Server/webapps/manager
10-May-2019 09:58:55.899 INFO [localhost-startStop-1] org.apache.jasper.servlet.TldScanner.scanJars At least one JAR was scanned for TLDs yet contained no TLDs. Enable debug logging for this logger for a complete list of JARs that were scanned but no TLDs were found in them. Skipping unneeded JARs during scanning can improve startup time and JSP compilation time.
10-May-2019 09:58:55.905 INFO [localhost-startStop-1] org.apache.catalina.startup.HostConfig.deployDirectory Deployment of web application directory /home/souldj673/Documents/school-work-backup/Web Services/Tomcat-Server/webapps/manager has finished in 108 ms
10-May-2019 09:58:55.906 INFO [localhost-startStop-1] org.apache.catalina.startup.HostConfig.deployDirectory Deploying web application directory /home/souldj673/Documents/school-work-backup/Web Services/Tomcat-Server/webapps/examples
10-May-2019 09:58:56.109 INFO [localhost-startStop-1] org.apache.jasper.servlet.TldScanner.scanJars At least one JAR was scanned for TLDs yet contained no TLDs. Enable debug logging for this logger for a complete list of JARs that were scanned but no TLDs were found in them. Skipping unneeded JARs during scanning can improve startup time and JSP compilation time.
10-May-2019 09:58:56.170 INFO [localhost-startStop-1] org.apache.catalina.startup.HostConfig.deployDirectory Deployment of web application directory /home/souldj673/Documents/school-work-backup/Web Services/Tomcat-Server/webapps/examples has finished in 263 ms
10-May-2019 09:58:56.170 INFO [localhost-startStop-1] org.apache.catalina.startup.HostConfig.deployDirectory Deploying web application directory /home/souldj673/Documents/school-work-backup/Web Services/Tomcat-Server/webapps/ROOT
10-May-2019 09:58:56.222 INFO [localhost-startStop-1] org.apache.jasper.servlet.TldScanner.scanJars At least one JAR was scanned for TLDs yet contained no TLDs. Enable debug logging for this logger for a complete list of JARs that were scanned but no TLDs were found in them. Skipping unneeded JARs during scanning can improve startup time and JSP compilation time.
10-May-2019 09:58:56.229 INFO [localhost-startStop-1] org.apache.catalina.startup.HostConfig.deployDirectory Deployment of web application directory /home/souldj673/Documents/school-work-backup/Web Services/Tomcat-Server/webapps/ROOT has finished in 59 ms
10-May-2019 09:58:56.230 INFO [localhost-startStop-1] org.apache.catalina.startup.HostConfig.deployDirectory Deploying web application directory /home/souldj673/Documents/school-work-backup/Web Services/Tomcat-Server/webapps/host-manager
10-May-2019 09:58:56.323 INFO [localhost-startStop-1] org.apache.jasper.servlet.TldScanner.scanJars At least one JAR was scanned for TLDs yet contained no TLDs. Enable debug logging for this logger for a complete list of JARs that were scanned but no TLDs were found in them. Skipping unneeded JARs during scanning can improve startup time and JSP compilation time.
10-May-2019 09:58:56.326 INFO [localhost-startStop-1] org.apache.catalina.startup.HostConfig.deployDirectory Deployment of web application directory /home/souldj673/Documents/school-work-backup/Web Services/Tomcat-Server/webapps/host-manager has finished in 96 ms
10-May-2019 09:58:56.331 INFO [main] org.apache.coyote.AbstractProtocol.start Starting ProtocolHandler [http-nio-8080]
10-May-2019 09:58:56.338 INFO [main] org.apache.coyote.AbstractProtocol.start Starting ProtocolHandler [ajp-nio-8009]
10-May-2019 09:58:56.339 INFO [main] org.apache.catalina.startup.Catalina.start Server startup in 10046 ms
10-May-2019 09:59:01.517 INFO [http-nio-8080-exec-1] org.springframework.web.context.support.XmlWebApplicationContext.doClose Closing Root WebApplicationContext: startup date [Fri May 10 09:58:53 EDT 2019]; root of context hierarchy
10-May-2019 09:59:02.042 INFO [http-nio-8080-exec-1] org.apache.catalina.startup.HostConfig.undeploy Undeploying context [/TipCalculatorSpringMVC]
10-May-2019 09:59:02.117 INFO [http-nio-8080-exec-2] org.apache.catalina.startup.HostConfig.deployDescriptor Deploying configuration descriptor /home/souldj673/Documents/school-work-backup/Web Services/Tomcat-Server/conf/Catalina/localhost/TipCalculatorSpringMVC.xml
10-May-2019 09:59:03.147 INFO [http-nio-8080-exec-2] org.apache.jasper.servlet.TldScanner.scanJars At least one JAR was scanned for TLDs yet contained no TLDs. Enable debug logging for this logger for a complete list of JARs that were scanned but no TLDs were found in them. Skipping unneeded JARs during scanning can improve startup time and JSP compilation time.
10-May-2019 09:59:03.184 INFO [http-nio-8080-exec-2] org.springframework.web.context.ContextLoader.initWebApplicationContext Root WebApplicationContext: initialization started
10-May-2019 09:59:03.297 INFO [http-nio-8080-exec-2] org.springframework.web.context.support.XmlWebApplicationContext.prepareRefresh Refreshing Root WebApplicationContext: startup date [Fri May 10 09:59:03 EDT 2019]; root of context hierarchy
10-May-2019 09:59:03.392 INFO [http-nio-8080-exec-2] org.springframework.beans.factory.xml.XmlBeanDefinitionReader.loadBeanDefinitions Loading XML bean definitions from ServletContext resource [/WEB-INF/spring-dispatcher-servlet.xml]
10-May-2019 09:59:03.635 INFO [http-nio-8080-exec-2] org.springframework.beans.factory.xml.XmlBeanDefinitionReader.loadBeanDefinitions Loading XML bean definitions from class path resource [spring-persistence.xml]
10-May-2019 09:59:03.816 INFO [http-nio-8080-exec-2] org.springframework.beans.factory.annotation.AutowiredAnnotationBeanPostProcessor.<init> JSR-330 'javax.inject.Inject' annotation found and supported for autowiring
10-May-2019 09:59:04.195 INFO [http-nio-8080-exec-2] org.springframework.web.servlet.mvc.method.annotation.RequestMappingHandlerMapping.register Mapped "{[/hello/sayhi],methods=[GET]}" onto public java.lang.String com.sg.tipcalculatorspringmvc.HelloController.sayHi(java.util.Map<java.lang.String, java.lang.Object>)
10-May-2019 09:59:04.286 INFO [http-nio-8080-exec-2] org.hibernate.validator.internal.util.Version.<clinit> HV000001: Hibernate Validator 5.2.2.Final
10-May-2019 09:59:04.947 INFO [http-nio-8080-exec-2] org.springframework.web.servlet.mvc.method.annotation.RequestMappingHandlerAdapter.initControllerAdviceCache Looking for @ControllerAdvice: Root WebApplicationContext: startup date [Fri May 10 09:59:03 EDT 2019]; root of context hierarchy
10-May-2019 09:59:05.018 INFO [http-nio-8080-exec-2] org.springframework.web.servlet.mvc.method.annotation.RequestMappingHandlerAdapter.initControllerAdviceCache Looking for @ControllerAdvice: Root WebApplicationContext: startup date [Fri May 10 09:59:03 EDT 2019]; root of context hierarchy
10-May-2019 09:59:05.198 INFO [http-nio-8080-exec-2] org.springframework.web.context.ContextLoader.initWebApplicationContext Root WebApplicationContext: initialization completed in 2014 ms
10-May-2019 09:59:05.201 INFO [http-nio-8080-exec-2] org.apache.catalina.startup.HostConfig.deployDescriptor Deployment of configuration descriptor /home/souldj673/Documents/school-work-backup/Web Services/Tomcat-Server/conf/Catalina/localhost/TipCalculatorSpringMVC.xml has finished in 3,085 ms
10-May-2019 09:59:05.282 INFO [http-nio-8080-exec-3] org.apache.catalina.util.LifecycleBase.start The start() method was called on component [StandardEngine[Catalina].StandardHost[localhost].StandardContext[/TipCalculatorSpringMVC]] after start() had already been called. The second call will be ignored.
