07-May-2019 09:33:41.283 INFO [main] org.apache.catalina.startup.VersionLoggerListener.log Server version:        Apache Tomcat/8.5.11
07-May-2019 09:33:41.289 INFO [main] org.apache.catalina.startup.VersionLoggerListener.log Server built:          Jan 10 2017 21:02:52 UTC
07-May-2019 09:33:41.289 INFO [main] org.apache.catalina.startup.VersionLoggerListener.log Server number:         8.5.11.0
07-May-2019 09:33:41.289 INFO [main] org.apache.catalina.startup.VersionLoggerListener.log OS Name:               Linux
07-May-2019 09:33:41.289 INFO [main] org.apache.catalina.startup.VersionLoggerListener.log OS Version:            5.0.13-1-ck-ivybridge
07-May-2019 09:33:41.289 INFO [main] org.apache.catalina.startup.VersionLoggerListener.log Architecture:          amd64
07-May-2019 09:33:41.289 INFO [main] org.apache.catalina.startup.VersionLoggerListener.log Java Home:             /usr/lib/jvm/java-8-jdk/jre
07-May-2019 09:33:41.290 INFO [main] org.apache.catalina.startup.VersionLoggerListener.log JVM Version:           1.8.0_202-b08
07-May-2019 09:33:41.290 INFO [main] org.apache.catalina.startup.VersionLoggerListener.log JVM Vendor:            Oracle Corporation
07-May-2019 09:33:41.290 INFO [main] org.apache.catalina.startup.VersionLoggerListener.log CATALINA_BASE:         /home/souldj673/Documents/school-work-backup/Web Services/Tomcat-Server
07-May-2019 09:33:41.290 INFO [main] org.apache.catalina.startup.VersionLoggerListener.log CATALINA_HOME:         /home/souldj673/Documents/school-work-backup/Web Services/Tomcat-Server
07-May-2019 09:33:41.290 INFO [main] org.apache.catalina.startup.VersionLoggerListener.log Command line argument: -Djava.util.logging.config.file=/home/souldj673/Documents/school-work-backup/Web Services/Tomcat-Server/conf/logging.properties
07-May-2019 09:33:41.290 INFO [main] org.apache.catalina.startup.VersionLoggerListener.log Command line argument: -Djava.util.logging.manager=org.apache.juli.ClassLoaderLogManager
07-May-2019 09:33:41.291 INFO [main] org.apache.catalina.startup.VersionLoggerListener.log Command line argument: -Djdk.tls.ephemeralDHKeySize=2048
07-May-2019 09:33:41.291 INFO [main] org.apache.catalina.startup.VersionLoggerListener.log Command line argument: -Djava.protocol.handler.pkgs=org.apache.catalina.webresources
07-May-2019 09:33:41.291 INFO [main] org.apache.catalina.startup.VersionLoggerListener.log Command line argument: -Dcatalina.base=/home/souldj673/Documents/school-work-backup/Web Services/Tomcat-Server
07-May-2019 09:33:41.291 INFO [main] org.apache.catalina.startup.VersionLoggerListener.log Command line argument: -Dcatalina.home=/home/souldj673/Documents/school-work-backup/Web Services/Tomcat-Server
07-May-2019 09:33:41.291 INFO [main] org.apache.catalina.startup.VersionLoggerListener.log Command line argument: -Djava.io.tmpdir=/home/souldj673/Documents/school-work-backup/Web Services/Tomcat-Server/temp
07-May-2019 09:33:41.292 INFO [main] org.apache.catalina.core.AprLifecycleListener.lifecycleEvent The APR based Apache Tomcat Native library which allows optimal performance in production environments was not found on the java.library.path: /usr/java/packages/lib/amd64:/usr/lib64:/lib64:/lib:/usr/lib
07-May-2019 09:33:41.565 INFO [main] org.apache.coyote.AbstractProtocol.init Initializing ProtocolHandler ["http-nio-8080"]
07-May-2019 09:33:41.601 INFO [main] org.apache.tomcat.util.net.NioSelectorPool.getSharedSelector Using a shared selector for servlet write/read
07-May-2019 09:33:41.606 INFO [main] org.apache.coyote.AbstractProtocol.init Initializing ProtocolHandler ["ajp-nio-8009"]
07-May-2019 09:33:41.608 INFO [main] org.apache.tomcat.util.net.NioSelectorPool.getSharedSelector Using a shared selector for servlet write/read
07-May-2019 09:33:41.609 INFO [main] org.apache.catalina.startup.Catalina.load Initialization processed in 1084 ms
07-May-2019 09:33:41.674 INFO [main] org.apache.catalina.core.StandardService.startInternal Starting service Catalina
07-May-2019 09:33:41.675 INFO [main] org.apache.catalina.core.StandardEngine.startInternal Starting Servlet Engine: Apache Tomcat/8.5.11
07-May-2019 09:33:41.691 INFO [localhost-startStop-1] org.apache.catalina.startup.HostConfig.deployDirectory Deploying web application directory /home/souldj673/Documents/school-work-backup/Web Services/Tomcat-Server/webapps/docs
07-May-2019 09:33:42.308 INFO [localhost-startStop-1] org.apache.jasper.servlet.TldScanner.scanJars At least one JAR was scanned for TLDs yet contained no TLDs. Enable debug logging for this logger for a complete list of JARs that were scanned but no TLDs were found in them. Skipping unneeded JARs during scanning can improve startup time and JSP compilation time.
07-May-2019 09:33:42.419 INFO [localhost-startStop-1] org.apache.catalina.startup.HostConfig.deployDirectory Deployment of web application directory /home/souldj673/Documents/school-work-backup/Web Services/Tomcat-Server/webapps/docs has finished in 728 ms
07-May-2019 09:33:42.419 INFO [localhost-startStop-1] org.apache.catalina.startup.HostConfig.deployDirectory Deploying web application directory /home/souldj673/Documents/school-work-backup/Web Services/Tomcat-Server/webapps/manager
07-May-2019 09:33:42.577 INFO [localhost-startStop-1] org.apache.jasper.servlet.TldScanner.scanJars At least one JAR was scanned for TLDs yet contained no TLDs. Enable debug logging for this logger for a complete list of JARs that were scanned but no TLDs were found in them. Skipping unneeded JARs during scanning can improve startup time and JSP compilation time.
07-May-2019 09:33:42.587 INFO [localhost-startStop-1] org.apache.catalina.startup.HostConfig.deployDirectory Deployment of web application directory /home/souldj673/Documents/school-work-backup/Web Services/Tomcat-Server/webapps/manager has finished in 168 ms
07-May-2019 09:33:42.593 INFO [localhost-startStop-1] org.apache.catalina.startup.HostConfig.deployDirectory Deploying web application directory /home/souldj673/Documents/school-work-backup/Web Services/Tomcat-Server/webapps/examples
07-May-2019 09:33:42.958 INFO [localhost-startStop-1] org.apache.jasper.servlet.TldScanner.scanJars At least one JAR was scanned for TLDs yet contained no TLDs. Enable debug logging for this logger for a complete list of JARs that were scanned but no TLDs were found in them. Skipping unneeded JARs during scanning can improve startup time and JSP compilation time.
07-May-2019 09:33:43.018 INFO [localhost-startStop-1] org.apache.catalina.startup.HostConfig.deployDirectory Deployment of web application directory /home/souldj673/Documents/school-work-backup/Web Services/Tomcat-Server/webapps/examples has finished in 425 ms
07-May-2019 09:33:43.019 INFO [localhost-startStop-1] org.apache.catalina.startup.HostConfig.deployDirectory Deploying web application directory /home/souldj673/Documents/school-work-backup/Web Services/Tomcat-Server/webapps/ROOT
07-May-2019 09:33:43.078 INFO [localhost-startStop-1] org.apache.jasper.servlet.TldScanner.scanJars At least one JAR was scanned for TLDs yet contained no TLDs. Enable debug logging for this logger for a complete list of JARs that were scanned but no TLDs were found in them. Skipping unneeded JARs during scanning can improve startup time and JSP compilation time.
07-May-2019 09:33:43.080 INFO [localhost-startStop-1] org.apache.catalina.startup.HostConfig.deployDirectory Deployment of web application directory /home/souldj673/Documents/school-work-backup/Web Services/Tomcat-Server/webapps/ROOT has finished in 61 ms
07-May-2019 09:33:43.081 INFO [localhost-startStop-1] org.apache.catalina.startup.HostConfig.deployDirectory Deploying web application directory /home/souldj673/Documents/school-work-backup/Web Services/Tomcat-Server/webapps/host-manager
07-May-2019 09:33:43.140 INFO [localhost-startStop-1] org.apache.jasper.servlet.TldScanner.scanJars At least one JAR was scanned for TLDs yet contained no TLDs. Enable debug logging for this logger for a complete list of JARs that were scanned but no TLDs were found in them. Skipping unneeded JARs during scanning can improve startup time and JSP compilation time.
07-May-2019 09:33:43.142 INFO [localhost-startStop-1] org.apache.catalina.startup.HostConfig.deployDirectory Deployment of web application directory /home/souldj673/Documents/school-work-backup/Web Services/Tomcat-Server/webapps/host-manager has finished in 61 ms
07-May-2019 09:33:43.146 INFO [main] org.apache.coyote.AbstractProtocol.start Starting ProtocolHandler [http-nio-8080]
07-May-2019 09:33:43.151 INFO [main] org.apache.coyote.AbstractProtocol.start Starting ProtocolHandler [ajp-nio-8009]
07-May-2019 09:33:43.152 INFO [main] org.apache.catalina.startup.Catalina.start Server startup in 1542 ms
07-May-2019 09:33:43.781 INFO [http-nio-8080-exec-7] org.apache.catalina.startup.HostConfig.deployDescriptor Deploying configuration descriptor /home/souldj673/Documents/school-work-backup/Web Services/Tomcat-Server/conf/Catalina/localhost/FlooringCalculatorSpringMVC.xml
07-May-2019 09:33:45.034 INFO [http-nio-8080-exec-7] org.apache.jasper.servlet.TldScanner.scanJars At least one JAR was scanned for TLDs yet contained no TLDs. Enable debug logging for this logger for a complete list of JARs that were scanned but no TLDs were found in them. Skipping unneeded JARs during scanning can improve startup time and JSP compilation time.
07-May-2019 09:33:45.066 INFO [http-nio-8080-exec-7] org.springframework.web.context.ContextLoader.initWebApplicationContext Root WebApplicationContext: initialization started
07-May-2019 09:33:45.125 INFO [http-nio-8080-exec-7] org.springframework.web.context.support.XmlWebApplicationContext.prepareRefresh Refreshing Root WebApplicationContext: startup date [Tue May 07 09:33:45 EDT 2019]; root of context hierarchy
07-May-2019 09:33:45.175 INFO [http-nio-8080-exec-7] org.springframework.beans.factory.xml.XmlBeanDefinitionReader.loadBeanDefinitions Loading XML bean definitions from ServletContext resource [/WEB-INF/spring-dispatcher-servlet.xml]
07-May-2019 09:33:45.527 INFO [http-nio-8080-exec-7] org.springframework.beans.factory.xml.XmlBeanDefinitionReader.loadBeanDefinitions Loading XML bean definitions from class path resource [spring-persistence.xml]
07-May-2019 09:33:45.705 INFO [http-nio-8080-exec-7] org.springframework.beans.factory.annotation.AutowiredAnnotationBeanPostProcessor.<init> JSR-330 'javax.inject.Inject' annotation found and supported for autowiring
07-May-2019 09:33:46.100 INFO [http-nio-8080-exec-7] org.springframework.web.servlet.mvc.method.annotation.RequestMappingHandlerMapping.register Mapped "{[/hello/sayhi],methods=[GET]}" onto public java.lang.String com.sg.flooringcalculatorspringmvc.HelloController.sayHi(java.util.Map<java.lang.String, java.lang.Object>)
07-May-2019 09:33:46.163 INFO [http-nio-8080-exec-7] org.hibernate.validator.internal.util.Version.<clinit> HV000001: Hibernate Validator 5.2.2.Final
07-May-2019 09:33:46.640 INFO [http-nio-8080-exec-7] org.springframework.web.servlet.mvc.method.annotation.RequestMappingHandlerAdapter.initControllerAdviceCache Looking for @ControllerAdvice: Root WebApplicationContext: startup date [Tue May 07 09:33:45 EDT 2019]; root of context hierarchy
07-May-2019 09:33:46.730 INFO [http-nio-8080-exec-7] org.springframework.web.servlet.mvc.method.annotation.RequestMappingHandlerAdapter.initControllerAdviceCache Looking for @ControllerAdvice: Root WebApplicationContext: startup date [Tue May 07 09:33:45 EDT 2019]; root of context hierarchy
07-May-2019 09:33:46.933 INFO [http-nio-8080-exec-7] org.springframework.web.context.ContextLoader.initWebApplicationContext Root WebApplicationContext: initialization completed in 1867 ms
07-May-2019 09:33:46.941 INFO [http-nio-8080-exec-7] org.apache.catalina.startup.HostConfig.deployDescriptor Deployment of configuration descriptor /home/souldj673/Documents/school-work-backup/Web Services/Tomcat-Server/conf/Catalina/localhost/FlooringCalculatorSpringMVC.xml has finished in 3,160 ms
07-May-2019 09:33:47.003 INFO [http-nio-8080-exec-10] org.apache.catalina.util.LifecycleBase.start The start() method was called on component [StandardEngine[Catalina].StandardHost[localhost].StandardContext[/FlooringCalculatorSpringMVC]] after start() had already been called. The second call will be ignored.
07-May-2019 10:07:39.055 INFO [http-nio-8080-exec-10] org.springframework.web.servlet.DispatcherServlet.initServletBean FrameworkServlet 'spring-dispatcher': initialization started
07-May-2019 10:07:39.059 INFO [http-nio-8080-exec-10] org.springframework.web.context.support.XmlWebApplicationContext.prepareRefresh Refreshing WebApplicationContext for namespace 'spring-dispatcher-servlet': startup date [Tue May 07 10:07:39 EDT 2019]; parent: Root WebApplicationContext
07-May-2019 10:07:39.059 INFO [http-nio-8080-exec-10] org.springframework.beans.factory.xml.XmlBeanDefinitionReader.loadBeanDefinitions Loading XML bean definitions from ServletContext resource [/WEB-INF/spring-dispatcher-servlet.xml]
07-May-2019 10:07:39.139 INFO [http-nio-8080-exec-10] org.springframework.beans.factory.annotation.AutowiredAnnotationBeanPostProcessor.<init> JSR-330 'javax.inject.Inject' annotation found and supported for autowiring
07-May-2019 10:07:39.196 INFO [http-nio-8080-exec-10] org.springframework.web.servlet.mvc.method.annotation.RequestMappingHandlerMapping.register Mapped "{[/hello/sayhi],methods=[GET]}" onto public java.lang.String com.sg.flooringcalculatorspringmvc.HelloController.sayHi(java.util.Map<java.lang.String, java.lang.Object>)
07-May-2019 10:07:39.283 INFO [http-nio-8080-exec-10] org.springframework.web.servlet.mvc.method.annotation.RequestMappingHandlerAdapter.initControllerAdviceCache Looking for @ControllerAdvice: WebApplicationContext for namespace 'spring-dispatcher-servlet': startup date [Tue May 07 10:07:39 EDT 2019]; parent: Root WebApplicationContext
07-May-2019 10:07:39.330 INFO [http-nio-8080-exec-10] org.springframework.web.servlet.mvc.method.annotation.RequestMappingHandlerAdapter.initControllerAdviceCache Looking for @ControllerAdvice: WebApplicationContext for namespace 'spring-dispatcher-servlet': startup date [Tue May 07 10:07:39 EDT 2019]; parent: Root WebApplicationContext
07-May-2019 10:07:39.439 INFO [http-nio-8080-exec-10] org.springframework.web.servlet.DispatcherServlet.initServletBean FrameworkServlet 'spring-dispatcher': initialization completed in 383 ms
07-May-2019 10:14:00.903 WARNING [http-nio-8080-exec-2] org.springframework.web.servlet.PageNotFound.noHandlerFound No mapping found for HTTP request with URI [/FlooringCalculatorSpringMVC/css/bootstrap.min.css.map] in DispatcherServlet with name 'spring-dispatcher'
07-May-2019 10:14:43.172 WARNING [http-nio-8080-exec-10] org.springframework.web.servlet.PageNotFound.noHandlerFound No mapping found for HTTP request with URI [/FlooringCalculatorSpringMVC/css/bootstrap.min.css.map] in DispatcherServlet with name 'spring-dispatcher'
07-May-2019 10:16:18.793 WARNING [http-nio-8080-exec-8] org.springframework.web.servlet.PageNotFound.noHandlerFound No mapping found for HTTP request with URI [/FlooringCalculatorSpringMVC/css/bootstrap.min.css.map] in DispatcherServlet with name 'spring-dispatcher'
07-May-2019 10:16:46.904 WARNING [http-nio-8080-exec-7] org.springframework.web.servlet.PageNotFound.noHandlerFound No mapping found for HTTP request with URI [/FlooringCalculatorSpringMVC/css/bootstrap.min.css.map] in DispatcherServlet with name 'spring-dispatcher'
07-May-2019 10:23:26.604 INFO [http-nio-8080-exec-2] org.apache.catalina.core.StandardContext.reload Reloading Context with name [/FlooringCalculatorSpringMVC] has started
07-May-2019 10:23:26.607 INFO [http-nio-8080-exec-2] org.springframework.web.context.support.XmlWebApplicationContext.doClose Closing WebApplicationContext for namespace 'spring-dispatcher-servlet': startup date [Tue May 07 10:07:39 EDT 2019]; parent: Root WebApplicationContext
07-May-2019 10:23:26.624 INFO [http-nio-8080-exec-2] org.springframework.web.context.support.XmlWebApplicationContext.doClose Closing Root WebApplicationContext: startup date [Tue May 07 09:33:45 EDT 2019]; root of context hierarchy
07-May-2019 10:23:27.840 INFO [http-nio-8080-exec-2] org.apache.jasper.servlet.TldScanner.scanJars At least one JAR was scanned for TLDs yet contained no TLDs. Enable debug logging for this logger for a complete list of JARs that were scanned but no TLDs were found in them. Skipping unneeded JARs during scanning can improve startup time and JSP compilation time.
07-May-2019 10:23:27.874 INFO [http-nio-8080-exec-2] org.springframework.web.context.ContextLoader.initWebApplicationContext Root WebApplicationContext: initialization started
07-May-2019 10:23:27.940 INFO [http-nio-8080-exec-2] org.springframework.web.context.support.XmlWebApplicationContext.prepareRefresh Refreshing Root WebApplicationContext: startup date [Tue May 07 10:23:27 EDT 2019]; root of context hierarchy
07-May-2019 10:23:27.991 INFO [http-nio-8080-exec-2] org.springframework.beans.factory.xml.XmlBeanDefinitionReader.loadBeanDefinitions Loading XML bean definitions from ServletContext resource [/WEB-INF/spring-dispatcher-servlet.xml]
07-May-2019 10:23:28.182 INFO [http-nio-8080-exec-2] org.springframework.beans.factory.xml.XmlBeanDefinitionReader.loadBeanDefinitions Loading XML bean definitions from class path resource [spring-persistence.xml]
07-May-2019 10:23:28.303 INFO [http-nio-8080-exec-2] org.springframework.beans.factory.annotation.AutowiredAnnotationBeanPostProcessor.<init> JSR-330 'javax.inject.Inject' annotation found and supported for autowiring
07-May-2019 10:23:28.582 INFO [http-nio-8080-exec-2] org.springframework.web.servlet.mvc.method.annotation.RequestMappingHandlerMapping.register Mapped "{[/hello/sayhi],methods=[GET]}" onto public java.lang.String com.sg.flooringcalculatorspringmvc.HelloController.sayHi(java.util.Map<java.lang.String, java.lang.Object>)
07-May-2019 10:23:28.635 INFO [http-nio-8080-exec-2] org.hibernate.validator.internal.util.Version.<clinit> HV000001: Hibernate Validator 5.2.2.Final
07-May-2019 10:23:29.066 INFO [http-nio-8080-exec-2] org.springframework.web.servlet.mvc.method.annotation.RequestMappingHandlerAdapter.initControllerAdviceCache Looking for @ControllerAdvice: Root WebApplicationContext: startup date [Tue May 07 10:23:27 EDT 2019]; root of context hierarchy
07-May-2019 10:23:29.141 INFO [http-nio-8080-exec-2] org.springframework.web.servlet.mvc.method.annotation.RequestMappingHandlerAdapter.initControllerAdviceCache Looking for @ControllerAdvice: Root WebApplicationContext: startup date [Tue May 07 10:23:27 EDT 2019]; root of context hierarchy
07-May-2019 10:23:29.320 INFO [http-nio-8080-exec-2] org.springframework.web.context.ContextLoader.initWebApplicationContext Root WebApplicationContext: initialization completed in 1445 ms
07-May-2019 10:23:29.329 INFO [http-nio-8080-exec-2] org.apache.catalina.core.StandardContext.reload Reloading Context with name [/FlooringCalculatorSpringMVC] is completed
07-May-2019 10:23:29.488 INFO [http-nio-8080-exec-11] org.apache.catalina.core.StandardContext.reload Reloading Context with name [/FlooringCalculatorSpringMVC] has started
07-May-2019 10:23:29.491 INFO [http-nio-8080-exec-11] org.springframework.web.context.support.XmlWebApplicationContext.doClose Closing Root WebApplicationContext: startup date [Tue May 07 10:23:27 EDT 2019]; root of context hierarchy
07-May-2019 10:23:30.425 INFO [http-nio-8080-exec-11] org.apache.jasper.servlet.TldScanner.scanJars At least one JAR was scanned for TLDs yet contained no TLDs. Enable debug logging for this logger for a complete list of JARs that were scanned but no TLDs were found in them. Skipping unneeded JARs during scanning can improve startup time and JSP compilation time.
07-May-2019 10:23:30.459 INFO [http-nio-8080-exec-11] org.springframework.web.context.ContextLoader.initWebApplicationContext Root WebApplicationContext: initialization started
07-May-2019 10:23:30.525 INFO [http-nio-8080-exec-11] org.springframework.web.context.support.XmlWebApplicationContext.prepareRefresh Refreshing Root WebApplicationContext: startup date [Tue May 07 10:23:30 EDT 2019]; root of context hierarchy
07-May-2019 10:23:30.567 INFO [http-nio-8080-exec-11] org.springframework.beans.factory.xml.XmlBeanDefinitionReader.loadBeanDefinitions Loading XML bean definitions from ServletContext resource [/WEB-INF/spring-dispatcher-servlet.xml]
07-May-2019 10:23:30.732 INFO [http-nio-8080-exec-11] org.springframework.beans.factory.xml.XmlBeanDefinitionReader.loadBeanDefinitions Loading XML bean definitions from class path resource [spring-persistence.xml]
07-May-2019 10:23:30.873 INFO [http-nio-8080-exec-11] org.springframework.beans.factory.annotation.AutowiredAnnotationBeanPostProcessor.<init> JSR-330 'javax.inject.Inject' annotation found and supported for autowiring
07-May-2019 10:23:31.190 INFO [http-nio-8080-exec-11] org.springframework.web.servlet.mvc.method.annotation.RequestMappingHandlerMapping.register Mapped "{[/hello/sayhi],methods=[GET]}" onto public java.lang.String com.sg.flooringcalculatorspringmvc.HelloController.sayHi(java.util.Map<java.lang.String, java.lang.Object>)
07-May-2019 10:23:31.244 INFO [http-nio-8080-exec-11] org.hibernate.validator.internal.util.Version.<clinit> HV000001: Hibernate Validator 5.2.2.Final
07-May-2019 10:23:31.913 INFO [http-nio-8080-exec-11] org.springframework.web.servlet.mvc.method.annotation.RequestMappingHandlerAdapter.initControllerAdviceCache Looking for @ControllerAdvice: Root WebApplicationContext: startup date [Tue May 07 10:23:30 EDT 2019]; root of context hierarchy
07-May-2019 10:23:32.014 INFO [http-nio-8080-exec-11] org.springframework.web.servlet.mvc.method.annotation.RequestMappingHandlerAdapter.initControllerAdviceCache Looking for @ControllerAdvice: Root WebApplicationContext: startup date [Tue May 07 10:23:30 EDT 2019]; root of context hierarchy
07-May-2019 10:23:32.161 INFO [http-nio-8080-exec-11] org.springframework.web.context.ContextLoader.initWebApplicationContext Root WebApplicationContext: initialization completed in 1701 ms
07-May-2019 10:23:32.165 INFO [http-nio-8080-exec-11] org.apache.catalina.core.StandardContext.reload Reloading Context with name [/FlooringCalculatorSpringMVC] is completed
07-May-2019 10:23:51.694 INFO [http-nio-8080-exec-13] org.apache.catalina.core.StandardContext.reload Reloading Context with name [/FlooringCalculatorSpringMVC] has started
07-May-2019 10:23:51.697 INFO [http-nio-8080-exec-13] org.springframework.web.context.support.XmlWebApplicationContext.doClose Closing Root WebApplicationContext: startup date [Tue May 07 10:23:30 EDT 2019]; root of context hierarchy
07-May-2019 10:23:52.660 INFO [http-nio-8080-exec-13] org.apache.jasper.servlet.TldScanner.scanJars At least one JAR was scanned for TLDs yet contained no TLDs. Enable debug logging for this logger for a complete list of JARs that were scanned but no TLDs were found in them. Skipping unneeded JARs during scanning can improve startup time and JSP compilation time.
07-May-2019 10:23:52.696 INFO [http-nio-8080-exec-13] org.springframework.web.context.ContextLoader.initWebApplicationContext Root WebApplicationContext: initialization started
07-May-2019 10:23:52.767 INFO [http-nio-8080-exec-13] org.springframework.web.context.support.XmlWebApplicationContext.prepareRefresh Refreshing Root WebApplicationContext: startup date [Tue May 07 10:23:52 EDT 2019]; root of context hierarchy
07-May-2019 10:23:52.808 INFO [http-nio-8080-exec-13] org.springframework.beans.factory.xml.XmlBeanDefinitionReader.loadBeanDefinitions Loading XML bean definitions from ServletContext resource [/WEB-INF/spring-dispatcher-servlet.xml]
07-May-2019 10:23:52.948 INFO [http-nio-8080-exec-13] org.springframework.beans.factory.xml.XmlBeanDefinitionReader.loadBeanDefinitions Loading XML bean definitions from class path resource [spring-persistence.xml]
07-May-2019 10:23:53.048 INFO [http-nio-8080-exec-13] org.springframework.beans.factory.annotation.AutowiredAnnotationBeanPostProcessor.<init> JSR-330 'javax.inject.Inject' annotation found and supported for autowiring
07-May-2019 10:23:53.278 INFO [http-nio-8080-exec-13] org.springframework.web.servlet.mvc.method.annotation.RequestMappingHandlerMapping.register Mapped "{[/hello/sayhi],methods=[GET]}" onto public java.lang.String com.sg.flooringcalculatorspringmvc.HelloController.sayHi(java.util.Map<java.lang.String, java.lang.Object>)
07-May-2019 10:23:53.319 INFO [http-nio-8080-exec-13] org.hibernate.validator.internal.util.Version.<clinit> HV000001: Hibernate Validator 5.2.2.Final
07-May-2019 10:23:53.680 INFO [http-nio-8080-exec-13] org.springframework.web.servlet.mvc.method.annotation.RequestMappingHandlerAdapter.initControllerAdviceCache Looking for @ControllerAdvice: Root WebApplicationContext: startup date [Tue May 07 10:23:52 EDT 2019]; root of context hierarchy
07-May-2019 10:23:53.753 INFO [http-nio-8080-exec-13] org.springframework.web.servlet.mvc.method.annotation.RequestMappingHandlerAdapter.initControllerAdviceCache Looking for @ControllerAdvice: Root WebApplicationContext: startup date [Tue May 07 10:23:52 EDT 2019]; root of context hierarchy
07-May-2019 10:23:53.963 INFO [http-nio-8080-exec-13] org.springframework.web.context.ContextLoader.initWebApplicationContext Root WebApplicationContext: initialization completed in 1267 ms
07-May-2019 10:23:53.967 INFO [http-nio-8080-exec-13] org.apache.catalina.core.StandardContext.reload Reloading Context with name [/FlooringCalculatorSpringMVC] is completed
07-May-2019 10:23:57.113 INFO [http-nio-8080-exec-15] org.apache.catalina.core.StandardContext.reload Reloading Context with name [/FlooringCalculatorSpringMVC] has started
07-May-2019 10:23:57.117 INFO [http-nio-8080-exec-15] org.springframework.web.context.support.XmlWebApplicationContext.doClose Closing Root WebApplicationContext: startup date [Tue May 07 10:23:52 EDT 2019]; root of context hierarchy
07-May-2019 10:23:57.982 INFO [http-nio-8080-exec-15] org.apache.jasper.servlet.TldScanner.scanJars At least one JAR was scanned for TLDs yet contained no TLDs. Enable debug logging for this logger for a complete list of JARs that were scanned but no TLDs were found in them. Skipping unneeded JARs during scanning can improve startup time and JSP compilation time.
07-May-2019 10:23:58.007 INFO [http-nio-8080-exec-15] org.springframework.web.context.ContextLoader.initWebApplicationContext Root WebApplicationContext: initialization started
07-May-2019 10:23:58.056 INFO [http-nio-8080-exec-15] org.springframework.web.context.support.XmlWebApplicationContext.prepareRefresh Refreshing Root WebApplicationContext: startup date [Tue May 07 10:23:58 EDT 2019]; root of context hierarchy
07-May-2019 10:23:58.102 INFO [http-nio-8080-exec-15] org.springframework.beans.factory.xml.XmlBeanDefinitionReader.loadBeanDefinitions Loading XML bean definitions from ServletContext resource [/WEB-INF/spring-dispatcher-servlet.xml]
07-May-2019 10:23:58.257 INFO [http-nio-8080-exec-15] org.springframework.beans.factory.xml.XmlBeanDefinitionReader.loadBeanDefinitions Loading XML bean definitions from class path resource [spring-persistence.xml]
07-May-2019 10:23:58.434 INFO [http-nio-8080-exec-15] org.springframework.beans.factory.annotation.AutowiredAnnotationBeanPostProcessor.<init> JSR-330 'javax.inject.Inject' annotation found and supported for autowiring
07-May-2019 10:23:58.662 INFO [http-nio-8080-exec-15] org.springframework.web.servlet.mvc.method.annotation.RequestMappingHandlerMapping.register Mapped "{[/hello/sayhi],methods=[GET]}" onto public java.lang.String com.sg.flooringcalculatorspringmvc.HelloController.sayHi(java.util.Map<java.lang.String, java.lang.Object>)
07-May-2019 10:23:58.709 INFO [http-nio-8080-exec-15] org.hibernate.validator.internal.util.Version.<clinit> HV000001: Hibernate Validator 5.2.2.Final
07-May-2019 10:23:59.018 INFO [http-nio-8080-exec-15] org.springframework.web.servlet.mvc.method.annotation.RequestMappingHandlerAdapter.initControllerAdviceCache Looking for @ControllerAdvice: Root WebApplicationContext: startup date [Tue May 07 10:23:58 EDT 2019]; root of context hierarchy
07-May-2019 10:23:59.073 INFO [http-nio-8080-exec-15] org.springframework.web.servlet.mvc.method.annotation.RequestMappingHandlerAdapter.initControllerAdviceCache Looking for @ControllerAdvice: Root WebApplicationContext: startup date [Tue May 07 10:23:58 EDT 2019]; root of context hierarchy
07-May-2019 10:23:59.186 INFO [http-nio-8080-exec-15] org.springframework.web.context.ContextLoader.initWebApplicationContext Root WebApplicationContext: initialization completed in 1179 ms
07-May-2019 10:23:59.189 INFO [http-nio-8080-exec-15] org.apache.catalina.core.StandardContext.reload Reloading Context with name [/FlooringCalculatorSpringMVC] is completed
07-May-2019 10:24:09.976 INFO [http-nio-8080-exec-17] org.apache.catalina.core.StandardContext.reload Reloading Context with name [/FlooringCalculatorSpringMVC] has started
07-May-2019 10:24:09.979 INFO [http-nio-8080-exec-17] org.springframework.web.context.support.XmlWebApplicationContext.doClose Closing Root WebApplicationContext: startup date [Tue May 07 10:23:58 EDT 2019]; root of context hierarchy
07-May-2019 10:24:10.984 INFO [http-nio-8080-exec-17] org.apache.jasper.servlet.TldScanner.scanJars At least one JAR was scanned for TLDs yet contained no TLDs. Enable debug logging for this logger for a complete list of JARs that were scanned but no TLDs were found in them. Skipping unneeded JARs during scanning can improve startup time and JSP compilation time.
07-May-2019 10:24:11.022 INFO [http-nio-8080-exec-17] org.springframework.web.context.ContextLoader.initWebApplicationContext Root WebApplicationContext: initialization started
07-May-2019 10:24:11.084 INFO [http-nio-8080-exec-17] org.springframework.web.context.support.XmlWebApplicationContext.prepareRefresh Refreshing Root WebApplicationContext: startup date [Tue May 07 10:24:11 EDT 2019]; root of context hierarchy
07-May-2019 10:24:11.129 INFO [http-nio-8080-exec-17] org.springframework.beans.factory.xml.XmlBeanDefinitionReader.loadBeanDefinitions Loading XML bean definitions from ServletContext resource [/WEB-INF/spring-dispatcher-servlet.xml]
07-May-2019 10:24:11.314 INFO [http-nio-8080-exec-17] org.springframework.beans.factory.xml.XmlBeanDefinitionReader.loadBeanDefinitions Loading XML bean definitions from class path resource [spring-persistence.xml]
07-May-2019 10:24:11.470 INFO [http-nio-8080-exec-17] org.springframework.beans.factory.annotation.AutowiredAnnotationBeanPostProcessor.<init> JSR-330 'javax.inject.Inject' annotation found and supported for autowiring
07-May-2019 10:24:11.807 INFO [http-nio-8080-exec-17] org.springframework.web.servlet.mvc.method.annotation.RequestMappingHandlerMapping.register Mapped "{[/hello/sayhi],methods=[GET]}" onto public java.lang.String com.sg.flooringcalculatorspringmvc.HelloController.sayHi(java.util.Map<java.lang.String, java.lang.Object>)
07-May-2019 10:24:11.854 INFO [http-nio-8080-exec-17] org.hibernate.validator.internal.util.Version.<clinit> HV000001: Hibernate Validator 5.2.2.Final
07-May-2019 10:24:12.187 INFO [http-nio-8080-exec-17] org.springframework.web.servlet.mvc.method.annotation.RequestMappingHandlerAdapter.initControllerAdviceCache Looking for @ControllerAdvice: Root WebApplicationContext: startup date [Tue May 07 10:24:11 EDT 2019]; root of context hierarchy
07-May-2019 10:24:12.252 INFO [http-nio-8080-exec-17] org.springframework.web.servlet.mvc.method.annotation.RequestMappingHandlerAdapter.initControllerAdviceCache Looking for @ControllerAdvice: Root WebApplicationContext: startup date [Tue May 07 10:24:11 EDT 2019]; root of context hierarchy
07-May-2019 10:24:12.386 INFO [http-nio-8080-exec-17] org.springframework.web.context.ContextLoader.initWebApplicationContext Root WebApplicationContext: initialization completed in 1364 ms
07-May-2019 10:24:12.389 INFO [http-nio-8080-exec-17] org.apache.catalina.core.StandardContext.reload Reloading Context with name [/FlooringCalculatorSpringMVC] is completed
07-May-2019 10:25:04.752 INFO [http-nio-8080-exec-15] org.apache.catalina.core.StandardContext.reload Reloading Context with name [/FlooringCalculatorSpringMVC] has started
07-May-2019 10:25:04.755 INFO [http-nio-8080-exec-15] org.springframework.web.context.support.XmlWebApplicationContext.doClose Closing Root WebApplicationContext: startup date [Tue May 07 10:24:11 EDT 2019]; root of context hierarchy
07-May-2019 10:25:05.720 INFO [http-nio-8080-exec-15] org.apache.jasper.servlet.TldScanner.scanJars At least one JAR was scanned for TLDs yet contained no TLDs. Enable debug logging for this logger for a complete list of JARs that were scanned but no TLDs were found in them. Skipping unneeded JARs during scanning can improve startup time and JSP compilation time.
07-May-2019 10:25:05.748 INFO [http-nio-8080-exec-15] org.springframework.web.context.ContextLoader.initWebApplicationContext Root WebApplicationContext: initialization started
07-May-2019 10:25:05.794 INFO [http-nio-8080-exec-15] org.springframework.web.context.support.XmlWebApplicationContext.prepareRefresh Refreshing Root WebApplicationContext: startup date [Tue May 07 10:25:05 EDT 2019]; root of context hierarchy
07-May-2019 10:25:05.834 INFO [http-nio-8080-exec-15] org.springframework.beans.factory.xml.XmlBeanDefinitionReader.loadBeanDefinitions Loading XML bean definitions from ServletContext resource [/WEB-INF/spring-dispatcher-servlet.xml]
07-May-2019 10:25:06.005 INFO [http-nio-8080-exec-15] org.springframework.beans.factory.xml.XmlBeanDefinitionReader.loadBeanDefinitions Loading XML bean definitions from class path resource [spring-persistence.xml]
07-May-2019 10:25:06.109 INFO [http-nio-8080-exec-15] org.springframework.beans.factory.annotation.AutowiredAnnotationBeanPostProcessor.<init> JSR-330 'javax.inject.Inject' annotation found and supported for autowiring
07-May-2019 10:25:06.363 INFO [http-nio-8080-exec-15] org.springframework.web.servlet.mvc.method.annotation.RequestMappingHandlerMapping.register Mapped "{[/hello/sayhi],methods=[GET]}" onto public java.lang.String com.sg.flooringcalculatorspringmvc.HelloController.sayHi(java.util.Map<java.lang.String, java.lang.Object>)
07-May-2019 10:25:06.421 INFO [http-nio-8080-exec-15] org.hibernate.validator.internal.util.Version.<clinit> HV000001: Hibernate Validator 5.2.2.Final
07-May-2019 10:25:06.960 INFO [http-nio-8080-exec-15] org.springframework.web.servlet.mvc.method.annotation.RequestMappingHandlerAdapter.initControllerAdviceCache Looking for @ControllerAdvice: Root WebApplicationContext: startup date [Tue May 07 10:25:05 EDT 2019]; root of context hierarchy
07-May-2019 10:25:07.017 INFO [http-nio-8080-exec-15] org.springframework.web.servlet.mvc.method.annotation.RequestMappingHandlerAdapter.initControllerAdviceCache Looking for @ControllerAdvice: Root WebApplicationContext: startup date [Tue May 07 10:25:05 EDT 2019]; root of context hierarchy
07-May-2019 10:25:07.129 INFO [http-nio-8080-exec-15] org.springframework.web.context.ContextLoader.initWebApplicationContext Root WebApplicationContext: initialization completed in 1380 ms
07-May-2019 10:25:07.132 INFO [http-nio-8080-exec-15] org.apache.catalina.core.StandardContext.reload Reloading Context with name [/FlooringCalculatorSpringMVC] is completed
07-May-2019 10:54:56.823 INFO [main] org.apache.catalina.core.StandardServer.await A valid shutdown command was received via the shutdown port. Stopping the Server instance.
07-May-2019 10:54:56.823 INFO [main] org.apache.coyote.AbstractProtocol.pause Pausing ProtocolHandler ["http-nio-8080"]
07-May-2019 10:54:56.876 INFO [main] org.apache.coyote.AbstractProtocol.pause Pausing ProtocolHandler ["ajp-nio-8009"]
07-May-2019 10:54:56.927 INFO [main] org.apache.catalina.core.StandardService.stopInternal Stopping service Catalina
07-May-2019 10:54:56.953 INFO [localhost-startStop-2] org.springframework.web.context.support.XmlWebApplicationContext.doClose Closing Root WebApplicationContext: startup date [Tue May 07 10:25:05 EDT 2019]; root of context hierarchy
07-May-2019 10:54:56.973 INFO [main] org.apache.coyote.AbstractProtocol.stop Stopping ProtocolHandler ["http-nio-8080"]
07-May-2019 10:54:56.975 INFO [main] org.apache.coyote.AbstractProtocol.stop Stopping ProtocolHandler ["ajp-nio-8009"]
07-May-2019 10:54:56.976 INFO [main] org.apache.coyote.AbstractProtocol.destroy Destroying ProtocolHandler ["http-nio-8080"]
07-May-2019 10:54:56.977 INFO [main] org.apache.coyote.AbstractProtocol.destroy Destroying ProtocolHandler ["ajp-nio-8009"]
