09-May-2019 09:43:43.336 INFO [main] org.apache.catalina.startup.VersionLoggerListener.log Server version:        Apache Tomcat/8.5.11
09-May-2019 09:43:43.341 INFO [main] org.apache.catalina.startup.VersionLoggerListener.log Server built:          Jan 10 2017 21:02:52 UTC
09-May-2019 09:43:43.341 INFO [main] org.apache.catalina.startup.VersionLoggerListener.log Server number:         8.5.11.0
09-May-2019 09:43:43.342 INFO [main] org.apache.catalina.startup.VersionLoggerListener.log OS Name:               Linux
09-May-2019 09:43:43.343 INFO [main] org.apache.catalina.startup.VersionLoggerListener.log OS Version:            5.0.13-1-ck-ivybridge
09-May-2019 09:43:43.344 INFO [main] org.apache.catalina.startup.VersionLoggerListener.log Architecture:          amd64
09-May-2019 09:43:43.346 INFO [main] org.apache.catalina.startup.VersionLoggerListener.log Java Home:             /usr/lib/jvm/java-8-jdk/jre
09-May-2019 09:43:43.347 INFO [main] org.apache.catalina.startup.VersionLoggerListener.log JVM Version:           1.8.0_202-b08
09-May-2019 09:43:43.347 INFO [main] org.apache.catalina.startup.VersionLoggerListener.log JVM Vendor:            Oracle Corporation
09-May-2019 09:43:43.347 INFO [main] org.apache.catalina.startup.VersionLoggerListener.log CATALINA_BASE:         /home/souldj673/Documents/school-work-backup/Web Services/Tomcat-Server
09-May-2019 09:43:43.348 INFO [main] org.apache.catalina.startup.VersionLoggerListener.log CATALINA_HOME:         /home/souldj673/Documents/school-work-backup/Web Services/Tomcat-Server
09-May-2019 09:43:43.348 INFO [main] org.apache.catalina.startup.VersionLoggerListener.log Command line argument: -Djava.util.logging.config.file=/home/souldj673/Documents/school-work-backup/Web Services/Tomcat-Server/conf/logging.properties
09-May-2019 09:43:43.349 INFO [main] org.apache.catalina.startup.VersionLoggerListener.log Command line argument: -Djava.util.logging.manager=org.apache.juli.ClassLoaderLogManager
09-May-2019 09:43:43.349 INFO [main] org.apache.catalina.startup.VersionLoggerListener.log Command line argument: -Djdk.tls.ephemeralDHKeySize=2048
09-May-2019 09:43:43.349 INFO [main] org.apache.catalina.startup.VersionLoggerListener.log Command line argument: -Djava.protocol.handler.pkgs=org.apache.catalina.webresources
09-May-2019 09:43:43.349 INFO [main] org.apache.catalina.startup.VersionLoggerListener.log Command line argument: -Dcatalina.base=/home/souldj673/Documents/school-work-backup/Web Services/Tomcat-Server
09-May-2019 09:43:43.349 INFO [main] org.apache.catalina.startup.VersionLoggerListener.log Command line argument: -Dcatalina.home=/home/souldj673/Documents/school-work-backup/Web Services/Tomcat-Server
09-May-2019 09:43:43.349 INFO [main] org.apache.catalina.startup.VersionLoggerListener.log Command line argument: -Djava.io.tmpdir=/home/souldj673/Documents/school-work-backup/Web Services/Tomcat-Server/temp
09-May-2019 09:43:43.350 INFO [main] org.apache.catalina.core.AprLifecycleListener.lifecycleEvent The APR based Apache Tomcat Native library which allows optimal performance in production environments was not found on the java.library.path: /usr/java/packages/lib/amd64:/usr/lib64:/lib64:/lib:/usr/lib
09-May-2019 09:43:43.725 INFO [main] org.apache.coyote.AbstractProtocol.init Initializing ProtocolHandler ["http-nio-8080"]
09-May-2019 09:43:43.771 INFO [main] org.apache.tomcat.util.net.NioSelectorPool.getSharedSelector Using a shared selector for servlet write/read
09-May-2019 09:43:43.775 INFO [main] org.apache.coyote.AbstractProtocol.init Initializing ProtocolHandler ["ajp-nio-8009"]
09-May-2019 09:43:43.778 INFO [main] org.apache.tomcat.util.net.NioSelectorPool.getSharedSelector Using a shared selector for servlet write/read
09-May-2019 09:43:43.779 INFO [main] org.apache.catalina.startup.Catalina.load Initialization processed in 1419 ms
09-May-2019 09:43:43.885 INFO [main] org.apache.catalina.core.StandardService.startInternal Starting service Catalina
09-May-2019 09:43:43.886 INFO [main] org.apache.catalina.core.StandardEngine.startInternal Starting Servlet Engine: Apache Tomcat/8.5.11
09-May-2019 09:43:43.913 INFO [localhost-startStop-1] org.apache.catalina.startup.HostConfig.deployDescriptor Deploying configuration descriptor /home/souldj673/Documents/school-work-backup/Web Services/Tomcat-Server/conf/Catalina/localhost/FlooringCalculatorSpringMVC.xml
09-May-2019 09:43:46.320 INFO [localhost-startStop-1] org.apache.jasper.servlet.TldScanner.scanJars At least one JAR was scanned for TLDs yet contained no TLDs. Enable debug logging for this logger for a complete list of JARs that were scanned but no TLDs were found in them. Skipping unneeded JARs during scanning can improve startup time and JSP compilation time.
09-May-2019 09:43:46.397 INFO [localhost-startStop-1] org.springframework.web.context.ContextLoader.initWebApplicationContext Root WebApplicationContext: initialization started
09-May-2019 09:43:46.487 INFO [localhost-startStop-1] org.springframework.web.context.support.XmlWebApplicationContext.prepareRefresh Refreshing Root WebApplicationContext: startup date [Thu May 09 09:43:46 EDT 2019]; root of context hierarchy
09-May-2019 09:43:46.558 INFO [localhost-startStop-1] org.springframework.beans.factory.xml.XmlBeanDefinitionReader.loadBeanDefinitions Loading XML bean definitions from ServletContext resource [/WEB-INF/spring-dispatcher-servlet.xml]
09-May-2019 09:43:46.940 INFO [localhost-startStop-1] org.springframework.beans.factory.xml.XmlBeanDefinitionReader.loadBeanDefinitions Loading XML bean definitions from class path resource [spring-persistence.xml]
09-May-2019 09:43:47.207 INFO [localhost-startStop-1] org.springframework.beans.factory.annotation.AutowiredAnnotationBeanPostProcessor.<init> JSR-330 'javax.inject.Inject' annotation found and supported for autowiring
09-May-2019 09:43:47.711 INFO [localhost-startStop-1] org.springframework.web.servlet.mvc.method.annotation.RequestMappingHandlerMapping.register Mapped "{[/hello/sayhi],methods=[GET]}" onto public java.lang.String com.sg.flooringcalculatorspringmvc.HelloController.sayHi(java.util.Map<java.lang.String, java.lang.Object>)
09-May-2019 09:43:47.789 INFO [localhost-startStop-1] org.hibernate.validator.internal.util.Version.<clinit> HV000001: Hibernate Validator 5.2.2.Final
09-May-2019 09:43:48.320 INFO [localhost-startStop-1] org.springframework.web.servlet.mvc.method.annotation.RequestMappingHandlerAdapter.initControllerAdviceCache Looking for @ControllerAdvice: Root WebApplicationContext: startup date [Thu May 09 09:43:46 EDT 2019]; root of context hierarchy
09-May-2019 09:43:48.395 INFO [localhost-startStop-1] org.springframework.web.servlet.mvc.method.annotation.RequestMappingHandlerAdapter.initControllerAdviceCache Looking for @ControllerAdvice: Root WebApplicationContext: startup date [Thu May 09 09:43:46 EDT 2019]; root of context hierarchy
09-May-2019 09:43:48.586 INFO [localhost-startStop-1] org.springframework.web.context.ContextLoader.initWebApplicationContext Root WebApplicationContext: initialization completed in 2189 ms
09-May-2019 09:43:48.620 INFO [localhost-startStop-1] org.apache.catalina.startup.HostConfig.deployDescriptor Deployment of configuration descriptor /home/souldj673/Documents/school-work-backup/Web Services/Tomcat-Server/conf/Catalina/localhost/FlooringCalculatorSpringMVC.xml has finished in 4,706 ms
09-May-2019 09:43:48.622 INFO [localhost-startStop-1] org.apache.catalina.startup.HostConfig.deployDirectory Deploying web application directory /home/souldj673/Documents/school-work-backup/Web Services/Tomcat-Server/webapps/docs
09-May-2019 09:43:48.699 INFO [localhost-startStop-1] org.apache.jasper.servlet.TldScanner.scanJars At least one JAR was scanned for TLDs yet contained no TLDs. Enable debug logging for this logger for a complete list of JARs that were scanned but no TLDs were found in them. Skipping unneeded JARs during scanning can improve startup time and JSP compilation time.
09-May-2019 09:43:48.701 INFO [localhost-startStop-1] org.apache.catalina.startup.HostConfig.deployDirectory Deployment of web application directory /home/souldj673/Documents/school-work-backup/Web Services/Tomcat-Server/webapps/docs has finished in 79 ms
09-May-2019 09:43:48.702 INFO [localhost-startStop-1] org.apache.catalina.startup.HostConfig.deployDirectory Deploying web application directory /home/souldj673/Documents/school-work-backup/Web Services/Tomcat-Server/webapps/manager
09-May-2019 09:43:48.779 INFO [localhost-startStop-1] org.apache.jasper.servlet.TldScanner.scanJars At least one JAR was scanned for TLDs yet contained no TLDs. Enable debug logging for this logger for a complete list of JARs that were scanned but no TLDs were found in them. Skipping unneeded JARs during scanning can improve startup time and JSP compilation time.
09-May-2019 09:43:48.789 INFO [localhost-startStop-1] org.apache.catalina.startup.HostConfig.deployDirectory Deployment of web application directory /home/souldj673/Documents/school-work-backup/Web Services/Tomcat-Server/webapps/manager has finished in 86 ms
09-May-2019 09:43:48.789 INFO [localhost-startStop-1] org.apache.catalina.startup.HostConfig.deployDirectory Deploying web application directory /home/souldj673/Documents/school-work-backup/Web Services/Tomcat-Server/webapps/examples
09-May-2019 09:43:49.019 INFO [localhost-startStop-1] org.apache.jasper.servlet.TldScanner.scanJars At least one JAR was scanned for TLDs yet contained no TLDs. Enable debug logging for this logger for a complete list of JARs that were scanned but no TLDs were found in them. Skipping unneeded JARs during scanning can improve startup time and JSP compilation time.
09-May-2019 09:43:49.074 INFO [localhost-startStop-1] org.apache.catalina.startup.HostConfig.deployDirectory Deployment of web application directory /home/souldj673/Documents/school-work-backup/Web Services/Tomcat-Server/webapps/examples has finished in 285 ms
09-May-2019 09:43:49.075 INFO [localhost-startStop-1] org.apache.catalina.startup.HostConfig.deployDirectory Deploying web application directory /home/souldj673/Documents/school-work-backup/Web Services/Tomcat-Server/webapps/ROOT
09-May-2019 09:43:49.153 INFO [localhost-startStop-1] org.apache.jasper.servlet.TldScanner.scanJars At least one JAR was scanned for TLDs yet contained no TLDs. Enable debug logging for this logger for a complete list of JARs that were scanned but no TLDs were found in them. Skipping unneeded JARs during scanning can improve startup time and JSP compilation time.
09-May-2019 09:43:49.157 INFO [localhost-startStop-1] org.apache.catalina.startup.HostConfig.deployDirectory Deployment of web application directory /home/souldj673/Documents/school-work-backup/Web Services/Tomcat-Server/webapps/ROOT has finished in 82 ms
09-May-2019 09:43:49.158 INFO [localhost-startStop-1] org.apache.catalina.startup.HostConfig.deployDirectory Deploying web application directory /home/souldj673/Documents/school-work-backup/Web Services/Tomcat-Server/webapps/host-manager
09-May-2019 09:43:49.253 INFO [localhost-startStop-1] org.apache.jasper.servlet.TldScanner.scanJars At least one JAR was scanned for TLDs yet contained no TLDs. Enable debug logging for this logger for a complete list of JARs that were scanned but no TLDs were found in them. Skipping unneeded JARs during scanning can improve startup time and JSP compilation time.
09-May-2019 09:43:49.255 INFO [localhost-startStop-1] org.apache.catalina.startup.HostConfig.deployDirectory Deployment of web application directory /home/souldj673/Documents/school-work-backup/Web Services/Tomcat-Server/webapps/host-manager has finished in 97 ms
09-May-2019 09:43:49.262 INFO [main] org.apache.coyote.AbstractProtocol.start Starting ProtocolHandler [http-nio-8080]
09-May-2019 09:43:49.272 INFO [main] org.apache.coyote.AbstractProtocol.start Starting ProtocolHandler [ajp-nio-8009]
09-May-2019 09:43:49.273 INFO [main] org.apache.catalina.startup.Catalina.start Server startup in 5494 ms
09-May-2019 09:43:53.796 INFO [http-nio-8080-exec-10] org.springframework.web.context.support.XmlWebApplicationContext.doClose Closing Root WebApplicationContext: startup date [Thu May 09 09:43:46 EDT 2019]; root of context hierarchy
09-May-2019 09:43:54.318 INFO [http-nio-8080-exec-10] org.apache.catalina.startup.HostConfig.undeploy Undeploying context [/FlooringCalculatorSpringMVC]
09-May-2019 09:43:54.399 INFO [http-nio-8080-exec-7] org.apache.catalina.startup.HostConfig.deployDescriptor Deploying configuration descriptor /home/souldj673/Documents/school-work-backup/Web Services/Tomcat-Server/conf/Catalina/localhost/FlooringCalculatorSpringMVC.xml
09-May-2019 09:43:55.720 INFO [http-nio-8080-exec-7] org.springframework.web.context.ContextLoader.initWebApplicationContext Root WebApplicationContext: initialization started
09-May-2019 09:43:55.810 INFO [http-nio-8080-exec-7] org.springframework.web.context.support.XmlWebApplicationContext.prepareRefresh Refreshing Root WebApplicationContext: startup date [Thu May 09 09:43:55 EDT 2019]; root of context hierarchy
09-May-2019 09:43:55.867 INFO [http-nio-8080-exec-7] org.springframework.beans.factory.xml.XmlBeanDefinitionReader.loadBeanDefinitions Loading XML bean definitions from ServletContext resource [/WEB-INF/spring-dispatcher-servlet.xml]
09-May-2019 09:43:56.132 INFO [http-nio-8080-exec-7] org.springframework.beans.factory.xml.XmlBeanDefinitionReader.loadBeanDefinitions Loading XML bean definitions from class path resource [spring-persistence.xml]
09-May-2019 09:43:56.324 INFO [http-nio-8080-exec-7] org.springframework.beans.factory.annotation.AutowiredAnnotationBeanPostProcessor.<init> JSR-330 'javax.inject.Inject' annotation found and supported for autowiring
09-May-2019 09:43:56.697 INFO [http-nio-8080-exec-7] org.springframework.web.servlet.mvc.method.annotation.RequestMappingHandlerMapping.register Mapped "{[/hello/sayhi],methods=[GET]}" onto public java.lang.String com.sg.flooringcalculatorspringmvc.HelloController.sayHi(java.util.Map<java.lang.String, java.lang.Object>)
09-May-2019 09:43:56.784 INFO [http-nio-8080-exec-7] org.hibernate.validator.internal.util.Version.<clinit> HV000001: Hibernate Validator 5.2.2.Final
09-May-2019 09:43:57.211 INFO [http-nio-8080-exec-7] org.springframework.web.servlet.mvc.method.annotation.RequestMappingHandlerAdapter.initControllerAdviceCache Looking for @ControllerAdvice: Root WebApplicationContext: startup date [Thu May 09 09:43:55 EDT 2019]; root of context hierarchy
09-May-2019 09:43:57.267 INFO [http-nio-8080-exec-7] org.springframework.web.servlet.mvc.method.annotation.RequestMappingHandlerAdapter.initControllerAdviceCache Looking for @ControllerAdvice: Root WebApplicationContext: startup date [Thu May 09 09:43:55 EDT 2019]; root of context hierarchy
09-May-2019 09:43:57.465 INFO [http-nio-8080-exec-7] org.springframework.web.context.ContextLoader.initWebApplicationContext Root WebApplicationContext: initialization completed in 1745 ms
09-May-2019 09:43:57.470 INFO [http-nio-8080-exec-7] org.apache.catalina.startup.HostConfig.deployDescriptor Deployment of configuration descriptor /home/souldj673/Documents/school-work-backup/Web Services/Tomcat-Server/conf/Catalina/localhost/FlooringCalculatorSpringMVC.xml has finished in 3,071 ms
09-May-2019 09:43:57.537 INFO [http-nio-8080-exec-3] org.apache.catalina.util.LifecycleBase.start The start() method was called on component [StandardEngine[Catalina].StandardHost[localhost].StandardContext[/FlooringCalculatorSpringMVC]] after start() had already been called. The second call will be ignored.
09-May-2019 09:44:07.811 INFO [http-nio-8080-exec-12] org.springframework.web.servlet.DispatcherServlet.initServletBean FrameworkServlet 'spring-dispatcher': initialization started
09-May-2019 09:44:07.816 INFO [http-nio-8080-exec-12] org.springframework.web.context.support.XmlWebApplicationContext.prepareRefresh Refreshing WebApplicationContext for namespace 'spring-dispatcher-servlet': startup date [Thu May 09 09:44:07 EDT 2019]; parent: Root WebApplicationContext
09-May-2019 09:44:07.817 INFO [http-nio-8080-exec-12] org.springframework.beans.factory.xml.XmlBeanDefinitionReader.loadBeanDefinitions Loading XML bean definitions from ServletContext resource [/WEB-INF/spring-dispatcher-servlet.xml]
09-May-2019 09:44:07.885 INFO [http-nio-8080-exec-12] org.springframework.beans.factory.annotation.AutowiredAnnotationBeanPostProcessor.<init> JSR-330 'javax.inject.Inject' annotation found and supported for autowiring
09-May-2019 09:44:07.928 INFO [http-nio-8080-exec-12] org.springframework.web.servlet.mvc.method.annotation.RequestMappingHandlerMapping.register Mapped "{[/hello/sayhi],methods=[GET]}" onto public java.lang.String com.sg.flooringcalculatorspringmvc.HelloController.sayHi(java.util.Map<java.lang.String, java.lang.Object>)
09-May-2019 09:44:07.992 INFO [http-nio-8080-exec-12] org.springframework.web.servlet.mvc.method.annotation.RequestMappingHandlerAdapter.initControllerAdviceCache Looking for @ControllerAdvice: WebApplicationContext for namespace 'spring-dispatcher-servlet': startup date [Thu May 09 09:44:07 EDT 2019]; parent: Root WebApplicationContext
09-May-2019 09:44:08.013 INFO [http-nio-8080-exec-12] org.springframework.web.servlet.mvc.method.annotation.RequestMappingHandlerAdapter.initControllerAdviceCache Looking for @ControllerAdvice: WebApplicationContext for namespace 'spring-dispatcher-servlet': startup date [Thu May 09 09:44:07 EDT 2019]; parent: Root WebApplicationContext
09-May-2019 09:44:08.126 INFO [http-nio-8080-exec-12] org.springframework.web.servlet.DispatcherServlet.initServletBean FrameworkServlet 'spring-dispatcher': initialization completed in 315 ms
09-May-2019 09:44:08.146 WARNING [http-nio-8080-exec-12] org.springframework.web.servlet.PageNotFound.noHandlerFound No mapping found for HTTP request with URI [/FlooringCalculatorSpringMVC/flooringCalculator] in DispatcherServlet with name 'spring-dispatcher'
09-May-2019 09:44:58.400 INFO [http-nio-8080-exec-13] org.springframework.web.context.support.XmlWebApplicationContext.doClose Closing WebApplicationContext for namespace 'spring-dispatcher-servlet': startup date [Thu May 09 09:44:07 EDT 2019]; parent: Root WebApplicationContext
09-May-2019 09:44:58.415 INFO [http-nio-8080-exec-13] org.springframework.web.context.support.XmlWebApplicationContext.doClose Closing Root WebApplicationContext: startup date [Thu May 09 09:43:55 EDT 2019]; root of context hierarchy
09-May-2019 09:44:58.927 INFO [http-nio-8080-exec-13] org.apache.catalina.startup.HostConfig.undeploy Undeploying context [/FlooringCalculatorSpringMVC]
09-May-2019 09:44:58.995 INFO [http-nio-8080-exec-3] org.apache.catalina.startup.HostConfig.deployDescriptor Deploying configuration descriptor /home/souldj673/Documents/school-work-backup/Web Services/Tomcat-Server/conf/Catalina/localhost/FlooringCalculatorSpringMVC.xml
09-May-2019 09:44:59.754 INFO [http-nio-8080-exec-3] org.springframework.web.context.ContextLoader.initWebApplicationContext Root WebApplicationContext: initialization started
09-May-2019 09:44:59.804 INFO [http-nio-8080-exec-3] org.springframework.web.context.support.XmlWebApplicationContext.prepareRefresh Refreshing Root WebApplicationContext: startup date [Thu May 09 09:44:59 EDT 2019]; root of context hierarchy
09-May-2019 09:44:59.862 INFO [http-nio-8080-exec-3] org.springframework.beans.factory.xml.XmlBeanDefinitionReader.loadBeanDefinitions Loading XML bean definitions from ServletContext resource [/WEB-INF/spring-dispatcher-servlet.xml]
09-May-2019 09:45:00.136 INFO [http-nio-8080-exec-3] org.springframework.beans.factory.xml.XmlBeanDefinitionReader.loadBeanDefinitions Loading XML bean definitions from class path resource [spring-persistence.xml]
09-May-2019 09:45:00.382 INFO [http-nio-8080-exec-3] org.springframework.beans.factory.annotation.AutowiredAnnotationBeanPostProcessor.<init> JSR-330 'javax.inject.Inject' annotation found and supported for autowiring
09-May-2019 09:45:00.679 INFO [http-nio-8080-exec-3] org.springframework.web.servlet.mvc.method.annotation.RequestMappingHandlerMapping.register Mapped "{[/hello/sayhi],methods=[GET]}" onto public java.lang.String com.sg.flooringcalculatorspringmvc.HelloController.sayHi(java.util.Map<java.lang.String, java.lang.Object>)
09-May-2019 09:45:00.733 INFO [http-nio-8080-exec-3] org.hibernate.validator.internal.util.Version.<clinit> HV000001: Hibernate Validator 5.2.2.Final
09-May-2019 09:45:01.055 INFO [http-nio-8080-exec-3] org.springframework.web.servlet.mvc.method.annotation.RequestMappingHandlerAdapter.initControllerAdviceCache Looking for @ControllerAdvice: Root WebApplicationContext: startup date [Thu May 09 09:44:59 EDT 2019]; root of context hierarchy
09-May-2019 09:45:01.114 INFO [http-nio-8080-exec-3] org.springframework.web.servlet.mvc.method.annotation.RequestMappingHandlerAdapter.initControllerAdviceCache Looking for @ControllerAdvice: Root WebApplicationContext: startup date [Thu May 09 09:44:59 EDT 2019]; root of context hierarchy
09-May-2019 09:45:01.262 INFO [http-nio-8080-exec-3] org.springframework.web.context.ContextLoader.initWebApplicationContext Root WebApplicationContext: initialization completed in 1508 ms
09-May-2019 09:45:01.268 INFO [http-nio-8080-exec-3] org.apache.catalina.startup.HostConfig.deployDescriptor Deployment of configuration descriptor /home/souldj673/Documents/school-work-backup/Web Services/Tomcat-Server/conf/Catalina/localhost/FlooringCalculatorSpringMVC.xml has finished in 2,274 ms
09-May-2019 09:45:01.336 INFO [http-nio-8080-exec-11] org.apache.catalina.util.LifecycleBase.start The start() method was called on component [StandardEngine[Catalina].StandardHost[localhost].StandardContext[/FlooringCalculatorSpringMVC]] after start() had already been called. The second call will be ignored.
09-May-2019 09:45:13.938 INFO [http-nio-8080-exec-11] org.springframework.web.context.support.XmlWebApplicationContext.doClose Closing Root WebApplicationContext: startup date [Thu May 09 09:44:59 EDT 2019]; root of context hierarchy
09-May-2019 09:45:14.455 INFO [http-nio-8080-exec-11] org.apache.catalina.startup.HostConfig.undeploy Undeploying context [/FlooringCalculatorSpringMVC]
09-May-2019 09:45:14.518 INFO [http-nio-8080-exec-16] org.apache.catalina.startup.HostConfig.deployDescriptor Deploying configuration descriptor /home/souldj673/Documents/school-work-backup/Web Services/Tomcat-Server/conf/Catalina/localhost/FlooringCalculatorSpringMVC.xml
09-May-2019 09:45:15.477 INFO [http-nio-8080-exec-16] org.springframework.web.context.ContextLoader.initWebApplicationContext Root WebApplicationContext: initialization started
09-May-2019 09:45:15.538 INFO [http-nio-8080-exec-16] org.springframework.web.context.support.XmlWebApplicationContext.prepareRefresh Refreshing Root WebApplicationContext: startup date [Thu May 09 09:45:15 EDT 2019]; root of context hierarchy
09-May-2019 09:45:15.606 INFO [http-nio-8080-exec-16] org.springframework.beans.factory.xml.XmlBeanDefinitionReader.loadBeanDefinitions Loading XML bean definitions from ServletContext resource [/WEB-INF/spring-dispatcher-servlet.xml]
09-May-2019 09:45:15.872 INFO [http-nio-8080-exec-16] org.springframework.beans.factory.xml.XmlBeanDefinitionReader.loadBeanDefinitions Loading XML bean definitions from class path resource [spring-persistence.xml]
09-May-2019 09:45:16.233 INFO [http-nio-8080-exec-16] org.springframework.beans.factory.annotation.AutowiredAnnotationBeanPostProcessor.<init> JSR-330 'javax.inject.Inject' annotation found and supported for autowiring
09-May-2019 09:45:16.506 INFO [http-nio-8080-exec-16] org.springframework.web.servlet.mvc.method.annotation.RequestMappingHandlerMapping.register Mapped "{[/hello/sayhi],methods=[GET]}" onto public java.lang.String com.sg.flooringcalculatorspringmvc.HelloController.sayHi(java.util.Map<java.lang.String, java.lang.Object>)
09-May-2019 09:45:16.583 INFO [http-nio-8080-exec-16] org.hibernate.validator.internal.util.Version.<clinit> HV000001: Hibernate Validator 5.2.2.Final
09-May-2019 09:45:16.965 INFO [http-nio-8080-exec-16] org.springframework.web.servlet.mvc.method.annotation.RequestMappingHandlerAdapter.initControllerAdviceCache Looking for @ControllerAdvice: Root WebApplicationContext: startup date [Thu May 09 09:45:15 EDT 2019]; root of context hierarchy
09-May-2019 09:45:17.032 INFO [http-nio-8080-exec-16] org.springframework.web.servlet.mvc.method.annotation.RequestMappingHandlerAdapter.initControllerAdviceCache Looking for @ControllerAdvice: Root WebApplicationContext: startup date [Thu May 09 09:45:15 EDT 2019]; root of context hierarchy
09-May-2019 09:45:17.214 INFO [http-nio-8080-exec-16] org.springframework.web.context.ContextLoader.initWebApplicationContext Root WebApplicationContext: initialization completed in 1737 ms
09-May-2019 09:45:17.226 INFO [http-nio-8080-exec-16] org.apache.catalina.startup.HostConfig.deployDescriptor Deployment of configuration descriptor /home/souldj673/Documents/school-work-backup/Web Services/Tomcat-Server/conf/Catalina/localhost/FlooringCalculatorSpringMVC.xml has finished in 2,708 ms
09-May-2019 09:45:17.299 INFO [http-nio-8080-exec-14] org.apache.catalina.util.LifecycleBase.start The start() method was called on component [StandardEngine[Catalina].StandardHost[localhost].StandardContext[/FlooringCalculatorSpringMVC]] after start() had already been called. The second call will be ignored.
09-May-2019 09:45:24.672 INFO [http-nio-8080-exec-11] org.springframework.web.servlet.DispatcherServlet.initServletBean FrameworkServlet 'spring-dispatcher': initialization started
09-May-2019 09:45:24.677 INFO [http-nio-8080-exec-11] org.springframework.web.context.support.XmlWebApplicationContext.prepareRefresh Refreshing WebApplicationContext for namespace 'spring-dispatcher-servlet': startup date [Thu May 09 09:45:24 EDT 2019]; parent: Root WebApplicationContext
09-May-2019 09:45:24.678 INFO [http-nio-8080-exec-11] org.springframework.beans.factory.xml.XmlBeanDefinitionReader.loadBeanDefinitions Loading XML bean definitions from ServletContext resource [/WEB-INF/spring-dispatcher-servlet.xml]
09-May-2019 09:45:24.718 INFO [http-nio-8080-exec-11] org.springframework.beans.factory.annotation.AutowiredAnnotationBeanPostProcessor.<init> JSR-330 'javax.inject.Inject' annotation found and supported for autowiring
09-May-2019 09:45:24.757 INFO [http-nio-8080-exec-11] org.springframework.web.servlet.mvc.method.annotation.RequestMappingHandlerMapping.register Mapped "{[/hello/sayhi],methods=[GET]}" onto public java.lang.String com.sg.flooringcalculatorspringmvc.HelloController.sayHi(java.util.Map<java.lang.String, java.lang.Object>)
09-May-2019 09:45:24.817 INFO [http-nio-8080-exec-11] org.springframework.web.servlet.mvc.method.annotation.RequestMappingHandlerAdapter.initControllerAdviceCache Looking for @ControllerAdvice: WebApplicationContext for namespace 'spring-dispatcher-servlet': startup date [Thu May 09 09:45:24 EDT 2019]; parent: Root WebApplicationContext
09-May-2019 09:45:24.840 INFO [http-nio-8080-exec-11] org.springframework.web.servlet.mvc.method.annotation.RequestMappingHandlerAdapter.initControllerAdviceCache Looking for @ControllerAdvice: WebApplicationContext for namespace 'spring-dispatcher-servlet': startup date [Thu May 09 09:45:24 EDT 2019]; parent: Root WebApplicationContext
09-May-2019 09:45:24.963 INFO [http-nio-8080-exec-11] org.springframework.web.servlet.DispatcherServlet.initServletBean FrameworkServlet 'spring-dispatcher': initialization completed in 290 ms
09-May-2019 09:45:24.994 WARNING [http-nio-8080-exec-11] org.springframework.web.servlet.PageNotFound.noHandlerFound No mapping found for HTTP request with URI [/FlooringCalculatorSpringMVC/flooringCalculator] in DispatcherServlet with name 'spring-dispatcher'
09-May-2019 09:46:35.353 INFO [http-nio-8080-exec-26] org.springframework.web.context.support.XmlWebApplicationContext.doClose Closing WebApplicationContext for namespace 'spring-dispatcher-servlet': startup date [Thu May 09 09:45:24 EDT 2019]; parent: Root WebApplicationContext
09-May-2019 09:46:35.357 INFO [http-nio-8080-exec-26] org.springframework.web.context.support.XmlWebApplicationContext.doClose Closing Root WebApplicationContext: startup date [Thu May 09 09:45:15 EDT 2019]; root of context hierarchy
09-May-2019 09:46:35.881 INFO [http-nio-8080-exec-26] org.apache.catalina.startup.HostConfig.undeploy Undeploying context [/FlooringCalculatorSpringMVC]
09-May-2019 09:46:49.374 INFO [http-nio-8080-exec-28] org.apache.catalina.startup.HostConfig.deployDescriptor Deploying configuration descriptor /home/souldj673/Documents/school-work-backup/Web Services/Tomcat-Server/conf/Catalina/localhost/FlooringCalculatorSpringMVC.xml
09-May-2019 09:46:50.052 INFO [http-nio-8080-exec-28] org.springframework.web.context.ContextLoader.initWebApplicationContext Root WebApplicationContext: initialization started
09-May-2019 09:46:50.093 INFO [http-nio-8080-exec-28] org.springframework.web.context.support.XmlWebApplicationContext.prepareRefresh Refreshing Root WebApplicationContext: startup date [Thu May 09 09:46:50 EDT 2019]; root of context hierarchy
09-May-2019 09:46:50.130 INFO [http-nio-8080-exec-28] org.springframework.beans.factory.xml.XmlBeanDefinitionReader.loadBeanDefinitions Loading XML bean definitions from ServletContext resource [/WEB-INF/spring-dispatcher-servlet.xml]
09-May-2019 09:46:50.284 INFO [http-nio-8080-exec-28] org.springframework.beans.factory.xml.XmlBeanDefinitionReader.loadBeanDefinitions Loading XML bean definitions from class path resource [spring-persistence.xml]
09-May-2019 09:46:50.405 INFO [http-nio-8080-exec-28] org.springframework.beans.factory.annotation.AutowiredAnnotationBeanPostProcessor.<init> JSR-330 'javax.inject.Inject' annotation found and supported for autowiring
09-May-2019 09:46:50.701 INFO [http-nio-8080-exec-28] org.springframework.web.servlet.mvc.method.annotation.RequestMappingHandlerMapping.register Mapped "{[/hello/sayhi],methods=[GET]}" onto public java.lang.String com.sg.flooringcalculatorspringmvc.HelloController.sayHi(java.util.Map<java.lang.String, java.lang.Object>)
09-May-2019 09:46:50.755 INFO [http-nio-8080-exec-28] org.hibernate.validator.internal.util.Version.<clinit> HV000001: Hibernate Validator 5.2.2.Final
09-May-2019 09:46:51.277 INFO [http-nio-8080-exec-28] org.springframework.web.servlet.mvc.method.annotation.RequestMappingHandlerAdapter.initControllerAdviceCache Looking for @ControllerAdvice: Root WebApplicationContext: startup date [Thu May 09 09:46:50 EDT 2019]; root of context hierarchy
09-May-2019 09:46:51.344 INFO [http-nio-8080-exec-28] org.springframework.web.servlet.mvc.method.annotation.RequestMappingHandlerAdapter.initControllerAdviceCache Looking for @ControllerAdvice: Root WebApplicationContext: startup date [Thu May 09 09:46:50 EDT 2019]; root of context hierarchy
09-May-2019 09:46:51.485 INFO [http-nio-8080-exec-28] org.springframework.web.context.ContextLoader.initWebApplicationContext Root WebApplicationContext: initialization completed in 1433 ms
09-May-2019 09:46:51.489 INFO [http-nio-8080-exec-28] org.apache.catalina.startup.HostConfig.deployDescriptor Deployment of configuration descriptor /home/souldj673/Documents/school-work-backup/Web Services/Tomcat-Server/conf/Catalina/localhost/FlooringCalculatorSpringMVC.xml has finished in 2,114 ms
09-May-2019 09:46:51.555 INFO [http-nio-8080-exec-23] org.apache.catalina.util.LifecycleBase.start The start() method was called on component [StandardEngine[Catalina].StandardHost[localhost].StandardContext[/FlooringCalculatorSpringMVC]] after start() had already been called. The second call will be ignored.
09-May-2019 09:46:58.720 INFO [http-nio-8080-exec-26] org.springframework.web.servlet.DispatcherServlet.initServletBean FrameworkServlet 'spring-dispatcher': initialization started
09-May-2019 09:46:58.726 INFO [http-nio-8080-exec-26] org.springframework.web.context.support.XmlWebApplicationContext.prepareRefresh Refreshing WebApplicationContext for namespace 'spring-dispatcher-servlet': startup date [Thu May 09 09:46:58 EDT 2019]; parent: Root WebApplicationContext
09-May-2019 09:46:58.726 INFO [http-nio-8080-exec-26] org.springframework.beans.factory.xml.XmlBeanDefinitionReader.loadBeanDefinitions Loading XML bean definitions from ServletContext resource [/WEB-INF/spring-dispatcher-servlet.xml]
09-May-2019 09:46:58.753 INFO [http-nio-8080-exec-26] org.springframework.beans.factory.annotation.AutowiredAnnotationBeanPostProcessor.<init> JSR-330 'javax.inject.Inject' annotation found and supported for autowiring
09-May-2019 09:46:58.786 INFO [http-nio-8080-exec-26] org.springframework.web.servlet.mvc.method.annotation.RequestMappingHandlerMapping.register Mapped "{[/hello/sayhi],methods=[GET]}" onto public java.lang.String com.sg.flooringcalculatorspringmvc.HelloController.sayHi(java.util.Map<java.lang.String, java.lang.Object>)
09-May-2019 09:46:58.842 INFO [http-nio-8080-exec-26] org.springframework.web.servlet.mvc.method.annotation.RequestMappingHandlerAdapter.initControllerAdviceCache Looking for @ControllerAdvice: WebApplicationContext for namespace 'spring-dispatcher-servlet': startup date [Thu May 09 09:46:58 EDT 2019]; parent: Root WebApplicationContext
09-May-2019 09:46:58.863 INFO [http-nio-8080-exec-26] org.springframework.web.servlet.mvc.method.annotation.RequestMappingHandlerAdapter.initControllerAdviceCache Looking for @ControllerAdvice: WebApplicationContext for namespace 'spring-dispatcher-servlet': startup date [Thu May 09 09:46:58 EDT 2019]; parent: Root WebApplicationContext
09-May-2019 09:46:58.945 INFO [http-nio-8080-exec-26] org.springframework.web.servlet.DispatcherServlet.initServletBean FrameworkServlet 'spring-dispatcher': initialization completed in 224 ms
09-May-2019 09:46:58.960 WARNING [http-nio-8080-exec-26] org.springframework.web.servlet.PageNotFound.noHandlerFound No mapping found for HTTP request with URI [/FlooringCalculatorSpringMVC/flooringCalculator] in DispatcherServlet with name 'spring-dispatcher'
09-May-2019 09:48:12.794 WARNING [http-nio-8080-exec-33] org.springframework.web.servlet.PageNotFound.noHandlerFound No mapping found for HTTP request with URI [/FlooringCalculatorSpringMVC/flooringCalculator] in DispatcherServlet with name 'spring-dispatcher'
09-May-2019 09:48:18.238 WARNING [http-nio-8080-exec-36] org.springframework.web.servlet.PageNotFound.noHandlerFound No mapping found for HTTP request with URI [/FlooringCalculatorSpringMVC/flooringCalculator] in DispatcherServlet with name 'spring-dispatcher'
09-May-2019 09:48:22.572 WARNING [http-nio-8080-exec-30] org.springframework.web.servlet.PageNotFound.noHandlerFound No mapping found for HTTP request with URI [/FlooringCalculatorSpringMVC/flooringCalculator] in DispatcherServlet with name 'spring-dispatcher'
09-May-2019 09:48:49.371 INFO [http-nio-8080-exec-36] org.apache.catalina.core.StandardContext.reload Reloading Context with name [/FlooringCalculatorSpringMVC] has started
09-May-2019 09:48:49.373 INFO [http-nio-8080-exec-36] org.springframework.web.context.support.XmlWebApplicationContext.doClose Closing WebApplicationContext for namespace 'spring-dispatcher-servlet': startup date [Thu May 09 09:46:58 EDT 2019]; parent: Root WebApplicationContext
09-May-2019 09:48:49.377 INFO [http-nio-8080-exec-36] org.springframework.web.context.support.XmlWebApplicationContext.doClose Closing Root WebApplicationContext: startup date [Thu May 09 09:46:50 EDT 2019]; root of context hierarchy
09-May-2019 09:48:50.170 INFO [http-nio-8080-exec-36] org.springframework.web.context.ContextLoader.initWebApplicationContext Root WebApplicationContext: initialization started
09-May-2019 09:48:50.210 INFO [http-nio-8080-exec-36] org.springframework.web.context.support.XmlWebApplicationContext.prepareRefresh Refreshing Root WebApplicationContext: startup date [Thu May 09 09:48:50 EDT 2019]; root of context hierarchy
09-May-2019 09:48:50.247 INFO [http-nio-8080-exec-36] org.springframework.beans.factory.xml.XmlBeanDefinitionReader.loadBeanDefinitions Loading XML bean definitions from ServletContext resource [/WEB-INF/spring-dispatcher-servlet.xml]
09-May-2019 09:48:50.391 INFO [http-nio-8080-exec-36] org.springframework.beans.factory.xml.XmlBeanDefinitionReader.loadBeanDefinitions Loading XML bean definitions from class path resource [spring-persistence.xml]
09-May-2019 09:48:50.506 INFO [http-nio-8080-exec-36] org.springframework.beans.factory.annotation.AutowiredAnnotationBeanPostProcessor.<init> JSR-330 'javax.inject.Inject' annotation found and supported for autowiring
09-May-2019 09:48:50.747 INFO [http-nio-8080-exec-36] org.springframework.web.servlet.mvc.method.annotation.RequestMappingHandlerMapping.register Mapped "{[/hello/sayhi],methods=[GET]}" onto public java.lang.String com.sg.flooringcalculatorspringmvc.HelloController.sayHi(java.util.Map<java.lang.String, java.lang.Object>)
09-May-2019 09:48:50.789 INFO [http-nio-8080-exec-36] org.hibernate.validator.internal.util.Version.<clinit> HV000001: Hibernate Validator 5.2.2.Final
09-May-2019 09:48:51.171 INFO [http-nio-8080-exec-36] org.springframework.web.servlet.mvc.method.annotation.RequestMappingHandlerAdapter.initControllerAdviceCache Looking for @ControllerAdvice: Root WebApplicationContext: startup date [Thu May 09 09:48:50 EDT 2019]; root of context hierarchy
09-May-2019 09:48:51.239 INFO [http-nio-8080-exec-36] org.springframework.web.servlet.mvc.method.annotation.RequestMappingHandlerAdapter.initControllerAdviceCache Looking for @ControllerAdvice: Root WebApplicationContext: startup date [Thu May 09 09:48:50 EDT 2019]; root of context hierarchy
09-May-2019 09:48:51.342 INFO [http-nio-8080-exec-36] org.springframework.web.context.ContextLoader.initWebApplicationContext Root WebApplicationContext: initialization completed in 1172 ms
09-May-2019 09:48:51.350 INFO [http-nio-8080-exec-36] org.apache.catalina.core.StandardContext.reload Reloading Context with name [/FlooringCalculatorSpringMVC] is completed
09-May-2019 09:48:51.513 INFO [http-nio-8080-exec-38] org.apache.catalina.core.StandardContext.reload Reloading Context with name [/FlooringCalculatorSpringMVC] has started
09-May-2019 09:48:51.516 INFO [http-nio-8080-exec-38] org.springframework.web.context.support.XmlWebApplicationContext.doClose Closing Root WebApplicationContext: startup date [Thu May 09 09:48:50 EDT 2019]; root of context hierarchy
09-May-2019 09:48:52.343 INFO [http-nio-8080-exec-38] org.springframework.web.context.ContextLoader.initWebApplicationContext Root WebApplicationContext: initialization started
09-May-2019 09:48:52.380 INFO [http-nio-8080-exec-38] org.springframework.web.context.support.XmlWebApplicationContext.prepareRefresh Refreshing Root WebApplicationContext: startup date [Thu May 09 09:48:52 EDT 2019]; root of context hierarchy
09-May-2019 09:48:52.418 INFO [http-nio-8080-exec-38] org.springframework.beans.factory.xml.XmlBeanDefinitionReader.loadBeanDefinitions Loading XML bean definitions from ServletContext resource [/WEB-INF/spring-dispatcher-servlet.xml]
09-May-2019 09:48:52.551 INFO [http-nio-8080-exec-38] org.springframework.beans.factory.xml.XmlBeanDefinitionReader.loadBeanDefinitions Loading XML bean definitions from class path resource [spring-persistence.xml]
09-May-2019 09:48:52.642 INFO [http-nio-8080-exec-38] org.springframework.beans.factory.annotation.AutowiredAnnotationBeanPostProcessor.<init> JSR-330 'javax.inject.Inject' annotation found and supported for autowiring
09-May-2019 09:48:52.835 INFO [http-nio-8080-exec-38] org.springframework.web.servlet.mvc.method.annotation.RequestMappingHandlerMapping.register Mapped "{[/hello/sayhi],methods=[GET]}" onto public java.lang.String com.sg.flooringcalculatorspringmvc.HelloController.sayHi(java.util.Map<java.lang.String, java.lang.Object>)
09-May-2019 09:48:52.875 INFO [http-nio-8080-exec-38] org.hibernate.validator.internal.util.Version.<clinit> HV000001: Hibernate Validator 5.2.2.Final
09-May-2019 09:48:53.185 INFO [http-nio-8080-exec-38] org.springframework.web.servlet.mvc.method.annotation.RequestMappingHandlerAdapter.initControllerAdviceCache Looking for @ControllerAdvice: Root WebApplicationContext: startup date [Thu May 09 09:48:52 EDT 2019]; root of context hierarchy
09-May-2019 09:48:53.256 INFO [http-nio-8080-exec-38] org.springframework.web.servlet.mvc.method.annotation.RequestMappingHandlerAdapter.initControllerAdviceCache Looking for @ControllerAdvice: Root WebApplicationContext: startup date [Thu May 09 09:48:52 EDT 2019]; root of context hierarchy
09-May-2019 09:48:53.402 INFO [http-nio-8080-exec-38] org.springframework.web.context.ContextLoader.initWebApplicationContext Root WebApplicationContext: initialization completed in 1059 ms
09-May-2019 09:48:53.407 INFO [http-nio-8080-exec-38] org.apache.catalina.core.StandardContext.reload Reloading Context with name [/FlooringCalculatorSpringMVC] is completed
09-May-2019 09:48:59.752 INFO [http-nio-8080-exec-32] org.springframework.web.servlet.DispatcherServlet.initServletBean FrameworkServlet 'spring-dispatcher': initialization started
09-May-2019 09:48:59.756 INFO [http-nio-8080-exec-32] org.springframework.web.context.support.XmlWebApplicationContext.prepareRefresh Refreshing WebApplicationContext for namespace 'spring-dispatcher-servlet': startup date [Thu May 09 09:48:59 EDT 2019]; parent: Root WebApplicationContext
09-May-2019 09:48:59.756 INFO [http-nio-8080-exec-32] org.springframework.beans.factory.xml.XmlBeanDefinitionReader.loadBeanDefinitions Loading XML bean definitions from ServletContext resource [/WEB-INF/spring-dispatcher-servlet.xml]
09-May-2019 09:48:59.796 INFO [http-nio-8080-exec-32] org.springframework.beans.factory.annotation.AutowiredAnnotationBeanPostProcessor.<init> JSR-330 'javax.inject.Inject' annotation found and supported for autowiring
09-May-2019 09:48:59.834 INFO [http-nio-8080-exec-32] org.springframework.web.servlet.mvc.method.annotation.RequestMappingHandlerMapping.register Mapped "{[/hello/sayhi],methods=[GET]}" onto public java.lang.String com.sg.flooringcalculatorspringmvc.HelloController.sayHi(java.util.Map<java.lang.String, java.lang.Object>)
09-May-2019 09:48:59.882 INFO [http-nio-8080-exec-32] org.springframework.web.servlet.mvc.method.annotation.RequestMappingHandlerAdapter.initControllerAdviceCache Looking for @ControllerAdvice: WebApplicationContext for namespace 'spring-dispatcher-servlet': startup date [Thu May 09 09:48:59 EDT 2019]; parent: Root WebApplicationContext
09-May-2019 09:48:59.899 INFO [http-nio-8080-exec-32] org.springframework.web.servlet.mvc.method.annotation.RequestMappingHandlerAdapter.initControllerAdviceCache Looking for @ControllerAdvice: WebApplicationContext for namespace 'spring-dispatcher-servlet': startup date [Thu May 09 09:48:59 EDT 2019]; parent: Root WebApplicationContext
09-May-2019 09:48:59.987 INFO [http-nio-8080-exec-32] org.springframework.web.servlet.DispatcherServlet.initServletBean FrameworkServlet 'spring-dispatcher': initialization completed in 235 ms
09-May-2019 09:49:00.008 WARNING [http-nio-8080-exec-32] org.springframework.web.servlet.PageNotFound.noHandlerFound No mapping found for HTTP request with URI [/FlooringCalculatorSpringMVC/flooringCalculator] in DispatcherServlet with name 'spring-dispatcher'
09-May-2019 09:52:02.322 INFO [http-nio-8080-exec-46] org.apache.catalina.startup.HostConfig.deployDescriptor Deploying configuration descriptor /home/souldj673/Documents/school-work-backup/Web Services/Tomcat-Server/conf/Catalina/localhost/FactorizorSpringMVC.xml
09-May-2019 09:52:03.120 INFO [http-nio-8080-exec-46] org.springframework.web.context.ContextLoader.initWebApplicationContext Root WebApplicationContext: initialization started
09-May-2019 09:52:03.171 INFO [http-nio-8080-exec-46] org.springframework.web.context.support.XmlWebApplicationContext.prepareRefresh Refreshing Root WebApplicationContext: startup date [Thu May 09 09:52:03 EDT 2019]; root of context hierarchy
09-May-2019 09:52:03.211 INFO [http-nio-8080-exec-46] org.springframework.beans.factory.xml.XmlBeanDefinitionReader.loadBeanDefinitions Loading XML bean definitions from ServletContext resource [/WEB-INF/spring-dispatcher-servlet.xml]
09-May-2019 09:52:03.342 INFO [http-nio-8080-exec-46] org.springframework.beans.factory.xml.XmlBeanDefinitionReader.loadBeanDefinitions Loading XML bean definitions from class path resource [spring-persistence.xml]
09-May-2019 09:52:03.447 INFO [http-nio-8080-exec-46] org.springframework.beans.factory.annotation.AutowiredAnnotationBeanPostProcessor.<init> JSR-330 'javax.inject.Inject' annotation found and supported for autowiring
09-May-2019 09:52:03.637 INFO [http-nio-8080-exec-46] org.springframework.web.servlet.mvc.method.annotation.RequestMappingHandlerMapping.register Mapped "{[/factorNumber],methods=[POST]}" onto public java.lang.String com.sg.factorizorspringmvc.FactorizorController.factorNumber(javax.servlet.http.HttpServletRequest,java.util.Map<java.lang.String, java.lang.Object>)
09-May-2019 09:52:03.640 INFO [http-nio-8080-exec-46] org.springframework.web.servlet.mvc.method.annotation.RequestMappingHandlerMapping.register Mapped "{[/hello/sayhi],methods=[GET]}" onto public java.lang.String com.sg.factorizorspringmvc.HelloController.sayHi(java.util.Map<java.lang.String, java.lang.Object>)
09-May-2019 09:52:03.690 INFO [http-nio-8080-exec-46] org.hibernate.validator.internal.util.Version.<clinit> HV000001: Hibernate Validator 5.2.2.Final
09-May-2019 09:52:04.210 INFO [http-nio-8080-exec-46] org.springframework.web.servlet.mvc.method.annotation.RequestMappingHandlerAdapter.initControllerAdviceCache Looking for @ControllerAdvice: Root WebApplicationContext: startup date [Thu May 09 09:52:03 EDT 2019]; root of context hierarchy
09-May-2019 09:52:04.278 INFO [http-nio-8080-exec-46] org.springframework.web.servlet.mvc.method.annotation.RequestMappingHandlerAdapter.initControllerAdviceCache Looking for @ControllerAdvice: Root WebApplicationContext: startup date [Thu May 09 09:52:03 EDT 2019]; root of context hierarchy
09-May-2019 09:52:04.400 INFO [http-nio-8080-exec-46] org.springframework.web.context.ContextLoader.initWebApplicationContext Root WebApplicationContext: initialization completed in 1280 ms
09-May-2019 09:52:04.403 INFO [http-nio-8080-exec-46] org.apache.catalina.startup.HostConfig.deployDescriptor Deployment of configuration descriptor /home/souldj673/Documents/school-work-backup/Web Services/Tomcat-Server/conf/Catalina/localhost/FactorizorSpringMVC.xml has finished in 2,081 ms
09-May-2019 09:52:04.462 INFO [http-nio-8080-exec-47] org.apache.catalina.util.LifecycleBase.start The start() method was called on component [StandardEngine[Catalina].StandardHost[localhost].StandardContext[/FactorizorSpringMVC]] after start() had already been called. The second call will be ignored.
09-May-2019 09:52:09.226 INFO [http-nio-8080-exec-39] org.springframework.web.servlet.DispatcherServlet.initServletBean FrameworkServlet 'spring-dispatcher': initialization started
09-May-2019 09:52:09.231 INFO [http-nio-8080-exec-39] org.springframework.web.context.support.XmlWebApplicationContext.prepareRefresh Refreshing WebApplicationContext for namespace 'spring-dispatcher-servlet': startup date [Thu May 09 09:52:09 EDT 2019]; parent: Root WebApplicationContext
09-May-2019 09:52:09.231 INFO [http-nio-8080-exec-39] org.springframework.beans.factory.xml.XmlBeanDefinitionReader.loadBeanDefinitions Loading XML bean definitions from ServletContext resource [/WEB-INF/spring-dispatcher-servlet.xml]
09-May-2019 09:52:09.260 INFO [http-nio-8080-exec-39] org.springframework.beans.factory.annotation.AutowiredAnnotationBeanPostProcessor.<init> JSR-330 'javax.inject.Inject' annotation found and supported for autowiring
09-May-2019 09:52:09.294 INFO [http-nio-8080-exec-39] org.springframework.web.servlet.mvc.method.annotation.RequestMappingHandlerMapping.register Mapped "{[/factorNumber],methods=[POST]}" onto public java.lang.String com.sg.factorizorspringmvc.FactorizorController.factorNumber(javax.servlet.http.HttpServletRequest,java.util.Map<java.lang.String, java.lang.Object>)
09-May-2019 09:52:09.297 INFO [http-nio-8080-exec-39] org.springframework.web.servlet.mvc.method.annotation.RequestMappingHandlerMapping.register Mapped "{[/hello/sayhi],methods=[GET]}" onto public java.lang.String com.sg.factorizorspringmvc.HelloController.sayHi(java.util.Map<java.lang.String, java.lang.Object>)
09-May-2019 09:52:09.344 INFO [http-nio-8080-exec-39] org.springframework.web.servlet.mvc.method.annotation.RequestMappingHandlerAdapter.initControllerAdviceCache Looking for @ControllerAdvice: WebApplicationContext for namespace 'spring-dispatcher-servlet': startup date [Thu May 09 09:52:09 EDT 2019]; parent: Root WebApplicationContext
09-May-2019 09:52:09.364 INFO [http-nio-8080-exec-39] org.springframework.web.servlet.mvc.method.annotation.RequestMappingHandlerAdapter.initControllerAdviceCache Looking for @ControllerAdvice: WebApplicationContext for namespace 'spring-dispatcher-servlet': startup date [Thu May 09 09:52:09 EDT 2019]; parent: Root WebApplicationContext
09-May-2019 09:52:09.461 INFO [http-nio-8080-exec-39] org.springframework.web.servlet.DispatcherServlet.initServletBean FrameworkServlet 'spring-dispatcher': initialization completed in 234 ms
09-May-2019 09:53:59.162 INFO [http-nio-8080-exec-44] org.apache.catalina.core.StandardContext.reload Reloading Context with name [/FlooringCalculatorSpringMVC] has started
09-May-2019 09:53:59.164 INFO [http-nio-8080-exec-44] org.springframework.web.context.support.XmlWebApplicationContext.doClose Closing WebApplicationContext for namespace 'spring-dispatcher-servlet': startup date [Thu May 09 09:48:59 EDT 2019]; parent: Root WebApplicationContext
09-May-2019 09:53:59.168 INFO [http-nio-8080-exec-44] org.springframework.web.context.support.XmlWebApplicationContext.doClose Closing Root WebApplicationContext: startup date [Thu May 09 09:48:52 EDT 2019]; root of context hierarchy
09-May-2019 09:53:59.843 INFO [http-nio-8080-exec-44] org.springframework.web.context.ContextLoader.initWebApplicationContext Root WebApplicationContext: initialization started
09-May-2019 09:53:59.888 INFO [http-nio-8080-exec-44] org.springframework.web.context.support.XmlWebApplicationContext.prepareRefresh Refreshing Root WebApplicationContext: startup date [Thu May 09 09:53:59 EDT 2019]; root of context hierarchy
09-May-2019 09:53:59.918 INFO [http-nio-8080-exec-44] org.springframework.beans.factory.xml.XmlBeanDefinitionReader.loadBeanDefinitions Loading XML bean definitions from ServletContext resource [/WEB-INF/spring-dispatcher-servlet.xml]
09-May-2019 09:54:00.049 INFO [http-nio-8080-exec-44] org.springframework.beans.factory.xml.XmlBeanDefinitionReader.loadBeanDefinitions Loading XML bean definitions from class path resource [spring-persistence.xml]
09-May-2019 09:54:00.150 INFO [http-nio-8080-exec-44] org.springframework.beans.factory.annotation.AutowiredAnnotationBeanPostProcessor.<init> JSR-330 'javax.inject.Inject' annotation found and supported for autowiring
09-May-2019 09:54:00.375 INFO [http-nio-8080-exec-44] org.springframework.web.servlet.mvc.method.annotation.RequestMappingHandlerMapping.register Mapped "{[/hello/sayhi],methods=[GET]}" onto public java.lang.String com.sg.flooringcalculatorspringmvc.HelloController.sayHi(java.util.Map<java.lang.String, java.lang.Object>)
09-May-2019 09:54:00.421 INFO [http-nio-8080-exec-44] org.hibernate.validator.internal.util.Version.<clinit> HV000001: Hibernate Validator 5.2.2.Final
09-May-2019 09:54:00.809 INFO [http-nio-8080-exec-44] org.springframework.web.servlet.mvc.method.annotation.RequestMappingHandlerAdapter.initControllerAdviceCache Looking for @ControllerAdvice: Root WebApplicationContext: startup date [Thu May 09 09:53:59 EDT 2019]; root of context hierarchy
09-May-2019 09:54:00.870 INFO [http-nio-8080-exec-44] org.springframework.web.servlet.mvc.method.annotation.RequestMappingHandlerAdapter.initControllerAdviceCache Looking for @ControllerAdvice: Root WebApplicationContext: startup date [Thu May 09 09:53:59 EDT 2019]; root of context hierarchy
09-May-2019 09:54:00.993 INFO [http-nio-8080-exec-44] org.springframework.web.context.ContextLoader.initWebApplicationContext Root WebApplicationContext: initialization completed in 1150 ms
09-May-2019 09:54:00.996 INFO [http-nio-8080-exec-44] org.apache.catalina.core.StandardContext.reload Reloading Context with name [/FlooringCalculatorSpringMVC] is completed
09-May-2019 09:54:02.895 INFO [http-nio-8080-exec-40] org.springframework.web.context.support.XmlWebApplicationContext.doClose Closing Root WebApplicationContext: startup date [Thu May 09 09:53:59 EDT 2019]; root of context hierarchy
09-May-2019 09:54:03.403 INFO [http-nio-8080-exec-40] org.apache.catalina.startup.HostConfig.undeploy Undeploying context [/FlooringCalculatorSpringMVC]
09-May-2019 09:54:03.462 INFO [http-nio-8080-exec-47] org.apache.catalina.startup.HostConfig.deployDescriptor Deploying configuration descriptor /home/souldj673/Documents/school-work-backup/Web Services/Tomcat-Server/conf/Catalina/localhost/FlooringCalculatorSpringMVC.xml
09-May-2019 09:54:04.076 INFO [http-nio-8080-exec-47] org.springframework.web.context.ContextLoader.initWebApplicationContext Root WebApplicationContext: initialization started
09-May-2019 09:54:04.125 INFO [http-nio-8080-exec-47] org.springframework.web.context.support.XmlWebApplicationContext.prepareRefresh Refreshing Root WebApplicationContext: startup date [Thu May 09 09:54:04 EDT 2019]; root of context hierarchy
09-May-2019 09:54:04.170 INFO [http-nio-8080-exec-47] org.springframework.beans.factory.xml.XmlBeanDefinitionReader.loadBeanDefinitions Loading XML bean definitions from ServletContext resource [/WEB-INF/spring-dispatcher-servlet.xml]
09-May-2019 09:54:04.328 INFO [http-nio-8080-exec-47] org.springframework.beans.factory.xml.XmlBeanDefinitionReader.loadBeanDefinitions Loading XML bean definitions from class path resource [spring-persistence.xml]
09-May-2019 09:54:04.429 INFO [http-nio-8080-exec-47] org.springframework.beans.factory.annotation.AutowiredAnnotationBeanPostProcessor.<init> JSR-330 'javax.inject.Inject' annotation found and supported for autowiring
09-May-2019 09:54:04.763 INFO [http-nio-8080-exec-47] org.springframework.web.servlet.mvc.method.annotation.RequestMappingHandlerMapping.register Mapped "{[/hello/sayhi],methods=[GET]}" onto public java.lang.String com.sg.flooringcalculatorspringmvc.HelloController.sayHi(java.util.Map<java.lang.String, java.lang.Object>)
09-May-2019 09:54:04.830 INFO [http-nio-8080-exec-47] org.hibernate.validator.internal.util.Version.<clinit> HV000001: Hibernate Validator 5.2.2.Final
09-May-2019 09:54:05.252 INFO [http-nio-8080-exec-47] org.springframework.web.servlet.mvc.method.annotation.RequestMappingHandlerAdapter.initControllerAdviceCache Looking for @ControllerAdvice: Root WebApplicationContext: startup date [Thu May 09 09:54:04 EDT 2019]; root of context hierarchy
09-May-2019 09:54:05.313 INFO [http-nio-8080-exec-47] org.springframework.web.servlet.mvc.method.annotation.RequestMappingHandlerAdapter.initControllerAdviceCache Looking for @ControllerAdvice: Root WebApplicationContext: startup date [Thu May 09 09:54:04 EDT 2019]; root of context hierarchy
09-May-2019 09:54:05.449 INFO [http-nio-8080-exec-47] org.springframework.web.context.ContextLoader.initWebApplicationContext Root WebApplicationContext: initialization completed in 1373 ms
09-May-2019 09:54:05.456 INFO [http-nio-8080-exec-47] org.apache.catalina.startup.HostConfig.deployDescriptor Deployment of configuration descriptor /home/souldj673/Documents/school-work-backup/Web Services/Tomcat-Server/conf/Catalina/localhost/FlooringCalculatorSpringMVC.xml has finished in 1,994 ms
09-May-2019 09:54:05.512 INFO [http-nio-8080-exec-43] org.apache.catalina.util.LifecycleBase.start The start() method was called on component [StandardEngine[Catalina].StandardHost[localhost].StandardContext[/FlooringCalculatorSpringMVC]] after start() had already been called. The second call will be ignored.
09-May-2019 09:54:15.531 INFO [http-nio-8080-exec-44] org.springframework.web.servlet.DispatcherServlet.initServletBean FrameworkServlet 'spring-dispatcher': initialization started
09-May-2019 09:54:15.535 INFO [http-nio-8080-exec-44] org.springframework.web.context.support.XmlWebApplicationContext.prepareRefresh Refreshing WebApplicationContext for namespace 'spring-dispatcher-servlet': startup date [Thu May 09 09:54:15 EDT 2019]; parent: Root WebApplicationContext
09-May-2019 09:54:15.535 INFO [http-nio-8080-exec-44] org.springframework.beans.factory.xml.XmlBeanDefinitionReader.loadBeanDefinitions Loading XML bean definitions from ServletContext resource [/WEB-INF/spring-dispatcher-servlet.xml]
09-May-2019 09:54:15.566 INFO [http-nio-8080-exec-44] org.springframework.beans.factory.annotation.AutowiredAnnotationBeanPostProcessor.<init> JSR-330 'javax.inject.Inject' annotation found and supported for autowiring
09-May-2019 09:54:15.606 INFO [http-nio-8080-exec-44] org.springframework.web.servlet.mvc.method.annotation.RequestMappingHandlerMapping.register Mapped "{[/hello/sayhi],methods=[GET]}" onto public java.lang.String com.sg.flooringcalculatorspringmvc.HelloController.sayHi(java.util.Map<java.lang.String, java.lang.Object>)
09-May-2019 09:54:15.658 INFO [http-nio-8080-exec-44] org.springframework.web.servlet.mvc.method.annotation.RequestMappingHandlerAdapter.initControllerAdviceCache Looking for @ControllerAdvice: WebApplicationContext for namespace 'spring-dispatcher-servlet': startup date [Thu May 09 09:54:15 EDT 2019]; parent: Root WebApplicationContext
09-May-2019 09:54:15.674 INFO [http-nio-8080-exec-44] org.springframework.web.servlet.mvc.method.annotation.RequestMappingHandlerAdapter.initControllerAdviceCache Looking for @ControllerAdvice: WebApplicationContext for namespace 'spring-dispatcher-servlet': startup date [Thu May 09 09:54:15 EDT 2019]; parent: Root WebApplicationContext
09-May-2019 09:54:15.762 INFO [http-nio-8080-exec-44] org.springframework.web.servlet.DispatcherServlet.initServletBean FrameworkServlet 'spring-dispatcher': initialization completed in 231 ms
09-May-2019 09:54:15.779 WARNING [http-nio-8080-exec-44] org.springframework.web.servlet.PageNotFound.noHandlerFound No mapping found for HTTP request with URI [/FlooringCalculatorSpringMVC/flooringCalculator] in DispatcherServlet with name 'spring-dispatcher'
09-May-2019 09:56:04.957 INFO [http-nio-8080-exec-56] org.apache.catalina.core.StandardContext.reload Reloading Context with name [/FlooringCalculatorSpringMVC] has started
09-May-2019 09:56:04.959 INFO [http-nio-8080-exec-56] org.springframework.web.context.support.XmlWebApplicationContext.doClose Closing WebApplicationContext for namespace 'spring-dispatcher-servlet': startup date [Thu May 09 09:54:15 EDT 2019]; parent: Root WebApplicationContext
09-May-2019 09:56:04.965 INFO [http-nio-8080-exec-56] org.springframework.web.context.support.XmlWebApplicationContext.doClose Closing Root WebApplicationContext: startup date [Thu May 09 09:54:04 EDT 2019]; root of context hierarchy
09-May-2019 09:56:05.727 INFO [http-nio-8080-exec-56] org.springframework.web.context.ContextLoader.initWebApplicationContext Root WebApplicationContext: initialization started
09-May-2019 09:56:05.766 INFO [http-nio-8080-exec-56] org.springframework.web.context.support.XmlWebApplicationContext.prepareRefresh Refreshing Root WebApplicationContext: startup date [Thu May 09 09:56:05 EDT 2019]; root of context hierarchy
09-May-2019 09:56:05.798 INFO [http-nio-8080-exec-56] org.springframework.beans.factory.xml.XmlBeanDefinitionReader.loadBeanDefinitions Loading XML bean definitions from ServletContext resource [/WEB-INF/spring-dispatcher-servlet.xml]
09-May-2019 09:56:05.919 INFO [http-nio-8080-exec-56] org.springframework.beans.factory.xml.XmlBeanDefinitionReader.loadBeanDefinitions Loading XML bean definitions from class path resource [spring-persistence.xml]
09-May-2019 09:56:06.025 INFO [http-nio-8080-exec-56] org.springframework.beans.factory.annotation.AutowiredAnnotationBeanPostProcessor.<init> JSR-330 'javax.inject.Inject' annotation found and supported for autowiring
09-May-2019 09:56:06.210 INFO [http-nio-8080-exec-56] org.springframework.web.servlet.mvc.method.annotation.RequestMappingHandlerMapping.register Mapped "{[/hello/sayhi],methods=[GET]}" onto public java.lang.String com.sg.flooringcalculatorspringmvc.HelloController.sayHi(java.util.Map<java.lang.String, java.lang.Object>)
09-May-2019 09:56:06.246 INFO [http-nio-8080-exec-56] org.hibernate.validator.internal.util.Version.<clinit> HV000001: Hibernate Validator 5.2.2.Final
09-May-2019 09:56:06.532 INFO [http-nio-8080-exec-56] org.springframework.web.servlet.mvc.method.annotation.RequestMappingHandlerAdapter.initControllerAdviceCache Looking for @ControllerAdvice: Root WebApplicationContext: startup date [Thu May 09 09:56:05 EDT 2019]; root of context hierarchy
09-May-2019 09:56:06.582 INFO [http-nio-8080-exec-56] org.springframework.web.servlet.mvc.method.annotation.RequestMappingHandlerAdapter.initControllerAdviceCache Looking for @ControllerAdvice: Root WebApplicationContext: startup date [Thu May 09 09:56:05 EDT 2019]; root of context hierarchy
09-May-2019 09:56:06.687 INFO [http-nio-8080-exec-56] org.springframework.web.context.ContextLoader.initWebApplicationContext Root WebApplicationContext: initialization completed in 960 ms
09-May-2019 09:56:06.692 INFO [http-nio-8080-exec-56] org.apache.catalina.core.StandardContext.reload Reloading Context with name [/FlooringCalculatorSpringMVC] is completed
09-May-2019 09:56:09.975 INFO [http-nio-8080-exec-57] org.springframework.web.servlet.DispatcherServlet.initServletBean FrameworkServlet 'spring-dispatcher': initialization started
09-May-2019 09:56:09.978 INFO [http-nio-8080-exec-57] org.springframework.web.context.support.XmlWebApplicationContext.prepareRefresh Refreshing WebApplicationContext for namespace 'spring-dispatcher-servlet': startup date [Thu May 09 09:56:09 EDT 2019]; parent: Root WebApplicationContext
09-May-2019 09:56:09.979 INFO [http-nio-8080-exec-57] org.springframework.beans.factory.xml.XmlBeanDefinitionReader.loadBeanDefinitions Loading XML bean definitions from ServletContext resource [/WEB-INF/spring-dispatcher-servlet.xml]
09-May-2019 09:56:10.013 INFO [http-nio-8080-exec-57] org.springframework.beans.factory.annotation.AutowiredAnnotationBeanPostProcessor.<init> JSR-330 'javax.inject.Inject' annotation found and supported for autowiring
09-May-2019 09:56:10.052 INFO [http-nio-8080-exec-57] org.springframework.web.servlet.mvc.method.annotation.RequestMappingHandlerMapping.register Mapped "{[/hello/sayhi],methods=[GET]}" onto public java.lang.String com.sg.flooringcalculatorspringmvc.HelloController.sayHi(java.util.Map<java.lang.String, java.lang.Object>)
09-May-2019 09:56:10.110 INFO [http-nio-8080-exec-57] org.springframework.web.servlet.mvc.method.annotation.RequestMappingHandlerAdapter.initControllerAdviceCache Looking for @ControllerAdvice: WebApplicationContext for namespace 'spring-dispatcher-servlet': startup date [Thu May 09 09:56:09 EDT 2019]; parent: Root WebApplicationContext
09-May-2019 09:56:10.143 INFO [http-nio-8080-exec-57] org.springframework.web.servlet.mvc.method.annotation.RequestMappingHandlerAdapter.initControllerAdviceCache Looking for @ControllerAdvice: WebApplicationContext for namespace 'spring-dispatcher-servlet': startup date [Thu May 09 09:56:09 EDT 2019]; parent: Root WebApplicationContext
09-May-2019 09:56:10.258 INFO [http-nio-8080-exec-57] org.springframework.web.servlet.DispatcherServlet.initServletBean FrameworkServlet 'spring-dispatcher': initialization completed in 283 ms
09-May-2019 09:56:10.276 WARNING [http-nio-8080-exec-57] org.springframework.web.servlet.PageNotFound.noHandlerFound No mapping found for HTTP request with URI [/FlooringCalculatorSpringMVC/flooringCalculator] in DispatcherServlet with name 'spring-dispatcher'
09-May-2019 09:56:41.960 INFO [http-nio-8080-exec-62] org.apache.catalina.core.StandardContext.reload Reloading Context with name [/FlooringCalculatorSpringMVC] has started
09-May-2019 09:56:41.965 INFO [http-nio-8080-exec-62] org.springframework.web.context.support.XmlWebApplicationContext.doClose Closing WebApplicationContext for namespace 'spring-dispatcher-servlet': startup date [Thu May 09 09:56:09 EDT 2019]; parent: Root WebApplicationContext
09-May-2019 09:56:41.970 INFO [http-nio-8080-exec-62] org.springframework.web.context.support.XmlWebApplicationContext.doClose Closing Root WebApplicationContext: startup date [Thu May 09 09:56:05 EDT 2019]; root of context hierarchy
09-May-2019 09:56:42.718 INFO [http-nio-8080-exec-62] org.springframework.web.context.ContextLoader.initWebApplicationContext Root WebApplicationContext: initialization started
09-May-2019 09:56:42.763 INFO [http-nio-8080-exec-62] org.springframework.web.context.support.XmlWebApplicationContext.prepareRefresh Refreshing Root WebApplicationContext: startup date [Thu May 09 09:56:42 EDT 2019]; root of context hierarchy
09-May-2019 09:56:42.798 INFO [http-nio-8080-exec-62] org.springframework.beans.factory.xml.XmlBeanDefinitionReader.loadBeanDefinitions Loading XML bean definitions from ServletContext resource [/WEB-INF/spring-dispatcher-servlet.xml]
09-May-2019 09:56:43.021 INFO [http-nio-8080-exec-62] org.springframework.beans.factory.xml.XmlBeanDefinitionReader.loadBeanDefinitions Loading XML bean definitions from class path resource [spring-persistence.xml]
09-May-2019 09:56:43.137 INFO [http-nio-8080-exec-62] org.springframework.beans.factory.annotation.AutowiredAnnotationBeanPostProcessor.<init> JSR-330 'javax.inject.Inject' annotation found and supported for autowiring
09-May-2019 09:56:43.386 INFO [http-nio-8080-exec-62] org.springframework.web.servlet.mvc.method.annotation.RequestMappingHandlerMapping.register Mapped "{[/hello/sayhi],methods=[GET]}" onto public java.lang.String com.sg.flooringcalculatorspringmvc.HelloController.sayHi(java.util.Map<java.lang.String, java.lang.Object>)
09-May-2019 09:56:43.440 INFO [http-nio-8080-exec-62] org.hibernate.validator.internal.util.Version.<clinit> HV000001: Hibernate Validator 5.2.2.Final
09-May-2019 09:56:43.769 INFO [http-nio-8080-exec-62] org.springframework.web.servlet.mvc.method.annotation.RequestMappingHandlerAdapter.initControllerAdviceCache Looking for @ControllerAdvice: Root WebApplicationContext: startup date [Thu May 09 09:56:42 EDT 2019]; root of context hierarchy
09-May-2019 09:56:43.826 INFO [http-nio-8080-exec-62] org.springframework.web.servlet.mvc.method.annotation.RequestMappingHandlerAdapter.initControllerAdviceCache Looking for @ControllerAdvice: Root WebApplicationContext: startup date [Thu May 09 09:56:42 EDT 2019]; root of context hierarchy
09-May-2019 09:56:43.980 INFO [http-nio-8080-exec-62] org.springframework.web.context.ContextLoader.initWebApplicationContext Root WebApplicationContext: initialization completed in 1262 ms
09-May-2019 09:56:43.983 INFO [http-nio-8080-exec-62] org.apache.catalina.core.StandardContext.reload Reloading Context with name [/FlooringCalculatorSpringMVC] is completed
09-May-2019 09:57:42.429 INFO [http-nio-8080-exec-63] org.springframework.web.servlet.DispatcherServlet.initServletBean FrameworkServlet 'spring-dispatcher': initialization started
09-May-2019 09:57:42.433 INFO [http-nio-8080-exec-63] org.springframework.web.context.support.XmlWebApplicationContext.prepareRefresh Refreshing WebApplicationContext for namespace 'spring-dispatcher-servlet': startup date [Thu May 09 09:57:42 EDT 2019]; parent: Root WebApplicationContext
09-May-2019 09:57:42.434 INFO [http-nio-8080-exec-63] org.springframework.beans.factory.xml.XmlBeanDefinitionReader.loadBeanDefinitions Loading XML bean definitions from ServletContext resource [/WEB-INF/spring-dispatcher-servlet.xml]
09-May-2019 09:57:42.466 INFO [http-nio-8080-exec-63] org.springframework.beans.factory.annotation.AutowiredAnnotationBeanPostProcessor.<init> JSR-330 'javax.inject.Inject' annotation found and supported for autowiring
09-May-2019 09:57:42.500 INFO [http-nio-8080-exec-63] org.springframework.web.servlet.mvc.method.annotation.RequestMappingHandlerMapping.register Mapped "{[/hello/sayhi],methods=[GET]}" onto public java.lang.String com.sg.flooringcalculatorspringmvc.HelloController.sayHi(java.util.Map<java.lang.String, java.lang.Object>)
09-May-2019 09:57:42.548 INFO [http-nio-8080-exec-63] org.springframework.web.servlet.mvc.method.annotation.RequestMappingHandlerAdapter.initControllerAdviceCache Looking for @ControllerAdvice: WebApplicationContext for namespace 'spring-dispatcher-servlet': startup date [Thu May 09 09:57:42 EDT 2019]; parent: Root WebApplicationContext
09-May-2019 09:57:42.570 INFO [http-nio-8080-exec-63] org.springframework.web.servlet.mvc.method.annotation.RequestMappingHandlerAdapter.initControllerAdviceCache Looking for @ControllerAdvice: WebApplicationContext for namespace 'spring-dispatcher-servlet': startup date [Thu May 09 09:57:42 EDT 2019]; parent: Root WebApplicationContext
09-May-2019 09:57:42.663 INFO [http-nio-8080-exec-63] org.springframework.web.servlet.DispatcherServlet.initServletBean FrameworkServlet 'spring-dispatcher': initialization completed in 234 ms
09-May-2019 09:58:52.655 INFO [http-nio-8080-exec-64] org.apache.catalina.core.StandardContext.reload Reloading Context with name [/FlooringCalculatorSpringMVC] has started
09-May-2019 09:58:52.656 INFO [http-nio-8080-exec-64] org.springframework.web.context.support.XmlWebApplicationContext.doClose Closing WebApplicationContext for namespace 'spring-dispatcher-servlet': startup date [Thu May 09 09:57:42 EDT 2019]; parent: Root WebApplicationContext
09-May-2019 09:58:52.659 INFO [http-nio-8080-exec-64] org.springframework.web.context.support.XmlWebApplicationContext.doClose Closing Root WebApplicationContext: startup date [Thu May 09 09:56:42 EDT 2019]; root of context hierarchy
09-May-2019 09:58:53.410 INFO [http-nio-8080-exec-64] org.springframework.web.context.ContextLoader.initWebApplicationContext Root WebApplicationContext: initialization started
09-May-2019 09:58:53.453 INFO [http-nio-8080-exec-64] org.springframework.web.context.support.XmlWebApplicationContext.prepareRefresh Refreshing Root WebApplicationContext: startup date [Thu May 09 09:58:53 EDT 2019]; root of context hierarchy
09-May-2019 09:58:53.489 INFO [http-nio-8080-exec-64] org.springframework.beans.factory.xml.XmlBeanDefinitionReader.loadBeanDefinitions Loading XML bean definitions from ServletContext resource [/WEB-INF/spring-dispatcher-servlet.xml]
09-May-2019 09:58:53.659 INFO [http-nio-8080-exec-64] org.springframework.beans.factory.xml.XmlBeanDefinitionReader.loadBeanDefinitions Loading XML bean definitions from class path resource [spring-persistence.xml]
09-May-2019 09:58:53.776 INFO [http-nio-8080-exec-64] org.springframework.beans.factory.annotation.AutowiredAnnotationBeanPostProcessor.<init> JSR-330 'javax.inject.Inject' annotation found and supported for autowiring
09-May-2019 09:58:53.981 INFO [http-nio-8080-exec-64] org.springframework.web.servlet.mvc.method.annotation.RequestMappingHandlerMapping.register Mapped "{[/hello/sayhi],methods=[GET]}" onto public java.lang.String com.sg.flooringcalculatorspringmvc.HelloController.sayHi(java.util.Map<java.lang.String, java.lang.Object>)
09-May-2019 09:58:54.018 INFO [http-nio-8080-exec-64] org.hibernate.validator.internal.util.Version.<clinit> HV000001: Hibernate Validator 5.2.2.Final
09-May-2019 09:58:54.321 INFO [http-nio-8080-exec-64] org.springframework.web.servlet.mvc.method.annotation.RequestMappingHandlerAdapter.initControllerAdviceCache Looking for @ControllerAdvice: Root WebApplicationContext: startup date [Thu May 09 09:58:53 EDT 2019]; root of context hierarchy
09-May-2019 09:58:54.369 INFO [http-nio-8080-exec-64] org.springframework.web.servlet.mvc.method.annotation.RequestMappingHandlerAdapter.initControllerAdviceCache Looking for @ControllerAdvice: Root WebApplicationContext: startup date [Thu May 09 09:58:53 EDT 2019]; root of context hierarchy
09-May-2019 09:58:54.473 INFO [http-nio-8080-exec-64] org.springframework.web.context.ContextLoader.initWebApplicationContext Root WebApplicationContext: initialization completed in 1063 ms
09-May-2019 09:58:54.475 INFO [http-nio-8080-exec-64] org.apache.catalina.core.StandardContext.reload Reloading Context with name [/FlooringCalculatorSpringMVC] is completed
09-May-2019 09:59:07.552 INFO [http-nio-8080-exec-66] org.springframework.web.servlet.DispatcherServlet.initServletBean FrameworkServlet 'spring-dispatcher': initialization started
09-May-2019 09:59:07.556 INFO [http-nio-8080-exec-66] org.springframework.web.context.support.XmlWebApplicationContext.prepareRefresh Refreshing WebApplicationContext for namespace 'spring-dispatcher-servlet': startup date [Thu May 09 09:59:07 EDT 2019]; parent: Root WebApplicationContext
09-May-2019 09:59:07.556 INFO [http-nio-8080-exec-66] org.springframework.beans.factory.xml.XmlBeanDefinitionReader.loadBeanDefinitions Loading XML bean definitions from ServletContext resource [/WEB-INF/spring-dispatcher-servlet.xml]
09-May-2019 09:59:07.580 INFO [http-nio-8080-exec-66] org.springframework.beans.factory.annotation.AutowiredAnnotationBeanPostProcessor.<init> JSR-330 'javax.inject.Inject' annotation found and supported for autowiring
09-May-2019 09:59:07.620 INFO [http-nio-8080-exec-66] org.springframework.web.servlet.mvc.method.annotation.RequestMappingHandlerMapping.register Mapped "{[/hello/sayhi],methods=[GET]}" onto public java.lang.String com.sg.flooringcalculatorspringmvc.HelloController.sayHi(java.util.Map<java.lang.String, java.lang.Object>)
09-May-2019 09:59:07.666 INFO [http-nio-8080-exec-66] org.springframework.web.servlet.mvc.method.annotation.RequestMappingHandlerAdapter.initControllerAdviceCache Looking for @ControllerAdvice: WebApplicationContext for namespace 'spring-dispatcher-servlet': startup date [Thu May 09 09:59:07 EDT 2019]; parent: Root WebApplicationContext
09-May-2019 09:59:07.692 INFO [http-nio-8080-exec-66] org.springframework.web.servlet.mvc.method.annotation.RequestMappingHandlerAdapter.initControllerAdviceCache Looking for @ControllerAdvice: WebApplicationContext for namespace 'spring-dispatcher-servlet': startup date [Thu May 09 09:59:07 EDT 2019]; parent: Root WebApplicationContext
09-May-2019 09:59:07.782 INFO [http-nio-8080-exec-66] org.springframework.web.servlet.DispatcherServlet.initServletBean FrameworkServlet 'spring-dispatcher': initialization completed in 230 ms
09-May-2019 09:59:07.799 WARNING [http-nio-8080-exec-66] org.springframework.web.servlet.PageNotFound.noHandlerFound No mapping found for HTTP request with URI [/FlooringCalculatorSpringMVC/flooringCalculator] in DispatcherServlet with name 'spring-dispatcher'
09-May-2019 10:00:25.111 WARNING [http-nio-8080-exec-55] org.springframework.web.servlet.PageNotFound.noHandlerFound No mapping found for HTTP request with URI [/FlooringCalculatorSpringMVC/flooringCalculator] in DispatcherServlet with name 'spring-dispatcher'
09-May-2019 10:00:29.587 WARNING [http-nio-8080-exec-72] org.springframework.web.servlet.PageNotFound.noHandlerFound No mapping found for HTTP request with URI [/FlooringCalculatorSpringMVC/flooringCalculator] in DispatcherServlet with name 'spring-dispatcher'
09-May-2019 10:00:34.158 WARNING [http-nio-8080-exec-64] org.springframework.web.servlet.PageNotFound.noHandlerFound No mapping found for HTTP request with URI [/FlooringCalculatorSpringMVC/flooringCalculator] in DispatcherServlet with name 'spring-dispatcher'
09-May-2019 10:00:39.520 INFO [http-nio-8080-exec-75] org.springframework.web.context.support.XmlWebApplicationContext.doClose Closing WebApplicationContext for namespace 'spring-dispatcher-servlet': startup date [Thu May 09 09:59:07 EDT 2019]; parent: Root WebApplicationContext
09-May-2019 10:00:39.523 INFO [http-nio-8080-exec-75] org.springframework.web.context.support.XmlWebApplicationContext.doClose Closing Root WebApplicationContext: startup date [Thu May 09 09:58:53 EDT 2019]; root of context hierarchy
09-May-2019 10:00:40.033 INFO [http-nio-8080-exec-75] org.apache.catalina.startup.HostConfig.undeploy Undeploying context [/FlooringCalculatorSpringMVC]
09-May-2019 10:00:40.078 INFO [http-nio-8080-exec-72] org.apache.catalina.startup.HostConfig.deployDescriptor Deploying configuration descriptor /home/souldj673/Documents/school-work-backup/Web Services/Tomcat-Server/conf/Catalina/localhost/FlooringCalculatorSpringMVC.xml
09-May-2019 10:00:40.708 INFO [http-nio-8080-exec-72] org.springframework.web.context.ContextLoader.initWebApplicationContext Root WebApplicationContext: initialization started
09-May-2019 10:00:40.771 INFO [http-nio-8080-exec-72] org.springframework.web.context.support.XmlWebApplicationContext.prepareRefresh Refreshing Root WebApplicationContext: startup date [Thu May 09 10:00:40 EDT 2019]; root of context hierarchy
09-May-2019 10:00:40.809 INFO [http-nio-8080-exec-72] org.springframework.beans.factory.xml.XmlBeanDefinitionReader.loadBeanDefinitions Loading XML bean definitions from ServletContext resource [/WEB-INF/spring-dispatcher-servlet.xml]
09-May-2019 10:00:40.925 INFO [http-nio-8080-exec-72] org.springframework.beans.factory.xml.XmlBeanDefinitionReader.loadBeanDefinitions Loading XML bean definitions from class path resource [spring-persistence.xml]
09-May-2019 10:00:41.011 INFO [http-nio-8080-exec-72] org.springframework.beans.factory.annotation.AutowiredAnnotationBeanPostProcessor.<init> JSR-330 'javax.inject.Inject' annotation found and supported for autowiring
09-May-2019 10:00:41.190 INFO [http-nio-8080-exec-72] org.springframework.web.servlet.mvc.method.annotation.RequestMappingHandlerMapping.register Mapped "{[/hello/sayhi],methods=[GET]}" onto public java.lang.String com.sg.flooringcalculatorspringmvc.HelloController.sayHi(java.util.Map<java.lang.String, java.lang.Object>)
09-May-2019 10:00:41.222 INFO [http-nio-8080-exec-72] org.hibernate.validator.internal.util.Version.<clinit> HV000001: Hibernate Validator 5.2.2.Final
09-May-2019 10:00:41.511 INFO [http-nio-8080-exec-72] org.springframework.web.servlet.mvc.method.annotation.RequestMappingHandlerAdapter.initControllerAdviceCache Looking for @ControllerAdvice: Root WebApplicationContext: startup date [Thu May 09 10:00:40 EDT 2019]; root of context hierarchy
09-May-2019 10:00:41.566 INFO [http-nio-8080-exec-72] org.springframework.web.servlet.mvc.method.annotation.RequestMappingHandlerAdapter.initControllerAdviceCache Looking for @ControllerAdvice: Root WebApplicationContext: startup date [Thu May 09 10:00:40 EDT 2019]; root of context hierarchy
09-May-2019 10:00:41.681 INFO [http-nio-8080-exec-72] org.springframework.web.context.ContextLoader.initWebApplicationContext Root WebApplicationContext: initialization completed in 973 ms
09-May-2019 10:00:41.685 INFO [http-nio-8080-exec-72] org.apache.catalina.startup.HostConfig.deployDescriptor Deployment of configuration descriptor /home/souldj673/Documents/school-work-backup/Web Services/Tomcat-Server/conf/Catalina/localhost/FlooringCalculatorSpringMVC.xml has finished in 1,607 ms
09-May-2019 10:00:41.741 INFO [http-nio-8080-exec-78] org.apache.catalina.util.LifecycleBase.start The start() method was called on component [StandardEngine[Catalina].StandardHost[localhost].StandardContext[/FlooringCalculatorSpringMVC]] after start() had already been called. The second call will be ignored.
09-May-2019 10:00:47.680 INFO [http-nio-8080-exec-70] org.springframework.web.servlet.DispatcherServlet.initServletBean FrameworkServlet 'spring-dispatcher': initialization started
09-May-2019 10:00:47.684 INFO [http-nio-8080-exec-70] org.springframework.web.context.support.XmlWebApplicationContext.prepareRefresh Refreshing WebApplicationContext for namespace 'spring-dispatcher-servlet': startup date [Thu May 09 10:00:47 EDT 2019]; parent: Root WebApplicationContext
09-May-2019 10:00:47.685 INFO [http-nio-8080-exec-70] org.springframework.beans.factory.xml.XmlBeanDefinitionReader.loadBeanDefinitions Loading XML bean definitions from ServletContext resource [/WEB-INF/spring-dispatcher-servlet.xml]
09-May-2019 10:00:47.711 INFO [http-nio-8080-exec-70] org.springframework.beans.factory.annotation.AutowiredAnnotationBeanPostProcessor.<init> JSR-330 'javax.inject.Inject' annotation found and supported for autowiring
09-May-2019 10:00:47.743 INFO [http-nio-8080-exec-70] org.springframework.web.servlet.mvc.method.annotation.RequestMappingHandlerMapping.register Mapped "{[/hello/sayhi],methods=[GET]}" onto public java.lang.String com.sg.flooringcalculatorspringmvc.HelloController.sayHi(java.util.Map<java.lang.String, java.lang.Object>)
09-May-2019 10:00:47.791 INFO [http-nio-8080-exec-70] org.springframework.web.servlet.mvc.method.annotation.RequestMappingHandlerAdapter.initControllerAdviceCache Looking for @ControllerAdvice: WebApplicationContext for namespace 'spring-dispatcher-servlet': startup date [Thu May 09 10:00:47 EDT 2019]; parent: Root WebApplicationContext
09-May-2019 10:00:47.814 INFO [http-nio-8080-exec-70] org.springframework.web.servlet.mvc.method.annotation.RequestMappingHandlerAdapter.initControllerAdviceCache Looking for @ControllerAdvice: WebApplicationContext for namespace 'spring-dispatcher-servlet': startup date [Thu May 09 10:00:47 EDT 2019]; parent: Root WebApplicationContext
09-May-2019 10:00:47.897 INFO [http-nio-8080-exec-70] org.springframework.web.servlet.DispatcherServlet.initServletBean FrameworkServlet 'spring-dispatcher': initialization completed in 217 ms
09-May-2019 10:00:47.911 WARNING [http-nio-8080-exec-70] org.springframework.web.servlet.PageNotFound.noHandlerFound No mapping found for HTTP request with URI [/FlooringCalculatorSpringMVC/flooringCalculator] in DispatcherServlet with name 'spring-dispatcher'
09-May-2019 10:04:04.610 INFO [http-nio-8080-exec-79] org.apache.catalina.core.StandardContext.reload Reloading Context with name [/FlooringCalculatorSpringMVC] has started
09-May-2019 10:04:04.612 INFO [http-nio-8080-exec-79] org.springframework.web.context.support.XmlWebApplicationContext.doClose Closing WebApplicationContext for namespace 'spring-dispatcher-servlet': startup date [Thu May 09 10:00:47 EDT 2019]; parent: Root WebApplicationContext
09-May-2019 10:04:04.616 INFO [http-nio-8080-exec-79] org.springframework.web.context.support.XmlWebApplicationContext.doClose Closing Root WebApplicationContext: startup date [Thu May 09 10:00:40 EDT 2019]; root of context hierarchy
09-May-2019 10:04:05.325 INFO [http-nio-8080-exec-79] org.springframework.web.context.ContextLoader.initWebApplicationContext Root WebApplicationContext: initialization started
09-May-2019 10:04:05.378 INFO [http-nio-8080-exec-79] org.springframework.web.context.support.XmlWebApplicationContext.prepareRefresh Refreshing Root WebApplicationContext: startup date [Thu May 09 10:04:05 EDT 2019]; root of context hierarchy
09-May-2019 10:04:05.422 INFO [http-nio-8080-exec-79] org.springframework.beans.factory.xml.XmlBeanDefinitionReader.loadBeanDefinitions Loading XML bean definitions from ServletContext resource [/WEB-INF/spring-dispatcher-servlet.xml]
09-May-2019 10:04:05.544 INFO [http-nio-8080-exec-79] org.springframework.beans.factory.xml.XmlBeanDefinitionReader.loadBeanDefinitions Loading XML bean definitions from class path resource [spring-persistence.xml]
09-May-2019 10:04:05.644 INFO [http-nio-8080-exec-79] org.springframework.beans.factory.annotation.AutowiredAnnotationBeanPostProcessor.<init> JSR-330 'javax.inject.Inject' annotation found and supported for autowiring
09-May-2019 10:04:05.863 INFO [http-nio-8080-exec-79] org.springframework.web.servlet.mvc.method.annotation.RequestMappingHandlerMapping.register Mapped "{[/flooringCalculator],methods=[POST]}" onto public java.lang.String com.sg.flooringcalculatorspringmvc.FlooringController.flooringCalculator(javax.servlet.http.HttpServletRequest,java.util.Map<java.lang.String, java.lang.Object>)
09-May-2019 10:04:05.865 INFO [http-nio-8080-exec-79] org.springframework.web.servlet.mvc.method.annotation.RequestMappingHandlerMapping.register Mapped "{[/hello/sayhi],methods=[GET]}" onto public java.lang.String com.sg.flooringcalculatorspringmvc.HelloController.sayHi(java.util.Map<java.lang.String, java.lang.Object>)
09-May-2019 10:04:05.902 INFO [http-nio-8080-exec-79] org.hibernate.validator.internal.util.Version.<clinit> HV000001: Hibernate Validator 5.2.2.Final
09-May-2019 10:04:06.207 INFO [http-nio-8080-exec-79] org.springframework.web.servlet.mvc.method.annotation.RequestMappingHandlerAdapter.initControllerAdviceCache Looking for @ControllerAdvice: Root WebApplicationContext: startup date [Thu May 09 10:04:05 EDT 2019]; root of context hierarchy
09-May-2019 10:04:06.260 INFO [http-nio-8080-exec-79] org.springframework.web.servlet.mvc.method.annotation.RequestMappingHandlerAdapter.initControllerAdviceCache Looking for @ControllerAdvice: Root WebApplicationContext: startup date [Thu May 09 10:04:05 EDT 2019]; root of context hierarchy
09-May-2019 10:04:06.372 INFO [http-nio-8080-exec-79] org.springframework.web.context.ContextLoader.initWebApplicationContext Root WebApplicationContext: initialization completed in 1047 ms
09-May-2019 10:04:06.374 INFO [http-nio-8080-exec-79] org.apache.catalina.core.StandardContext.reload Reloading Context with name [/FlooringCalculatorSpringMVC] is completed
09-May-2019 10:04:13.616 INFO [http-nio-8080-exec-85] org.springframework.web.servlet.DispatcherServlet.initServletBean FrameworkServlet 'spring-dispatcher': initialization started
09-May-2019 10:04:13.619 INFO [http-nio-8080-exec-85] org.springframework.web.context.support.XmlWebApplicationContext.prepareRefresh Refreshing WebApplicationContext for namespace 'spring-dispatcher-servlet': startup date [Thu May 09 10:04:13 EDT 2019]; parent: Root WebApplicationContext
09-May-2019 10:04:13.620 INFO [http-nio-8080-exec-85] org.springframework.beans.factory.xml.XmlBeanDefinitionReader.loadBeanDefinitions Loading XML bean definitions from ServletContext resource [/WEB-INF/spring-dispatcher-servlet.xml]
09-May-2019 10:04:13.642 INFO [http-nio-8080-exec-85] org.springframework.beans.factory.annotation.AutowiredAnnotationBeanPostProcessor.<init> JSR-330 'javax.inject.Inject' annotation found and supported for autowiring
09-May-2019 10:04:13.679 INFO [http-nio-8080-exec-85] org.springframework.web.servlet.mvc.method.annotation.RequestMappingHandlerMapping.register Mapped "{[/flooringCalculator],methods=[POST]}" onto public java.lang.String com.sg.flooringcalculatorspringmvc.FlooringController.flooringCalculator(javax.servlet.http.HttpServletRequest,java.util.Map<java.lang.String, java.lang.Object>)
09-May-2019 10:04:13.680 INFO [http-nio-8080-exec-85] org.springframework.web.servlet.mvc.method.annotation.RequestMappingHandlerMapping.register Mapped "{[/hello/sayhi],methods=[GET]}" onto public java.lang.String com.sg.flooringcalculatorspringmvc.HelloController.sayHi(java.util.Map<java.lang.String, java.lang.Object>)
09-May-2019 10:04:13.728 INFO [http-nio-8080-exec-85] org.springframework.web.servlet.mvc.method.annotation.RequestMappingHandlerAdapter.initControllerAdviceCache Looking for @ControllerAdvice: WebApplicationContext for namespace 'spring-dispatcher-servlet': startup date [Thu May 09 10:04:13 EDT 2019]; parent: Root WebApplicationContext
09-May-2019 10:04:13.750 INFO [http-nio-8080-exec-85] org.springframework.web.servlet.mvc.method.annotation.RequestMappingHandlerAdapter.initControllerAdviceCache Looking for @ControllerAdvice: WebApplicationContext for namespace 'spring-dispatcher-servlet': startup date [Thu May 09 10:04:13 EDT 2019]; parent: Root WebApplicationContext
09-May-2019 10:04:13.842 INFO [http-nio-8080-exec-85] org.springframework.web.servlet.DispatcherServlet.initServletBean FrameworkServlet 'spring-dispatcher': initialization completed in 226 ms
09-May-2019 10:09:30.635 INFO [http-nio-8080-exec-95] org.apache.catalina.core.StandardContext.reload Reloading Context with name [/FlooringCalculatorSpringMVC] has started
09-May-2019 10:09:30.636 INFO [http-nio-8080-exec-95] org.springframework.web.context.support.XmlWebApplicationContext.doClose Closing WebApplicationContext for namespace 'spring-dispatcher-servlet': startup date [Thu May 09 10:04:13 EDT 2019]; parent: Root WebApplicationContext
09-May-2019 10:09:30.639 INFO [http-nio-8080-exec-95] org.springframework.web.context.support.XmlWebApplicationContext.doClose Closing Root WebApplicationContext: startup date [Thu May 09 10:04:05 EDT 2019]; root of context hierarchy
09-May-2019 10:09:31.527 INFO [http-nio-8080-exec-95] org.springframework.web.context.ContextLoader.initWebApplicationContext Root WebApplicationContext: initialization started
09-May-2019 10:09:31.597 INFO [http-nio-8080-exec-95] org.springframework.web.context.support.XmlWebApplicationContext.prepareRefresh Refreshing Root WebApplicationContext: startup date [Thu May 09 10:09:31 EDT 2019]; root of context hierarchy
09-May-2019 10:09:31.854 INFO [http-nio-8080-exec-95] org.springframework.beans.factory.xml.XmlBeanDefinitionReader.loadBeanDefinitions Loading XML bean definitions from ServletContext resource [/WEB-INF/spring-dispatcher-servlet.xml]
09-May-2019 10:09:31.980 INFO [http-nio-8080-exec-95] org.springframework.beans.factory.xml.XmlBeanDefinitionReader.loadBeanDefinitions Loading XML bean definitions from class path resource [spring-persistence.xml]
09-May-2019 10:09:32.112 INFO [http-nio-8080-exec-95] org.springframework.beans.factory.annotation.AutowiredAnnotationBeanPostProcessor.<init> JSR-330 'javax.inject.Inject' annotation found and supported for autowiring
09-May-2019 10:09:32.318 INFO [http-nio-8080-exec-95] org.springframework.web.servlet.mvc.method.annotation.RequestMappingHandlerMapping.register Mapped "{[/flooringCalculator],methods=[POST]}" onto public java.lang.String com.sg.flooringcalculatorspringmvc.FlooringController.flooringCalculator(javax.servlet.http.HttpServletRequest,java.util.Map<java.lang.String, java.lang.Object>)
09-May-2019 10:09:32.321 INFO [http-nio-8080-exec-95] org.springframework.web.servlet.mvc.method.annotation.RequestMappingHandlerMapping.register Mapped "{[/hello/sayhi],methods=[GET]}" onto public java.lang.String com.sg.flooringcalculatorspringmvc.HelloController.sayHi(java.util.Map<java.lang.String, java.lang.Object>)
09-May-2019 10:09:32.369 INFO [http-nio-8080-exec-95] org.hibernate.validator.internal.util.Version.<clinit> HV000001: Hibernate Validator 5.2.2.Final
09-May-2019 10:09:32.682 INFO [http-nio-8080-exec-95] org.springframework.web.servlet.mvc.method.annotation.RequestMappingHandlerAdapter.initControllerAdviceCache Looking for @ControllerAdvice: Root WebApplicationContext: startup date [Thu May 09 10:09:31 EDT 2019]; root of context hierarchy
09-May-2019 10:09:32.736 INFO [http-nio-8080-exec-95] org.springframework.web.servlet.mvc.method.annotation.RequestMappingHandlerAdapter.initControllerAdviceCache Looking for @ControllerAdvice: Root WebApplicationContext: startup date [Thu May 09 10:09:31 EDT 2019]; root of context hierarchy
09-May-2019 10:09:32.862 INFO [http-nio-8080-exec-95] org.springframework.web.context.ContextLoader.initWebApplicationContext Root WebApplicationContext: initialization completed in 1335 ms
09-May-2019 10:09:32.866 INFO [http-nio-8080-exec-95] org.apache.catalina.core.StandardContext.reload Reloading Context with name [/FlooringCalculatorSpringMVC] is completed
09-May-2019 10:09:59.339 INFO [http-nio-8080-exec-89] org.springframework.web.servlet.DispatcherServlet.initServletBean FrameworkServlet 'spring-dispatcher': initialization started
09-May-2019 10:09:59.343 INFO [http-nio-8080-exec-89] org.springframework.web.context.support.XmlWebApplicationContext.prepareRefresh Refreshing WebApplicationContext for namespace 'spring-dispatcher-servlet': startup date [Thu May 09 10:09:59 EDT 2019]; parent: Root WebApplicationContext
09-May-2019 10:09:59.344 INFO [http-nio-8080-exec-89] org.springframework.beans.factory.xml.XmlBeanDefinitionReader.loadBeanDefinitions Loading XML bean definitions from ServletContext resource [/WEB-INF/spring-dispatcher-servlet.xml]
09-May-2019 10:09:59.372 INFO [http-nio-8080-exec-89] org.springframework.beans.factory.annotation.AutowiredAnnotationBeanPostProcessor.<init> JSR-330 'javax.inject.Inject' annotation found and supported for autowiring
09-May-2019 10:09:59.403 INFO [http-nio-8080-exec-89] org.springframework.web.servlet.mvc.method.annotation.RequestMappingHandlerMapping.register Mapped "{[/flooringCalculator],methods=[POST]}" onto public java.lang.String com.sg.flooringcalculatorspringmvc.FlooringController.flooringCalculator(javax.servlet.http.HttpServletRequest,java.util.Map<java.lang.String, java.lang.Object>)
09-May-2019 10:09:59.405 INFO [http-nio-8080-exec-89] org.springframework.web.servlet.mvc.method.annotation.RequestMappingHandlerMapping.register Mapped "{[/hello/sayhi],methods=[GET]}" onto public java.lang.String com.sg.flooringcalculatorspringmvc.HelloController.sayHi(java.util.Map<java.lang.String, java.lang.Object>)
09-May-2019 10:09:59.448 INFO [http-nio-8080-exec-89] org.springframework.web.servlet.mvc.method.annotation.RequestMappingHandlerAdapter.initControllerAdviceCache Looking for @ControllerAdvice: WebApplicationContext for namespace 'spring-dispatcher-servlet': startup date [Thu May 09 10:09:59 EDT 2019]; parent: Root WebApplicationContext
09-May-2019 10:09:59.471 INFO [http-nio-8080-exec-89] org.springframework.web.servlet.mvc.method.annotation.RequestMappingHandlerAdapter.initControllerAdviceCache Looking for @ControllerAdvice: WebApplicationContext for namespace 'spring-dispatcher-servlet': startup date [Thu May 09 10:09:59 EDT 2019]; parent: Root WebApplicationContext
09-May-2019 10:09:59.567 INFO [http-nio-8080-exec-89] org.springframework.web.servlet.DispatcherServlet.initServletBean FrameworkServlet 'spring-dispatcher': initialization completed in 228 ms
