13-May-2019 09:19:25.277 INFO [localhost-startStop-1] org.apache.catalina.core.ApplicationContext.log No Spring WebApplicationInitializer types detected on classpath
13-May-2019 09:19:25.310 INFO [localhost-startStop-1] org.apache.catalina.core.ApplicationContext.log Initializing Spring root WebApplicationContext
13-May-2019 09:19:29.742 INFO [localhost-startStop-1] org.apache.catalina.core.ApplicationContext.log No Spring WebApplicationInitializer types detected on classpath
13-May-2019 09:19:29.778 INFO [localhost-startStop-1] org.apache.catalina.core.ApplicationContext.log Initializing Spring root WebApplicationContext
13-May-2019 09:19:34.022 INFO [localhost-startStop-1] org.apache.catalina.core.ApplicationContext.log ContextListener: contextInitialized()
13-May-2019 09:19:34.023 INFO [localhost-startStop-1] org.apache.catalina.core.ApplicationContext.log SessionListener: contextInitialized()
13-May-2019 09:19:39.070 INFO [http-nio-8080-exec-3] org.apache.catalina.core.ApplicationContext.log Closing Spring root WebApplicationContext
13-May-2019 09:19:42.052 INFO [http-nio-8080-exec-1] org.apache.catalina.core.ApplicationContext.log No Spring WebApplicationInitializer types detected on classpath
13-May-2019 09:19:42.100 INFO [http-nio-8080-exec-1] org.apache.catalina.core.ApplicationContext.log Initializing Spring root WebApplicationContext
13-May-2019 09:19:50.344 INFO [http-nio-8080-exec-7] org.apache.catalina.core.ApplicationContext.log Initializing Spring FrameworkServlet 'spring-dispatcher'
13-May-2019 09:57:46.407 INFO [http-nio-8080-exec-13] org.apache.catalina.core.ApplicationContext.log Destroying Spring FrameworkServlet 'spring-dispatcher'
13-May-2019 09:57:46.410 INFO [http-nio-8080-exec-13] org.apache.catalina.core.ApplicationContext.log Closing Spring root WebApplicationContext
13-May-2019 09:57:47.567 INFO [http-nio-8080-exec-13] org.apache.catalina.core.ApplicationContext.log No Spring WebApplicationInitializer types detected on classpath
13-May-2019 09:57:47.603 INFO [http-nio-8080-exec-13] org.apache.catalina.core.ApplicationContext.log Initializing Spring root WebApplicationContext
13-May-2019 09:59:00.806 INFO [http-nio-8080-exec-15] org.apache.catalina.core.ApplicationContext.log Initializing Spring FrameworkServlet 'spring-dispatcher'
13-May-2019 09:59:01.132 SEVERE [http-nio-8080-exec-15] org.apache.catalina.core.StandardWrapperValve.invoke Servlet.service() for servlet [spring-dispatcher] in context with path [/TipCalculatorSpringMVC] threw exception [Request processing failed; nested exception is java.lang.NumberFormatException: For input string: "a"] with root cause
 java.lang.NumberFormatException: For input string: "a"
	at sun.misc.FloatingDecimal.readJavaFormatString(FloatingDecimal.java:2043)
	at sun.misc.FloatingDecimal.parseDouble(FloatingDecimal.java:110)
	at java.lang.Double.parseDouble(Double.java:538)
	at com.sg.tipcalculatorspringmvc.TipCalcController.calculateTip(TipCalcController.java:39)
	at sun.reflect.NativeMethodAccessorImpl.invoke0(Native Method)
	at sun.reflect.NativeMethodAccessorImpl.invoke(NativeMethodAccessorImpl.java:62)
	at sun.reflect.DelegatingMethodAccessorImpl.invoke(DelegatingMethodAccessorImpl.java:43)
	at java.lang.reflect.Method.invoke(Method.java:498)
	at org.springframework.web.method.support.InvocableHandlerMethod.doInvoke(InvocableHandlerMethod.java:205)
	at org.springframework.web.method.support.InvocableHandlerMethod.invokeForRequest(InvocableHandlerMethod.java:133)
	at org.springframework.web.servlet.mvc.method.annotation.ServletInvocableHandlerMethod.invokeAndHandle(ServletInvocableHandlerMethod.java:116)
	at org.springframework.web.servlet.mvc.method.annotation.RequestMappingHandlerAdapter.invokeHandlerMethod(RequestMappingHandlerAdapter.java:827)
	at org.springframework.web.servlet.mvc.method.annotation.RequestMappingHandlerAdapter.handleInternal(RequestMappingHandlerAdapter.java:738)
	at org.springframework.web.servlet.mvc.method.AbstractHandlerMethodAdapter.handle(AbstractHandlerMethodAdapter.java:85)
	at org.springframework.web.servlet.DispatcherServlet.doDispatch(DispatcherServlet.java:963)
	at org.springframework.web.servlet.DispatcherServlet.doService(DispatcherServlet.java:897)
	at org.springframework.web.servlet.FrameworkServlet.processRequest(FrameworkServlet.java:970)
	at org.springframework.web.servlet.FrameworkServlet.doPost(FrameworkServlet.java:872)
	at javax.servlet.http.HttpServlet.service(HttpServlet.java:648)
	at org.springframework.web.servlet.FrameworkServlet.service(FrameworkServlet.java:846)
	at javax.servlet.http.HttpServlet.service(HttpServlet.java:729)
	at org.apache.catalina.core.ApplicationFilterChain.internalDoFilter(ApplicationFilterChain.java:230)
	at org.apache.catalina.core.ApplicationFilterChain.doFilter(ApplicationFilterChain.java:165)
	at org.apache.tomcat.websocket.server.WsFilter.doFilter(WsFilter.java:52)
	at org.apache.catalina.core.ApplicationFilterChain.internalDoFilter(ApplicationFilterChain.java:192)
	at org.apache.catalina.core.ApplicationFilterChain.doFilter(ApplicationFilterChain.java:165)
	at org.netbeans.modules.web.monitor.server.MonitorFilter.doFilter(MonitorFilter.java:368)
	at org.apache.catalina.core.ApplicationFilterChain.internalDoFilter(ApplicationFilterChain.java:192)
	at org.apache.catalina.core.ApplicationFilterChain.doFilter(ApplicationFilterChain.java:165)
	at org.apache.catalina.core.StandardWrapperValve.invoke(StandardWrapperValve.java:198)
	at org.apache.catalina.core.StandardContextValve.invoke(StandardContextValve.java:96)
	at org.apache.catalina.authenticator.AuthenticatorBase.invoke(AuthenticatorBase.java:474)
	at org.apache.catalina.core.StandardHostValve.invoke(StandardHostValve.java:140)
	at org.apache.catalina.valves.ErrorReportValve.invoke(ErrorReportValve.java:79)
	at org.apache.catalina.valves.AbstractAccessLogValve.invoke(AbstractAccessLogValve.java:624)
	at org.apache.catalina.core.StandardEngineValve.invoke(StandardEngineValve.java:87)
	at org.apache.catalina.connector.CoyoteAdapter.service(CoyoteAdapter.java:349)
	at org.apache.coyote.http11.Http11Processor.service(Http11Processor.java:783)
	at org.apache.coyote.AbstractProcessorLight.process(AbstractProcessorLight.java:66)
	at org.apache.coyote.AbstractProtocol$ConnectionHandler.process(AbstractProtocol.java:798)
	at org.apache.tomcat.util.net.NioEndpoint$SocketProcessor.doRun(NioEndpoint.java:1434)
	at org.apache.tomcat.util.net.SocketProcessorBase.run(SocketProcessorBase.java:49)
	at java.util.concurrent.ThreadPoolExecutor.runWorker(ThreadPoolExecutor.java:1149)
	at java.util.concurrent.ThreadPoolExecutor$Worker.run(ThreadPoolExecutor.java:624)
	at org.apache.tomcat.util.threads.TaskThread$WrappingRunnable.run(TaskThread.java:61)
	at java.lang.Thread.run(Thread.java:748)

13-May-2019 10:00:02.204 INFO [http-nio-8080-exec-21] org.apache.catalina.core.ApplicationContext.log Destroying Spring FrameworkServlet 'spring-dispatcher'
13-May-2019 10:00:02.207 INFO [http-nio-8080-exec-21] org.apache.catalina.core.ApplicationContext.log Closing Spring root WebApplicationContext
13-May-2019 10:00:03.098 INFO [http-nio-8080-exec-21] org.apache.catalina.core.ApplicationContext.log No Spring WebApplicationInitializer types detected on classpath
13-May-2019 10:00:03.117 INFO [http-nio-8080-exec-21] org.apache.catalina.core.ApplicationContext.log Initializing Spring root WebApplicationContext
13-May-2019 10:00:05.282 INFO [http-nio-8080-exec-29] org.apache.catalina.core.ApplicationContext.log Closing Spring root WebApplicationContext
13-May-2019 10:00:06.192 INFO [http-nio-8080-exec-29] org.apache.catalina.core.ApplicationContext.log No Spring WebApplicationInitializer types detected on classpath
13-May-2019 10:00:06.216 INFO [http-nio-8080-exec-29] org.apache.catalina.core.ApplicationContext.log Initializing Spring root WebApplicationContext
13-May-2019 10:00:17.326 INFO [http-nio-8080-exec-23] org.apache.catalina.core.ApplicationContext.log Initializing Spring FrameworkServlet 'spring-dispatcher'
13-May-2019 10:00:28.552 INFO [http-nio-8080-exec-32] org.apache.catalina.core.ApplicationContext.log Destroying Spring FrameworkServlet 'spring-dispatcher'
13-May-2019 10:00:28.556 INFO [http-nio-8080-exec-32] org.apache.catalina.core.ApplicationContext.log Closing Spring root WebApplicationContext
13-May-2019 10:00:29.495 INFO [http-nio-8080-exec-32] org.apache.catalina.core.ApplicationContext.log No Spring WebApplicationInitializer types detected on classpath
13-May-2019 10:00:29.522 INFO [http-nio-8080-exec-32] org.apache.catalina.core.ApplicationContext.log Initializing Spring root WebApplicationContext
13-May-2019 10:00:31.278 INFO [http-nio-8080-exec-21] org.apache.catalina.core.ApplicationContext.log Initializing Spring FrameworkServlet 'spring-dispatcher'
13-May-2019 10:00:42.826 SEVERE [http-nio-8080-exec-24] org.apache.catalina.core.StandardWrapperValve.invoke Servlet.service() for servlet [spring-dispatcher] in context with path [/TipCalculatorSpringMVC] threw exception [Request processing failed; nested exception is java.lang.NumberFormatException] with root cause
 java.lang.NumberFormatException
	at java.math.BigDecimal.<init>(BigDecimal.java:497)
	at java.math.BigDecimal.<init>(BigDecimal.java:383)
	at java.math.BigDecimal.<init>(BigDecimal.java:809)
	at com.sg.tipcalculatorspringmvc.TipCalcController.calculateTip(TipCalcController.java:32)
	at sun.reflect.NativeMethodAccessorImpl.invoke0(Native Method)
	at sun.reflect.NativeMethodAccessorImpl.invoke(NativeMethodAccessorImpl.java:62)
	at sun.reflect.DelegatingMethodAccessorImpl.invoke(DelegatingMethodAccessorImpl.java:43)
	at java.lang.reflect.Method.invoke(Method.java:498)
	at org.springframework.web.method.support.InvocableHandlerMethod.doInvoke(InvocableHandlerMethod.java:205)
	at org.springframework.web.method.support.InvocableHandlerMethod.invokeForRequest(InvocableHandlerMethod.java:133)
	at org.springframework.web.servlet.mvc.method.annotation.ServletInvocableHandlerMethod.invokeAndHandle(ServletInvocableHandlerMethod.java:116)
	at org.springframework.web.servlet.mvc.method.annotation.RequestMappingHandlerAdapter.invokeHandlerMethod(RequestMappingHandlerAdapter.java:827)
	at org.springframework.web.servlet.mvc.method.annotation.RequestMappingHandlerAdapter.handleInternal(RequestMappingHandlerAdapter.java:738)
	at org.springframework.web.servlet.mvc.method.AbstractHandlerMethodAdapter.handle(AbstractHandlerMethodAdapter.java:85)
	at org.springframework.web.servlet.DispatcherServlet.doDispatch(DispatcherServlet.java:963)
	at org.springframework.web.servlet.DispatcherServlet.doService(DispatcherServlet.java:897)
	at org.springframework.web.servlet.FrameworkServlet.processRequest(FrameworkServlet.java:970)
	at org.springframework.web.servlet.FrameworkServlet.doPost(FrameworkServlet.java:872)
	at javax.servlet.http.HttpServlet.service(HttpServlet.java:648)
	at org.springframework.web.servlet.FrameworkServlet.service(FrameworkServlet.java:846)
	at javax.servlet.http.HttpServlet.service(HttpServlet.java:729)
	at org.apache.catalina.core.ApplicationFilterChain.internalDoFilter(ApplicationFilterChain.java:230)
	at org.apache.catalina.core.ApplicationFilterChain.doFilter(ApplicationFilterChain.java:165)
	at org.apache.tomcat.websocket.server.WsFilter.doFilter(WsFilter.java:52)
	at org.apache.catalina.core.ApplicationFilterChain.internalDoFilter(ApplicationFilterChain.java:192)
	at org.apache.catalina.core.ApplicationFilterChain.doFilter(ApplicationFilterChain.java:165)
	at org.netbeans.modules.web.monitor.server.MonitorFilter.doFilter(MonitorFilter.java:368)
	at org.apache.catalina.core.ApplicationFilterChain.internalDoFilter(ApplicationFilterChain.java:192)
	at org.apache.catalina.core.ApplicationFilterChain.doFilter(ApplicationFilterChain.java:165)
	at org.apache.catalina.core.StandardWrapperValve.invoke(StandardWrapperValve.java:198)
	at org.apache.catalina.core.StandardContextValve.invoke(StandardContextValve.java:96)
	at org.apache.catalina.authenticator.AuthenticatorBase.invoke(AuthenticatorBase.java:474)
	at org.apache.catalina.core.StandardHostValve.invoke(StandardHostValve.java:140)
	at org.apache.catalina.valves.ErrorReportValve.invoke(ErrorReportValve.java:79)
	at org.apache.catalina.valves.AbstractAccessLogValve.invoke(AbstractAccessLogValve.java:624)
	at org.apache.catalina.core.StandardEngineValve.invoke(StandardEngineValve.java:87)
	at org.apache.catalina.connector.CoyoteAdapter.service(CoyoteAdapter.java:349)
	at org.apache.coyote.http11.Http11Processor.service(Http11Processor.java:783)
	at org.apache.coyote.AbstractProcessorLight.process(AbstractProcessorLight.java:66)
	at org.apache.coyote.AbstractProtocol$ConnectionHandler.process(AbstractProtocol.java:798)
	at org.apache.tomcat.util.net.NioEndpoint$SocketProcessor.doRun(NioEndpoint.java:1434)
	at org.apache.tomcat.util.net.SocketProcessorBase.run(SocketProcessorBase.java:49)
	at java.util.concurrent.ThreadPoolExecutor.runWorker(ThreadPoolExecutor.java:1149)
	at java.util.concurrent.ThreadPoolExecutor$Worker.run(ThreadPoolExecutor.java:624)
	at org.apache.tomcat.util.threads.TaskThread$WrappingRunnable.run(TaskThread.java:61)
	at java.lang.Thread.run(Thread.java:748)

13-May-2019 10:02:06.861 INFO [http-nio-8080-exec-33] org.apache.catalina.core.ApplicationContext.log Destroying Spring FrameworkServlet 'spring-dispatcher'
13-May-2019 10:02:06.864 INFO [http-nio-8080-exec-33] org.apache.catalina.core.ApplicationContext.log Closing Spring root WebApplicationContext
13-May-2019 10:02:07.811 INFO [http-nio-8080-exec-33] org.apache.catalina.core.ApplicationContext.log No Spring WebApplicationInitializer types detected on classpath
13-May-2019 10:02:07.831 INFO [http-nio-8080-exec-33] org.apache.catalina.core.ApplicationContext.log Initializing Spring root WebApplicationContext
13-May-2019 10:02:11.818 INFO [http-nio-8080-exec-34] org.apache.catalina.core.ApplicationContext.log Initializing Spring FrameworkServlet 'spring-dispatcher'
13-May-2019 10:02:58.980 INFO [http-nio-8080-exec-45] org.apache.catalina.core.ApplicationContext.log Destroying Spring FrameworkServlet 'spring-dispatcher'
13-May-2019 10:02:58.984 INFO [http-nio-8080-exec-45] org.apache.catalina.core.ApplicationContext.log Closing Spring root WebApplicationContext
13-May-2019 10:02:59.834 INFO [http-nio-8080-exec-45] org.apache.catalina.core.ApplicationContext.log No Spring WebApplicationInitializer types detected on classpath
13-May-2019 10:02:59.866 INFO [http-nio-8080-exec-45] org.apache.catalina.core.ApplicationContext.log Initializing Spring root WebApplicationContext
13-May-2019 10:03:03.903 INFO [http-nio-8080-exec-47] org.apache.catalina.core.ApplicationContext.log Closing Spring root WebApplicationContext
13-May-2019 10:03:04.624 INFO [http-nio-8080-exec-47] org.apache.catalina.core.ApplicationContext.log No Spring WebApplicationInitializer types detected on classpath
13-May-2019 10:03:04.641 INFO [http-nio-8080-exec-47] org.apache.catalina.core.ApplicationContext.log Initializing Spring root WebApplicationContext
13-May-2019 10:03:15.660 INFO [http-nio-8080-exec-49] org.apache.catalina.core.ApplicationContext.log Closing Spring root WebApplicationContext
13-May-2019 10:03:16.480 INFO [http-nio-8080-exec-49] org.apache.catalina.core.ApplicationContext.log No Spring WebApplicationInitializer types detected on classpath
13-May-2019 10:03:16.527 INFO [http-nio-8080-exec-49] org.apache.catalina.core.ApplicationContext.log Initializing Spring root WebApplicationContext
13-May-2019 10:03:20.336 INFO [http-nio-8080-exec-51] org.apache.catalina.core.ApplicationContext.log Closing Spring root WebApplicationContext
13-May-2019 10:03:21.065 INFO [http-nio-8080-exec-51] org.apache.catalina.core.ApplicationContext.log No Spring WebApplicationInitializer types detected on classpath
13-May-2019 10:03:21.081 INFO [http-nio-8080-exec-51] org.apache.catalina.core.ApplicationContext.log Initializing Spring root WebApplicationContext
13-May-2019 10:03:38.762 INFO [http-nio-8080-exec-40] org.apache.catalina.core.ApplicationContext.log Initializing Spring FrameworkServlet 'spring-dispatcher'
13-May-2019 10:03:39.022 SEVERE [http-nio-8080-exec-40] org.apache.catalina.core.StandardWrapperValve.invoke Servlet.service() for servlet [spring-dispatcher] in context with path [/TipCalculatorSpringMVC] threw exception [Request processing failed; nested exception is java.lang.ArithmeticException: Rounding necessary] with root cause
 java.lang.ArithmeticException: Rounding necessary
	at java.math.BigDecimal.commonNeedIncrement(BigDecimal.java:4151)
	at java.math.BigDecimal.needIncrement(BigDecimal.java:4207)
	at java.math.BigDecimal.divideAndRound(BigDecimal.java:4115)
	at java.math.BigDecimal.setScale(BigDecimal.java:2455)
	at java.math.BigDecimal.setScale(BigDecimal.java:2515)
	at com.sg.tipcalculatorspringmvc.TipCalcController.calculateTip(TipCalcController.java:59)
	at sun.reflect.NativeMethodAccessorImpl.invoke0(Native Method)
	at sun.reflect.NativeMethodAccessorImpl.invoke(NativeMethodAccessorImpl.java:62)
	at sun.reflect.DelegatingMethodAccessorImpl.invoke(DelegatingMethodAccessorImpl.java:43)
	at java.lang.reflect.Method.invoke(Method.java:498)
	at org.springframework.web.method.support.InvocableHandlerMethod.doInvoke(InvocableHandlerMethod.java:205)
	at org.springframework.web.method.support.InvocableHandlerMethod.invokeForRequest(InvocableHandlerMethod.java:133)
	at org.springframework.web.servlet.mvc.method.annotation.ServletInvocableHandlerMethod.invokeAndHandle(ServletInvocableHandlerMethod.java:116)
	at org.springframework.web.servlet.mvc.method.annotation.RequestMappingHandlerAdapter.invokeHandlerMethod(RequestMappingHandlerAdapter.java:827)
	at org.springframework.web.servlet.mvc.method.annotation.RequestMappingHandlerAdapter.handleInternal(RequestMappingHandlerAdapter.java:738)
	at org.springframework.web.servlet.mvc.method.AbstractHandlerMethodAdapter.handle(AbstractHandlerMethodAdapter.java:85)
	at org.springframework.web.servlet.DispatcherServlet.doDispatch(DispatcherServlet.java:963)
	at org.springframework.web.servlet.DispatcherServlet.doService(DispatcherServlet.java:897)
	at org.springframework.web.servlet.FrameworkServlet.processRequest(FrameworkServlet.java:970)
	at org.springframework.web.servlet.FrameworkServlet.doPost(FrameworkServlet.java:872)
	at javax.servlet.http.HttpServlet.service(HttpServlet.java:648)
	at org.springframework.web.servlet.FrameworkServlet.service(FrameworkServlet.java:846)
	at javax.servlet.http.HttpServlet.service(HttpServlet.java:729)
	at org.apache.catalina.core.ApplicationFilterChain.internalDoFilter(ApplicationFilterChain.java:230)
	at org.apache.catalina.core.ApplicationFilterChain.doFilter(ApplicationFilterChain.java:165)
	at org.apache.tomcat.websocket.server.WsFilter.doFilter(WsFilter.java:52)
	at org.apache.catalina.core.ApplicationFilterChain.internalDoFilter(ApplicationFilterChain.java:192)
	at org.apache.catalina.core.ApplicationFilterChain.doFilter(ApplicationFilterChain.java:165)
	at org.netbeans.modules.web.monitor.server.MonitorFilter.doFilter(MonitorFilter.java:368)
	at org.apache.catalina.core.ApplicationFilterChain.internalDoFilter(ApplicationFilterChain.java:192)
	at org.apache.catalina.core.ApplicationFilterChain.doFilter(ApplicationFilterChain.java:165)
	at org.apache.catalina.core.StandardWrapperValve.invoke(StandardWrapperValve.java:198)
	at org.apache.catalina.core.StandardContextValve.invoke(StandardContextValve.java:96)
	at org.apache.catalina.authenticator.AuthenticatorBase.invoke(AuthenticatorBase.java:474)
	at org.apache.catalina.core.StandardHostValve.invoke(StandardHostValve.java:140)
	at org.apache.catalina.valves.ErrorReportValve.invoke(ErrorReportValve.java:79)
	at org.apache.catalina.valves.AbstractAccessLogValve.invoke(AbstractAccessLogValve.java:624)
	at org.apache.catalina.core.StandardEngineValve.invoke(StandardEngineValve.java:87)
	at org.apache.catalina.connector.CoyoteAdapter.service(CoyoteAdapter.java:349)
	at org.apache.coyote.http11.Http11Processor.service(Http11Processor.java:783)
	at org.apache.coyote.AbstractProcessorLight.process(AbstractProcessorLight.java:66)
	at org.apache.coyote.AbstractProtocol$ConnectionHandler.process(AbstractProtocol.java:798)
	at org.apache.tomcat.util.net.NioEndpoint$SocketProcessor.doRun(NioEndpoint.java:1434)
	at org.apache.tomcat.util.net.SocketProcessorBase.run(SocketProcessorBase.java:49)
	at java.util.concurrent.ThreadPoolExecutor.runWorker(ThreadPoolExecutor.java:1149)
	at java.util.concurrent.ThreadPoolExecutor$Worker.run(ThreadPoolExecutor.java:624)
	at org.apache.tomcat.util.threads.TaskThread$WrappingRunnable.run(TaskThread.java:61)
	at java.lang.Thread.run(Thread.java:748)

13-May-2019 10:04:41.505 INFO [http-nio-8080-exec-52] org.apache.catalina.core.ApplicationContext.log Destroying Spring FrameworkServlet 'spring-dispatcher'
13-May-2019 10:04:41.509 INFO [http-nio-8080-exec-52] org.apache.catalina.core.ApplicationContext.log Closing Spring root WebApplicationContext
13-May-2019 10:04:42.252 INFO [http-nio-8080-exec-52] org.apache.catalina.core.ApplicationContext.log No Spring WebApplicationInitializer types detected on classpath
13-May-2019 10:04:42.269 INFO [http-nio-8080-exec-52] org.apache.catalina.core.ApplicationContext.log Initializing Spring root WebApplicationContext
13-May-2019 10:05:12.023 INFO [http-nio-8080-exec-58] org.apache.catalina.core.ApplicationContext.log Closing Spring root WebApplicationContext
13-May-2019 10:05:12.659 INFO [http-nio-8080-exec-58] org.apache.catalina.core.ApplicationContext.log No Spring WebApplicationInitializer types detected on classpath
13-May-2019 10:05:12.682 INFO [http-nio-8080-exec-58] org.apache.catalina.core.ApplicationContext.log Initializing Spring root WebApplicationContext
13-May-2019 10:05:15.393 INFO [http-nio-8080-exec-33] org.apache.catalina.core.ApplicationContext.log Initializing Spring FrameworkServlet 'spring-dispatcher'
13-May-2019 10:05:15.723 SEVERE [http-nio-8080-exec-33] org.apache.catalina.core.StandardWrapperValve.invoke Servlet.service() for servlet [spring-dispatcher] in context with path [/TipCalculatorSpringMVC] threw exception [Request processing failed; nested exception is java.lang.ArithmeticException: Rounding necessary] with root cause
 java.lang.ArithmeticException: Rounding necessary
	at java.math.BigDecimal.commonNeedIncrement(BigDecimal.java:4151)
	at java.math.BigDecimal.needIncrement(BigDecimal.java:4207)
	at java.math.BigDecimal.divideAndRound(BigDecimal.java:4115)
	at java.math.BigDecimal.setScale(BigDecimal.java:2455)
	at java.math.BigDecimal.setScale(BigDecimal.java:2515)
	at com.sg.tipcalculatorspringmvc.TipCalcController.calculateTip(TipCalcController.java:60)
	at sun.reflect.NativeMethodAccessorImpl.invoke0(Native Method)
	at sun.reflect.NativeMethodAccessorImpl.invoke(NativeMethodAccessorImpl.java:62)
	at sun.reflect.DelegatingMethodAccessorImpl.invoke(DelegatingMethodAccessorImpl.java:43)
	at java.lang.reflect.Method.invoke(Method.java:498)
	at org.springframework.web.method.support.InvocableHandlerMethod.doInvoke(InvocableHandlerMethod.java:205)
	at org.springframework.web.method.support.InvocableHandlerMethod.invokeForRequest(InvocableHandlerMethod.java:133)
	at org.springframework.web.servlet.mvc.method.annotation.ServletInvocableHandlerMethod.invokeAndHandle(ServletInvocableHandlerMethod.java:116)
	at org.springframework.web.servlet.mvc.method.annotation.RequestMappingHandlerAdapter.invokeHandlerMethod(RequestMappingHandlerAdapter.java:827)
	at org.springframework.web.servlet.mvc.method.annotation.RequestMappingHandlerAdapter.handleInternal(RequestMappingHandlerAdapter.java:738)
	at org.springframework.web.servlet.mvc.method.AbstractHandlerMethodAdapter.handle(AbstractHandlerMethodAdapter.java:85)
	at org.springframework.web.servlet.DispatcherServlet.doDispatch(DispatcherServlet.java:963)
	at org.springframework.web.servlet.DispatcherServlet.doService(DispatcherServlet.java:897)
	at org.springframework.web.servlet.FrameworkServlet.processRequest(FrameworkServlet.java:970)
	at org.springframework.web.servlet.FrameworkServlet.doPost(FrameworkServlet.java:872)
	at javax.servlet.http.HttpServlet.service(HttpServlet.java:648)
	at org.springframework.web.servlet.FrameworkServlet.service(FrameworkServlet.java:846)
	at javax.servlet.http.HttpServlet.service(HttpServlet.java:729)
	at org.apache.catalina.core.ApplicationFilterChain.internalDoFilter(ApplicationFilterChain.java:230)
	at org.apache.catalina.core.ApplicationFilterChain.doFilter(ApplicationFilterChain.java:165)
	at org.apache.tomcat.websocket.server.WsFilter.doFilter(WsFilter.java:52)
	at org.apache.catalina.core.ApplicationFilterChain.internalDoFilter(ApplicationFilterChain.java:192)
	at org.apache.catalina.core.ApplicationFilterChain.doFilter(ApplicationFilterChain.java:165)
	at org.netbeans.modules.web.monitor.server.MonitorFilter.doFilter(MonitorFilter.java:368)
	at org.apache.catalina.core.ApplicationFilterChain.internalDoFilter(ApplicationFilterChain.java:192)
	at org.apache.catalina.core.ApplicationFilterChain.doFilter(ApplicationFilterChain.java:165)
	at org.apache.catalina.core.StandardWrapperValve.invoke(StandardWrapperValve.java:198)
	at org.apache.catalina.core.StandardContextValve.invoke(StandardContextValve.java:96)
	at org.apache.catalina.authenticator.AuthenticatorBase.invoke(AuthenticatorBase.java:474)
	at org.apache.catalina.core.StandardHostValve.invoke(StandardHostValve.java:140)
	at org.apache.catalina.valves.ErrorReportValve.invoke(ErrorReportValve.java:79)
	at org.apache.catalina.valves.AbstractAccessLogValve.invoke(AbstractAccessLogValve.java:624)
	at org.apache.catalina.core.StandardEngineValve.invoke(StandardEngineValve.java:87)
	at org.apache.catalina.connector.CoyoteAdapter.service(CoyoteAdapter.java:349)
	at org.apache.coyote.http11.Http11Processor.service(Http11Processor.java:783)
	at org.apache.coyote.AbstractProcessorLight.process(AbstractProcessorLight.java:66)
	at org.apache.coyote.AbstractProtocol$ConnectionHandler.process(AbstractProtocol.java:798)
	at org.apache.tomcat.util.net.NioEndpoint$SocketProcessor.doRun(NioEndpoint.java:1434)
	at org.apache.tomcat.util.net.SocketProcessorBase.run(SocketProcessorBase.java:49)
	at java.util.concurrent.ThreadPoolExecutor.runWorker(ThreadPoolExecutor.java:1149)
	at java.util.concurrent.ThreadPoolExecutor$Worker.run(ThreadPoolExecutor.java:624)
	at org.apache.tomcat.util.threads.TaskThread$WrappingRunnable.run(TaskThread.java:61)
	at java.lang.Thread.run(Thread.java:748)

13-May-2019 10:06:28.101 INFO [http-nio-8080-exec-59] org.apache.catalina.core.ApplicationContext.log Destroying Spring FrameworkServlet 'spring-dispatcher'
13-May-2019 10:06:28.104 INFO [http-nio-8080-exec-59] org.apache.catalina.core.ApplicationContext.log Closing Spring root WebApplicationContext
13-May-2019 10:06:28.801 INFO [http-nio-8080-exec-59] org.apache.catalina.core.ApplicationContext.log No Spring WebApplicationInitializer types detected on classpath
13-May-2019 10:06:28.826 INFO [http-nio-8080-exec-59] org.apache.catalina.core.ApplicationContext.log Initializing Spring root WebApplicationContext
13-May-2019 10:06:31.078 INFO [http-nio-8080-exec-61] org.apache.catalina.core.ApplicationContext.log Initializing Spring FrameworkServlet 'spring-dispatcher'
13-May-2019 10:06:31.390 SEVERE [http-nio-8080-exec-61] org.apache.catalina.core.StandardWrapperValve.invoke Servlet.service() for servlet [spring-dispatcher] in context with path [/TipCalculatorSpringMVC] threw exception [Request processing failed; nested exception is java.lang.ArithmeticException: Rounding necessary] with root cause
 java.lang.ArithmeticException: Rounding necessary
	at java.math.BigDecimal.commonNeedIncrement(BigDecimal.java:4151)
	at java.math.BigDecimal.needIncrement(BigDecimal.java:4207)
	at java.math.BigDecimal.divideAndRound(BigDecimal.java:4115)
	at java.math.BigDecimal.setScale(BigDecimal.java:2455)
	at java.math.BigDecimal.setScale(BigDecimal.java:2515)
	at com.sg.tipcalculatorspringmvc.TipCalcController.calculateTip(TipCalcController.java:61)
	at sun.reflect.NativeMethodAccessorImpl.invoke0(Native Method)
	at sun.reflect.NativeMethodAccessorImpl.invoke(NativeMethodAccessorImpl.java:62)
	at sun.reflect.DelegatingMethodAccessorImpl.invoke(DelegatingMethodAccessorImpl.java:43)
	at java.lang.reflect.Method.invoke(Method.java:498)
	at org.springframework.web.method.support.InvocableHandlerMethod.doInvoke(InvocableHandlerMethod.java:205)
	at org.springframework.web.method.support.InvocableHandlerMethod.invokeForRequest(InvocableHandlerMethod.java:133)
	at org.springframework.web.servlet.mvc.method.annotation.ServletInvocableHandlerMethod.invokeAndHandle(ServletInvocableHandlerMethod.java:116)
	at org.springframework.web.servlet.mvc.method.annotation.RequestMappingHandlerAdapter.invokeHandlerMethod(RequestMappingHandlerAdapter.java:827)
	at org.springframework.web.servlet.mvc.method.annotation.RequestMappingHandlerAdapter.handleInternal(RequestMappingHandlerAdapter.java:738)
	at org.springframework.web.servlet.mvc.method.AbstractHandlerMethodAdapter.handle(AbstractHandlerMethodAdapter.java:85)
	at org.springframework.web.servlet.DispatcherServlet.doDispatch(DispatcherServlet.java:963)
	at org.springframework.web.servlet.DispatcherServlet.doService(DispatcherServlet.java:897)
	at org.springframework.web.servlet.FrameworkServlet.processRequest(FrameworkServlet.java:970)
	at org.springframework.web.servlet.FrameworkServlet.doPost(FrameworkServlet.java:872)
	at javax.servlet.http.HttpServlet.service(HttpServlet.java:648)
	at org.springframework.web.servlet.FrameworkServlet.service(FrameworkServlet.java:846)
	at javax.servlet.http.HttpServlet.service(HttpServlet.java:729)
	at org.apache.catalina.core.ApplicationFilterChain.internalDoFilter(ApplicationFilterChain.java:230)
	at org.apache.catalina.core.ApplicationFilterChain.doFilter(ApplicationFilterChain.java:165)
	at org.apache.tomcat.websocket.server.WsFilter.doFilter(WsFilter.java:52)
	at org.apache.catalina.core.ApplicationFilterChain.internalDoFilter(ApplicationFilterChain.java:192)
	at org.apache.catalina.core.ApplicationFilterChain.doFilter(ApplicationFilterChain.java:165)
	at org.netbeans.modules.web.monitor.server.MonitorFilter.doFilter(MonitorFilter.java:368)
	at org.apache.catalina.core.ApplicationFilterChain.internalDoFilter(ApplicationFilterChain.java:192)
	at org.apache.catalina.core.ApplicationFilterChain.doFilter(ApplicationFilterChain.java:165)
	at org.apache.catalina.core.StandardWrapperValve.invoke(StandardWrapperValve.java:198)
	at org.apache.catalina.core.StandardContextValve.invoke(StandardContextValve.java:96)
	at org.apache.catalina.authenticator.AuthenticatorBase.invoke(AuthenticatorBase.java:474)
	at org.apache.catalina.core.StandardHostValve.invoke(StandardHostValve.java:140)
	at org.apache.catalina.valves.ErrorReportValve.invoke(ErrorReportValve.java:79)
	at org.apache.catalina.valves.AbstractAccessLogValve.invoke(AbstractAccessLogValve.java:624)
	at org.apache.catalina.core.StandardEngineValve.invoke(StandardEngineValve.java:87)
	at org.apache.catalina.connector.CoyoteAdapter.service(CoyoteAdapter.java:349)
	at org.apache.coyote.http11.Http11Processor.service(Http11Processor.java:783)
	at org.apache.coyote.AbstractProcessorLight.process(AbstractProcessorLight.java:66)
	at org.apache.coyote.AbstractProtocol$ConnectionHandler.process(AbstractProtocol.java:798)
	at org.apache.tomcat.util.net.NioEndpoint$SocketProcessor.doRun(NioEndpoint.java:1434)
	at org.apache.tomcat.util.net.SocketProcessorBase.run(SocketProcessorBase.java:49)
	at java.util.concurrent.ThreadPoolExecutor.runWorker(ThreadPoolExecutor.java:1149)
	at java.util.concurrent.ThreadPoolExecutor$Worker.run(ThreadPoolExecutor.java:624)
	at org.apache.tomcat.util.threads.TaskThread$WrappingRunnable.run(TaskThread.java:61)
	at java.lang.Thread.run(Thread.java:748)

13-May-2019 10:06:43.925 INFO [http-nio-8080-exec-66] org.apache.catalina.core.ApplicationContext.log Destroying Spring FrameworkServlet 'spring-dispatcher'
13-May-2019 10:06:43.928 INFO [http-nio-8080-exec-66] org.apache.catalina.core.ApplicationContext.log Closing Spring root WebApplicationContext
13-May-2019 10:06:44.717 INFO [http-nio-8080-exec-66] org.apache.catalina.core.ApplicationContext.log No Spring WebApplicationInitializer types detected on classpath
13-May-2019 10:06:44.740 INFO [http-nio-8080-exec-66] org.apache.catalina.core.ApplicationContext.log Initializing Spring root WebApplicationContext
13-May-2019 10:06:46.937 INFO [http-nio-8080-exec-55] org.apache.catalina.core.ApplicationContext.log Initializing Spring FrameworkServlet 'spring-dispatcher'
13-May-2019 10:58:35.127 INFO [localhost-startStop-2] org.apache.catalina.core.ApplicationContext.log SessionListener: contextDestroyed()
13-May-2019 10:58:35.127 INFO [localhost-startStop-2] org.apache.catalina.core.ApplicationContext.log ContextListener: contextDestroyed()
13-May-2019 10:58:35.143 INFO [localhost-startStop-2] org.apache.catalina.core.ApplicationContext.log Destroying Spring FrameworkServlet 'spring-dispatcher'
13-May-2019 10:58:35.147 INFO [localhost-startStop-2] org.apache.catalina.core.ApplicationContext.log Closing Spring root WebApplicationContext
13-May-2019 10:58:35.154 INFO [localhost-startStop-2] org.apache.catalina.core.ApplicationContext.log Closing Spring root WebApplicationContext
13-May-2019 14:26:41.608 INFO [localhost-startStop-1] org.apache.catalina.core.ApplicationContext.log No Spring WebApplicationInitializer types detected on classpath
13-May-2019 14:26:41.693 INFO [localhost-startStop-1] org.apache.catalina.core.ApplicationContext.log Initializing Spring root WebApplicationContext
13-May-2019 14:26:49.941 INFO [localhost-startStop-1] org.apache.catalina.core.ApplicationContext.log No Spring WebApplicationInitializer types detected on classpath
13-May-2019 14:26:50.148 INFO [localhost-startStop-1] org.apache.catalina.core.ApplicationContext.log Initializing Spring root WebApplicationContext
13-May-2019 14:26:55.201 INFO [localhost-startStop-1] org.apache.catalina.core.ApplicationContext.log ContextListener: contextInitialized()
13-May-2019 14:26:55.201 INFO [localhost-startStop-1] org.apache.catalina.core.ApplicationContext.log SessionListener: contextInitialized()
13-May-2019 14:27:02.857 INFO [http-nio-8080-exec-3] org.apache.catalina.core.ApplicationContext.log Closing Spring root WebApplicationContext
13-May-2019 14:27:06.357 INFO [http-nio-8080-exec-10] org.apache.catalina.core.ApplicationContext.log No Spring WebApplicationInitializer types detected on classpath
13-May-2019 14:27:06.410 INFO [http-nio-8080-exec-10] org.apache.catalina.core.ApplicationContext.log Initializing Spring root WebApplicationContext
13-May-2019 14:46:51.322 INFO [localhost-startStop-2] org.apache.catalina.core.ApplicationContext.log SessionListener: contextDestroyed()
13-May-2019 14:46:51.322 INFO [localhost-startStop-2] org.apache.catalina.core.ApplicationContext.log ContextListener: contextDestroyed()
13-May-2019 14:46:51.369 INFO [localhost-startStop-2] org.apache.catalina.core.ApplicationContext.log Closing Spring root WebApplicationContext
13-May-2019 14:46:51.383 INFO [localhost-startStop-2] org.apache.catalina.core.ApplicationContext.log Closing Spring root WebApplicationContext
