15-Apr-2019 09:38:01.585 INFO [main] org.apache.catalina.startup.VersionLoggerListener.log Server version:        Apache Tomcat/8.5.11
15-Apr-2019 09:38:01.588 INFO [main] org.apache.catalina.startup.VersionLoggerListener.log Server built:          Jan 10 2017 21:02:52 UTC
15-Apr-2019 09:38:01.588 INFO [main] org.apache.catalina.startup.VersionLoggerListener.log Server number:         8.5.11.0
15-Apr-2019 09:38:01.588 INFO [main] org.apache.catalina.startup.VersionLoggerListener.log OS Name:               Linux
15-Apr-2019 09:38:01.588 INFO [main] org.apache.catalina.startup.VersionLoggerListener.log OS Version:            5.0.7-1-MANJARO
15-Apr-2019 09:38:01.589 INFO [main] org.apache.catalina.startup.VersionLoggerListener.log Architecture:          amd64
15-Apr-2019 09:38:01.589 INFO [main] org.apache.catalina.startup.VersionLoggerListener.log Java Home:             /usr/lib/jvm/java-8-jdk/jre
15-Apr-2019 09:38:01.589 INFO [main] org.apache.catalina.startup.VersionLoggerListener.log JVM Version:           1.8.0_202-b08
15-Apr-2019 09:38:01.589 INFO [main] org.apache.catalina.startup.VersionLoggerListener.log JVM Vendor:            Oracle Corporation
15-Apr-2019 09:38:01.589 INFO [main] org.apache.catalina.startup.VersionLoggerListener.log CATALINA_BASE:         /home/souldj673/Documents/school-work-backup/Web Services/FlooringCalculatorJSPServlet/tomcat
15-Apr-2019 09:38:01.589 INFO [main] org.apache.catalina.startup.VersionLoggerListener.log CATALINA_HOME:         /home/souldj673/Documents/school-work-backup/Web Services/FlooringCalculatorJSPServlet/tomcat
15-Apr-2019 09:38:01.589 INFO [main] org.apache.catalina.startup.VersionLoggerListener.log Command line argument: -Djava.util.logging.config.file=/home/souldj673/Documents/school-work-backup/Web Services/FlooringCalculatorJSPServlet/tomcat/conf/logging.properties
15-Apr-2019 09:38:01.590 INFO [main] org.apache.catalina.startup.VersionLoggerListener.log Command line argument: -Djava.util.logging.manager=org.apache.juli.ClassLoaderLogManager
15-Apr-2019 09:38:01.590 INFO [main] org.apache.catalina.startup.VersionLoggerListener.log Command line argument: -Djdk.tls.ephemeralDHKeySize=2048
15-Apr-2019 09:38:01.590 INFO [main] org.apache.catalina.startup.VersionLoggerListener.log Command line argument: -Djava.protocol.handler.pkgs=org.apache.catalina.webresources
15-Apr-2019 09:38:01.590 INFO [main] org.apache.catalina.startup.VersionLoggerListener.log Command line argument: -Dcatalina.base=/home/souldj673/Documents/school-work-backup/Web Services/FlooringCalculatorJSPServlet/tomcat
15-Apr-2019 09:38:01.590 INFO [main] org.apache.catalina.startup.VersionLoggerListener.log Command line argument: -Dcatalina.home=/home/souldj673/Documents/school-work-backup/Web Services/FlooringCalculatorJSPServlet/tomcat
15-Apr-2019 09:38:01.590 INFO [main] org.apache.catalina.startup.VersionLoggerListener.log Command line argument: -Djava.io.tmpdir=/home/souldj673/Documents/school-work-backup/Web Services/FlooringCalculatorJSPServlet/tomcat/temp
15-Apr-2019 09:38:01.590 INFO [main] org.apache.catalina.core.AprLifecycleListener.lifecycleEvent The APR based Apache Tomcat Native library which allows optimal performance in production environments was not found on the java.library.path: /usr/java/packages/lib/amd64:/usr/lib64:/lib64:/lib:/usr/lib
15-Apr-2019 09:38:01.802 INFO [main] org.apache.coyote.AbstractProtocol.init Initializing ProtocolHandler ["http-nio-8080"]
15-Apr-2019 09:38:01.819 INFO [main] org.apache.tomcat.util.net.NioSelectorPool.getSharedSelector Using a shared selector for servlet write/read
15-Apr-2019 09:38:01.823 INFO [main] org.apache.coyote.AbstractProtocol.init Initializing ProtocolHandler ["ajp-nio-8009"]
15-Apr-2019 09:38:01.827 INFO [main] org.apache.tomcat.util.net.NioSelectorPool.getSharedSelector Using a shared selector for servlet write/read
15-Apr-2019 09:38:01.828 INFO [main] org.apache.catalina.startup.Catalina.load Initialization processed in 841 ms
15-Apr-2019 09:38:01.879 INFO [main] org.apache.catalina.core.StandardService.startInternal Starting service Catalina
15-Apr-2019 09:38:01.879 INFO [main] org.apache.catalina.core.StandardEngine.startInternal Starting Servlet Engine: Apache Tomcat/8.5.11
15-Apr-2019 09:38:01.890 INFO [localhost-startStop-1] org.apache.catalina.startup.HostConfig.deployDirectory Deploying web application directory /home/souldj673/Documents/school-work-backup/Web Services/FlooringCalculatorJSPServlet/tomcat/webapps/docs
15-Apr-2019 09:38:02.414 INFO [localhost-startStop-1] org.apache.catalina.startup.HostConfig.deployDirectory Deployment of web application directory /home/souldj673/Documents/school-work-backup/Web Services/FlooringCalculatorJSPServlet/tomcat/webapps/docs has finished in 524 ms
15-Apr-2019 09:38:02.415 INFO [localhost-startStop-1] org.apache.catalina.startup.HostConfig.deployDirectory Deploying web application directory /home/souldj673/Documents/school-work-backup/Web Services/FlooringCalculatorJSPServlet/tomcat/webapps/manager
15-Apr-2019 09:38:02.472 INFO [localhost-startStop-1] org.apache.catalina.startup.HostConfig.deployDirectory Deployment of web application directory /home/souldj673/Documents/school-work-backup/Web Services/FlooringCalculatorJSPServlet/tomcat/webapps/manager has finished in 57 ms
15-Apr-2019 09:38:02.473 INFO [localhost-startStop-1] org.apache.catalina.startup.HostConfig.deployDirectory Deploying web application directory /home/souldj673/Documents/school-work-backup/Web Services/FlooringCalculatorJSPServlet/tomcat/webapps/examples
15-Apr-2019 09:38:02.873 INFO [localhost-startStop-1] org.apache.catalina.startup.HostConfig.deployDirectory Deployment of web application directory /home/souldj673/Documents/school-work-backup/Web Services/FlooringCalculatorJSPServlet/tomcat/webapps/examples has finished in 400 ms
15-Apr-2019 09:38:02.874 INFO [localhost-startStop-1] org.apache.catalina.startup.HostConfig.deployDirectory Deploying web application directory /home/souldj673/Documents/school-work-backup/Web Services/FlooringCalculatorJSPServlet/tomcat/webapps/ROOT
15-Apr-2019 09:38:02.895 INFO [localhost-startStop-1] org.apache.catalina.startup.HostConfig.deployDirectory Deployment of web application directory /home/souldj673/Documents/school-work-backup/Web Services/FlooringCalculatorJSPServlet/tomcat/webapps/ROOT has finished in 20 ms
15-Apr-2019 09:38:02.895 INFO [localhost-startStop-1] org.apache.catalina.startup.HostConfig.deployDirectory Deploying web application directory /home/souldj673/Documents/school-work-backup/Web Services/FlooringCalculatorJSPServlet/tomcat/webapps/host-manager
15-Apr-2019 09:38:02.931 INFO [localhost-startStop-1] org.apache.catalina.startup.HostConfig.deployDirectory Deployment of web application directory /home/souldj673/Documents/school-work-backup/Web Services/FlooringCalculatorJSPServlet/tomcat/webapps/host-manager has finished in 36 ms
15-Apr-2019 09:38:02.942 INFO [main] org.apache.coyote.AbstractProtocol.start Starting ProtocolHandler [http-nio-8080]
15-Apr-2019 09:38:02.966 INFO [main] org.apache.coyote.AbstractProtocol.start Starting ProtocolHandler [ajp-nio-8009]
15-Apr-2019 09:38:02.987 INFO [main] org.apache.catalina.startup.Catalina.start Server startup in 1158 ms
15-Apr-2019 09:38:07.345 INFO [http-nio-8080-exec-8] org.apache.catalina.startup.HostConfig.deployDescriptor Deploying configuration descriptor /home/souldj673/Documents/school-work-backup/Web Services/FlooringCalculatorJSPServlet/tomcat/conf/Catalina/localhost/FlooringCalculatorJSPServlet.xml
15-Apr-2019 09:38:07.384 INFO [http-nio-8080-exec-8] org.apache.catalina.startup.HostConfig.deployDescriptor Deployment of configuration descriptor /home/souldj673/Documents/school-work-backup/Web Services/FlooringCalculatorJSPServlet/tomcat/conf/Catalina/localhost/FlooringCalculatorJSPServlet.xml has finished in 39 ms
15-Apr-2019 09:38:07.434 INFO [http-nio-8080-exec-9] org.apache.catalina.util.LifecycleBase.start The start() method was called on component [StandardEngine[Catalina].StandardHost[localhost].StandardContext[/FlooringCalculatorJSPServlet]] after start() had already been called. The second call will be ignored.
15-Apr-2019 10:19:37.721 INFO [http-nio-8080-exec-10] org.apache.catalina.core.StandardContext.reload Reloading Context with name [/FlooringCalculatorJSPServlet] has started
15-Apr-2019 10:19:37.856 INFO [http-nio-8080-exec-10] org.apache.catalina.core.StandardContext.reload Reloading Context with name [/FlooringCalculatorJSPServlet] is completed
15-Apr-2019 10:21:02.706 INFO [http-nio-8080-exec-2] org.apache.catalina.core.StandardContext.reload Reloading Context with name [/FlooringCalculatorJSPServlet] has started
15-Apr-2019 10:21:02.763 INFO [http-nio-8080-exec-2] org.apache.catalina.core.StandardContext.reload Reloading Context with name [/FlooringCalculatorJSPServlet] is completed
15-Apr-2019 10:21:06.112 INFO [http-nio-8080-exec-1] org.apache.catalina.core.StandardContext.reload Reloading Context with name [/FlooringCalculatorJSPServlet] has started
15-Apr-2019 10:21:06.146 INFO [http-nio-8080-exec-1] org.apache.catalina.core.StandardContext.reload Reloading Context with name [/FlooringCalculatorJSPServlet] is completed
15-Apr-2019 10:22:49.004 INFO [http-nio-8080-exec-15] org.apache.catalina.core.StandardContext.reload Reloading Context with name [/FlooringCalculatorJSPServlet] has started
15-Apr-2019 10:22:49.041 INFO [http-nio-8080-exec-15] org.apache.catalina.core.StandardContext.reload Reloading Context with name [/FlooringCalculatorJSPServlet] is completed
15-Apr-2019 10:24:15.351 INFO [http-nio-8080-exec-11] org.apache.catalina.core.StandardContext.reload Reloading Context with name [/FlooringCalculatorJSPServlet] has started
15-Apr-2019 10:24:15.381 INFO [http-nio-8080-exec-11] org.apache.catalina.core.StandardContext.reload Reloading Context with name [/FlooringCalculatorJSPServlet] is completed
15-Apr-2019 10:24:21.331 INFO [http-nio-8080-exec-2] org.apache.catalina.core.StandardContext.reload Reloading Context with name [/FlooringCalculatorJSPServlet] has started
15-Apr-2019 10:24:21.366 INFO [http-nio-8080-exec-2] org.apache.catalina.core.StandardContext.reload Reloading Context with name [/FlooringCalculatorJSPServlet] is completed
15-Apr-2019 10:24:52.762 INFO [http-nio-8080-exec-4] org.apache.catalina.core.StandardContext.reload Reloading Context with name [/FlooringCalculatorJSPServlet] has started
15-Apr-2019 10:24:52.797 INFO [http-nio-8080-exec-4] org.apache.catalina.core.StandardContext.reload Reloading Context with name [/FlooringCalculatorJSPServlet] is completed
15-Apr-2019 10:26:53.454 INFO [http-nio-8080-exec-11] org.apache.catalina.core.StandardContext.reload Reloading Context with name [/FlooringCalculatorJSPServlet] has started
15-Apr-2019 10:26:53.489 INFO [http-nio-8080-exec-11] org.apache.catalina.core.StandardContext.reload Reloading Context with name [/FlooringCalculatorJSPServlet] is completed
15-Apr-2019 10:26:57.560 INFO [http-nio-8080-exec-18] org.apache.catalina.core.StandardContext.reload Reloading Context with name [/FlooringCalculatorJSPServlet] has started
15-Apr-2019 10:26:57.583 INFO [http-nio-8080-exec-18] org.apache.catalina.core.StandardContext.reload Reloading Context with name [/FlooringCalculatorJSPServlet] is completed
15-Apr-2019 10:27:14.012 INFO [http-nio-8080-exec-2] org.apache.catalina.core.StandardContext.reload Reloading Context with name [/FlooringCalculatorJSPServlet] has started
15-Apr-2019 10:27:14.055 INFO [http-nio-8080-exec-2] org.apache.catalina.core.StandardContext.reload Reloading Context with name [/FlooringCalculatorJSPServlet] is completed
15-Apr-2019 10:29:14.703 INFO [http-nio-8080-exec-21] org.apache.catalina.core.StandardContext.reload Reloading Context with name [/FlooringCalculatorJSPServlet] has started
15-Apr-2019 10:29:14.730 INFO [http-nio-8080-exec-21] org.apache.catalina.core.StandardContext.reload Reloading Context with name [/FlooringCalculatorJSPServlet] is completed
15-Apr-2019 10:30:13.924 INFO [http-nio-8080-exec-25] org.apache.catalina.startup.HostConfig.undeploy Undeploying context [/FlooringCalculatorJSPServlet]
15-Apr-2019 10:30:13.987 INFO [http-nio-8080-exec-21] org.apache.catalina.startup.HostConfig.deployDescriptor Deploying configuration descriptor /home/souldj673/Documents/school-work-backup/Web Services/FlooringCalculatorJSPServlet/tomcat/conf/Catalina/localhost/FlooringCalculatorJSPServlet.xml
15-Apr-2019 10:30:14.161 INFO [http-nio-8080-exec-21] org.apache.catalina.startup.HostConfig.deployDescriptor Deployment of configuration descriptor /home/souldj673/Documents/school-work-backup/Web Services/FlooringCalculatorJSPServlet/tomcat/conf/Catalina/localhost/FlooringCalculatorJSPServlet.xml has finished in 174 ms
15-Apr-2019 10:30:14.248 INFO [http-nio-8080-exec-12] org.apache.catalina.util.LifecycleBase.start The start() method was called on component [StandardEngine[Catalina].StandardHost[localhost].StandardContext[/FlooringCalculatorJSPServlet]] after start() had already been called. The second call will be ignored.
15-Apr-2019 10:32:39.697 INFO [http-nio-8080-exec-29] org.apache.catalina.core.StandardContext.reload Reloading Context with name [/FlooringCalculatorJSPServlet] has started
15-Apr-2019 10:32:39.957 INFO [http-nio-8080-exec-29] org.apache.catalina.core.StandardContext.reload Reloading Context with name [/FlooringCalculatorJSPServlet] is completed
15-Apr-2019 10:52:00.201 INFO [http-nio-8080-exec-38] org.apache.catalina.core.StandardContext.reload Reloading Context with name [/FlooringCalculatorJSPServlet] has started
15-Apr-2019 10:52:00.334 INFO [http-nio-8080-exec-38] org.apache.catalina.core.StandardContext.reload Reloading Context with name [/FlooringCalculatorJSPServlet] is completed
15-Apr-2019 10:58:07.043 INFO [main] org.apache.catalina.core.StandardServer.await A valid shutdown command was received via the shutdown port. Stopping the Server instance.
15-Apr-2019 10:58:07.047 INFO [main] org.apache.coyote.AbstractProtocol.pause Pausing ProtocolHandler ["http-nio-8080"]
15-Apr-2019 10:58:07.110 INFO [main] org.apache.coyote.AbstractProtocol.pause Pausing ProtocolHandler ["ajp-nio-8009"]
15-Apr-2019 10:58:07.161 INFO [main] org.apache.catalina.core.StandardService.stopInternal Stopping service Catalina
15-Apr-2019 10:58:07.210 INFO [main] org.apache.coyote.AbstractProtocol.stop Stopping ProtocolHandler ["http-nio-8080"]
15-Apr-2019 10:58:07.223 INFO [main] org.apache.coyote.AbstractProtocol.stop Stopping ProtocolHandler ["ajp-nio-8009"]
15-Apr-2019 10:58:07.226 INFO [main] org.apache.coyote.AbstractProtocol.destroy Destroying ProtocolHandler ["http-nio-8080"]
15-Apr-2019 10:58:07.227 INFO [main] org.apache.coyote.AbstractProtocol.destroy Destroying ProtocolHandler ["ajp-nio-8009"]
