16-Apr-2019 08:43:16.386 INFO [main] org.apache.catalina.startup.VersionLoggerListener.log Server version:        Apache Tomcat/8.5.11
16-Apr-2019 08:43:16.391 INFO [main] org.apache.catalina.startup.VersionLoggerListener.log Server built:          Jan 10 2017 21:02:52 UTC
16-Apr-2019 08:43:16.391 INFO [main] org.apache.catalina.startup.VersionLoggerListener.log Server number:         8.5.11.0
16-Apr-2019 08:43:16.391 INFO [main] org.apache.catalina.startup.VersionLoggerListener.log OS Name:               Linux
16-Apr-2019 08:43:16.391 INFO [main] org.apache.catalina.startup.VersionLoggerListener.log OS Version:            5.0.7-1-MANJARO
16-Apr-2019 08:43:16.392 INFO [main] org.apache.catalina.startup.VersionLoggerListener.log Architecture:          amd64
16-Apr-2019 08:43:16.392 INFO [main] org.apache.catalina.startup.VersionLoggerListener.log Java Home:             /usr/lib/jvm/java-8-jdk/jre
16-Apr-2019 08:43:16.392 INFO [main] org.apache.catalina.startup.VersionLoggerListener.log JVM Version:           1.8.0_202-b08
16-Apr-2019 08:43:16.392 INFO [main] org.apache.catalina.startup.VersionLoggerListener.log JVM Vendor:            Oracle Corporation
16-Apr-2019 08:43:16.392 INFO [main] org.apache.catalina.startup.VersionLoggerListener.log CATALINA_BASE:         /home/souldj673/Documents/school-work-backup/Web Services/FlooringCalculatorJSPServlet/tomcat
16-Apr-2019 08:43:16.392 INFO [main] org.apache.catalina.startup.VersionLoggerListener.log CATALINA_HOME:         /home/souldj673/Documents/school-work-backup/Web Services/FlooringCalculatorJSPServlet/tomcat
16-Apr-2019 08:43:16.392 INFO [main] org.apache.catalina.startup.VersionLoggerListener.log Command line argument: -Djava.util.logging.config.file=/home/souldj673/Documents/school-work-backup/Web Services/FlooringCalculatorJSPServlet/tomcat/conf/logging.properties
16-Apr-2019 08:43:16.392 INFO [main] org.apache.catalina.startup.VersionLoggerListener.log Command line argument: -Djava.util.logging.manager=org.apache.juli.ClassLoaderLogManager
16-Apr-2019 08:43:16.392 INFO [main] org.apache.catalina.startup.VersionLoggerListener.log Command line argument: -Djdk.tls.ephemeralDHKeySize=2048
16-Apr-2019 08:43:16.392 INFO [main] org.apache.catalina.startup.VersionLoggerListener.log Command line argument: -Djava.protocol.handler.pkgs=org.apache.catalina.webresources
16-Apr-2019 08:43:16.393 INFO [main] org.apache.catalina.startup.VersionLoggerListener.log Command line argument: -Dcatalina.base=/home/souldj673/Documents/school-work-backup/Web Services/FlooringCalculatorJSPServlet/tomcat
16-Apr-2019 08:43:16.393 INFO [main] org.apache.catalina.startup.VersionLoggerListener.log Command line argument: -Dcatalina.home=/home/souldj673/Documents/school-work-backup/Web Services/FlooringCalculatorJSPServlet/tomcat
16-Apr-2019 08:43:16.393 INFO [main] org.apache.catalina.startup.VersionLoggerListener.log Command line argument: -Djava.io.tmpdir=/home/souldj673/Documents/school-work-backup/Web Services/FlooringCalculatorJSPServlet/tomcat/temp
16-Apr-2019 08:43:16.393 INFO [main] org.apache.catalina.core.AprLifecycleListener.lifecycleEvent The APR based Apache Tomcat Native library which allows optimal performance in production environments was not found on the java.library.path: /usr/java/packages/lib/amd64:/usr/lib64:/lib64:/lib:/usr/lib
16-Apr-2019 08:43:16.887 INFO [main] org.apache.coyote.AbstractProtocol.init Initializing ProtocolHandler ["http-nio-8080"]
16-Apr-2019 08:43:16.940 INFO [main] org.apache.tomcat.util.net.NioSelectorPool.getSharedSelector Using a shared selector for servlet write/read
16-Apr-2019 08:43:16.982 INFO [main] org.apache.coyote.AbstractProtocol.init Initializing ProtocolHandler ["ajp-nio-8009"]
16-Apr-2019 08:43:16.987 INFO [main] org.apache.tomcat.util.net.NioSelectorPool.getSharedSelector Using a shared selector for servlet write/read
16-Apr-2019 08:43:16.993 INFO [main] org.apache.catalina.startup.Catalina.load Initialization processed in 2390 ms
16-Apr-2019 08:43:17.132 INFO [main] org.apache.catalina.core.StandardService.startInternal Starting service Catalina
16-Apr-2019 08:43:17.133 INFO [main] org.apache.catalina.core.StandardEngine.startInternal Starting Servlet Engine: Apache Tomcat/8.5.11
16-Apr-2019 08:43:17.165 INFO [localhost-startStop-1] org.apache.catalina.startup.HostConfig.deployDescriptor Deploying configuration descriptor /home/souldj673/Documents/school-work-backup/Web Services/FlooringCalculatorJSPServlet/tomcat/conf/Catalina/localhost/FlooringCalculatorJSPServlet.xml
16-Apr-2019 08:43:18.035 INFO [localhost-startStop-1] org.apache.catalina.startup.HostConfig.deployDescriptor Deployment of configuration descriptor /home/souldj673/Documents/school-work-backup/Web Services/FlooringCalculatorJSPServlet/tomcat/conf/Catalina/localhost/FlooringCalculatorJSPServlet.xml has finished in 870 ms
16-Apr-2019 08:43:18.037 INFO [localhost-startStop-1] org.apache.catalina.startup.HostConfig.deployDirectory Deploying web application directory /home/souldj673/Documents/school-work-backup/Web Services/FlooringCalculatorJSPServlet/tomcat/webapps/docs
16-Apr-2019 08:43:18.058 INFO [localhost-startStop-1] org.apache.catalina.startup.HostConfig.deployDirectory Deployment of web application directory /home/souldj673/Documents/school-work-backup/Web Services/FlooringCalculatorJSPServlet/tomcat/webapps/docs has finished in 22 ms
16-Apr-2019 08:43:18.059 INFO [localhost-startStop-1] org.apache.catalina.startup.HostConfig.deployDirectory Deploying web application directory /home/souldj673/Documents/school-work-backup/Web Services/FlooringCalculatorJSPServlet/tomcat/webapps/manager
16-Apr-2019 08:43:18.101 INFO [localhost-startStop-1] org.apache.catalina.startup.HostConfig.deployDirectory Deployment of web application directory /home/souldj673/Documents/school-work-backup/Web Services/FlooringCalculatorJSPServlet/tomcat/webapps/manager has finished in 42 ms
16-Apr-2019 08:43:18.101 INFO [localhost-startStop-1] org.apache.catalina.startup.HostConfig.deployDirectory Deploying web application directory /home/souldj673/Documents/school-work-backup/Web Services/FlooringCalculatorJSPServlet/tomcat/webapps/examples
16-Apr-2019 08:43:18.465 INFO [localhost-startStop-1] org.apache.catalina.startup.HostConfig.deployDirectory Deployment of web application directory /home/souldj673/Documents/school-work-backup/Web Services/FlooringCalculatorJSPServlet/tomcat/webapps/examples has finished in 364 ms
16-Apr-2019 08:43:18.465 INFO [localhost-startStop-1] org.apache.catalina.startup.HostConfig.deployDirectory Deploying web application directory /home/souldj673/Documents/school-work-backup/Web Services/FlooringCalculatorJSPServlet/tomcat/webapps/ROOT
16-Apr-2019 08:43:18.490 INFO [localhost-startStop-1] org.apache.catalina.startup.HostConfig.deployDirectory Deployment of web application directory /home/souldj673/Documents/school-work-backup/Web Services/FlooringCalculatorJSPServlet/tomcat/webapps/ROOT has finished in 25 ms
16-Apr-2019 08:43:18.490 INFO [localhost-startStop-1] org.apache.catalina.startup.HostConfig.deployDirectory Deploying web application directory /home/souldj673/Documents/school-work-backup/Web Services/FlooringCalculatorJSPServlet/tomcat/webapps/host-manager
16-Apr-2019 08:43:18.535 INFO [localhost-startStop-1] org.apache.catalina.startup.HostConfig.deployDirectory Deployment of web application directory /home/souldj673/Documents/school-work-backup/Web Services/FlooringCalculatorJSPServlet/tomcat/webapps/host-manager has finished in 45 ms
16-Apr-2019 08:43:18.555 INFO [main] org.apache.coyote.AbstractProtocol.start Starting ProtocolHandler [http-nio-8080]
16-Apr-2019 08:43:18.601 INFO [main] org.apache.coyote.AbstractProtocol.start Starting ProtocolHandler [ajp-nio-8009]
16-Apr-2019 08:43:18.657 INFO [main] org.apache.catalina.startup.Catalina.start Server startup in 1663 ms
16-Apr-2019 08:43:22.569 INFO [http-nio-8080-exec-8] org.apache.catalina.startup.HostConfig.undeploy Undeploying context [/FlooringCalculatorJSPServlet]
16-Apr-2019 08:43:22.649 INFO [http-nio-8080-exec-3] org.apache.catalina.startup.HostConfig.deployDescriptor Deploying configuration descriptor /home/souldj673/Documents/school-work-backup/Web Services/FlooringCalculatorJSPServlet/tomcat/conf/Catalina/localhost/FlooringCalculatorJSPServlet.xml
16-Apr-2019 08:43:22.830 INFO [http-nio-8080-exec-3] org.apache.catalina.startup.HostConfig.deployDescriptor Deployment of configuration descriptor /home/souldj673/Documents/school-work-backup/Web Services/FlooringCalculatorJSPServlet/tomcat/conf/Catalina/localhost/FlooringCalculatorJSPServlet.xml has finished in 181 ms
16-Apr-2019 08:43:22.976 INFO [http-nio-8080-exec-5] org.apache.catalina.util.LifecycleBase.start The start() method was called on component [StandardEngine[Catalina].StandardHost[localhost].StandardContext[/FlooringCalculatorJSPServlet]] after start() had already been called. The second call will be ignored.
16-Apr-2019 08:51:50.169 INFO [http-nio-8080-exec-16] org.apache.catalina.core.StandardContext.reload Reloading Context with name [/FlooringCalculatorJSPServlet] has started
16-Apr-2019 08:51:50.591 INFO [http-nio-8080-exec-16] org.apache.catalina.core.StandardContext.reload Reloading Context with name [/FlooringCalculatorJSPServlet] is completed
16-Apr-2019 08:51:51.827 INFO [http-nio-8080-exec-17] org.apache.catalina.core.StandardContext.reload Reloading Context with name [/FlooringCalculatorJSPServlet] has started
16-Apr-2019 08:51:52.094 INFO [http-nio-8080-exec-17] org.apache.catalina.core.StandardContext.reload Reloading Context with name [/FlooringCalculatorJSPServlet] is completed
16-Apr-2019 08:52:15.960 INFO [http-nio-8080-exec-15] org.apache.catalina.core.StandardContext.reload Reloading Context with name [/FlooringCalculatorJSPServlet] has started
16-Apr-2019 08:52:16.088 INFO [http-nio-8080-exec-15] org.apache.catalina.core.StandardContext.reload Reloading Context with name [/FlooringCalculatorJSPServlet] is completed
16-Apr-2019 08:52:31.498 INFO [http-nio-8080-exec-16] org.apache.catalina.core.StandardContext.reload Reloading Context with name [/FlooringCalculatorJSPServlet] has started
16-Apr-2019 08:52:31.681 INFO [http-nio-8080-exec-16] org.apache.catalina.core.StandardContext.reload Reloading Context with name [/FlooringCalculatorJSPServlet] is completed
16-Apr-2019 08:53:09.007 INFO [http-nio-8080-exec-18] org.apache.catalina.core.StandardContext.reload Reloading Context with name [/FlooringCalculatorJSPServlet] has started
16-Apr-2019 08:53:09.121 INFO [http-nio-8080-exec-18] org.apache.catalina.core.StandardContext.reload Reloading Context with name [/FlooringCalculatorJSPServlet] is completed
16-Apr-2019 08:53:27.406 INFO [http-nio-8080-exec-24] org.apache.catalina.core.StandardContext.reload Reloading Context with name [/FlooringCalculatorJSPServlet] has started
16-Apr-2019 08:53:27.518 INFO [http-nio-8080-exec-24] org.apache.catalina.core.StandardContext.reload Reloading Context with name [/FlooringCalculatorJSPServlet] is completed
16-Apr-2019 08:53:33.261 INFO [http-nio-8080-exec-15] org.apache.catalina.core.StandardContext.reload Reloading Context with name [/FlooringCalculatorJSPServlet] has started
16-Apr-2019 08:53:33.429 INFO [http-nio-8080-exec-15] org.apache.catalina.core.StandardContext.reload Reloading Context with name [/FlooringCalculatorJSPServlet] is completed
16-Apr-2019 08:53:42.824 INFO [http-nio-8080-exec-12] org.apache.catalina.core.StandardContext.reload Reloading Context with name [/FlooringCalculatorJSPServlet] has started
16-Apr-2019 08:53:42.914 INFO [http-nio-8080-exec-12] org.apache.catalina.core.StandardContext.reload Reloading Context with name [/FlooringCalculatorJSPServlet] is completed
16-Apr-2019 08:53:47.421 INFO [http-nio-8080-exec-28] org.apache.catalina.core.StandardContext.reload Reloading Context with name [/FlooringCalculatorJSPServlet] has started
16-Apr-2019 08:53:47.543 INFO [http-nio-8080-exec-28] org.apache.catalina.core.StandardContext.reload Reloading Context with name [/FlooringCalculatorJSPServlet] is completed
16-Apr-2019 08:54:22.480 INFO [http-nio-8080-exec-30] org.apache.catalina.core.StandardContext.reload Reloading Context with name [/FlooringCalculatorJSPServlet] has started
16-Apr-2019 08:54:22.668 INFO [http-nio-8080-exec-30] org.apache.catalina.core.StandardContext.reload Reloading Context with name [/FlooringCalculatorJSPServlet] is completed
16-Apr-2019 08:54:44.348 INFO [http-nio-8080-exec-28] org.apache.catalina.core.StandardContext.reload Reloading Context with name [/FlooringCalculatorJSPServlet] has started
16-Apr-2019 08:54:44.430 INFO [http-nio-8080-exec-28] org.apache.catalina.core.StandardContext.reload Reloading Context with name [/FlooringCalculatorJSPServlet] is completed
16-Apr-2019 08:55:05.677 INFO [http-nio-8080-exec-15] org.apache.catalina.core.StandardContext.reload Reloading Context with name [/FlooringCalculatorJSPServlet] has started
16-Apr-2019 08:55:05.770 INFO [http-nio-8080-exec-15] org.apache.catalina.core.StandardContext.reload Reloading Context with name [/FlooringCalculatorJSPServlet] is completed
16-Apr-2019 08:58:18.941 INFO [http-nio-8080-exec-37] org.apache.catalina.core.StandardContext.reload Reloading Context with name [/FlooringCalculatorJSPServlet] has started
16-Apr-2019 08:58:19.266 INFO [http-nio-8080-exec-37] org.apache.catalina.core.StandardContext.reload Reloading Context with name [/FlooringCalculatorJSPServlet] is completed
16-Apr-2019 08:59:49.504 INFO [http-nio-8080-exec-42] org.apache.catalina.core.StandardContext.reload Reloading Context with name [/FlooringCalculatorJSPServlet] has started
16-Apr-2019 08:59:49.586 INFO [http-nio-8080-exec-42] org.apache.catalina.core.StandardContext.reload Reloading Context with name [/FlooringCalculatorJSPServlet] is completed
16-Apr-2019 09:00:24.643 INFO [http-nio-8080-exec-36] org.apache.catalina.core.StandardContext.reload Reloading Context with name [/FlooringCalculatorJSPServlet] has started
16-Apr-2019 09:00:24.723 INFO [http-nio-8080-exec-36] org.apache.catalina.core.StandardContext.reload Reloading Context with name [/FlooringCalculatorJSPServlet] is completed
16-Apr-2019 09:00:42.027 INFO [http-nio-8080-exec-33] org.apache.catalina.core.StandardContext.reload Reloading Context with name [/FlooringCalculatorJSPServlet] has started
16-Apr-2019 09:00:42.177 INFO [http-nio-8080-exec-33] org.apache.catalina.core.StandardContext.reload Reloading Context with name [/FlooringCalculatorJSPServlet] is completed
16-Apr-2019 09:00:59.920 INFO [http-nio-8080-exec-35] org.apache.catalina.core.StandardContext.reload Reloading Context with name [/FlooringCalculatorJSPServlet] has started
16-Apr-2019 09:01:00.036 INFO [http-nio-8080-exec-35] org.apache.catalina.core.StandardContext.reload Reloading Context with name [/FlooringCalculatorJSPServlet] is completed
16-Apr-2019 09:02:30.660 INFO [http-nio-8080-exec-44] org.apache.catalina.core.StandardContext.reload Reloading Context with name [/FlooringCalculatorJSPServlet] has started
16-Apr-2019 09:02:30.745 INFO [http-nio-8080-exec-44] org.apache.catalina.core.StandardContext.reload Reloading Context with name [/FlooringCalculatorJSPServlet] is completed
16-Apr-2019 09:02:35.159 INFO [http-nio-8080-exec-51] org.apache.catalina.core.StandardContext.reload Reloading Context with name [/FlooringCalculatorJSPServlet] has started
16-Apr-2019 09:02:35.245 INFO [http-nio-8080-exec-51] org.apache.catalina.core.StandardContext.reload Reloading Context with name [/FlooringCalculatorJSPServlet] is completed
16-Apr-2019 09:03:06.570 INFO [http-nio-8080-exec-35] org.apache.catalina.core.StandardContext.reload Reloading Context with name [/FlooringCalculatorJSPServlet] has started
16-Apr-2019 09:03:06.648 INFO [http-nio-8080-exec-35] org.apache.catalina.core.StandardContext.reload Reloading Context with name [/FlooringCalculatorJSPServlet] is completed
16-Apr-2019 09:03:48.424 INFO [http-nio-8080-exec-51] org.apache.catalina.core.StandardContext.reload Reloading Context with name [/FlooringCalculatorJSPServlet] has started
16-Apr-2019 09:03:48.507 INFO [http-nio-8080-exec-51] org.apache.catalina.core.StandardContext.reload Reloading Context with name [/FlooringCalculatorJSPServlet] is completed
16-Apr-2019 09:04:01.428 INFO [http-nio-8080-exec-35] org.apache.catalina.core.StandardContext.reload Reloading Context with name [/FlooringCalculatorJSPServlet] has started
16-Apr-2019 09:04:01.546 INFO [http-nio-8080-exec-35] org.apache.catalina.core.StandardContext.reload Reloading Context with name [/FlooringCalculatorJSPServlet] is completed
16-Apr-2019 09:04:10.155 INFO [http-nio-8080-exec-50] org.apache.catalina.core.StandardContext.reload Reloading Context with name [/FlooringCalculatorJSPServlet] has started
16-Apr-2019 09:04:10.226 INFO [http-nio-8080-exec-50] org.apache.catalina.core.StandardContext.reload Reloading Context with name [/FlooringCalculatorJSPServlet] is completed
16-Apr-2019 09:04:19.237 INFO [http-nio-8080-exec-44] org.apache.catalina.core.StandardContext.reload Reloading Context with name [/FlooringCalculatorJSPServlet] has started
16-Apr-2019 09:04:19.417 INFO [http-nio-8080-exec-44] org.apache.catalina.core.StandardContext.reload Reloading Context with name [/FlooringCalculatorJSPServlet] is completed
16-Apr-2019 09:08:22.539 INFO [http-nio-8080-exec-34] org.apache.catalina.core.StandardContext.reload Reloading Context with name [/FlooringCalculatorJSPServlet] has started
16-Apr-2019 09:08:22.698 INFO [http-nio-8080-exec-34] org.apache.catalina.core.StandardContext.reload Reloading Context with name [/FlooringCalculatorJSPServlet] is completed
16-Apr-2019 09:09:56.457 INFO [http-nio-8080-exec-60] org.apache.catalina.core.StandardContext.reload Reloading Context with name [/FlooringCalculatorJSPServlet] has started
16-Apr-2019 09:09:56.528 INFO [http-nio-8080-exec-60] org.apache.catalina.core.StandardContext.reload Reloading Context with name [/FlooringCalculatorJSPServlet] is completed
16-Apr-2019 09:10:33.461 INFO [http-nio-8080-exec-63] org.apache.catalina.core.StandardContext.reload Reloading Context with name [/FlooringCalculatorJSPServlet] has started
16-Apr-2019 09:10:33.541 INFO [http-nio-8080-exec-63] org.apache.catalina.core.StandardContext.reload Reloading Context with name [/FlooringCalculatorJSPServlet] is completed
16-Apr-2019 09:12:45.461 INFO [http-nio-8080-exec-68] org.apache.catalina.core.StandardContext.reload Reloading Context with name [/FlooringCalculatorJSPServlet] has started
16-Apr-2019 09:12:45.547 INFO [http-nio-8080-exec-68] org.apache.catalina.core.StandardContext.reload Reloading Context with name [/FlooringCalculatorJSPServlet] is completed
16-Apr-2019 09:15:08.536 INFO [http-nio-8080-exec-74] org.apache.catalina.core.StandardContext.reload Reloading Context with name [/FlooringCalculatorJSPServlet] has started
16-Apr-2019 09:15:08.623 INFO [http-nio-8080-exec-74] org.apache.catalina.core.StandardContext.reload Reloading Context with name [/FlooringCalculatorJSPServlet] is completed
16-Apr-2019 09:15:12.574 INFO [http-nio-8080-exec-72] org.apache.catalina.core.StandardContext.reload Reloading Context with name [/FlooringCalculatorJSPServlet] has started
16-Apr-2019 09:15:12.653 INFO [http-nio-8080-exec-72] org.apache.catalina.core.StandardContext.reload Reloading Context with name [/FlooringCalculatorJSPServlet] is completed
16-Apr-2019 09:15:24.779 INFO [http-nio-8080-exec-81] org.apache.catalina.core.StandardContext.reload Reloading Context with name [/FlooringCalculatorJSPServlet] has started
16-Apr-2019 09:15:24.850 INFO [http-nio-8080-exec-81] org.apache.catalina.core.StandardContext.reload Reloading Context with name [/FlooringCalculatorJSPServlet] is completed
16-Apr-2019 09:15:33.147 INFO [http-nio-8080-exec-78] org.apache.catalina.core.StandardContext.reload Reloading Context with name [/FlooringCalculatorJSPServlet] has started
16-Apr-2019 09:15:33.221 INFO [http-nio-8080-exec-78] org.apache.catalina.core.StandardContext.reload Reloading Context with name [/FlooringCalculatorJSPServlet] is completed
16-Apr-2019 09:16:21.336 INFO [http-nio-8080-exec-70] org.apache.catalina.core.StandardContext.reload Reloading Context with name [/FlooringCalculatorJSPServlet] has started
16-Apr-2019 09:16:21.391 INFO [http-nio-8080-exec-70] org.apache.catalina.core.StandardContext.reload Reloading Context with name [/FlooringCalculatorJSPServlet] is completed
16-Apr-2019 09:16:55.160 INFO [http-nio-8080-exec-84] org.apache.catalina.core.StandardContext.reload Reloading Context with name [/FlooringCalculatorJSPServlet] has started
16-Apr-2019 09:16:55.249 INFO [http-nio-8080-exec-84] org.apache.catalina.core.StandardContext.reload Reloading Context with name [/FlooringCalculatorJSPServlet] is completed
16-Apr-2019 09:17:24.129 INFO [http-nio-8080-exec-81] org.apache.catalina.core.StandardContext.reload Reloading Context with name [/FlooringCalculatorJSPServlet] has started
16-Apr-2019 09:17:24.200 INFO [http-nio-8080-exec-81] org.apache.catalina.core.StandardContext.reload Reloading Context with name [/FlooringCalculatorJSPServlet] is completed
16-Apr-2019 09:17:47.188 INFO [http-nio-8080-exec-85] org.apache.catalina.core.StandardContext.reload Reloading Context with name [/FlooringCalculatorJSPServlet] has started
16-Apr-2019 09:17:47.254 INFO [http-nio-8080-exec-85] org.apache.catalina.core.StandardContext.reload Reloading Context with name [/FlooringCalculatorJSPServlet] is completed
16-Apr-2019 09:18:17.021 INFO [http-nio-8080-exec-81] org.apache.catalina.core.StandardContext.reload Reloading Context with name [/FlooringCalculatorJSPServlet] has started
16-Apr-2019 09:18:17.177 INFO [http-nio-8080-exec-81] org.apache.catalina.core.StandardContext.reload Reloading Context with name [/FlooringCalculatorJSPServlet] is completed
16-Apr-2019 09:40:07.792 INFO [main] org.apache.catalina.core.StandardServer.await A valid shutdown command was received via the shutdown port. Stopping the Server instance.
16-Apr-2019 09:40:07.792 INFO [main] org.apache.coyote.AbstractProtocol.pause Pausing ProtocolHandler ["http-nio-8080"]
16-Apr-2019 09:40:07.845 INFO [main] org.apache.coyote.AbstractProtocol.pause Pausing ProtocolHandler ["ajp-nio-8009"]
16-Apr-2019 09:40:07.896 INFO [main] org.apache.catalina.core.StandardService.stopInternal Stopping service Catalina
16-Apr-2019 09:40:07.943 INFO [main] org.apache.coyote.AbstractProtocol.stop Stopping ProtocolHandler ["http-nio-8080"]
16-Apr-2019 09:40:07.945 INFO [main] org.apache.coyote.AbstractProtocol.stop Stopping ProtocolHandler ["ajp-nio-8009"]
16-Apr-2019 09:40:07.948 INFO [main] org.apache.coyote.AbstractProtocol.destroy Destroying ProtocolHandler ["http-nio-8080"]
16-Apr-2019 09:40:07.948 INFO [main] org.apache.coyote.AbstractProtocol.destroy Destroying ProtocolHandler ["ajp-nio-8009"]
